Copyright 1986-2017 Xilinx, Inc. All Rights Reserved.
-----------------------------------------------------------------------------------------------------------------------------------------------------------
| Tool Version : Vivado v.2017.3 (win64) Build 2018833 Wed Oct  4 19:58:22 MDT 2017
| Date         : Fri Oct 27 01:02:44 2017
| Host         : Tenke-Torgeir running 64-bit major release  (build 9200)
| Command      : report_methodology -file RSACore_methodology_drc_routed.rpt -pb RSACore_methodology_drc_routed.pb -rpx RSACore_methodology_drc_routed.rpx
| Design       : RSACore
| Device       : xc7z030fbv484-1
| Speed File   : -1
| Design State : Routed
-----------------------------------------------------------------------------------------------------------------------------------------------------------

Report Methodology

Table of Contents
-----------------
1. REPORT SUMMARY
2. REPORT DETAILS

1. REPORT SUMMARY
-----------------
            Netlist: netlist
          Floorplan: design_1
      Design limits: <entire design considered>
             Max violations: <unlimited>
             Violations found: 196
+-----------+----------+-------------------------------+------------+
| Rule      | Severity | Description                   | Violations |
+-----------+----------+-------------------------------+------------+
| TIMING-18 | Warning  | Missing input or output delay | 68         |
| TIMING-20 | Warning  | Non-clocked latch             | 128        |
+-----------+----------+-------------------------------+------------+

2. REPORT DETAILS
-----------------
TIMING-18#1 Warning
Missing input or output delay  
An input delay is missing on DataIn[0] relative to clock(s) Clk
Related violations: <none>

TIMING-18#2 Warning
Missing input or output delay  
An input delay is missing on DataIn[10] relative to clock(s) Clk
Related violations: <none>

TIMING-18#3 Warning
Missing input or output delay  
An input delay is missing on DataIn[11] relative to clock(s) Clk
Related violations: <none>

TIMING-18#4 Warning
Missing input or output delay  
An input delay is missing on DataIn[12] relative to clock(s) Clk
Related violations: <none>

TIMING-18#5 Warning
Missing input or output delay  
An input delay is missing on DataIn[13] relative to clock(s) Clk
Related violations: <none>

TIMING-18#6 Warning
Missing input or output delay  
An input delay is missing on DataIn[14] relative to clock(s) Clk
Related violations: <none>

TIMING-18#7 Warning
Missing input or output delay  
An input delay is missing on DataIn[15] relative to clock(s) Clk
Related violations: <none>

TIMING-18#8 Warning
Missing input or output delay  
An input delay is missing on DataIn[16] relative to clock(s) Clk
Related violations: <none>

TIMING-18#9 Warning
Missing input or output delay  
An input delay is missing on DataIn[17] relative to clock(s) Clk
Related violations: <none>

TIMING-18#10 Warning
Missing input or output delay  
An input delay is missing on DataIn[18] relative to clock(s) Clk
Related violations: <none>

TIMING-18#11 Warning
Missing input or output delay  
An input delay is missing on DataIn[19] relative to clock(s) Clk
Related violations: <none>

TIMING-18#12 Warning
Missing input or output delay  
An input delay is missing on DataIn[1] relative to clock(s) Clk
Related violations: <none>

TIMING-18#13 Warning
Missing input or output delay  
An input delay is missing on DataIn[20] relative to clock(s) Clk
Related violations: <none>

TIMING-18#14 Warning
Missing input or output delay  
An input delay is missing on DataIn[21] relative to clock(s) Clk
Related violations: <none>

TIMING-18#15 Warning
Missing input or output delay  
An input delay is missing on DataIn[22] relative to clock(s) Clk
Related violations: <none>

TIMING-18#16 Warning
Missing input or output delay  
An input delay is missing on DataIn[23] relative to clock(s) Clk
Related violations: <none>

TIMING-18#17 Warning
Missing input or output delay  
An input delay is missing on DataIn[24] relative to clock(s) Clk
Related violations: <none>

TIMING-18#18 Warning
Missing input or output delay  
An input delay is missing on DataIn[25] relative to clock(s) Clk
Related violations: <none>

TIMING-18#19 Warning
Missing input or output delay  
An input delay is missing on DataIn[26] relative to clock(s) Clk
Related violations: <none>

TIMING-18#20 Warning
Missing input or output delay  
An input delay is missing on DataIn[27] relative to clock(s) Clk
Related violations: <none>

TIMING-18#21 Warning
Missing input or output delay  
An input delay is missing on DataIn[28] relative to clock(s) Clk
Related violations: <none>

TIMING-18#22 Warning
Missing input or output delay  
An input delay is missing on DataIn[29] relative to clock(s) Clk
Related violations: <none>

TIMING-18#23 Warning
Missing input or output delay  
An input delay is missing on DataIn[2] relative to clock(s) Clk
Related violations: <none>

TIMING-18#24 Warning
Missing input or output delay  
An input delay is missing on DataIn[30] relative to clock(s) Clk
Related violations: <none>

TIMING-18#25 Warning
Missing input or output delay  
An input delay is missing on DataIn[31] relative to clock(s) Clk
Related violations: <none>

TIMING-18#26 Warning
Missing input or output delay  
An input delay is missing on DataIn[3] relative to clock(s) Clk
Related violations: <none>

TIMING-18#27 Warning
Missing input or output delay  
An input delay is missing on DataIn[4] relative to clock(s) Clk
Related violations: <none>

TIMING-18#28 Warning
Missing input or output delay  
An input delay is missing on DataIn[5] relative to clock(s) Clk
Related violations: <none>

TIMING-18#29 Warning
Missing input or output delay  
An input delay is missing on DataIn[6] relative to clock(s) Clk
Related violations: <none>

TIMING-18#30 Warning
Missing input or output delay  
An input delay is missing on DataIn[7] relative to clock(s) Clk
Related violations: <none>

TIMING-18#31 Warning
Missing input or output delay  
An input delay is missing on DataIn[8] relative to clock(s) Clk
Related violations: <none>

TIMING-18#32 Warning
Missing input or output delay  
An input delay is missing on DataIn[9] relative to clock(s) Clk
Related violations: <none>

TIMING-18#33 Warning
Missing input or output delay  
An input delay is missing on InitRSA relative to clock(s) Clk
Related violations: <none>

TIMING-18#34 Warning
Missing input or output delay  
An input delay is missing on Resetn relative to clock(s) Clk
Related violations: <none>

TIMING-18#35 Warning
Missing input or output delay  
An input delay is missing on StartRSA relative to clock(s) Clk
Related violations: <none>

TIMING-18#36 Warning
Missing input or output delay  
An output delay is missing on CoreFinished relative to clock(s) Clk
Related violations: <none>

TIMING-18#37 Warning
Missing input or output delay  
An output delay is missing on DataOut[0] relative to clock(s) Clk
Related violations: <none>

TIMING-18#38 Warning
Missing input or output delay  
An output delay is missing on DataOut[10] relative to clock(s) Clk
Related violations: <none>

TIMING-18#39 Warning
Missing input or output delay  
An output delay is missing on DataOut[11] relative to clock(s) Clk
Related violations: <none>

TIMING-18#40 Warning
Missing input or output delay  
An output delay is missing on DataOut[12] relative to clock(s) Clk
Related violations: <none>

TIMING-18#41 Warning
Missing input or output delay  
An output delay is missing on DataOut[13] relative to clock(s) Clk
Related violations: <none>

TIMING-18#42 Warning
Missing input or output delay  
An output delay is missing on DataOut[14] relative to clock(s) Clk
Related violations: <none>

TIMING-18#43 Warning
Missing input or output delay  
An output delay is missing on DataOut[15] relative to clock(s) Clk
Related violations: <none>

TIMING-18#44 Warning
Missing input or output delay  
An output delay is missing on DataOut[16] relative to clock(s) Clk
Related violations: <none>

TIMING-18#45 Warning
Missing input or output delay  
An output delay is missing on DataOut[17] relative to clock(s) Clk
Related violations: <none>

TIMING-18#46 Warning
Missing input or output delay  
An output delay is missing on DataOut[18] relative to clock(s) Clk
Related violations: <none>

TIMING-18#47 Warning
Missing input or output delay  
An output delay is missing on DataOut[19] relative to clock(s) Clk
Related violations: <none>

TIMING-18#48 Warning
Missing input or output delay  
An output delay is missing on DataOut[1] relative to clock(s) Clk
Related violations: <none>

TIMING-18#49 Warning
Missing input or output delay  
An output delay is missing on DataOut[20] relative to clock(s) Clk
Related violations: <none>

TIMING-18#50 Warning
Missing input or output delay  
An output delay is missing on DataOut[21] relative to clock(s) Clk
Related violations: <none>

TIMING-18#51 Warning
Missing input or output delay  
An output delay is missing on DataOut[22] relative to clock(s) Clk
Related violations: <none>

TIMING-18#52 Warning
Missing input or output delay  
An output delay is missing on DataOut[23] relative to clock(s) Clk
Related violations: <none>

TIMING-18#53 Warning
Missing input or output delay  
An output delay is missing on DataOut[24] relative to clock(s) Clk
Related violations: <none>

TIMING-18#54 Warning
Missing input or output delay  
An output delay is missing on DataOut[25] relative to clock(s) Clk
Related violations: <none>

TIMING-18#55 Warning
Missing input or output delay  
An output delay is missing on DataOut[26] relative to clock(s) Clk
Related violations: <none>

TIMING-18#56 Warning
Missing input or output delay  
An output delay is missing on DataOut[27] relative to clock(s) Clk
Related violations: <none>

TIMING-18#57 Warning
Missing input or output delay  
An output delay is missing on DataOut[28] relative to clock(s) Clk
Related violations: <none>

TIMING-18#58 Warning
Missing input or output delay  
An output delay is missing on DataOut[29] relative to clock(s) Clk
Related violations: <none>

TIMING-18#59 Warning
Missing input or output delay  
An output delay is missing on DataOut[2] relative to clock(s) Clk
Related violations: <none>

TIMING-18#60 Warning
Missing input or output delay  
An output delay is missing on DataOut[30] relative to clock(s) Clk
Related violations: <none>

TIMING-18#61 Warning
Missing input or output delay  
An output delay is missing on DataOut[31] relative to clock(s) Clk
Related violations: <none>

TIMING-18#62 Warning
Missing input or output delay  
An output delay is missing on DataOut[3] relative to clock(s) Clk
Related violations: <none>

TIMING-18#63 Warning
Missing input or output delay  
An output delay is missing on DataOut[4] relative to clock(s) Clk
Related violations: <none>

TIMING-18#64 Warning
Missing input or output delay  
An output delay is missing on DataOut[5] relative to clock(s) Clk
Related violations: <none>

TIMING-18#65 Warning
Missing input or output delay  
An output delay is missing on DataOut[6] relative to clock(s) Clk
Related violations: <none>

TIMING-18#66 Warning
Missing input or output delay  
An output delay is missing on DataOut[7] relative to clock(s) Clk
Related violations: <none>

TIMING-18#67 Warning
Missing input or output delay  
An output delay is missing on DataOut[8] relative to clock(s) Clk
Related violations: <none>

TIMING-18#68 Warning
Missing input or output delay  
An output delay is missing on DataOut[9] relative to clock(s) Clk
Related violations: <none>

TIMING-20#1 Warning
Non-clocked latch  
The latch ModExp/u_reg_2_reg[0]_LDC cannot be properly analyzed as its control pin ModExp/u_reg_2_reg[0]_LDC/G is not reached by a timing clock
Related violations: <none>

TIMING-20#2 Warning
Non-clocked latch  
The latch ModExp/u_reg_2_reg[100]_LDC cannot be properly analyzed as its control pin ModExp/u_reg_2_reg[100]_LDC/G is not reached by a timing clock
Related violations: <none>

TIMING-20#3 Warning
Non-clocked latch  
The latch ModExp/u_reg_2_reg[101]_LDC cannot be properly analyzed as its control pin ModExp/u_reg_2_reg[101]_LDC/G is not reached by a timing clock
Related violations: <none>

TIMING-20#4 Warning
Non-clocked latch  
The latch ModExp/u_reg_2_reg[102]_LDC cannot be properly analyzed as its control pin ModExp/u_reg_2_reg[102]_LDC/G is not reached by a timing clock
Related violations: <none>

TIMING-20#5 Warning
Non-clocked latch  
The latch ModExp/u_reg_2_reg[103]_LDC cannot be properly analyzed as its control pin ModExp/u_reg_2_reg[103]_LDC/G is not reached by a timing clock
Related violations: <none>

TIMING-20#6 Warning
Non-clocked latch  
The latch ModExp/u_reg_2_reg[104]_LDC cannot be properly analyzed as its control pin ModExp/u_reg_2_reg[104]_LDC/G is not reached by a timing clock
Related violations: <none>

TIMING-20#7 Warning
Non-clocked latch  
The latch ModExp/u_reg_2_reg[105]_LDC cannot be properly analyzed as its control pin ModExp/u_reg_2_reg[105]_LDC/G is not reached by a timing clock
Related violations: <none>

TIMING-20#8 Warning
Non-clocked latch  
The latch ModExp/u_reg_2_reg[106]_LDC cannot be properly analyzed as its control pin ModExp/u_reg_2_reg[106]_LDC/G is not reached by a timing clock
Related violations: <none>

TIMING-20#9 Warning
Non-clocked latch  
The latch ModExp/u_reg_2_reg[107]_LDC cannot be properly analyzed as its control pin ModExp/u_reg_2_reg[107]_LDC/G is not reached by a timing clock
Related violations: <none>

TIMING-20#10 Warning
Non-clocked latch  
The latch ModExp/u_reg_2_reg[108]_LDC cannot be properly analyzed as its control pin ModExp/u_reg_2_reg[108]_LDC/G is not reached by a timing clock
Related violations: <none>

TIMING-20#11 Warning
Non-clocked latch  
The latch ModExp/u_reg_2_reg[109]_LDC cannot be properly analyzed as its control pin ModExp/u_reg_2_reg[109]_LDC/G is not reached by a timing clock
Related violations: <none>

TIMING-20#12 Warning
Non-clocked latch  
The latch ModExp/u_reg_2_reg[10]_LDC cannot be properly analyzed as its control pin ModExp/u_reg_2_reg[10]_LDC/G is not reached by a timing clock
Related violations: <none>

TIMING-20#13 Warning
Non-clocked latch  
The latch ModExp/u_reg_2_reg[110]_LDC cannot be properly analyzed as its control pin ModExp/u_reg_2_reg[110]_LDC/G is not reached by a timing clock
Related violations: <none>

TIMING-20#14 Warning
Non-clocked latch  
The latch ModExp/u_reg_2_reg[111]_LDC cannot be properly analyzed as its control pin ModExp/u_reg_2_reg[111]_LDC/G is not reached by a timing clock
Related violations: <none>

TIMING-20#15 Warning
Non-clocked latch  
The latch ModExp/u_reg_2_reg[112]_LDC cannot be properly analyzed as its control pin ModExp/u_reg_2_reg[112]_LDC/G is not reached by a timing clock
Related violations: <none>

TIMING-20#16 Warning
Non-clocked latch  
The latch ModExp/u_reg_2_reg[113]_LDC cannot be properly analyzed as its control pin ModExp/u_reg_2_reg[113]_LDC/G is not reached by a timing clock
Related violations: <none>

TIMING-20#17 Warning
Non-clocked latch  
The latch ModExp/u_reg_2_reg[114]_LDC cannot be properly analyzed as its control pin ModExp/u_reg_2_reg[114]_LDC/G is not reached by a timing clock
Related violations: <none>

TIMING-20#18 Warning
Non-clocked latch  
The latch ModExp/u_reg_2_reg[115]_LDC cannot be properly analyzed as its control pin ModExp/u_reg_2_reg[115]_LDC/G is not reached by a timing clock
Related violations: <none>

TIMING-20#19 Warning
Non-clocked latch  
The latch ModExp/u_reg_2_reg[116]_LDC cannot be properly analyzed as its control pin ModExp/u_reg_2_reg[116]_LDC/G is not reached by a timing clock
Related violations: <none>

TIMING-20#20 Warning
Non-clocked latch  
The latch ModExp/u_reg_2_reg[117]_LDC cannot be properly analyzed as its control pin ModExp/u_reg_2_reg[117]_LDC/G is not reached by a timing clock
Related violations: <none>

TIMING-20#21 Warning
Non-clocked latch  
The latch ModExp/u_reg_2_reg[118]_LDC cannot be properly analyzed as its control pin ModExp/u_reg_2_reg[118]_LDC/G is not reached by a timing clock
Related violations: <none>

TIMING-20#22 Warning
Non-clocked latch  
The latch ModExp/u_reg_2_reg[119]_LDC cannot be properly analyzed as its control pin ModExp/u_reg_2_reg[119]_LDC/G is not reached by a timing clock
Related violations: <none>

TIMING-20#23 Warning
Non-clocked latch  
The latch ModExp/u_reg_2_reg[11]_LDC cannot be properly analyzed as its control pin ModExp/u_reg_2_reg[11]_LDC/G is not reached by a timing clock
Related violations: <none>

TIMING-20#24 Warning
Non-clocked latch  
The latch ModExp/u_reg_2_reg[120]_LDC cannot be properly analyzed as its control pin ModExp/u_reg_2_reg[120]_LDC/G is not reached by a timing clock
Related violations: <none>

TIMING-20#25 Warning
Non-clocked latch  
The latch ModExp/u_reg_2_reg[121]_LDC cannot be properly analyzed as its control pin ModExp/u_reg_2_reg[121]_LDC/G is not reached by a timing clock
Related violations: <none>

TIMING-20#26 Warning
Non-clocked latch  
The latch ModExp/u_reg_2_reg[122]_LDC cannot be properly analyzed as its control pin ModExp/u_reg_2_reg[122]_LDC/G is not reached by a timing clock
Related violations: <none>

TIMING-20#27 Warning
Non-clocked latch  
The latch ModExp/u_reg_2_reg[123]_LDC cannot be properly analyzed as its control pin ModExp/u_reg_2_reg[123]_LDC/G is not reached by a timing clock
Related violations: <none>

TIMING-20#28 Warning
Non-clocked latch  
The latch ModExp/u_reg_2_reg[124]_LDC cannot be properly analyzed as its control pin ModExp/u_reg_2_reg[124]_LDC/G is not reached by a timing clock
Related violations: <none>

TIMING-20#29 Warning
Non-clocked latch  
The latch ModExp/u_reg_2_reg[125]_LDC cannot be properly analyzed as its control pin ModExp/u_reg_2_reg[125]_LDC/G is not reached by a timing clock
Related violations: <none>

TIMING-20#30 Warning
Non-clocked latch  
The latch ModExp/u_reg_2_reg[126]_LDC cannot be properly analyzed as its control pin ModExp/u_reg_2_reg[126]_LDC/G is not reached by a timing clock
Related violations: <none>

TIMING-20#31 Warning
Non-clocked latch  
The latch ModExp/u_reg_2_reg[127]_LDC cannot be properly analyzed as its control pin ModExp/u_reg_2_reg[127]_LDC/G is not reached by a timing clock
Related violations: <none>

TIMING-20#32 Warning
Non-clocked latch  
The latch ModExp/u_reg_2_reg[12]_LDC cannot be properly analyzed as its control pin ModExp/u_reg_2_reg[12]_LDC/G is not reached by a timing clock
Related violations: <none>

TIMING-20#33 Warning
Non-clocked latch  
The latch ModExp/u_reg_2_reg[13]_LDC cannot be properly analyzed as its control pin ModExp/u_reg_2_reg[13]_LDC/G is not reached by a timing clock
Related violations: <none>

TIMING-20#34 Warning
Non-clocked latch  
The latch ModExp/u_reg_2_reg[14]_LDC cannot be properly analyzed as its control pin ModExp/u_reg_2_reg[14]_LDC/G is not reached by a timing clock
Related violations: <none>

TIMING-20#35 Warning
Non-clocked latch  
The latch ModExp/u_reg_2_reg[15]_LDC cannot be properly analyzed as its control pin ModExp/u_reg_2_reg[15]_LDC/G is not reached by a timing clock
Related violations: <none>

TIMING-20#36 Warning
Non-clocked latch  
The latch ModExp/u_reg_2_reg[16]_LDC cannot be properly analyzed as its control pin ModExp/u_reg_2_reg[16]_LDC/G is not reached by a timing clock
Related violations: <none>

TIMING-20#37 Warning
Non-clocked latch  
The latch ModExp/u_reg_2_reg[17]_LDC cannot be properly analyzed as its control pin ModExp/u_reg_2_reg[17]_LDC/G is not reached by a timing clock
Related violations: <none>

TIMING-20#38 Warning
Non-clocked latch  
The latch ModExp/u_reg_2_reg[18]_LDC cannot be properly analyzed as its control pin ModExp/u_reg_2_reg[18]_LDC/G is not reached by a timing clock
Related violations: <none>

TIMING-20#39 Warning
Non-clocked latch  
The latch ModExp/u_reg_2_reg[19]_LDC cannot be properly analyzed as its control pin ModExp/u_reg_2_reg[19]_LDC/G is not reached by a timing clock
Related violations: <none>

TIMING-20#40 Warning
Non-clocked latch  
The latch ModExp/u_reg_2_reg[1]_LDC cannot be properly analyzed as its control pin ModExp/u_reg_2_reg[1]_LDC/G is not reached by a timing clock
Related violations: <none>

TIMING-20#41 Warning
Non-clocked latch  
The latch ModExp/u_reg_2_reg[20]_LDC cannot be properly analyzed as its control pin ModExp/u_reg_2_reg[20]_LDC/G is not reached by a timing clock
Related violations: <none>

TIMING-20#42 Warning
Non-clocked latch  
The latch ModExp/u_reg_2_reg[21]_LDC cannot be properly analyzed as its control pin ModExp/u_reg_2_reg[21]_LDC/G is not reached by a timing clock
Related violations: <none>

TIMING-20#43 Warning
Non-clocked latch  
The latch ModExp/u_reg_2_reg[22]_LDC cannot be properly analyzed as its control pin ModExp/u_reg_2_reg[22]_LDC/G is not reached by a timing clock
Related violations: <none>

TIMING-20#44 Warning
Non-clocked latch  
The latch ModExp/u_reg_2_reg[23]_LDC cannot be properly analyzed as its control pin ModExp/u_reg_2_reg[23]_LDC/G is not reached by a timing clock
Related violations: <none>

TIMING-20#45 Warning
Non-clocked latch  
The latch ModExp/u_reg_2_reg[24]_LDC cannot be properly analyzed as its control pin ModExp/u_reg_2_reg[24]_LDC/G is not reached by a timing clock
Related violations: <none>

TIMING-20#46 Warning
Non-clocked latch  
The latch ModExp/u_reg_2_reg[25]_LDC cannot be properly analyzed as its control pin ModExp/u_reg_2_reg[25]_LDC/G is not reached by a timing clock
Related violations: <none>

TIMING-20#47 Warning
Non-clocked latch  
The latch ModExp/u_reg_2_reg[26]_LDC cannot be properly analyzed as its control pin ModExp/u_reg_2_reg[26]_LDC/G is not reached by a timing clock
Related violations: <none>

TIMING-20#48 Warning
Non-clocked latch  
The latch ModExp/u_reg_2_reg[27]_LDC cannot be properly analyzed as its control pin ModExp/u_reg_2_reg[27]_LDC/G is not reached by a timing clock
Related violations: <none>

TIMING-20#49 Warning
Non-clocked latch  
The latch ModExp/u_reg_2_reg[28]_LDC cannot be properly analyzed as its control pin ModExp/u_reg_2_reg[28]_LDC/G is not reached by a timing clock
Related violations: <none>

TIMING-20#50 Warning
Non-clocked latch  
The latch ModExp/u_reg_2_reg[29]_LDC cannot be properly analyzed as its control pin ModExp/u_reg_2_reg[29]_LDC/G is not reached by a timing clock
Related violations: <none>

TIMING-20#51 Warning
Non-clocked latch  
The latch ModExp/u_reg_2_reg[2]_LDC cannot be properly analyzed as its control pin ModExp/u_reg_2_reg[2]_LDC/G is not reached by a timing clock
Related violations: <none>

TIMING-20#52 Warning
Non-clocked latch  
The latch ModExp/u_reg_2_reg[30]_LDC cannot be properly analyzed as its control pin ModExp/u_reg_2_reg[30]_LDC/G is not reached by a timing clock
Related violations: <none>

TIMING-20#53 Warning
Non-clocked latch  
The latch ModExp/u_reg_2_reg[31]_LDC cannot be properly analyzed as its control pin ModExp/u_reg_2_reg[31]_LDC/G is not reached by a timing clock
Related violations: <none>

TIMING-20#54 Warning
Non-clocked latch  
The latch ModExp/u_reg_2_reg[32]_LDC cannot be properly analyzed as its control pin ModExp/u_reg_2_reg[32]_LDC/G is not reached by a timing clock
Related violations: <none>

TIMING-20#55 Warning
Non-clocked latch  
The latch ModExp/u_reg_2_reg[33]_LDC cannot be properly analyzed as its control pin ModExp/u_reg_2_reg[33]_LDC/G is not reached by a timing clock
Related violations: <none>

TIMING-20#56 Warning
Non-clocked latch  
The latch ModExp/u_reg_2_reg[34]_LDC cannot be properly analyzed as its control pin ModExp/u_reg_2_reg[34]_LDC/G is not reached by a timing clock
Related violations: <none>

TIMING-20#57 Warning
Non-clocked latch  
The latch ModExp/u_reg_2_reg[35]_LDC cannot be properly analyzed as its control pin ModExp/u_reg_2_reg[35]_LDC/G is not reached by a timing clock
Related violations: <none>

TIMING-20#58 Warning
Non-clocked latch  
The latch ModExp/u_reg_2_reg[36]_LDC cannot be properly analyzed as its control pin ModExp/u_reg_2_reg[36]_LDC/G is not reached by a timing clock
Related violations: <none>

TIMING-20#59 Warning
Non-clocked latch  
The latch ModExp/u_reg_2_reg[37]_LDC cannot be properly analyzed as its control pin ModExp/u_reg_2_reg[37]_LDC/G is not reached by a timing clock
Related violations: <none>

TIMING-20#60 Warning
Non-clocked latch  
The latch ModExp/u_reg_2_reg[38]_LDC cannot be properly analyzed as its control pin ModExp/u_reg_2_reg[38]_LDC/G is not reached by a timing clock
Related violations: <none>

TIMING-20#61 Warning
Non-clocked latch  
The latch ModExp/u_reg_2_reg[39]_LDC cannot be properly analyzed as its control pin ModExp/u_reg_2_reg[39]_LDC/G is not reached by a timing clock
Related violations: <none>

TIMING-20#62 Warning
Non-clocked latch  
The latch ModExp/u_reg_2_reg[3]_LDC cannot be properly analyzed as its control pin ModExp/u_reg_2_reg[3]_LDC/G is not reached by a timing clock
Related violations: <none>

TIMING-20#63 Warning
Non-clocked latch  
The latch ModExp/u_reg_2_reg[40]_LDC cannot be properly analyzed as its control pin ModExp/u_reg_2_reg[40]_LDC/G is not reached by a timing clock
Related violations: <none>

TIMING-20#64 Warning
Non-clocked latch  
The latch ModExp/u_reg_2_reg[41]_LDC cannot be properly analyzed as its control pin ModExp/u_reg_2_reg[41]_LDC/G is not reached by a timing clock
Related violations: <none>

TIMING-20#65 Warning
Non-clocked latch  
The latch ModExp/u_reg_2_reg[42]_LDC cannot be properly analyzed as its control pin ModExp/u_reg_2_reg[42]_LDC/G is not reached by a timing clock
Related violations: <none>

TIMING-20#66 Warning
Non-clocked latch  
The latch ModExp/u_reg_2_reg[43]_LDC cannot be properly analyzed as its control pin ModExp/u_reg_2_reg[43]_LDC/G is not reached by a timing clock
Related violations: <none>

TIMING-20#67 Warning
Non-clocked latch  
The latch ModExp/u_reg_2_reg[44]_LDC cannot be properly analyzed as its control pin ModExp/u_reg_2_reg[44]_LDC/G is not reached by a timing clock
Related violations: <none>

TIMING-20#68 Warning
Non-clocked latch  
The latch ModExp/u_reg_2_reg[45]_LDC cannot be properly analyzed as its control pin ModExp/u_reg_2_reg[45]_LDC/G is not reached by a timing clock
Related violations: <none>

TIMING-20#69 Warning
Non-clocked latch  
The latch ModExp/u_reg_2_reg[46]_LDC cannot be properly analyzed as its control pin ModExp/u_reg_2_reg[46]_LDC/G is not reached by a timing clock
Related violations: <none>

TIMING-20#70 Warning
Non-clocked latch  
The latch ModExp/u_reg_2_reg[47]_LDC cannot be properly analyzed as its control pin ModExp/u_reg_2_reg[47]_LDC/G is not reached by a timing clock
Related violations: <none>

TIMING-20#71 Warning
Non-clocked latch  
The latch ModExp/u_reg_2_reg[48]_LDC cannot be properly analyzed as its control pin ModExp/u_reg_2_reg[48]_LDC/G is not reached by a timing clock
Related violations: <none>

TIMING-20#72 Warning
Non-clocked latch  
The latch ModExp/u_reg_2_reg[49]_LDC cannot be properly analyzed as its control pin ModExp/u_reg_2_reg[49]_LDC/G is not reached by a timing clock
Related violations: <none>

TIMING-20#73 Warning
Non-clocked latch  
The latch ModExp/u_reg_2_reg[4]_LDC cannot be properly analyzed as its control pin ModExp/u_reg_2_reg[4]_LDC/G is not reached by a timing clock
Related violations: <none>

TIMING-20#74 Warning
Non-clocked latch  
The latch ModExp/u_reg_2_reg[50]_LDC cannot be properly analyzed as its control pin ModExp/u_reg_2_reg[50]_LDC/G is not reached by a timing clock
Related violations: <none>

TIMING-20#75 Warning
Non-clocked latch  
The latch ModExp/u_reg_2_reg[51]_LDC cannot be properly analyzed as its control pin ModExp/u_reg_2_reg[51]_LDC/G is not reached by a timing clock
Related violations: <none>

TIMING-20#76 Warning
Non-clocked latch  
The latch ModExp/u_reg_2_reg[52]_LDC cannot be properly analyzed as its control pin ModExp/u_reg_2_reg[52]_LDC/G is not reached by a timing clock
Related violations: <none>

TIMING-20#77 Warning
Non-clocked latch  
The latch ModExp/u_reg_2_reg[53]_LDC cannot be properly analyzed as its control pin ModExp/u_reg_2_reg[53]_LDC/G is not reached by a timing clock
Related violations: <none>

TIMING-20#78 Warning
Non-clocked latch  
The latch ModExp/u_reg_2_reg[54]_LDC cannot be properly analyzed as its control pin ModExp/u_reg_2_reg[54]_LDC/G is not reached by a timing clock
Related violations: <none>

TIMING-20#79 Warning
Non-clocked latch  
The latch ModExp/u_reg_2_reg[55]_LDC cannot be properly analyzed as its control pin ModExp/u_reg_2_reg[55]_LDC/G is not reached by a timing clock
Related violations: <none>

TIMING-20#80 Warning
Non-clocked latch  
The latch ModExp/u_reg_2_reg[56]_LDC cannot be properly analyzed as its control pin ModExp/u_reg_2_reg[56]_LDC/G is not reached by a timing clock
Related violations: <none>

TIMING-20#81 Warning
Non-clocked latch  
The latch ModExp/u_reg_2_reg[57]_LDC cannot be properly analyzed as its control pin ModExp/u_reg_2_reg[57]_LDC/G is not reached by a timing clock
Related violations: <none>

TIMING-20#82 Warning
Non-clocked latch  
The latch ModExp/u_reg_2_reg[58]_LDC cannot be properly analyzed as its control pin ModExp/u_reg_2_reg[58]_LDC/G is not reached by a timing clock
Related violations: <none>

TIMING-20#83 Warning
Non-clocked latch  
The latch ModExp/u_reg_2_reg[59]_LDC cannot be properly analyzed as its control pin ModExp/u_reg_2_reg[59]_LDC/G is not reached by a timing clock
Related violations: <none>

TIMING-20#84 Warning
Non-clocked latch  
The latch ModExp/u_reg_2_reg[5]_LDC cannot be properly analyzed as its control pin ModExp/u_reg_2_reg[5]_LDC/G is not reached by a timing clock
Related violations: <none>

TIMING-20#85 Warning
Non-clocked latch  
The latch ModExp/u_reg_2_reg[60]_LDC cannot be properly analyzed as its control pin ModExp/u_reg_2_reg[60]_LDC/G is not reached by a timing clock
Related violations: <none>

TIMING-20#86 Warning
Non-clocked latch  
The latch ModExp/u_reg_2_reg[61]_LDC cannot be properly analyzed as its control pin ModExp/u_reg_2_reg[61]_LDC/G is not reached by a timing clock
Related violations: <none>

TIMING-20#87 Warning
Non-clocked latch  
The latch ModExp/u_reg_2_reg[62]_LDC cannot be properly analyzed as its control pin ModExp/u_reg_2_reg[62]_LDC/G is not reached by a timing clock
Related violations: <none>

TIMING-20#88 Warning
Non-clocked latch  
The latch ModExp/u_reg_2_reg[63]_LDC cannot be properly analyzed as its control pin ModExp/u_reg_2_reg[63]_LDC/G is not reached by a timing clock
Related violations: <none>

TIMING-20#89 Warning
Non-clocked latch  
The latch ModExp/u_reg_2_reg[64]_LDC cannot be properly analyzed as its control pin ModExp/u_reg_2_reg[64]_LDC/G is not reached by a timing clock
Related violations: <none>

TIMING-20#90 Warning
Non-clocked latch  
The latch ModExp/u_reg_2_reg[65]_LDC cannot be properly analyzed as its control pin ModExp/u_reg_2_reg[65]_LDC/G is not reached by a timing clock
Related violations: <none>

TIMING-20#91 Warning
Non-clocked latch  
The latch ModExp/u_reg_2_reg[66]_LDC cannot be properly analyzed as its control pin ModExp/u_reg_2_reg[66]_LDC/G is not reached by a timing clock
Related violations: <none>

TIMING-20#92 Warning
Non-clocked latch  
The latch ModExp/u_reg_2_reg[67]_LDC cannot be properly analyzed as its control pin ModExp/u_reg_2_reg[67]_LDC/G is not reached by a timing clock
Related violations: <none>

TIMING-20#93 Warning
Non-clocked latch  
The latch ModExp/u_reg_2_reg[68]_LDC cannot be properly analyzed as its control pin ModExp/u_reg_2_reg[68]_LDC/G is not reached by a timing clock
Related violations: <none>

TIMING-20#94 Warning
Non-clocked latch  
The latch ModExp/u_reg_2_reg[69]_LDC cannot be properly analyzed as its control pin ModExp/u_reg_2_reg[69]_LDC/G is not reached by a timing clock
Related violations: <none>

TIMING-20#95 Warning
Non-clocked latch  
The latch ModExp/u_reg_2_reg[6]_LDC cannot be properly analyzed as its control pin ModExp/u_reg_2_reg[6]_LDC/G is not reached by a timing clock
Related violations: <none>

TIMING-20#96 Warning
Non-clocked latch  
The latch ModExp/u_reg_2_reg[70]_LDC cannot be properly analyzed as its control pin ModExp/u_reg_2_reg[70]_LDC/G is not reached by a timing clock
Related violations: <none>

TIMING-20#97 Warning
Non-clocked latch  
The latch ModExp/u_reg_2_reg[71]_LDC cannot be properly analyzed as its control pin ModExp/u_reg_2_reg[71]_LDC/G is not reached by a timing clock
Related violations: <none>

TIMING-20#98 Warning
Non-clocked latch  
The latch ModExp/u_reg_2_reg[72]_LDC cannot be properly analyzed as its control pin ModExp/u_reg_2_reg[72]_LDC/G is not reached by a timing clock
Related violations: <none>

TIMING-20#99 Warning
Non-clocked latch  
The latch ModExp/u_reg_2_reg[73]_LDC cannot be properly analyzed as its control pin ModExp/u_reg_2_reg[73]_LDC/G is not reached by a timing clock
Related violations: <none>

TIMING-20#100 Warning
Non-clocked latch  
The latch ModExp/u_reg_2_reg[74]_LDC cannot be properly analyzed as its control pin ModExp/u_reg_2_reg[74]_LDC/G is not reached by a timing clock
Related violations: <none>

TIMING-20#101 Warning
Non-clocked latch  
The latch ModExp/u_reg_2_reg[75]_LDC cannot be properly analyzed as its control pin ModExp/u_reg_2_reg[75]_LDC/G is not reached by a timing clock
Related violations: <none>

TIMING-20#102 Warning
Non-clocked latch  
The latch ModExp/u_reg_2_reg[76]_LDC cannot be properly analyzed as its control pin ModExp/u_reg_2_reg[76]_LDC/G is not reached by a timing clock
Related violations: <none>

TIMING-20#103 Warning
Non-clocked latch  
The latch ModExp/u_reg_2_reg[77]_LDC cannot be properly analyzed as its control pin ModExp/u_reg_2_reg[77]_LDC/G is not reached by a timing clock
Related violations: <none>

TIMING-20#104 Warning
Non-clocked latch  
The latch ModExp/u_reg_2_reg[78]_LDC cannot be properly analyzed as its control pin ModExp/u_reg_2_reg[78]_LDC/G is not reached by a timing clock
Related violations: <none>

TIMING-20#105 Warning
Non-clocked latch  
The latch ModExp/u_reg_2_reg[79]_LDC cannot be properly analyzed as its control pin ModExp/u_reg_2_reg[79]_LDC/G is not reached by a timing clock
Related violations: <none>

TIMING-20#106 Warning
Non-clocked latch  
The latch ModExp/u_reg_2_reg[7]_LDC cannot be properly analyzed as its control pin ModExp/u_reg_2_reg[7]_LDC/G is not reached by a timing clock
Related violations: <none>

TIMING-20#107 Warning
Non-clocked latch  
The latch ModExp/u_reg_2_reg[80]_LDC cannot be properly analyzed as its control pin ModExp/u_reg_2_reg[80]_LDC/G is not reached by a timing clock
Related violations: <none>

TIMING-20#108 Warning
Non-clocked latch  
The latch ModExp/u_reg_2_reg[81]_LDC cannot be properly analyzed as its control pin ModExp/u_reg_2_reg[81]_LDC/G is not reached by a timing clock
Related violations: <none>

TIMING-20#109 Warning
Non-clocked latch  
The latch ModExp/u_reg_2_reg[82]_LDC cannot be properly analyzed as its control pin ModExp/u_reg_2_reg[82]_LDC/G is not reached by a timing clock
Related violations: <none>

TIMING-20#110 Warning
Non-clocked latch  
The latch ModExp/u_reg_2_reg[83]_LDC cannot be properly analyzed as its control pin ModExp/u_reg_2_reg[83]_LDC/G is not reached by a timing clock
Related violations: <none>

TIMING-20#111 Warning
Non-clocked latch  
The latch ModExp/u_reg_2_reg[84]_LDC cannot be properly analyzed as its control pin ModExp/u_reg_2_reg[84]_LDC/G is not reached by a timing clock
Related violations: <none>

TIMING-20#112 Warning
Non-clocked latch  
The latch ModExp/u_reg_2_reg[85]_LDC cannot be properly analyzed as its control pin ModExp/u_reg_2_reg[85]_LDC/G is not reached by a timing clock
Related violations: <none>

TIMING-20#113 Warning
Non-clocked latch  
The latch ModExp/u_reg_2_reg[86]_LDC cannot be properly analyzed as its control pin ModExp/u_reg_2_reg[86]_LDC/G is not reached by a timing clock
Related violations: <none>

TIMING-20#114 Warning
Non-clocked latch  
The latch ModExp/u_reg_2_reg[87]_LDC cannot be properly analyzed as its control pin ModExp/u_reg_2_reg[87]_LDC/G is not reached by a timing clock
Related violations: <none>

TIMING-20#115 Warning
Non-clocked latch  
The latch ModExp/u_reg_2_reg[88]_LDC cannot be properly analyzed as its control pin ModExp/u_reg_2_reg[88]_LDC/G is not reached by a timing clock
Related violations: <none>

TIMING-20#116 Warning
Non-clocked latch  
The latch ModExp/u_reg_2_reg[89]_LDC cannot be properly analyzed as its control pin ModExp/u_reg_2_reg[89]_LDC/G is not reached by a timing clock
Related violations: <none>

TIMING-20#117 Warning
Non-clocked latch  
The latch ModExp/u_reg_2_reg[8]_LDC cannot be properly analyzed as its control pin ModExp/u_reg_2_reg[8]_LDC/G is not reached by a timing clock
Related violations: <none>

TIMING-20#118 Warning
Non-clocked latch  
The latch ModExp/u_reg_2_reg[90]_LDC cannot be properly analyzed as its control pin ModExp/u_reg_2_reg[90]_LDC/G is not reached by a timing clock
Related violations: <none>

TIMING-20#119 Warning
Non-clocked latch  
The latch ModExp/u_reg_2_reg[91]_LDC cannot be properly analyzed as its control pin ModExp/u_reg_2_reg[91]_LDC/G is not reached by a timing clock
Related violations: <none>

TIMING-20#120 Warning
Non-clocked latch  
The latch ModExp/u_reg_2_reg[92]_LDC cannot be properly analyzed as its control pin ModExp/u_reg_2_reg[92]_LDC/G is not reached by a timing clock
Related violations: <none>

TIMING-20#121 Warning
Non-clocked latch  
The latch ModExp/u_reg_2_reg[93]_LDC cannot be properly analyzed as its control pin ModExp/u_reg_2_reg[93]_LDC/G is not reached by a timing clock
Related violations: <none>

TIMING-20#122 Warning
Non-clocked latch  
The latch ModExp/u_reg_2_reg[94]_LDC cannot be properly analyzed as its control pin ModExp/u_reg_2_reg[94]_LDC/G is not reached by a timing clock
Related violations: <none>

TIMING-20#123 Warning
Non-clocked latch  
The latch ModExp/u_reg_2_reg[95]_LDC cannot be properly analyzed as its control pin ModExp/u_reg_2_reg[95]_LDC/G is not reached by a timing clock
Related violations: <none>

TIMING-20#124 Warning
Non-clocked latch  
The latch ModExp/u_reg_2_reg[96]_LDC cannot be properly analyzed as its control pin ModExp/u_reg_2_reg[96]_LDC/G is not reached by a timing clock
Related violations: <none>

TIMING-20#125 Warning
Non-clocked latch  
The latch ModExp/u_reg_2_reg[97]_LDC cannot be properly analyzed as its control pin ModExp/u_reg_2_reg[97]_LDC/G is not reached by a timing clock
Related violations: <none>

TIMING-20#126 Warning
Non-clocked latch  
The latch ModExp/u_reg_2_reg[98]_LDC cannot be properly analyzed as its control pin ModExp/u_reg_2_reg[98]_LDC/G is not reached by a timing clock
Related violations: <none>

TIMING-20#127 Warning
Non-clocked latch  
The latch ModExp/u_reg_2_reg[99]_LDC cannot be properly analyzed as its control pin ModExp/u_reg_2_reg[99]_LDC/G is not reached by a timing clock
Related violations: <none>

TIMING-20#128 Warning
Non-clocked latch  
The latch ModExp/u_reg_2_reg[9]_LDC cannot be properly analyzed as its control pin ModExp/u_reg_2_reg[9]_LDC/G is not reached by a timing clock
Related violations: <none>


