
*** Running vivado
    with args -log ModExp.vds -m64 -product Vivado -mode batch -messageDb vivado.pb -notrace -source ModExp.tcl


****** Vivado v2017.3 (64-bit)
  **** SW Build 2018833 on Wed Oct  4 19:58:22 MDT 2017
  **** IP Build 2016188 on Wed Oct  4 21:52:56 MDT 2017
    ** Copyright 1986-2017 Xilinx, Inc. All Rights Reserved.

source ModExp.tcl -notrace
Command: synth_design -top ModExp -part xc7z030fbv484-1
Starting synth_design
Attempting to get a license for feature 'Synthesis' and/or device 'xc7z030'
INFO: [Common 17-349] Got license for feature 'Synthesis' and/or device 'xc7z030'
INFO: Launching helper process for spawning children vivado processes
INFO: Helper process launched with PID 12624 
---------------------------------------------------------------------------------
Starting RTL Elaboration : Time (s): cpu = 00:00:07 ; elapsed = 00:00:08 . Memory (MB): peak = 333.605 ; gain = 94.406
---------------------------------------------------------------------------------
INFO: [Synth 8-638] synthesizing module 'ModExp' [C:/git/DD1_project/VHDL-code/ModExp/ModExp.srcs/sources_1/imports/new/ModExp.vhd:51]
WARNING: [Synth 8-614] signal 'rr_n' is read in the process but is not in the sensitivity list [C:/git/DD1_project/VHDL-code/ModExp/ModExp.srcs/sources_1/imports/new/ModExp.vhd:87]
INFO: [Synth 8-638] synthesizing module 'MonPro' [C:/git/DD1_project/VHDL-code/ModExp/ModExp.srcs/sources_1/imports/new/MonPro.vhd:88]
INFO: [Synth 8-638] synthesizing module 'MonPro_loop' [C:/git/DD1_project/VHDL-code/ModExp/ModExp.srcs/sources_1/imports/new/MonPro.vhd:38]
INFO: [Synth 8-256] done synthesizing module 'MonPro_loop' (1#1) [C:/git/DD1_project/VHDL-code/ModExp/ModExp.srcs/sources_1/imports/new/MonPro.vhd:38]
WARNING: [Synth 8-614] signal 'n_in' is read in the process but is not in the sensitivity list [C:/git/DD1_project/VHDL-code/ModExp/ModExp.srcs/sources_1/imports/new/MonPro.vhd:130]
INFO: [Synth 8-256] done synthesizing module 'MonPro' (2#1) [C:/git/DD1_project/VHDL-code/ModExp/ModExp.srcs/sources_1/imports/new/MonPro.vhd:88]
INFO: [Synth 8-256] done synthesizing module 'ModExp' (3#1) [C:/git/DD1_project/VHDL-code/ModExp/ModExp.srcs/sources_1/imports/new/ModExp.vhd:51]
WARNING: [Synth 8-3331] design MonPro_loop has unconnected port a_bit[7]
---------------------------------------------------------------------------------
Finished RTL Elaboration : Time (s): cpu = 00:00:08 ; elapsed = 00:00:09 . Memory (MB): peak = 374.688 ; gain = 135.488
---------------------------------------------------------------------------------

Report Check Netlist: 
+------+------------------+-------+---------+-------+------------------+
|      |Item              |Errors |Warnings |Status |Description       |
+------+------------------+-------+---------+-------+------------------+
|1     |multi_driven_nets |      0|        0|Passed |Multi driven nets |
+------+------------------+-------+---------+-------+------------------+
---------------------------------------------------------------------------------
Finished RTL Optimization Phase 1 : Time (s): cpu = 00:00:08 ; elapsed = 00:00:09 . Memory (MB): peak = 374.688 ; gain = 135.488
---------------------------------------------------------------------------------
INFO: [Device 21-403] Loading part xc7z030fbv484-1
INFO: [Project 1-570] Preparing netlist for logic optimization

Processing XDC Constraints
Initializing timing engine
Parsing XDC File [C:/git/DD1_project/VHDL-code/ModExp/ModExp.srcs/constrs_1/imports/new/ModExp_constraints.xdc]
Finished Parsing XDC File [C:/git/DD1_project/VHDL-code/ModExp/ModExp.srcs/constrs_1/imports/new/ModExp_constraints.xdc]
Completed Processing XDC Constraints

INFO: [Project 1-111] Unisim Transformation Summary:
No Unisim elements were transformed.

Constraint Validation Runtime : Time (s): cpu = 00:00:00 ; elapsed = 00:00:00.041 . Memory (MB): peak = 733.141 ; gain = 0.000
---------------------------------------------------------------------------------
Finished Constraint Validation : Time (s): cpu = 00:00:22 ; elapsed = 00:00:25 . Memory (MB): peak = 733.141 ; gain = 493.941
---------------------------------------------------------------------------------
---------------------------------------------------------------------------------
Start Loading Part and Timing Information
---------------------------------------------------------------------------------
Loading part: xc7z030fbv484-1
---------------------------------------------------------------------------------
Finished Loading Part and Timing Information : Time (s): cpu = 00:00:22 ; elapsed = 00:00:25 . Memory (MB): peak = 733.141 ; gain = 493.941
---------------------------------------------------------------------------------
---------------------------------------------------------------------------------
Start Applying 'set_property' XDC Constraints
---------------------------------------------------------------------------------
---------------------------------------------------------------------------------
Finished applying 'set_property' XDC Constraints : Time (s): cpu = 00:00:22 ; elapsed = 00:00:25 . Memory (MB): peak = 733.141 ; gain = 493.941
---------------------------------------------------------------------------------
WARNING: [Synth 8-6014] Unused sequential element a_bit_reg was removed.  [C:/git/DD1_project/VHDL-code/ModExp/ModExp.srcs/sources_1/imports/new/MonPro.vhd:126]
INFO: [Synth 8-5544] ROM "ME_done_int" won't be mapped to Block RAM because address size (2) smaller than threshold (5)
WARNING: [Synth 8-6014] Unused sequential element loop_count_reg was removed.  [C:/git/DD1_project/VHDL-code/ModExp/ModExp.srcs/sources_1/imports/new/ModExp.vhd:128]
---------------------------------------------------------------------------------
Finished RTL Optimization Phase 2 : Time (s): cpu = 00:00:23 ; elapsed = 00:00:25 . Memory (MB): peak = 733.141 ; gain = 493.941
---------------------------------------------------------------------------------

Report RTL Partitions: 
+-+--------------+------------+----------+
| |RTL Partition |Replication |Instances |
+-+--------------+------------+----------+
+-+--------------+------------+----------+
---------------------------------------------------------------------------------
Start RTL Component Statistics 
---------------------------------------------------------------------------------
Detailed RTL Component Info : 
+---Adders : 
	   2 Input    129 Bit       Adders := 4     
	   3 Input    128 Bit       Adders := 2     
	   2 Input      8 Bit       Adders := 2     
	   2 Input      7 Bit       Adders := 1     
+---Registers : 
	              128 Bit    Registers := 5     
	                8 Bit    Registers := 2     
	                7 Bit    Registers := 1     
	                2 Bit    Registers := 1     
	                1 Bit    Registers := 2     
+---Muxes : 
	   2 Input    128 Bit        Muxes := 12    
	   2 Input      2 Bit        Muxes := 1     
	   4 Input      1 Bit        Muxes := 1     
	   2 Input      1 Bit        Muxes := 1     
---------------------------------------------------------------------------------
Finished RTL Component Statistics 
---------------------------------------------------------------------------------
---------------------------------------------------------------------------------
Start RTL Hierarchical Component Statistics 
---------------------------------------------------------------------------------
Hierarchical RTL Component report 
Module ModExp 
Detailed RTL Component Info : 
+---Adders : 
	   2 Input      7 Bit       Adders := 1     
+---Registers : 
	              128 Bit    Registers := 3     
	                7 Bit    Registers := 1     
	                2 Bit    Registers := 1     
	                1 Bit    Registers := 2     
+---Muxes : 
	   2 Input    128 Bit        Muxes := 6     
	   2 Input      2 Bit        Muxes := 1     
	   4 Input      1 Bit        Muxes := 1     
	   2 Input      1 Bit        Muxes := 1     
Module MonPro_loop 
Detailed RTL Component Info : 
+---Adders : 
	   2 Input    129 Bit       Adders := 2     
+---Muxes : 
	   2 Input    128 Bit        Muxes := 2     
Module MonPro 
Detailed RTL Component Info : 
+---Adders : 
	   3 Input    128 Bit       Adders := 1     
	   2 Input      8 Bit       Adders := 1     
+---Registers : 
	              128 Bit    Registers := 1     
	                8 Bit    Registers := 1     
+---Muxes : 
	   2 Input    128 Bit        Muxes := 1     
---------------------------------------------------------------------------------
Finished RTL Hierarchical Component Statistics
---------------------------------------------------------------------------------
---------------------------------------------------------------------------------
Start Part Resource Summary
---------------------------------------------------------------------------------
Part Resources:
DSPs: 400 (col length:80)
BRAMs: 530 (col length: RAMB18 80 RAMB36 40)
---------------------------------------------------------------------------------
Finished Part Resource Summary
---------------------------------------------------------------------------------
---------------------------------------------------------------------------------
Start Cross Boundary and Area Optimization
---------------------------------------------------------------------------------
WARNING: [Synth 8-6014] Unused sequential element a_bit_reg was removed.  [C:/git/DD1_project/VHDL-code/ModExp/ModExp.srcs/sources_1/imports/new/MonPro.vhd:126]
WARNING: [Synth 8-6014] Unused sequential element a_bit_reg was removed.  [C:/git/DD1_project/VHDL-code/ModExp/ModExp.srcs/sources_1/imports/new/MonPro.vhd:126]
WARNING: [Synth 8-6014] Unused sequential element loop_count_reg was removed.  [C:/git/DD1_project/VHDL-code/ModExp/ModExp.srcs/sources_1/imports/new/ModExp.vhd:128]
WARNING: [Synth 8-3331] design MonPro_loop has unconnected port a_bit[7]
---------------------------------------------------------------------------------
Finished Cross Boundary and Area Optimization : Time (s): cpu = 00:00:35 ; elapsed = 00:00:38 . Memory (MB): peak = 733.141 ; gain = 493.941
---------------------------------------------------------------------------------

Report RTL Partitions: 
+-+--------------+------------+----------+
| |RTL Partition |Replication |Instances |
+-+--------------+------------+----------+
+-+--------------+------------+----------+
---------------------------------------------------------------------------------
Start Applying XDC Timing Constraints
---------------------------------------------------------------------------------
---------------------------------------------------------------------------------
Finished Applying XDC Timing Constraints : Time (s): cpu = 00:00:47 ; elapsed = 00:00:50 . Memory (MB): peak = 734.707 ; gain = 495.508
---------------------------------------------------------------------------------
---------------------------------------------------------------------------------
Start Timing Optimization
---------------------------------------------------------------------------------
---------------------------------------------------------------------------------
Finished Timing Optimization : Time (s): cpu = 00:00:50 ; elapsed = 00:00:53 . Memory (MB): peak = 780.922 ; gain = 541.723
---------------------------------------------------------------------------------

Report RTL Partitions: 
+-+--------------+------------+----------+
| |RTL Partition |Replication |Instances |
+-+--------------+------------+----------+
+-+--------------+------------+----------+
---------------------------------------------------------------------------------
Start Technology Mapping
---------------------------------------------------------------------------------
---------------------------------------------------------------------------------
Finished Technology Mapping : Time (s): cpu = 00:00:52 ; elapsed = 00:00:54 . Memory (MB): peak = 780.922 ; gain = 541.723
---------------------------------------------------------------------------------

Report RTL Partitions: 
+-+--------------+------------+----------+
| |RTL Partition |Replication |Instances |
+-+--------------+------------+----------+
+-+--------------+------------+----------+
---------------------------------------------------------------------------------
Start IO Insertion
---------------------------------------------------------------------------------
---------------------------------------------------------------------------------
Start Flattening Before IO Insertion
---------------------------------------------------------------------------------
---------------------------------------------------------------------------------
Finished Flattening Before IO Insertion
---------------------------------------------------------------------------------
---------------------------------------------------------------------------------
Start Final Netlist Cleanup
---------------------------------------------------------------------------------
---------------------------------------------------------------------------------
Finished Final Netlist Cleanup
---------------------------------------------------------------------------------
---------------------------------------------------------------------------------
Finished IO Insertion : Time (s): cpu = 00:00:53 ; elapsed = 00:00:55 . Memory (MB): peak = 780.922 ; gain = 541.723
---------------------------------------------------------------------------------

Report Check Netlist: 
+------+------------------+-------+---------+-------+------------------+
|      |Item              |Errors |Warnings |Status |Description       |
+------+------------------+-------+---------+-------+------------------+
|1     |multi_driven_nets |      0|        0|Passed |Multi driven nets |
+------+------------------+-------+---------+-------+------------------+
---------------------------------------------------------------------------------
Start Renaming Generated Instances
---------------------------------------------------------------------------------
---------------------------------------------------------------------------------
Finished Renaming Generated Instances : Time (s): cpu = 00:00:53 ; elapsed = 00:00:56 . Memory (MB): peak = 780.922 ; gain = 541.723
---------------------------------------------------------------------------------

Report RTL Partitions: 
+-+--------------+------------+----------+
| |RTL Partition |Replication |Instances |
+-+--------------+------------+----------+
+-+--------------+------------+----------+
---------------------------------------------------------------------------------
Start Rebuilding User Hierarchy
---------------------------------------------------------------------------------
---------------------------------------------------------------------------------
Finished Rebuilding User Hierarchy : Time (s): cpu = 00:00:53 ; elapsed = 00:00:56 . Memory (MB): peak = 780.922 ; gain = 541.723
---------------------------------------------------------------------------------
---------------------------------------------------------------------------------
Start Renaming Generated Ports
---------------------------------------------------------------------------------
---------------------------------------------------------------------------------
Finished Renaming Generated Ports : Time (s): cpu = 00:00:53 ; elapsed = 00:00:56 . Memory (MB): peak = 780.922 ; gain = 541.723
---------------------------------------------------------------------------------
---------------------------------------------------------------------------------
Start Handling Custom Attributes
---------------------------------------------------------------------------------
---------------------------------------------------------------------------------
Finished Handling Custom Attributes : Time (s): cpu = 00:00:53 ; elapsed = 00:00:56 . Memory (MB): peak = 780.922 ; gain = 541.723
---------------------------------------------------------------------------------
---------------------------------------------------------------------------------
Start Renaming Generated Nets
---------------------------------------------------------------------------------
---------------------------------------------------------------------------------
Finished Renaming Generated Nets : Time (s): cpu = 00:00:53 ; elapsed = 00:00:56 . Memory (MB): peak = 780.922 ; gain = 541.723
---------------------------------------------------------------------------------
---------------------------------------------------------------------------------
Start Writing Synthesis Report
---------------------------------------------------------------------------------

Report BlackBoxes: 
+-+--------------+----------+
| |BlackBox name |Instances |
+-+--------------+----------+
+-+--------------+----------+

Report Cell Usage: 
+------+-------+------+
|      |Cell   |Count |
+------+-------+------+
|1     |BUFG   |     1|
|2     |CARRY4 |   276|
|3     |LUT1   |     5|
|4     |LUT2   |   519|
|5     |LUT3   |   517|
|6     |LUT4   |   481|
|7     |LUT5   |   664|
|8     |LUT6   |   392|
|9     |MUXF7  |    52|
|10    |MUXF8  |    26|
|11    |FDCE   |   260|
|12    |FDPE   |   136|
|13    |FDRE   |   402|
|14    |LDC    |   128|
|15    |IBUF   |   642|
|16    |OBUF   |   129|
+------+-------+------+

Report Instance Areas: 
+------+----------------+--------------+------+
|      |Instance        |Module        |Cells |
+------+----------------+--------------+------+
|1     |top             |              |  4630|
|2     |  MonPro_1      |MonPro        |  1203|
|3     |    loopti_loop |MonPro_loop_1 |   440|
|4     |  MonPro_2      |MonPro_0      |  1521|
|5     |    loopti_loop |MonPro_loop   |   408|
+------+----------------+--------------+------+
---------------------------------------------------------------------------------
Finished Writing Synthesis Report : Time (s): cpu = 00:00:53 ; elapsed = 00:00:56 . Memory (MB): peak = 780.922 ; gain = 541.723
---------------------------------------------------------------------------------
Synthesis finished with 0 errors, 0 critical warnings and 6 warnings.
Synthesis Optimization Runtime : Time (s): cpu = 00:00:39 ; elapsed = 00:00:48 . Memory (MB): peak = 780.922 ; gain = 183.270
Synthesis Optimization Complete : Time (s): cpu = 00:00:54 ; elapsed = 00:00:56 . Memory (MB): peak = 780.922 ; gain = 541.723
INFO: [Project 1-571] Translating synthesized netlist
INFO: [Netlist 29-17] Analyzing 1124 Unisim elements for replacement
INFO: [Netlist 29-28] Unisim Transformation completed in 0 CPU seconds
INFO: [Project 1-570] Preparing netlist for logic optimization
INFO: [Opt 31-138] Pushed 0 inverter(s) to 0 load pin(s).
INFO: [Project 1-111] Unisim Transformation Summary:
  A total of 128 instances were transformed.
  LDC => LDCE: 128 instances

INFO: [Common 17-83] Releasing license: Synthesis
18 Infos, 9 Warnings, 0 Critical Warnings and 0 Errors encountered.
synth_design completed successfully
synth_design: Time (s): cpu = 00:00:57 ; elapsed = 00:00:59 . Memory (MB): peak = 780.922 ; gain = 543.484
INFO: [Common 17-1381] The checkpoint 'C:/git/DD1_project/VHDL-code/ModExp/ModExp.runs/synth_1/ModExp.dcp' has been generated.
INFO: [runtcl-4] Executing : report_utilization -file ModExp_utilization_synth.rpt -pb ModExp_utilization_synth.pb
report_utilization: Time (s): cpu = 00:00:00 ; elapsed = 00:00:00.094 . Memory (MB): peak = 780.922 ; gain = 0.000
INFO: [Common 17-206] Exiting Vivado at Wed Oct 25 22:31:46 2017...
