#-----------------------------------------------------------
# Vivado v2017.2.1 (64-bit)
# SW Build 1909853 on Thu Jun 15 18:39:09 MDT 2017
# IP Build 1948039 on Wed Aug  9 18:19:28 MDT 2017
# Start of session at: Wed Oct 25 00:14:35 2017
# Process ID: 3088
# Current directory: C:/Users/Torgeir Leithe/Google Drive/stor-skole/TFE4141 Design av digitale system 1/RSA/Git/DD1_project/VHDL-code/Shell
# Command line: vivado.exe -gui_launcher_event rodinguilauncherevent6500 C:\Users\Torgeir Leithe\Google Drive\stor-skole\TFE4141 Design av digitale system 1\RSA\Git\DD1_project\VHDL-code\Shell\Shell.xpr
# Log file: C:/Users/Torgeir Leithe/Google Drive/stor-skole/TFE4141 Design av digitale system 1/RSA/Git/DD1_project/VHDL-code/Shell/vivado.log
# Journal file: C:/Users/Torgeir Leithe/Google Drive/stor-skole/TFE4141 Design av digitale system 1/RSA/Git/DD1_project/VHDL-code/Shell\vivado.jou
#-----------------------------------------------------------
start_gui
open_project {C:/Users/Torgeir Leithe/Google Drive/stor-skole/TFE4141 Design av digitale system 1/RSA/Git/DD1_project/VHDL-code/Shell/Shell.xpr}
INFO: [ProjectBase 1-489] The host OS only allows 260 characters in a normal path. The project is stored in a path with more than 80 characters. If you experience issues with IP, Block Designs, or files not being found, please consider moving the project to a location with a shorter path. Alternately consider using the OS subst command to map part of the path to a drive letter.
Current project path is 'C:/Users/Torgeir Leithe/Google Drive/stor-skole/TFE4141 Design av digitale system 1/RSA/Git/DD1_project/VHDL-code/Shell'
Scanning sources...
Finished scanning sources
INFO: [IP_Flow 19-234] Refreshing IP repositories
INFO: [IP_Flow 19-1704] No user IP repositories specified
INFO: [IP_Flow 19-2313] Loaded Vivado IP repository 'C:/Xilinx/Vivado/2017.2/data/ip'.
synth_design -rtl -name rtl_1
Command: synth_design -rtl -name rtl_1
Starting synth_design
Using part: xc7z030fbv484-1
Top: RSACore
---------------------------------------------------------------------------------
Starting RTL Elaboration : Time (s): cpu = 00:00:03 ; elapsed = 00:00:03 . Memory (MB): peak = 792.477 ; gain = 19.559
---------------------------------------------------------------------------------
INFO: [Synth 8-638] synthesizing module 'RSACore' [C:/Users/Torgeir Leithe/Google Drive/stor-skole/TFE4141 Design av digitale system 1/RSA/Git/DD1_project/VHDL-code/Shell/Shell.srcs/sources_1/new/Shell.vhd:47]
WARNING: [Synth 8-614] signal 'state' is read in the process but is not in the sensitivity list [C:/Users/Torgeir Leithe/Google Drive/stor-skole/TFE4141 Design av digitale system 1/RSA/Git/DD1_project/VHDL-code/Shell/Shell.srcs/sources_1/new/Shell.vhd:124]
INFO: [Synth 8-638] synthesizing module 'ModExp' [C:/Users/Torgeir Leithe/Google Drive/stor-skole/TFE4141 Design av digitale system 1/RSA/Git/DD1_project/VHDL-code/Shell/Shell.srcs/sources_1/imports/new/ModExp.vhd:51]
WARNING: [Synth 8-614] signal 'rr_n' is read in the process but is not in the sensitivity list [C:/Users/Torgeir Leithe/Google Drive/stor-skole/TFE4141 Design av digitale system 1/RSA/Git/DD1_project/VHDL-code/Shell/Shell.srcs/sources_1/imports/new/ModExp.vhd:87]
INFO: [Synth 8-638] synthesizing module 'MonPro' [C:/Users/Torgeir Leithe/Google Drive/stor-skole/TFE4141 Design av digitale system 1/RSA/Git/DD1_project/VHDL-code/Shell/Shell.srcs/sources_1/imports/new/MonPro.vhd:88]
WARNING: [Synth 8-614] signal 'a_bit' is read in the process but is not in the sensitivity list [C:/Users/Torgeir Leithe/Google Drive/stor-skole/TFE4141 Design av digitale system 1/RSA/Git/DD1_project/VHDL-code/Shell/Shell.srcs/sources_1/imports/new/MonPro.vhd:103]
INFO: [Synth 8-638] synthesizing module 'MonPro_loop' [C:/Users/Torgeir Leithe/Google Drive/stor-skole/TFE4141 Design av digitale system 1/RSA/Git/DD1_project/VHDL-code/Shell/Shell.srcs/sources_1/imports/new/MonPro.vhd:38]
INFO: [Synth 8-256] done synthesizing module 'MonPro_loop' (1#1) [C:/Users/Torgeir Leithe/Google Drive/stor-skole/TFE4141 Design av digitale system 1/RSA/Git/DD1_project/VHDL-code/Shell/Shell.srcs/sources_1/imports/new/MonPro.vhd:38]
WARNING: [Synth 8-614] signal 'n_in' is read in the process but is not in the sensitivity list [C:/Users/Torgeir Leithe/Google Drive/stor-skole/TFE4141 Design av digitale system 1/RSA/Git/DD1_project/VHDL-code/Shell/Shell.srcs/sources_1/imports/new/MonPro.vhd:126]
INFO: [Synth 8-256] done synthesizing module 'MonPro' (2#1) [C:/Users/Torgeir Leithe/Google Drive/stor-skole/TFE4141 Design av digitale system 1/RSA/Git/DD1_project/VHDL-code/Shell/Shell.srcs/sources_1/imports/new/MonPro.vhd:88]
INFO: [Synth 8-256] done synthesizing module 'ModExp' (3#1) [C:/Users/Torgeir Leithe/Google Drive/stor-skole/TFE4141 Design av digitale system 1/RSA/Git/DD1_project/VHDL-code/Shell/Shell.srcs/sources_1/imports/new/ModExp.vhd:51]
WARNING: [Synth 8-3848] Net DataOut in module/entity RSACore does not have driver. [C:/Users/Torgeir Leithe/Google Drive/stor-skole/TFE4141 Design av digitale system 1/RSA/Git/DD1_project/VHDL-code/Shell/Shell.srcs/sources_1/new/Shell.vhd:39]
INFO: [Synth 8-256] done synthesizing module 'RSACore' (4#1) [C:/Users/Torgeir Leithe/Google Drive/stor-skole/TFE4141 Design av digitale system 1/RSA/Git/DD1_project/VHDL-code/Shell/Shell.srcs/sources_1/new/Shell.vhd:47]
WARNING: [Synth 8-3331] design MonPro_loop has unconnected port a_bit[7]
WARNING: [Synth 8-3331] design RSACore has unconnected port DataOut[31]
WARNING: [Synth 8-3331] design RSACore has unconnected port DataOut[30]
WARNING: [Synth 8-3331] design RSACore has unconnected port DataOut[29]
WARNING: [Synth 8-3331] design RSACore has unconnected port DataOut[28]
WARNING: [Synth 8-3331] design RSACore has unconnected port DataOut[27]
WARNING: [Synth 8-3331] design RSACore has unconnected port DataOut[26]
WARNING: [Synth 8-3331] design RSACore has unconnected port DataOut[25]
WARNING: [Synth 8-3331] design RSACore has unconnected port DataOut[24]
WARNING: [Synth 8-3331] design RSACore has unconnected port DataOut[23]
WARNING: [Synth 8-3331] design RSACore has unconnected port DataOut[22]
WARNING: [Synth 8-3331] design RSACore has unconnected port DataOut[21]
WARNING: [Synth 8-3331] design RSACore has unconnected port DataOut[20]
WARNING: [Synth 8-3331] design RSACore has unconnected port DataOut[19]
WARNING: [Synth 8-3331] design RSACore has unconnected port DataOut[18]
WARNING: [Synth 8-3331] design RSACore has unconnected port DataOut[17]
WARNING: [Synth 8-3331] design RSACore has unconnected port DataOut[16]
WARNING: [Synth 8-3331] design RSACore has unconnected port DataOut[15]
WARNING: [Synth 8-3331] design RSACore has unconnected port DataOut[14]
WARNING: [Synth 8-3331] design RSACore has unconnected port DataOut[13]
WARNING: [Synth 8-3331] design RSACore has unconnected port DataOut[12]
WARNING: [Synth 8-3331] design RSACore has unconnected port DataOut[11]
WARNING: [Synth 8-3331] design RSACore has unconnected port DataOut[10]
WARNING: [Synth 8-3331] design RSACore has unconnected port DataOut[9]
WARNING: [Synth 8-3331] design RSACore has unconnected port DataOut[8]
WARNING: [Synth 8-3331] design RSACore has unconnected port DataOut[7]
WARNING: [Synth 8-3331] design RSACore has unconnected port DataOut[6]
WARNING: [Synth 8-3331] design RSACore has unconnected port DataOut[5]
WARNING: [Synth 8-3331] design RSACore has unconnected port DataOut[4]
WARNING: [Synth 8-3331] design RSACore has unconnected port DataOut[3]
WARNING: [Synth 8-3331] design RSACore has unconnected port DataOut[2]
WARNING: [Synth 8-3331] design RSACore has unconnected port DataOut[1]
WARNING: [Synth 8-3331] design RSACore has unconnected port DataOut[0]
---------------------------------------------------------------------------------
Finished RTL Elaboration : Time (s): cpu = 00:00:04 ; elapsed = 00:00:04 . Memory (MB): peak = 829.547 ; gain = 56.629
---------------------------------------------------------------------------------

Report Check Netlist: 
+------+------------------+-------+---------+-------+------------------+
|      |Item              |Errors |Warnings |Status |Description       |
+------+------------------+-------+---------+-------+------------------+
|1     |multi_driven_nets |      0|        0|Passed |Multi driven nets |
+------+------------------+-------+---------+-------+------------------+
---------------------------------------------------------------------------------
Finished RTL Optimization Phase 1 : Time (s): cpu = 00:00:04 ; elapsed = 00:00:04 . Memory (MB): peak = 829.547 ; gain = 56.629
---------------------------------------------------------------------------------
INFO: [Device 21-403] Loading part xc7z030fbv484-1
INFO: [Project 1-570] Preparing netlist for logic optimization

Processing XDC Constraints
Initializing timing engine
Parsing XDC File [C:/Users/Torgeir Leithe/Google Drive/stor-skole/TFE4141 Design av digitale system 1/RSA/Git/DD1_project/VHDL-code/Shell/Shell.srcs/constrs_1/imports/new/ModExp_constraints.xdc]
WARNING: [Vivado 12-584] No ports matched 'clk'. [C:/Users/Torgeir Leithe/Google Drive/stor-skole/TFE4141 Design av digitale system 1/RSA/Git/DD1_project/VHDL-code/Shell/Shell.srcs/constrs_1/imports/new/ModExp_constraints.xdc:1]
CRITICAL WARNING: [Vivado 12-4739] create_clock:No valid object(s) found for '-objects [get_ports clk]'. [C:/Users/Torgeir Leithe/Google Drive/stor-skole/TFE4141 Design av digitale system 1/RSA/Git/DD1_project/VHDL-code/Shell/Shell.srcs/constrs_1/imports/new/ModExp_constraints.xdc:1]
Resolution: Check if the specified object(s) exists in the current design. If it does, ensure that the correct design hierarchy was specified for the object. If you are working with clocks, make sure create_clock was used to create the clock object before it is referenced.
Finished Parsing XDC File [C:/Users/Torgeir Leithe/Google Drive/stor-skole/TFE4141 Design av digitale system 1/RSA/Git/DD1_project/VHDL-code/Shell/Shell.srcs/constrs_1/imports/new/ModExp_constraints.xdc]
Completed Processing XDC Constraints

INFO: [Opt 31-138] Pushed 0 inverter(s) to 0 load pin(s).
INFO: [Project 1-111] Unisim Transformation Summary:
No Unisim elements were transformed.

RTL Elaboration Complete:  : Time (s): cpu = 00:00:20 ; elapsed = 00:00:15 . Memory (MB): peak = 1174.660 ; gain = 401.742
12 Infos, 39 Warnings, 1 Critical Warnings and 0 Errors encountered.
synth_design completed successfully
synth_design: Time (s): cpu = 00:00:20 ; elapsed = 00:00:16 . Memory (MB): peak = 1174.660 ; gain = 401.742
launch_runs synth_1 -jobs 2
[Wed Oct 25 00:15:27 2017] Launched synth_1...
Run output will be captured here: C:/Users/Torgeir Leithe/Google Drive/stor-skole/TFE4141 Design av digitale system 1/RSA/Git/DD1_project/VHDL-code/Shell/Shell.runs/synth_1/runme.log
refresh_design
INFO: [Project 1-570] Preparing netlist for logic optimization

Processing XDC Constraints
Initializing timing engine
Parsing XDC File [C:/Users/Torgeir Leithe/Google Drive/stor-skole/TFE4141 Design av digitale system 1/RSA/Git/DD1_project/VHDL-code/Shell/Shell.srcs/constrs_1/imports/new/ModExp_constraints.xdc]
Finished Parsing XDC File [C:/Users/Torgeir Leithe/Google Drive/stor-skole/TFE4141 Design av digitale system 1/RSA/Git/DD1_project/VHDL-code/Shell/Shell.srcs/constrs_1/imports/new/ModExp_constraints.xdc]
Completed Processing XDC Constraints

INFO: [Opt 31-138] Pushed 0 inverter(s) to 0 load pin(s).
reset_run synth_1
WARNING: [Vivado 12-1017] Problems encountered:
1. PID not specified

launch_runs synth_1 -jobs 2
[Wed Oct 25 00:16:06 2017] Launched synth_1...
Run output will be captured here: C:/Users/Torgeir Leithe/Google Drive/stor-skole/TFE4141 Design av digitale system 1/RSA/Git/DD1_project/VHDL-code/Shell/Shell.runs/synth_1/runme.log
report_methodology -name ultrafast_methodology_1 -checks {XDCH-2 XDCH-1 XDCC-8 XDCC-7 XDCC-6 XDCC-5 XDCC-4 XDCC-3 XDCC-2 XDCC-1 XDCB-5 XDCB-4 XDCB-3 XDCB-2 XDCB-1 CLKC-53 CLKC-9 CLKC-5 CLKC-38 CLKC-37 CLKC-36 CLKC-35 CLKC-4 CLKC-18 CLKC-3 CLKC-2 CLKC-1 HPDR-1 RRRS-1 RROR-1 ROAS-1 RMOR-1 RMIR-1 RFTL-1 RFRC-1 RFRA-1 RFFI-1 RFFH-1 RFCF-1 RCCL-1 RCBG-1 RAMP-1 RAMF-1 RAMD-1 RAKN-1}
Command: report_methodology -name ultrafast_methodology_1 -checks {XDCH-2 XDCH-1 XDCC-8 XDCC-7 XDCC-6 XDCC-5 XDCC-4 XDCC-3 XDCC-2 XDCC-1 XDCB-5 XDCB-4 XDCB-3 XDCB-2 XDCB-1 CLKC-53 CLKC-9 CLKC-5 CLKC-38 CLKC-37 CLKC-36 CLKC-35 CLKC-4 CLKC-18 CLKC-3 CLKC-2 CLKC-1 HPDR-1 RRRS-1 RROR-1 ROAS-1 RMOR-1 RMIR-1 RFTL-1 RFRC-1 RFRA-1 RFFI-1 RFFH-1 RFCF-1 RCCL-1 RCBG-1 RAMP-1 RAMF-1 RAMD-1 RAKN-1}
INFO: [DRC 23-133] Running Methodology with 2 threads
report_methodology completed successfully
report_drc -name drc_1 -ruledecks {default}
Command: report_drc -name drc_1 -ruledecks default
INFO: [DRC 23-27] Running DRC with 2 threads
report_drc completed successfully
report_ssn -name ssn_1
CRITICAL WARNING: [Designutils 20-874] The following port(s) are unplaced. SSN analysis is incomplete until all ports are placed.
    1. DataOut
    2. CoreFinished

INFO: [Designutils 20-1021] SSN analysis is only relevant to output and bidirectional ports.  Input ports are not used in the analysis, and are not shown in the Noise report.
    1. DataIn
    2. Clk
    3. InitRSA
    4. Resetn
    5. StartRSA

INFO: [Coretcl 2-1142] Start SSN Analysis...
WARNING: [Coretcl 2-1256] Assumes 'commercial' temperature grade for elaborated designs.  Please rerun SSN analysis after synthesis for improved accuracy.
launch_simulation
WARNING: [Vivado 12-3661] Failed to remove file:C:/Users/Torgeir Leithe/Google Drive/stor-skole/TFE4141 Design av digitale system 1/RSA/Git/DD1_project/VHDL-code/Shell/Shell.sim/sim_1/behav/RSACoreTestBench_behav.wdb
WARNING: [Vivado 12-3661] Failed to remove file:C:/Users/Torgeir Leithe/Google Drive/stor-skole/TFE4141 Design av digitale system 1/RSA/Git/DD1_project/VHDL-code/Shell/Shell.sim/sim_1/behav/simulate.log
INFO: [SIM-utils-51] Simulation object is 'sim_1'
INFO: [SIM-utils-54] Inspecting design source files for 'RSACoreTestBench' in fileset 'sim_1'...
INFO: [SIM-utils-43] Exported 'C:/Users/Torgeir Leithe/Google Drive/stor-skole/TFE4141 Design av digitale system 1/RSA/Git/DD1_project/VHDL-code/Shell/Shell.sim/sim_1/behav/ComFile.txt'
INFO: [SIM-utils-43] Exported 'C:/Users/Torgeir Leithe/Google Drive/stor-skole/TFE4141 Design av digitale system 1/RSA/Git/DD1_project/VHDL-code/Shell/Shell.sim/sim_1/behav/SmallComFileFasit.txt'
INFO: [SIM-utils-43] Exported 'C:/Users/Torgeir Leithe/Google Drive/stor-skole/TFE4141 Design av digitale system 1/RSA/Git/DD1_project/VHDL-code/Shell/Shell.sim/sim_1/behav/SmallComFile.txt'
INFO: [USF-XSim-97] Finding global include files...
INFO: [USF-XSim-100] Fetching design files from 'sources_1'...(this may take a while)...
INFO: [USF-XSim-101] Fetching design files from 'sim_1'...
INFO: [USF-XSim-2] XSim::Compile design
INFO: [USF-XSim-61] Executing 'COMPILE and ANALYZE' step in 'C:/Users/Torgeir Leithe/Google Drive/stor-skole/TFE4141 Design av digitale system 1/RSA/Git/DD1_project/VHDL-code/Shell/Shell.sim/sim_1/behav'
"xvhdl -m64 --relax -prj RSACoreTestBench_vhdl.prj"
INFO: [VRFC 10-163] Analyzing VHDL file "C:/Users/Torgeir Leithe/Google Drive/stor-skole/TFE4141 Design av digitale system 1/RSA/Git/DD1_project/VHDL-code/Shell/Shell.srcs/sources_1/imports/new/MonPro.vhd" into library xil_defaultlib
INFO: [VRFC 10-307] analyzing entity MonPro_loop
INFO: [VRFC 10-307] analyzing entity MonPro
INFO: [VRFC 10-163] Analyzing VHDL file "C:/Users/Torgeir Leithe/Google Drive/stor-skole/TFE4141 Design av digitale system 1/RSA/Git/DD1_project/VHDL-code/Shell/Shell.srcs/sources_1/imports/new/ModExp.vhd" into library xil_defaultlib
INFO: [VRFC 10-307] analyzing entity ModExp
INFO: [VRFC 10-163] Analyzing VHDL file "C:/Users/Torgeir Leithe/Google Drive/stor-skole/TFE4141 Design av digitale system 1/RSA/Git/DD1_project/VHDL-code/Shell/Shell.srcs/sources_1/new/Shell.vhd" into library xil_defaultlib
INFO: [VRFC 10-307] analyzing entity RSACore
INFO: [VRFC 10-163] Analyzing VHDL file "C:/Users/Torgeir Leithe/Google Drive/stor-skole/TFE4141 Design av digitale system 1/RSA/Git/DD1_project/VHDL-code/Shell/Shell.srcs/sim_1/imports/RSA/RSAParameters.vhd" into library xil_defaultlib
INFO: [VRFC 10-163] Analyzing VHDL file "C:/Users/Torgeir Leithe/Google Drive/stor-skole/TFE4141 Design av digitale system 1/RSA/Git/DD1_project/VHDL-code/Shell/Shell.srcs/sim_1/imports/RSA/CompDecl.vhd" into library xil_defaultlib
INFO: [VRFC 10-163] Analyzing VHDL file "C:/Users/Torgeir Leithe/Google Drive/stor-skole/TFE4141 Design av digitale system 1/RSA/Git/DD1_project/VHDL-code/Shell/Shell.srcs/sim_1/imports/RSA/RSACoreTestBench.vhd" into library xil_defaultlib
INFO: [VRFC 10-307] analyzing entity RSACoreTestBench
INFO: [USF-XSim-69] 'compile' step finished in '1' seconds
INFO: [USF-XSim-3] XSim::Elaborate design
INFO: [USF-XSim-61] Executing 'ELABORATE' step in 'C:/Users/Torgeir Leithe/Google Drive/stor-skole/TFE4141 Design av digitale system 1/RSA/Git/DD1_project/VHDL-code/Shell/Shell.sim/sim_1/behav'
Vivado Simulator 2017.2
Copyright 1986-1999, 2001-2016 Xilinx, Inc. All Rights Reserved.
Running: C:/Xilinx/Vivado/2017.2/bin/unwrapped/win64.o/xelab.exe -wto 34ca5ff7945d4538a3f6dbaea213c66c --debug typical --relax --mt 2 -L xil_defaultlib -L secureip --snapshot RSACoreTestBench_behav xil_defaultlib.RSACoreTestBench -log elaborate.log 
Using 2 slave threads.
Starting static elaboration
Completed static elaboration
Starting simulation data flow analysis
Completed simulation data flow analysis
Time Resolution for simulation is 1ps
Compiling package std.standard
Compiling package std.textio
Compiling package ieee.std_logic_1164
Compiling package xil_defaultlib.rsaparameters
Compiling package xil_defaultlib.compdecl
Compiling package ieee.numeric_std
Compiling architecture behavioral of entity xil_defaultlib.MonPro_loop [monpro_loop_default]
Compiling architecture behavioral of entity xil_defaultlib.MonPro [monpro_default]
Compiling architecture behavioral of entity xil_defaultlib.ModExp [modexp_default]
Compiling architecture behavioral of entity xil_defaultlib.RSACore [rsacore_default]
Compiling architecture struct of entity xil_defaultlib.rsacoretestbench
Built simulation snapshot RSACoreTestBench_behav

****** Webtalk v2017.2.1 (64-bit)
  **** SW Build 1909853 on Thu Jun 15 18:39:09 MDT 2017
  **** IP Build 1948039 on Wed Aug  9 18:19:28 MDT 2017
    ** Copyright 1986-2017 Xilinx, Inc. All Rights Reserved.

source C:/Users/Torgeir -notrace
couldn't read file "C:/Users/Torgeir": no such file or directory
INFO: [Common 17-206] Exiting Webtalk at Wed Oct 25 00:27:35 2017...
INFO: [USF-XSim-69] 'elaborate' step finished in '2' seconds
INFO: [USF-XSim-4] XSim::Simulate design
INFO: [USF-XSim-61] Executing 'SIMULATE' step in 'C:/Users/Torgeir Leithe/Google Drive/stor-skole/TFE4141 Design av digitale system 1/RSA/Git/DD1_project/VHDL-code/Shell/Shell.sim/sim_1/behav'
INFO: [USF-XSim-98] *** Running xsim
   with args "RSACoreTestBench_behav -key {Behavioral:sim_1:Functional:RSACoreTestBench} -tclbatch {RSACoreTestBench.tcl} -log {simulate.log}"
INFO: [USF-XSim-8] Loading simulator feature
Vivado Simulator 2017.2
Time resolution is 1 ps
source RSACoreTestBench.tcl
# set curr_wave [current_wave_config]
# if { [string length $curr_wave] == 0 } {
#   if { [llength [get_objects]] > 0} {
#     add_wave /
#     set_property needs_save false [current_wave_config]
#   } else {
#      send_msg_id Add_Wave-1 WARNING "No top level signals found. Simulator will start without a wave window. If you want to open a wave window go to 'File->New Waveform Configuration' or type 'create_wave_config' in the TCL console."
#   }
# }
WARNING: Simulation object /RSACoreTestBench/ComFile was not traceable in the design for the following reason:
Vivado Simulator does not yet support tracing of VHDL variables.
# run 1000ns
INFO: [USF-XSim-96] XSim completed. Design snapshot 'RSACoreTestBench_behav' loaded.
INFO: [USF-XSim-97] XSim simulation ran for 1000ns
launch_simulation: Time (s): cpu = 00:00:04 ; elapsed = 00:00:06 . Memory (MB): peak = 1289.715 ; gain = 0.000
run 163.83 us
reset_run synth_1
WARNING: [Vivado 12-1017] Problems encountered:
1. PID not specified

launch_runs impl_1 -jobs 2
[Wed Oct 25 00:30:21 2017] Launched synth_1...
Run output will be captured here: C:/Users/Torgeir Leithe/Google Drive/stor-skole/TFE4141 Design av digitale system 1/RSA/Git/DD1_project/VHDL-code/Shell/Shell.runs/synth_1/runme.log
[Wed Oct 25 00:30:21 2017] Launched impl_1...
Run output will be captured here: C:/Users/Torgeir Leithe/Google Drive/stor-skole/TFE4141 Design av digitale system 1/RSA/Git/DD1_project/VHDL-code/Shell/Shell.runs/impl_1/runme.log
relaunch_sim
INFO: [SIM-utils-51] Simulation object is 'sim_1'
INFO: [SIM-utils-54] Inspecting design source files for 'RSACoreTestBench' in fileset 'sim_1'...
INFO: [SIM-utils-43] Exported 'C:/Users/Torgeir Leithe/Google Drive/stor-skole/TFE4141 Design av digitale system 1/RSA/Git/DD1_project/VHDL-code/Shell/Shell.sim/sim_1/behav/ComFile.txt'
INFO: [SIM-utils-43] Exported 'C:/Users/Torgeir Leithe/Google Drive/stor-skole/TFE4141 Design av digitale system 1/RSA/Git/DD1_project/VHDL-code/Shell/Shell.sim/sim_1/behav/SmallComFileFasit.txt'
INFO: [SIM-utils-43] Exported 'C:/Users/Torgeir Leithe/Google Drive/stor-skole/TFE4141 Design av digitale system 1/RSA/Git/DD1_project/VHDL-code/Shell/Shell.sim/sim_1/behav/SmallComFile.txt'
INFO: [USF-XSim-97] Finding global include files...
INFO: [USF-XSim-100] Fetching design files from 'sources_1'...(this may take a while)...
INFO: [USF-XSim-101] Fetching design files from 'sim_1'...
INFO: [USF-XSim-2] XSim::Compile design
INFO: [USF-XSim-61] Executing 'COMPILE and ANALYZE' step in 'C:/Users/Torgeir Leithe/Google Drive/stor-skole/TFE4141 Design av digitale system 1/RSA/Git/DD1_project/VHDL-code/Shell/Shell.sim/sim_1/behav'
"xvhdl -m64 --relax -prj RSACoreTestBench_vhdl.prj"
INFO: [VRFC 10-163] Analyzing VHDL file "C:/Users/Torgeir Leithe/Google Drive/stor-skole/TFE4141 Design av digitale system 1/RSA/Git/DD1_project/VHDL-code/Shell/Shell.srcs/sources_1/imports/new/MonPro.vhd" into library xil_defaultlib
INFO: [VRFC 10-307] analyzing entity MonPro_loop
INFO: [VRFC 10-307] analyzing entity MonPro
INFO: [VRFC 10-163] Analyzing VHDL file "C:/Users/Torgeir Leithe/Google Drive/stor-skole/TFE4141 Design av digitale system 1/RSA/Git/DD1_project/VHDL-code/Shell/Shell.srcs/sources_1/imports/new/ModExp.vhd" into library xil_defaultlib
INFO: [VRFC 10-307] analyzing entity ModExp
INFO: [VRFC 10-163] Analyzing VHDL file "C:/Users/Torgeir Leithe/Google Drive/stor-skole/TFE4141 Design av digitale system 1/RSA/Git/DD1_project/VHDL-code/Shell/Shell.srcs/sources_1/new/Shell.vhd" into library xil_defaultlib
INFO: [VRFC 10-307] analyzing entity RSACore
INFO: [VRFC 10-163] Analyzing VHDL file "C:/Users/Torgeir Leithe/Google Drive/stor-skole/TFE4141 Design av digitale system 1/RSA/Git/DD1_project/VHDL-code/Shell/Shell.srcs/sim_1/imports/RSA/RSAParameters.vhd" into library xil_defaultlib
INFO: [VRFC 10-163] Analyzing VHDL file "C:/Users/Torgeir Leithe/Google Drive/stor-skole/TFE4141 Design av digitale system 1/RSA/Git/DD1_project/VHDL-code/Shell/Shell.srcs/sim_1/imports/RSA/CompDecl.vhd" into library xil_defaultlib
INFO: [VRFC 10-163] Analyzing VHDL file "C:/Users/Torgeir Leithe/Google Drive/stor-skole/TFE4141 Design av digitale system 1/RSA/Git/DD1_project/VHDL-code/Shell/Shell.srcs/sim_1/imports/RSA/RSACoreTestBench.vhd" into library xil_defaultlib
INFO: [VRFC 10-307] analyzing entity RSACoreTestBench
INFO: [USF-XSim-69] 'compile' step finished in '1' seconds
INFO: [USF-XSim-3] XSim::Elaborate design
INFO: [USF-XSim-61] Executing 'ELABORATE' step in 'C:/Users/Torgeir Leithe/Google Drive/stor-skole/TFE4141 Design av digitale system 1/RSA/Git/DD1_project/VHDL-code/Shell/Shell.sim/sim_1/behav'
Vivado Simulator 2017.2
Copyright 1986-1999, 2001-2016 Xilinx, Inc. All Rights Reserved.
Running: C:/Xilinx/Vivado/2017.2/bin/unwrapped/win64.o/xelab.exe -wto 34ca5ff7945d4538a3f6dbaea213c66c --debug typical --relax --mt 2 -L xil_defaultlib -L secureip --snapshot RSACoreTestBench_behav xil_defaultlib.RSACoreTestBench -log elaborate.log 
Using 2 slave threads.
Starting static elaboration
Completed static elaboration
Starting simulation data flow analysis
Completed simulation data flow analysis
Time Resolution for simulation is 1ps
Compiling package std.standard
Compiling package std.textio
Compiling package ieee.std_logic_1164
Compiling package xil_defaultlib.rsaparameters
Compiling package xil_defaultlib.compdecl
Compiling package ieee.numeric_std
Compiling architecture behavioral of entity xil_defaultlib.MonPro_loop [monpro_loop_default]
Compiling architecture behavioral of entity xil_defaultlib.MonPro [monpro_default]
Compiling architecture behavioral of entity xil_defaultlib.ModExp [modexp_default]
Compiling architecture behavioral of entity xil_defaultlib.RSACore [rsacore_default]
Compiling architecture struct of entity xil_defaultlib.rsacoretestbench
Built simulation snapshot RSACoreTestBench_behav
INFO: [USF-XSim-69] 'elaborate' step finished in '1' seconds
Vivado Simulator 2017.2
Time resolution is 1 ps
run 163.83 us
run 163.83 us
run 163.83 us
run 163.83 us
run 163.83 us
reset_run synth_1
WARNING: [Vivado 12-1017] Problems encountered:
1. PID not specified

launch_runs synth_1 -jobs 2
[Wed Oct 25 00:35:12 2017] Launched synth_1...
Run output will be captured here: C:/Users/Torgeir Leithe/Google Drive/stor-skole/TFE4141 Design av digitale system 1/RSA/Git/DD1_project/VHDL-code/Shell/Shell.runs/synth_1/runme.log
run 163.83 us
run 163.83 us
restart
INFO: [Simtcl 6-17] Simulation restarted
run 163.83 us
refresh_design
---------------------------------------------------------------------------------
Starting RTL Elaboration : Time (s): cpu = 00:00:03 ; elapsed = 00:00:03 . Memory (MB): peak = 1289.715 ; gain = 0.000
---------------------------------------------------------------------------------
INFO: [Synth 8-638] synthesizing module 'RSACore' [C:/Users/Torgeir Leithe/Google Drive/stor-skole/TFE4141 Design av digitale system 1/RSA/Git/DD1_project/VHDL-code/Shell/Shell.srcs/sources_1/new/Shell.vhd:47]
WARNING: [Synth 8-614] signal 'state' is read in the process but is not in the sensitivity list [C:/Users/Torgeir Leithe/Google Drive/stor-skole/TFE4141 Design av digitale system 1/RSA/Git/DD1_project/VHDL-code/Shell/Shell.srcs/sources_1/new/Shell.vhd:124]
INFO: [Synth 8-638] synthesizing module 'ModExp' [C:/Users/Torgeir Leithe/Google Drive/stor-skole/TFE4141 Design av digitale system 1/RSA/Git/DD1_project/VHDL-code/Shell/Shell.srcs/sources_1/imports/new/ModExp.vhd:51]
WARNING: [Synth 8-614] signal 'rr_n' is read in the process but is not in the sensitivity list [C:/Users/Torgeir Leithe/Google Drive/stor-skole/TFE4141 Design av digitale system 1/RSA/Git/DD1_project/VHDL-code/Shell/Shell.srcs/sources_1/imports/new/ModExp.vhd:87]
INFO: [Synth 8-638] synthesizing module 'MonPro' [C:/Users/Torgeir Leithe/Google Drive/stor-skole/TFE4141 Design av digitale system 1/RSA/Git/DD1_project/VHDL-code/Shell/Shell.srcs/sources_1/imports/new/MonPro.vhd:88]
WARNING: [Synth 8-614] signal 'a_bit' is read in the process but is not in the sensitivity list [C:/Users/Torgeir Leithe/Google Drive/stor-skole/TFE4141 Design av digitale system 1/RSA/Git/DD1_project/VHDL-code/Shell/Shell.srcs/sources_1/imports/new/MonPro.vhd:103]
INFO: [Synth 8-638] synthesizing module 'MonPro_loop' [C:/Users/Torgeir Leithe/Google Drive/stor-skole/TFE4141 Design av digitale system 1/RSA/Git/DD1_project/VHDL-code/Shell/Shell.srcs/sources_1/imports/new/MonPro.vhd:38]
INFO: [Synth 8-256] done synthesizing module 'MonPro_loop' (1#1) [C:/Users/Torgeir Leithe/Google Drive/stor-skole/TFE4141 Design av digitale system 1/RSA/Git/DD1_project/VHDL-code/Shell/Shell.srcs/sources_1/imports/new/MonPro.vhd:38]
WARNING: [Synth 8-614] signal 'n_in' is read in the process but is not in the sensitivity list [C:/Users/Torgeir Leithe/Google Drive/stor-skole/TFE4141 Design av digitale system 1/RSA/Git/DD1_project/VHDL-code/Shell/Shell.srcs/sources_1/imports/new/MonPro.vhd:126]
INFO: [Synth 8-256] done synthesizing module 'MonPro' (2#1) [C:/Users/Torgeir Leithe/Google Drive/stor-skole/TFE4141 Design av digitale system 1/RSA/Git/DD1_project/VHDL-code/Shell/Shell.srcs/sources_1/imports/new/MonPro.vhd:88]
INFO: [Synth 8-256] done synthesizing module 'ModExp' (3#1) [C:/Users/Torgeir Leithe/Google Drive/stor-skole/TFE4141 Design av digitale system 1/RSA/Git/DD1_project/VHDL-code/Shell/Shell.srcs/sources_1/imports/new/ModExp.vhd:51]
WARNING: [Synth 8-3848] Net DataOut in module/entity RSACore does not have driver. [C:/Users/Torgeir Leithe/Google Drive/stor-skole/TFE4141 Design av digitale system 1/RSA/Git/DD1_project/VHDL-code/Shell/Shell.srcs/sources_1/new/Shell.vhd:39]
INFO: [Synth 8-256] done synthesizing module 'RSACore' (4#1) [C:/Users/Torgeir Leithe/Google Drive/stor-skole/TFE4141 Design av digitale system 1/RSA/Git/DD1_project/VHDL-code/Shell/Shell.srcs/sources_1/new/Shell.vhd:47]
WARNING: [Synth 8-3331] design MonPro_loop has unconnected port a_bit[7]
WARNING: [Synth 8-3331] design RSACore has unconnected port DataOut[31]
WARNING: [Synth 8-3331] design RSACore has unconnected port DataOut[30]
WARNING: [Synth 8-3331] design RSACore has unconnected port DataOut[29]
WARNING: [Synth 8-3331] design RSACore has unconnected port DataOut[28]
WARNING: [Synth 8-3331] design RSACore has unconnected port DataOut[27]
WARNING: [Synth 8-3331] design RSACore has unconnected port DataOut[26]
WARNING: [Synth 8-3331] design RSACore has unconnected port DataOut[25]
WARNING: [Synth 8-3331] design RSACore has unconnected port DataOut[24]
WARNING: [Synth 8-3331] design RSACore has unconnected port DataOut[23]
WARNING: [Synth 8-3331] design RSACore has unconnected port DataOut[22]
WARNING: [Synth 8-3331] design RSACore has unconnected port DataOut[21]
WARNING: [Synth 8-3331] design RSACore has unconnected port DataOut[20]
WARNING: [Synth 8-3331] design RSACore has unconnected port DataOut[19]
WARNING: [Synth 8-3331] design RSACore has unconnected port DataOut[18]
WARNING: [Synth 8-3331] design RSACore has unconnected port DataOut[17]
WARNING: [Synth 8-3331] design RSACore has unconnected port DataOut[16]
WARNING: [Synth 8-3331] design RSACore has unconnected port DataOut[15]
WARNING: [Synth 8-3331] design RSACore has unconnected port DataOut[14]
WARNING: [Synth 8-3331] design RSACore has unconnected port DataOut[13]
WARNING: [Synth 8-3331] design RSACore has unconnected port DataOut[12]
WARNING: [Synth 8-3331] design RSACore has unconnected port DataOut[11]
WARNING: [Synth 8-3331] design RSACore has unconnected port DataOut[10]
WARNING: [Synth 8-3331] design RSACore has unconnected port DataOut[9]
WARNING: [Synth 8-3331] design RSACore has unconnected port DataOut[8]
WARNING: [Synth 8-3331] design RSACore has unconnected port DataOut[7]
WARNING: [Synth 8-3331] design RSACore has unconnected port DataOut[6]
WARNING: [Synth 8-3331] design RSACore has unconnected port DataOut[5]
WARNING: [Synth 8-3331] design RSACore has unconnected port DataOut[4]
WARNING: [Synth 8-3331] design RSACore has unconnected port DataOut[3]
WARNING: [Synth 8-3331] design RSACore has unconnected port DataOut[2]
WARNING: [Synth 8-3331] design RSACore has unconnected port DataOut[1]
WARNING: [Synth 8-3331] design RSACore has unconnected port DataOut[0]
---------------------------------------------------------------------------------
Finished RTL Elaboration : Time (s): cpu = 00:00:04 ; elapsed = 00:00:04 . Memory (MB): peak = 1289.715 ; gain = 0.000
---------------------------------------------------------------------------------

Report Check Netlist: 
+------+------------------+-------+---------+-------+------------------+
|      |Item              |Errors |Warnings |Status |Description       |
+------+------------------+-------+---------+-------+------------------+
|1     |multi_driven_nets |      0|        0|Passed |Multi driven nets |
+------+------------------+-------+---------+-------+------------------+
---------------------------------------------------------------------------------
Finished RTL Optimization Phase 1 : Time (s): cpu = 00:00:04 ; elapsed = 00:00:04 . Memory (MB): peak = 1289.715 ; gain = 0.000
---------------------------------------------------------------------------------
INFO: [Project 1-570] Preparing netlist for logic optimization

Processing XDC Constraints
Initializing timing engine
Parsing XDC File [C:/Users/Torgeir Leithe/Google Drive/stor-skole/TFE4141 Design av digitale system 1/RSA/Git/DD1_project/VHDL-code/Shell/Shell.srcs/constrs_1/imports/new/ModExp_constraints.xdc]
Finished Parsing XDC File [C:/Users/Torgeir Leithe/Google Drive/stor-skole/TFE4141 Design av digitale system 1/RSA/Git/DD1_project/VHDL-code/Shell/Shell.srcs/constrs_1/imports/new/ModExp_constraints.xdc]
Completed Processing XDC Constraints

INFO: [Opt 31-138] Pushed 0 inverter(s) to 0 load pin(s).
refresh_design: Time (s): cpu = 00:00:11 ; elapsed = 00:00:08 . Memory (MB): peak = 1336.418 ; gain = 46.703
relaunch_sim
INFO: [SIM-utils-51] Simulation object is 'sim_1'
INFO: [SIM-utils-54] Inspecting design source files for 'RSACoreTestBench' in fileset 'sim_1'...
INFO: [SIM-utils-43] Exported 'C:/Users/Torgeir Leithe/Google Drive/stor-skole/TFE4141 Design av digitale system 1/RSA/Git/DD1_project/VHDL-code/Shell/Shell.sim/sim_1/behav/ComFile.txt'
INFO: [SIM-utils-43] Exported 'C:/Users/Torgeir Leithe/Google Drive/stor-skole/TFE4141 Design av digitale system 1/RSA/Git/DD1_project/VHDL-code/Shell/Shell.sim/sim_1/behav/SmallComFileFasit.txt'
INFO: [SIM-utils-43] Exported 'C:/Users/Torgeir Leithe/Google Drive/stor-skole/TFE4141 Design av digitale system 1/RSA/Git/DD1_project/VHDL-code/Shell/Shell.sim/sim_1/behav/SmallComFile.txt'
INFO: [USF-XSim-97] Finding global include files...
INFO: [USF-XSim-100] Fetching design files from 'sources_1'...(this may take a while)...
INFO: [USF-XSim-101] Fetching design files from 'sim_1'...
INFO: [USF-XSim-2] XSim::Compile design
INFO: [USF-XSim-61] Executing 'COMPILE and ANALYZE' step in 'C:/Users/Torgeir Leithe/Google Drive/stor-skole/TFE4141 Design av digitale system 1/RSA/Git/DD1_project/VHDL-code/Shell/Shell.sim/sim_1/behav'
"xvhdl -m64 --relax -prj RSACoreTestBench_vhdl.prj"
INFO: [VRFC 10-163] Analyzing VHDL file "C:/Users/Torgeir Leithe/Google Drive/stor-skole/TFE4141 Design av digitale system 1/RSA/Git/DD1_project/VHDL-code/Shell/Shell.srcs/sources_1/imports/new/MonPro.vhd" into library xil_defaultlib
INFO: [VRFC 10-307] analyzing entity MonPro_loop
INFO: [VRFC 10-307] analyzing entity MonPro
INFO: [VRFC 10-163] Analyzing VHDL file "C:/Users/Torgeir Leithe/Google Drive/stor-skole/TFE4141 Design av digitale system 1/RSA/Git/DD1_project/VHDL-code/Shell/Shell.srcs/sources_1/imports/new/ModExp.vhd" into library xil_defaultlib
INFO: [VRFC 10-307] analyzing entity ModExp
INFO: [VRFC 10-163] Analyzing VHDL file "C:/Users/Torgeir Leithe/Google Drive/stor-skole/TFE4141 Design av digitale system 1/RSA/Git/DD1_project/VHDL-code/Shell/Shell.srcs/sources_1/new/Shell.vhd" into library xil_defaultlib
INFO: [VRFC 10-307] analyzing entity RSACore
INFO: [VRFC 10-163] Analyzing VHDL file "C:/Users/Torgeir Leithe/Google Drive/stor-skole/TFE4141 Design av digitale system 1/RSA/Git/DD1_project/VHDL-code/Shell/Shell.srcs/sim_1/imports/RSA/RSAParameters.vhd" into library xil_defaultlib
INFO: [VRFC 10-163] Analyzing VHDL file "C:/Users/Torgeir Leithe/Google Drive/stor-skole/TFE4141 Design av digitale system 1/RSA/Git/DD1_project/VHDL-code/Shell/Shell.srcs/sim_1/imports/RSA/CompDecl.vhd" into library xil_defaultlib
INFO: [VRFC 10-163] Analyzing VHDL file "C:/Users/Torgeir Leithe/Google Drive/stor-skole/TFE4141 Design av digitale system 1/RSA/Git/DD1_project/VHDL-code/Shell/Shell.srcs/sim_1/imports/RSA/RSACoreTestBench.vhd" into library xil_defaultlib
INFO: [VRFC 10-307] analyzing entity RSACoreTestBench
INFO: [USF-XSim-69] 'compile' step finished in '1' seconds
INFO: [USF-XSim-3] XSim::Elaborate design
INFO: [USF-XSim-61] Executing 'ELABORATE' step in 'C:/Users/Torgeir Leithe/Google Drive/stor-skole/TFE4141 Design av digitale system 1/RSA/Git/DD1_project/VHDL-code/Shell/Shell.sim/sim_1/behav'
Vivado Simulator 2017.2
Copyright 1986-1999, 2001-2016 Xilinx, Inc. All Rights Reserved.
Running: C:/Xilinx/Vivado/2017.2/bin/unwrapped/win64.o/xelab.exe -wto 34ca5ff7945d4538a3f6dbaea213c66c --debug typical --relax --mt 2 -L xil_defaultlib -L secureip --snapshot RSACoreTestBench_behav xil_defaultlib.RSACoreTestBench -log elaborate.log 
Using 2 slave threads.
Starting static elaboration
Completed static elaboration
Starting simulation data flow analysis
Completed simulation data flow analysis
Time Resolution for simulation is 1ps
Compiling package std.standard
Compiling package std.textio
Compiling package ieee.std_logic_1164
Compiling package xil_defaultlib.rsaparameters
Compiling package xil_defaultlib.compdecl
Compiling package ieee.numeric_std
Compiling architecture behavioral of entity xil_defaultlib.MonPro_loop [monpro_loop_default]
Compiling architecture behavioral of entity xil_defaultlib.MonPro [monpro_default]
Compiling architecture behavioral of entity xil_defaultlib.ModExp [modexp_default]
Compiling architecture behavioral of entity xil_defaultlib.RSACore [rsacore_default]
Compiling architecture struct of entity xil_defaultlib.rsacoretestbench
Built simulation snapshot RSACoreTestBench_behav
INFO: [USF-XSim-69] 'elaborate' step finished in '1' seconds
Vivado Simulator 2017.2
Time resolution is 1 ps
relaunch_sim: Time (s): cpu = 00:00:01 ; elapsed = 00:00:05 . Memory (MB): peak = 1336.418 ; gain = 0.000
run 163.83 us
relaunch_sim
INFO: [SIM-utils-51] Simulation object is 'sim_1'
INFO: [SIM-utils-54] Inspecting design source files for 'RSACoreTestBench' in fileset 'sim_1'...
INFO: [SIM-utils-43] Exported 'C:/Users/Torgeir Leithe/Google Drive/stor-skole/TFE4141 Design av digitale system 1/RSA/Git/DD1_project/VHDL-code/Shell/Shell.sim/sim_1/behav/ComFile.txt'
INFO: [SIM-utils-43] Exported 'C:/Users/Torgeir Leithe/Google Drive/stor-skole/TFE4141 Design av digitale system 1/RSA/Git/DD1_project/VHDL-code/Shell/Shell.sim/sim_1/behav/SmallComFileFasit.txt'
INFO: [SIM-utils-43] Exported 'C:/Users/Torgeir Leithe/Google Drive/stor-skole/TFE4141 Design av digitale system 1/RSA/Git/DD1_project/VHDL-code/Shell/Shell.sim/sim_1/behav/SmallComFile.txt'
INFO: [USF-XSim-97] Finding global include files...
INFO: [USF-XSim-100] Fetching design files from 'sources_1'...(this may take a while)...
INFO: [USF-XSim-101] Fetching design files from 'sim_1'...
INFO: [USF-XSim-2] XSim::Compile design
INFO: [USF-XSim-61] Executing 'COMPILE and ANALYZE' step in 'C:/Users/Torgeir Leithe/Google Drive/stor-skole/TFE4141 Design av digitale system 1/RSA/Git/DD1_project/VHDL-code/Shell/Shell.sim/sim_1/behav'
"xvhdl -m64 --relax -prj RSACoreTestBench_vhdl.prj"
INFO: [VRFC 10-163] Analyzing VHDL file "C:/Users/Torgeir Leithe/Google Drive/stor-skole/TFE4141 Design av digitale system 1/RSA/Git/DD1_project/VHDL-code/Shell/Shell.srcs/sources_1/imports/new/MonPro.vhd" into library xil_defaultlib
INFO: [VRFC 10-307] analyzing entity MonPro_loop
INFO: [VRFC 10-307] analyzing entity MonPro
INFO: [VRFC 10-163] Analyzing VHDL file "C:/Users/Torgeir Leithe/Google Drive/stor-skole/TFE4141 Design av digitale system 1/RSA/Git/DD1_project/VHDL-code/Shell/Shell.srcs/sources_1/imports/new/ModExp.vhd" into library xil_defaultlib
INFO: [VRFC 10-307] analyzing entity ModExp
INFO: [VRFC 10-163] Analyzing VHDL file "C:/Users/Torgeir Leithe/Google Drive/stor-skole/TFE4141 Design av digitale system 1/RSA/Git/DD1_project/VHDL-code/Shell/Shell.srcs/sources_1/new/Shell.vhd" into library xil_defaultlib
INFO: [VRFC 10-307] analyzing entity RSACore
INFO: [VRFC 10-163] Analyzing VHDL file "C:/Users/Torgeir Leithe/Google Drive/stor-skole/TFE4141 Design av digitale system 1/RSA/Git/DD1_project/VHDL-code/Shell/Shell.srcs/sim_1/imports/RSA/RSAParameters.vhd" into library xil_defaultlib
INFO: [VRFC 10-163] Analyzing VHDL file "C:/Users/Torgeir Leithe/Google Drive/stor-skole/TFE4141 Design av digitale system 1/RSA/Git/DD1_project/VHDL-code/Shell/Shell.srcs/sim_1/imports/RSA/CompDecl.vhd" into library xil_defaultlib
INFO: [VRFC 10-163] Analyzing VHDL file "C:/Users/Torgeir Leithe/Google Drive/stor-skole/TFE4141 Design av digitale system 1/RSA/Git/DD1_project/VHDL-code/Shell/Shell.srcs/sim_1/imports/RSA/RSACoreTestBench.vhd" into library xil_defaultlib
INFO: [VRFC 10-307] analyzing entity RSACoreTestBench
INFO: [USF-XSim-69] 'compile' step finished in '1' seconds
INFO: [USF-XSim-3] XSim::Elaborate design
INFO: [USF-XSim-61] Executing 'ELABORATE' step in 'C:/Users/Torgeir Leithe/Google Drive/stor-skole/TFE4141 Design av digitale system 1/RSA/Git/DD1_project/VHDL-code/Shell/Shell.sim/sim_1/behav'
Vivado Simulator 2017.2
Copyright 1986-1999, 2001-2016 Xilinx, Inc. All Rights Reserved.
Running: C:/Xilinx/Vivado/2017.2/bin/unwrapped/win64.o/xelab.exe -wto 34ca5ff7945d4538a3f6dbaea213c66c --debug typical --relax --mt 2 -L xil_defaultlib -L secureip --snapshot RSACoreTestBench_behav xil_defaultlib.RSACoreTestBench -log elaborate.log 
Using 2 slave threads.
Starting static elaboration
Completed static elaboration
Starting simulation data flow analysis
Completed simulation data flow analysis
Time Resolution for simulation is 1ps
Compiling package std.standard
Compiling package std.textio
Compiling package ieee.std_logic_1164
Compiling package xil_defaultlib.rsaparameters
Compiling package xil_defaultlib.compdecl
Compiling package ieee.numeric_std
Compiling architecture behavioral of entity xil_defaultlib.MonPro_loop [monpro_loop_default]
Compiling architecture behavioral of entity xil_defaultlib.MonPro [monpro_default]
Compiling architecture behavioral of entity xil_defaultlib.ModExp [modexp_default]
Compiling architecture behavioral of entity xil_defaultlib.RSACore [rsacore_default]
Compiling architecture struct of entity xil_defaultlib.rsacoretestbench
Built simulation snapshot RSACoreTestBench_behav
INFO: [USF-XSim-69] 'elaborate' step finished in '1' seconds
Vivado Simulator 2017.2
Time resolution is 1 ps
relaunch_sim: Time (s): cpu = 00:00:00 ; elapsed = 00:00:05 . Memory (MB): peak = 1336.418 ; gain = 0.000
run 163.83 us
relaunch_sim
INFO: [SIM-utils-51] Simulation object is 'sim_1'
INFO: [SIM-utils-54] Inspecting design source files for 'RSACoreTestBench' in fileset 'sim_1'...
INFO: [SIM-utils-43] Exported 'C:/Users/Torgeir Leithe/Google Drive/stor-skole/TFE4141 Design av digitale system 1/RSA/Git/DD1_project/VHDL-code/Shell/Shell.sim/sim_1/behav/ComFile.txt'
INFO: [SIM-utils-43] Exported 'C:/Users/Torgeir Leithe/Google Drive/stor-skole/TFE4141 Design av digitale system 1/RSA/Git/DD1_project/VHDL-code/Shell/Shell.sim/sim_1/behav/SmallComFileFasit.txt'
INFO: [SIM-utils-43] Exported 'C:/Users/Torgeir Leithe/Google Drive/stor-skole/TFE4141 Design av digitale system 1/RSA/Git/DD1_project/VHDL-code/Shell/Shell.sim/sim_1/behav/SmallComFile.txt'
INFO: [USF-XSim-97] Finding global include files...
INFO: [USF-XSim-100] Fetching design files from 'sources_1'...(this may take a while)...
INFO: [USF-XSim-101] Fetching design files from 'sim_1'...
INFO: [USF-XSim-2] XSim::Compile design
INFO: [USF-XSim-61] Executing 'COMPILE and ANALYZE' step in 'C:/Users/Torgeir Leithe/Google Drive/stor-skole/TFE4141 Design av digitale system 1/RSA/Git/DD1_project/VHDL-code/Shell/Shell.sim/sim_1/behav'
"xvhdl -m64 --relax -prj RSACoreTestBench_vhdl.prj"
INFO: [VRFC 10-163] Analyzing VHDL file "C:/Users/Torgeir Leithe/Google Drive/stor-skole/TFE4141 Design av digitale system 1/RSA/Git/DD1_project/VHDL-code/Shell/Shell.srcs/sources_1/imports/new/MonPro.vhd" into library xil_defaultlib
INFO: [VRFC 10-307] analyzing entity MonPro_loop
INFO: [VRFC 10-307] analyzing entity MonPro
INFO: [VRFC 10-163] Analyzing VHDL file "C:/Users/Torgeir Leithe/Google Drive/stor-skole/TFE4141 Design av digitale system 1/RSA/Git/DD1_project/VHDL-code/Shell/Shell.srcs/sources_1/imports/new/ModExp.vhd" into library xil_defaultlib
INFO: [VRFC 10-307] analyzing entity ModExp
INFO: [VRFC 10-163] Analyzing VHDL file "C:/Users/Torgeir Leithe/Google Drive/stor-skole/TFE4141 Design av digitale system 1/RSA/Git/DD1_project/VHDL-code/Shell/Shell.srcs/sources_1/new/Shell.vhd" into library xil_defaultlib
INFO: [VRFC 10-307] analyzing entity RSACore
INFO: [VRFC 10-163] Analyzing VHDL file "C:/Users/Torgeir Leithe/Google Drive/stor-skole/TFE4141 Design av digitale system 1/RSA/Git/DD1_project/VHDL-code/Shell/Shell.srcs/sim_1/imports/RSA/RSAParameters.vhd" into library xil_defaultlib
INFO: [VRFC 10-163] Analyzing VHDL file "C:/Users/Torgeir Leithe/Google Drive/stor-skole/TFE4141 Design av digitale system 1/RSA/Git/DD1_project/VHDL-code/Shell/Shell.srcs/sim_1/imports/RSA/CompDecl.vhd" into library xil_defaultlib
INFO: [VRFC 10-163] Analyzing VHDL file "C:/Users/Torgeir Leithe/Google Drive/stor-skole/TFE4141 Design av digitale system 1/RSA/Git/DD1_project/VHDL-code/Shell/Shell.srcs/sim_1/imports/RSA/RSACoreTestBench.vhd" into library xil_defaultlib
INFO: [VRFC 10-307] analyzing entity RSACoreTestBench
INFO: [USF-XSim-69] 'compile' step finished in '1' seconds
INFO: [USF-XSim-3] XSim::Elaborate design
INFO: [USF-XSim-61] Executing 'ELABORATE' step in 'C:/Users/Torgeir Leithe/Google Drive/stor-skole/TFE4141 Design av digitale system 1/RSA/Git/DD1_project/VHDL-code/Shell/Shell.sim/sim_1/behav'
Vivado Simulator 2017.2
Copyright 1986-1999, 2001-2016 Xilinx, Inc. All Rights Reserved.
Running: C:/Xilinx/Vivado/2017.2/bin/unwrapped/win64.o/xelab.exe -wto 34ca5ff7945d4538a3f6dbaea213c66c --debug typical --relax --mt 2 -L xil_defaultlib -L secureip --snapshot RSACoreTestBench_behav xil_defaultlib.RSACoreTestBench -log elaborate.log 
Using 2 slave threads.
Starting static elaboration
Completed static elaboration
Starting simulation data flow analysis
Completed simulation data flow analysis
Time Resolution for simulation is 1ps
Compiling package std.standard
Compiling package std.textio
Compiling package ieee.std_logic_1164
Compiling package xil_defaultlib.rsaparameters
Compiling package xil_defaultlib.compdecl
Compiling package ieee.numeric_std
Compiling architecture behavioral of entity xil_defaultlib.MonPro_loop [monpro_loop_default]
Compiling architecture behavioral of entity xil_defaultlib.MonPro [monpro_default]
Compiling architecture behavioral of entity xil_defaultlib.ModExp [modexp_default]
Compiling architecture behavioral of entity xil_defaultlib.RSACore [rsacore_default]
Compiling architecture struct of entity xil_defaultlib.rsacoretestbench
Built simulation snapshot RSACoreTestBench_behav
INFO: [USF-XSim-69] 'elaborate' step finished in '1' seconds
Vivado Simulator 2017.2
Time resolution is 1 ps
relaunch_sim: Time (s): cpu = 00:00:02 ; elapsed = 00:00:06 . Memory (MB): peak = 1336.418 ; gain = 0.000
run 163.83 us
relaunch_sim
INFO: [SIM-utils-51] Simulation object is 'sim_1'
INFO: [SIM-utils-54] Inspecting design source files for 'RSACoreTestBench' in fileset 'sim_1'...
INFO: [SIM-utils-43] Exported 'C:/Users/Torgeir Leithe/Google Drive/stor-skole/TFE4141 Design av digitale system 1/RSA/Git/DD1_project/VHDL-code/Shell/Shell.sim/sim_1/behav/ComFile.txt'
INFO: [SIM-utils-43] Exported 'C:/Users/Torgeir Leithe/Google Drive/stor-skole/TFE4141 Design av digitale system 1/RSA/Git/DD1_project/VHDL-code/Shell/Shell.sim/sim_1/behav/SmallComFileFasit.txt'
INFO: [SIM-utils-43] Exported 'C:/Users/Torgeir Leithe/Google Drive/stor-skole/TFE4141 Design av digitale system 1/RSA/Git/DD1_project/VHDL-code/Shell/Shell.sim/sim_1/behav/SmallComFile.txt'
INFO: [USF-XSim-97] Finding global include files...
INFO: [USF-XSim-100] Fetching design files from 'sources_1'...(this may take a while)...
INFO: [USF-XSim-101] Fetching design files from 'sim_1'...
INFO: [USF-XSim-2] XSim::Compile design
INFO: [USF-XSim-61] Executing 'COMPILE and ANALYZE' step in 'C:/Users/Torgeir Leithe/Google Drive/stor-skole/TFE4141 Design av digitale system 1/RSA/Git/DD1_project/VHDL-code/Shell/Shell.sim/sim_1/behav'
"xvhdl -m64 --relax -prj RSACoreTestBench_vhdl.prj"
INFO: [VRFC 10-163] Analyzing VHDL file "C:/Users/Torgeir Leithe/Google Drive/stor-skole/TFE4141 Design av digitale system 1/RSA/Git/DD1_project/VHDL-code/Shell/Shell.srcs/sources_1/imports/new/MonPro.vhd" into library xil_defaultlib
INFO: [VRFC 10-307] analyzing entity MonPro_loop
ERROR: [VRFC 10-1053] multiple declarations of unsigned included via multiple use clauses; none are made directly visible [C:/Users/Torgeir Leithe/Google Drive/stor-skole/TFE4141 Design av digitale system 1/RSA/Git/DD1_project/VHDL-code/Shell/Shell.srcs/sources_1/imports/new/MonPro.vhd:46]
ERROR: [VRFC 10-1053] multiple declarations of unsigned included via multiple use clauses; none are made directly visible [C:/Users/Torgeir Leithe/Google Drive/stor-skole/TFE4141 Design av digitale system 1/RSA/Git/DD1_project/VHDL-code/Shell/Shell.srcs/sources_1/imports/new/MonPro.vhd:48]
ERROR: [VRFC 10-1053] multiple declarations of unsigned included via multiple use clauses; none are made directly visible [C:/Users/Torgeir Leithe/Google Drive/stor-skole/TFE4141 Design av digitale system 1/RSA/Git/DD1_project/VHDL-code/Shell/Shell.srcs/sources_1/imports/new/MonPro.vhd:45]
ERROR: [VRFC 10-1053] multiple declarations of unsigned included via multiple use clauses; none are made directly visible [C:/Users/Torgeir Leithe/Google Drive/stor-skole/TFE4141 Design av digitale system 1/RSA/Git/DD1_project/VHDL-code/Shell/Shell.srcs/sources_1/imports/new/MonPro.vhd:52]
ERROR: [VRFC 10-1504] unit behavioral ignored due to previous errors [C:/Users/Torgeir Leithe/Google Drive/stor-skole/TFE4141 Design av digitale system 1/RSA/Git/DD1_project/VHDL-code/Shell/Shell.srcs/sources_1/imports/new/MonPro.vhd:38]
INFO: [VRFC 10-307] analyzing entity MonPro
ERROR: [VRFC 10-1504] unit monpro ignored due to previous errors [C:/Users/Torgeir Leithe/Google Drive/stor-skole/TFE4141 Design av digitale system 1/RSA/Git/DD1_project/VHDL-code/Shell/Shell.srcs/sources_1/imports/new/MonPro.vhd:75]
INFO: [VRFC 10-240] VHDL file C:/Users/Torgeir Leithe/Google Drive/stor-skole/TFE4141 Design av digitale system 1/RSA/Git/DD1_project/VHDL-code/Shell/Shell.srcs/sources_1/imports/new/MonPro.vhd ignored due to errors
INFO: [VRFC 10-163] Analyzing VHDL file "C:/Users/Torgeir Leithe/Google Drive/stor-skole/TFE4141 Design av digitale system 1/RSA/Git/DD1_project/VHDL-code/Shell/Shell.srcs/sources_1/imports/new/ModExp.vhd" into library xil_defaultlib
INFO: [VRFC 10-307] analyzing entity ModExp
ERROR: [VRFC 10-113] C:/Users/Torgeir Leithe/Google Drive/stor-skole/TFE4141 Design av digitale system 1/RSA/Git/DD1_project/VHDL-code/Shell/Shell.sim/sim_1/behav/xsim.dir/xil_defaultlib/monpro.vdb needs to be re-saved since xil_defaultlib.monpro_loop changed
ERROR: [VRFC 10-147] xil_defaultlib.monpro failed to restore
ERROR: [VRFC 10-149] 'monpro' is not compiled in library xil_defaultlib [C:/Users/Torgeir Leithe/Google Drive/stor-skole/TFE4141 Design av digitale system 1/RSA/Git/DD1_project/VHDL-code/Shell/Shell.srcs/sources_1/imports/new/ModExp.vhd:101]
ERROR: [VRFC 10-149] 'monpro' is not compiled in library xil_defaultlib [C:/Users/Torgeir Leithe/Google Drive/stor-skole/TFE4141 Design av digitale system 1/RSA/Git/DD1_project/VHDL-code/Shell/Shell.srcs/sources_1/imports/new/ModExp.vhd:172]
ERROR: [VRFC 10-1504] unit behavioral ignored due to previous errors [C:/Users/Torgeir Leithe/Google Drive/stor-skole/TFE4141 Design av digitale system 1/RSA/Git/DD1_project/VHDL-code/Shell/Shell.srcs/sources_1/imports/new/ModExp.vhd:52]
INFO: [VRFC 10-240] VHDL file C:/Users/Torgeir Leithe/Google Drive/stor-skole/TFE4141 Design av digitale system 1/RSA/Git/DD1_project/VHDL-code/Shell/Shell.srcs/sources_1/imports/new/ModExp.vhd ignored due to errors
INFO: [VRFC 10-163] Analyzing VHDL file "C:/Users/Torgeir Leithe/Google Drive/stor-skole/TFE4141 Design av digitale system 1/RSA/Git/DD1_project/VHDL-code/Shell/Shell.srcs/sources_1/new/Shell.vhd" into library xil_defaultlib
INFO: [VRFC 10-307] analyzing entity RSACore
INFO: [VRFC 10-163] Analyzing VHDL file "C:/Users/Torgeir Leithe/Google Drive/stor-skole/TFE4141 Design av digitale system 1/RSA/Git/DD1_project/VHDL-code/Shell/Shell.srcs/sim_1/imports/RSA/RSAParameters.vhd" into library xil_defaultlib
INFO: [VRFC 10-163] Analyzing VHDL file "C:/Users/Torgeir Leithe/Google Drive/stor-skole/TFE4141 Design av digitale system 1/RSA/Git/DD1_project/VHDL-code/Shell/Shell.srcs/sim_1/imports/RSA/CompDecl.vhd" into library xil_defaultlib
INFO: [VRFC 10-163] Analyzing VHDL file "C:/Users/Torgeir Leithe/Google Drive/stor-skole/TFE4141 Design av digitale system 1/RSA/Git/DD1_project/VHDL-code/Shell/Shell.srcs/sim_1/imports/RSA/RSACoreTestBench.vhd" into library xil_defaultlib
INFO: [VRFC 10-307] analyzing entity RSACoreTestBench
INFO: [USF-XSim-69] 'compile' step finished in '1' seconds
INFO: [USF-XSim-99] Step results log file:'C:/Users/Torgeir Leithe/Google Drive/stor-skole/TFE4141 Design av digitale system 1/RSA/Git/DD1_project/VHDL-code/Shell/Shell.sim/sim_1/behav/xvhdl.log'
ERROR: [USF-XSim-62] 'compile' step failed with error(s). Please check the Tcl console output or 'C:/Users/Torgeir Leithe/Google Drive/stor-skole/TFE4141 Design av digitale system 1/RSA/Git/DD1_project/VHDL-code/Shell/Shell.sim/sim_1/behav/xvhdl.log' file for more information.
ERROR: [Vivado 12-4473] Detected error while running simulation. Please correct the issue and retry this operation.
ERROR: [Common 17-39] 'launch_simulation' failed due to earlier errors.
ERROR: [Common 17-69] Command failed: ERROR: [Common 17-39] 'launch_simulation' failed due to earlier errors.

relaunch_sim
INFO: [SIM-utils-51] Simulation object is 'sim_1'
INFO: [SIM-utils-54] Inspecting design source files for 'RSACoreTestBench' in fileset 'sim_1'...
INFO: [SIM-utils-43] Exported 'C:/Users/Torgeir Leithe/Google Drive/stor-skole/TFE4141 Design av digitale system 1/RSA/Git/DD1_project/VHDL-code/Shell/Shell.sim/sim_1/behav/ComFile.txt'
INFO: [SIM-utils-43] Exported 'C:/Users/Torgeir Leithe/Google Drive/stor-skole/TFE4141 Design av digitale system 1/RSA/Git/DD1_project/VHDL-code/Shell/Shell.sim/sim_1/behav/SmallComFileFasit.txt'
INFO: [SIM-utils-43] Exported 'C:/Users/Torgeir Leithe/Google Drive/stor-skole/TFE4141 Design av digitale system 1/RSA/Git/DD1_project/VHDL-code/Shell/Shell.sim/sim_1/behav/SmallComFile.txt'
INFO: [USF-XSim-97] Finding global include files...
INFO: [USF-XSim-100] Fetching design files from 'sources_1'...(this may take a while)...
INFO: [USF-XSim-101] Fetching design files from 'sim_1'...
INFO: [USF-XSim-2] XSim::Compile design
INFO: [USF-XSim-61] Executing 'COMPILE and ANALYZE' step in 'C:/Users/Torgeir Leithe/Google Drive/stor-skole/TFE4141 Design av digitale system 1/RSA/Git/DD1_project/VHDL-code/Shell/Shell.sim/sim_1/behav'
"xvhdl -m64 --relax -prj RSACoreTestBench_vhdl.prj"
INFO: [VRFC 10-163] Analyzing VHDL file "C:/Users/Torgeir Leithe/Google Drive/stor-skole/TFE4141 Design av digitale system 1/RSA/Git/DD1_project/VHDL-code/Shell/Shell.srcs/sources_1/imports/new/MonPro.vhd" into library xil_defaultlib
INFO: [VRFC 10-307] analyzing entity MonPro_loop
ERROR: [VRFC 10-724] found '2' definitions of operator "+", cannot determine exact overloaded matching definition for "+" [C:/Users/Torgeir Leithe/Google Drive/stor-skole/TFE4141 Design av digitale system 1/RSA/Git/DD1_project/VHDL-code/Shell/Shell.srcs/sources_1/imports/new/MonPro.vhd:46]
ERROR: [VRFC 10-91] to_integer is not declared [C:/Users/Torgeir Leithe/Google Drive/stor-skole/TFE4141 Design av digitale system 1/RSA/Git/DD1_project/VHDL-code/Shell/Shell.srcs/sources_1/imports/new/MonPro.vhd:45]
ERROR: [VRFC 10-724] found '2' definitions of operator "+", cannot determine exact overloaded matching definition for "+" [C:/Users/Torgeir Leithe/Google Drive/stor-skole/TFE4141 Design av digitale system 1/RSA/Git/DD1_project/VHDL-code/Shell/Shell.srcs/sources_1/imports/new/MonPro.vhd:52]
ERROR: [VRFC 10-1504] unit behavioral ignored due to previous errors [C:/Users/Torgeir Leithe/Google Drive/stor-skole/TFE4141 Design av digitale system 1/RSA/Git/DD1_project/VHDL-code/Shell/Shell.srcs/sources_1/imports/new/MonPro.vhd:38]
INFO: [VRFC 10-307] analyzing entity MonPro
ERROR: [VRFC 10-1504] unit monpro ignored due to previous errors [C:/Users/Torgeir Leithe/Google Drive/stor-skole/TFE4141 Design av digitale system 1/RSA/Git/DD1_project/VHDL-code/Shell/Shell.srcs/sources_1/imports/new/MonPro.vhd:75]
INFO: [VRFC 10-240] VHDL file C:/Users/Torgeir Leithe/Google Drive/stor-skole/TFE4141 Design av digitale system 1/RSA/Git/DD1_project/VHDL-code/Shell/Shell.srcs/sources_1/imports/new/MonPro.vhd ignored due to errors
INFO: [VRFC 10-163] Analyzing VHDL file "C:/Users/Torgeir Leithe/Google Drive/stor-skole/TFE4141 Design av digitale system 1/RSA/Git/DD1_project/VHDL-code/Shell/Shell.srcs/sources_1/imports/new/ModExp.vhd" into library xil_defaultlib
INFO: [VRFC 10-307] analyzing entity ModExp
INFO: [VRFC 10-163] Analyzing VHDL file "C:/Users/Torgeir Leithe/Google Drive/stor-skole/TFE4141 Design av digitale system 1/RSA/Git/DD1_project/VHDL-code/Shell/Shell.srcs/sources_1/new/Shell.vhd" into library xil_defaultlib
INFO: [VRFC 10-307] analyzing entity RSACore
INFO: [VRFC 10-163] Analyzing VHDL file "C:/Users/Torgeir Leithe/Google Drive/stor-skole/TFE4141 Design av digitale system 1/RSA/Git/DD1_project/VHDL-code/Shell/Shell.srcs/sim_1/imports/RSA/RSAParameters.vhd" into library xil_defaultlib
INFO: [VRFC 10-163] Analyzing VHDL file "C:/Users/Torgeir Leithe/Google Drive/stor-skole/TFE4141 Design av digitale system 1/RSA/Git/DD1_project/VHDL-code/Shell/Shell.srcs/sim_1/imports/RSA/CompDecl.vhd" into library xil_defaultlib
INFO: [VRFC 10-163] Analyzing VHDL file "C:/Users/Torgeir Leithe/Google Drive/stor-skole/TFE4141 Design av digitale system 1/RSA/Git/DD1_project/VHDL-code/Shell/Shell.srcs/sim_1/imports/RSA/RSACoreTestBench.vhd" into library xil_defaultlib
INFO: [VRFC 10-307] analyzing entity RSACoreTestBench
INFO: [USF-XSim-69] 'compile' step finished in '1' seconds
INFO: [USF-XSim-99] Step results log file:'C:/Users/Torgeir Leithe/Google Drive/stor-skole/TFE4141 Design av digitale system 1/RSA/Git/DD1_project/VHDL-code/Shell/Shell.sim/sim_1/behav/xvhdl.log'
ERROR: [USF-XSim-62] 'compile' step failed with error(s). Please check the Tcl console output or 'C:/Users/Torgeir Leithe/Google Drive/stor-skole/TFE4141 Design av digitale system 1/RSA/Git/DD1_project/VHDL-code/Shell/Shell.sim/sim_1/behav/xvhdl.log' file for more information.
ERROR: [Vivado 12-4473] Detected error while running simulation. Please correct the issue and retry this operation.
ERROR: [Common 17-39] 'launch_simulation' failed due to earlier errors.
ERROR: [Common 17-69] Command failed: ERROR: [Common 17-39] 'launch_simulation' failed due to earlier errors.

relaunch_sim
INFO: [SIM-utils-51] Simulation object is 'sim_1'
INFO: [SIM-utils-54] Inspecting design source files for 'RSACoreTestBench' in fileset 'sim_1'...
INFO: [SIM-utils-43] Exported 'C:/Users/Torgeir Leithe/Google Drive/stor-skole/TFE4141 Design av digitale system 1/RSA/Git/DD1_project/VHDL-code/Shell/Shell.sim/sim_1/behav/ComFile.txt'
INFO: [SIM-utils-43] Exported 'C:/Users/Torgeir Leithe/Google Drive/stor-skole/TFE4141 Design av digitale system 1/RSA/Git/DD1_project/VHDL-code/Shell/Shell.sim/sim_1/behav/SmallComFileFasit.txt'
INFO: [SIM-utils-43] Exported 'C:/Users/Torgeir Leithe/Google Drive/stor-skole/TFE4141 Design av digitale system 1/RSA/Git/DD1_project/VHDL-code/Shell/Shell.sim/sim_1/behav/SmallComFile.txt'
INFO: [USF-XSim-97] Finding global include files...
INFO: [USF-XSim-100] Fetching design files from 'sources_1'...(this may take a while)...
INFO: [USF-XSim-101] Fetching design files from 'sim_1'...
INFO: [USF-XSim-2] XSim::Compile design
INFO: [USF-XSim-61] Executing 'COMPILE and ANALYZE' step in 'C:/Users/Torgeir Leithe/Google Drive/stor-skole/TFE4141 Design av digitale system 1/RSA/Git/DD1_project/VHDL-code/Shell/Shell.sim/sim_1/behav'
"xvhdl -m64 --relax -prj RSACoreTestBench_vhdl.prj"
INFO: [VRFC 10-163] Analyzing VHDL file "C:/Users/Torgeir Leithe/Google Drive/stor-skole/TFE4141 Design av digitale system 1/RSA/Git/DD1_project/VHDL-code/Shell/Shell.srcs/sources_1/imports/new/MonPro.vhd" into library xil_defaultlib
INFO: [VRFC 10-307] analyzing entity MonPro_loop
INFO: [VRFC 10-307] analyzing entity MonPro
INFO: [VRFC 10-163] Analyzing VHDL file "C:/Users/Torgeir Leithe/Google Drive/stor-skole/TFE4141 Design av digitale system 1/RSA/Git/DD1_project/VHDL-code/Shell/Shell.srcs/sources_1/imports/new/ModExp.vhd" into library xil_defaultlib
INFO: [VRFC 10-307] analyzing entity ModExp
INFO: [VRFC 10-163] Analyzing VHDL file "C:/Users/Torgeir Leithe/Google Drive/stor-skole/TFE4141 Design av digitale system 1/RSA/Git/DD1_project/VHDL-code/Shell/Shell.srcs/sources_1/new/Shell.vhd" into library xil_defaultlib
INFO: [VRFC 10-307] analyzing entity RSACore
INFO: [VRFC 10-163] Analyzing VHDL file "C:/Users/Torgeir Leithe/Google Drive/stor-skole/TFE4141 Design av digitale system 1/RSA/Git/DD1_project/VHDL-code/Shell/Shell.srcs/sim_1/imports/RSA/RSAParameters.vhd" into library xil_defaultlib
INFO: [VRFC 10-163] Analyzing VHDL file "C:/Users/Torgeir Leithe/Google Drive/stor-skole/TFE4141 Design av digitale system 1/RSA/Git/DD1_project/VHDL-code/Shell/Shell.srcs/sim_1/imports/RSA/CompDecl.vhd" into library xil_defaultlib
INFO: [VRFC 10-163] Analyzing VHDL file "C:/Users/Torgeir Leithe/Google Drive/stor-skole/TFE4141 Design av digitale system 1/RSA/Git/DD1_project/VHDL-code/Shell/Shell.srcs/sim_1/imports/RSA/RSACoreTestBench.vhd" into library xil_defaultlib
INFO: [VRFC 10-307] analyzing entity RSACoreTestBench
INFO: [USF-XSim-69] 'compile' step finished in '1' seconds
INFO: [USF-XSim-3] XSim::Elaborate design
INFO: [USF-XSim-61] Executing 'ELABORATE' step in 'C:/Users/Torgeir Leithe/Google Drive/stor-skole/TFE4141 Design av digitale system 1/RSA/Git/DD1_project/VHDL-code/Shell/Shell.sim/sim_1/behav'
Vivado Simulator 2017.2
Copyright 1986-1999, 2001-2016 Xilinx, Inc. All Rights Reserved.
Running: C:/Xilinx/Vivado/2017.2/bin/unwrapped/win64.o/xelab.exe -wto 34ca5ff7945d4538a3f6dbaea213c66c --debug typical --relax --mt 2 -L xil_defaultlib -L secureip --snapshot RSACoreTestBench_behav xil_defaultlib.RSACoreTestBench -log elaborate.log 
Using 2 slave threads.
Starting static elaboration
Completed static elaboration
Starting simulation data flow analysis
Completed simulation data flow analysis
Time Resolution for simulation is 1ps
Compiling package std.standard
Compiling package std.textio
Compiling package ieee.std_logic_1164
Compiling package xil_defaultlib.rsaparameters
Compiling package xil_defaultlib.compdecl
Compiling package ieee.numeric_std
Compiling architecture behavioral of entity xil_defaultlib.MonPro_loop [monpro_loop_default]
Compiling architecture behavioral of entity xil_defaultlib.MonPro [monpro_default]
Compiling architecture behavioral of entity xil_defaultlib.ModExp [modexp_default]
Compiling architecture behavioral of entity xil_defaultlib.RSACore [rsacore_default]
Compiling architecture struct of entity xil_defaultlib.rsacoretestbench
Built simulation snapshot RSACoreTestBench_behav
INFO: [USF-XSim-69] 'elaborate' step finished in '1' seconds
Vivado Simulator 2017.2
Time resolution is 1 ps
relaunch_sim
INFO: [SIM-utils-51] Simulation object is 'sim_1'
INFO: [SIM-utils-54] Inspecting design source files for 'RSACoreTestBench' in fileset 'sim_1'...
INFO: [SIM-utils-43] Exported 'C:/Users/Torgeir Leithe/Google Drive/stor-skole/TFE4141 Design av digitale system 1/RSA/Git/DD1_project/VHDL-code/Shell/Shell.sim/sim_1/behav/ComFile.txt'
INFO: [SIM-utils-43] Exported 'C:/Users/Torgeir Leithe/Google Drive/stor-skole/TFE4141 Design av digitale system 1/RSA/Git/DD1_project/VHDL-code/Shell/Shell.sim/sim_1/behav/SmallComFileFasit.txt'
INFO: [SIM-utils-43] Exported 'C:/Users/Torgeir Leithe/Google Drive/stor-skole/TFE4141 Design av digitale system 1/RSA/Git/DD1_project/VHDL-code/Shell/Shell.sim/sim_1/behav/SmallComFile.txt'
INFO: [USF-XSim-97] Finding global include files...
INFO: [USF-XSim-100] Fetching design files from 'sources_1'...(this may take a while)...
INFO: [USF-XSim-101] Fetching design files from 'sim_1'...
INFO: [USF-XSim-2] XSim::Compile design
INFO: [USF-XSim-61] Executing 'COMPILE and ANALYZE' step in 'C:/Users/Torgeir Leithe/Google Drive/stor-skole/TFE4141 Design av digitale system 1/RSA/Git/DD1_project/VHDL-code/Shell/Shell.sim/sim_1/behav'
"xvhdl -m64 --relax -prj RSACoreTestBench_vhdl.prj"
INFO: [VRFC 10-163] Analyzing VHDL file "C:/Users/Torgeir Leithe/Google Drive/stor-skole/TFE4141 Design av digitale system 1/RSA/Git/DD1_project/VHDL-code/Shell/Shell.srcs/sources_1/imports/new/MonPro.vhd" into library xil_defaultlib
INFO: [VRFC 10-307] analyzing entity MonPro_loop
INFO: [VRFC 10-307] analyzing entity MonPro
INFO: [VRFC 10-163] Analyzing VHDL file "C:/Users/Torgeir Leithe/Google Drive/stor-skole/TFE4141 Design av digitale system 1/RSA/Git/DD1_project/VHDL-code/Shell/Shell.srcs/sources_1/imports/new/ModExp.vhd" into library xil_defaultlib
INFO: [VRFC 10-307] analyzing entity ModExp
INFO: [VRFC 10-163] Analyzing VHDL file "C:/Users/Torgeir Leithe/Google Drive/stor-skole/TFE4141 Design av digitale system 1/RSA/Git/DD1_project/VHDL-code/Shell/Shell.srcs/sources_1/new/Shell.vhd" into library xil_defaultlib
INFO: [VRFC 10-307] analyzing entity RSACore
INFO: [VRFC 10-163] Analyzing VHDL file "C:/Users/Torgeir Leithe/Google Drive/stor-skole/TFE4141 Design av digitale system 1/RSA/Git/DD1_project/VHDL-code/Shell/Shell.srcs/sim_1/imports/RSA/RSAParameters.vhd" into library xil_defaultlib
INFO: [VRFC 10-163] Analyzing VHDL file "C:/Users/Torgeir Leithe/Google Drive/stor-skole/TFE4141 Design av digitale system 1/RSA/Git/DD1_project/VHDL-code/Shell/Shell.srcs/sim_1/imports/RSA/CompDecl.vhd" into library xil_defaultlib
INFO: [VRFC 10-163] Analyzing VHDL file "C:/Users/Torgeir Leithe/Google Drive/stor-skole/TFE4141 Design av digitale system 1/RSA/Git/DD1_project/VHDL-code/Shell/Shell.srcs/sim_1/imports/RSA/RSACoreTestBench.vhd" into library xil_defaultlib
INFO: [VRFC 10-307] analyzing entity RSACoreTestBench
INFO: [USF-XSim-69] 'compile' step finished in '1' seconds
INFO: [USF-XSim-3] XSim::Elaborate design
INFO: [USF-XSim-61] Executing 'ELABORATE' step in 'C:/Users/Torgeir Leithe/Google Drive/stor-skole/TFE4141 Design av digitale system 1/RSA/Git/DD1_project/VHDL-code/Shell/Shell.sim/sim_1/behav'
Vivado Simulator 2017.2
Copyright 1986-1999, 2001-2016 Xilinx, Inc. All Rights Reserved.
Running: C:/Xilinx/Vivado/2017.2/bin/unwrapped/win64.o/xelab.exe -wto 34ca5ff7945d4538a3f6dbaea213c66c --debug typical --relax --mt 2 -L xil_defaultlib -L secureip --snapshot RSACoreTestBench_behav xil_defaultlib.RSACoreTestBench -log elaborate.log 
Using 2 slave threads.
Starting static elaboration
Completed static elaboration
Starting simulation data flow analysis
Completed simulation data flow analysis
Time Resolution for simulation is 1ps
Compiling package std.standard
Compiling package std.textio
Compiling package ieee.std_logic_1164
Compiling package xil_defaultlib.rsaparameters
Compiling package xil_defaultlib.compdecl
Compiling package ieee.numeric_std
Compiling architecture behavioral of entity xil_defaultlib.MonPro_loop [monpro_loop_default]
Compiling architecture behavioral of entity xil_defaultlib.MonPro [monpro_default]
Compiling architecture behavioral of entity xil_defaultlib.ModExp [modexp_default]
Compiling architecture behavioral of entity xil_defaultlib.RSACore [rsacore_default]
Compiling architecture struct of entity xil_defaultlib.rsacoretestbench
Built simulation snapshot RSACoreTestBench_behav
INFO: [USF-XSim-69] 'elaborate' step finished in '1' seconds
Vivado Simulator 2017.2
Time resolution is 1 ps
run 163.83 us
reset_run synth_1
WARNING: [Vivado 12-1017] Problems encountered:
1. PID not specified

launch_runs synth_1 -jobs 2
[Wed Oct 25 01:25:00 2017] Launched synth_1...
Run output will be captured here: C:/Users/Torgeir Leithe/Google Drive/stor-skole/TFE4141 Design av digitale system 1/RSA/Git/DD1_project/VHDL-code/Shell/Shell.runs/synth_1/runme.log
reset_run synth_1
WARNING: [Vivado 12-1017] Problems encountered:
1. PID not specified

close_sim
INFO: [Simtcl 6-16] Simulation closed
exit
INFO: [Common 17-206] Exiting Vivado at Wed Oct 25 10:23:37 2017...
