#
# A fatal error has been detected by the Java Runtime Environment:
#
#  EXCEPTION_ACCESS_VIOLATION (0xc0000005) at pc=0x00007ffeda5fe495, pid=14840, tid=0x0000000000002ee8
#
# JRE version: Java(TM) SE Runtime Environment (8.0_112-b15) (build 1.8.0_112-b15)
# Java VM: Java HotSpot(TM) 64-Bit Server VM (25.112-b15 mixed mode windows-amd64 compressed oops)
# Problematic frame:
# C  [librdi_common.dll+0xfe495]
#
# Failed to write core dump. Minidumps are not enabled by default on client versions of Windows
#
# If you would like to submit a bug report, please visit:
#   http://bugreport.java.com/bugreport/crash.jsp
# The crash happened outside the Java Virtual Machine in native code.
# See problematic frame for where to report the bug.
#

---------------  T H R E A D  ---------------

Current thread (0x0000018455b40800):  JavaThread "AWT-EventQueue-1" [_thread_in_native, id=12008, stack(0x00000022d7300000,0x00000022d7800000)]

siginfo: ExceptionCode=0xc0000005, reading address 0x0000000000000058

Registers:
RAX=0x0000018455b28d00, RBX=0x0000000000000040, RCX=0x000001844fc6e280, RDX=0x0000000000000004
RSP=0x00000022d77fa450, RBP=0x00000022d77fa5c0, RSI=0x0000018455b409f8, RDI=0x00000022d77fa4e0
R8 =0x0000000000000000, R9 =0x00000007bd7f15b0, R10=0x00007ffec373dae0, R11=0x000000000000000a
R12=0x0000000000000000, R13=0x00000007bd7f1550, R14=0x00000022d77fa5b0, R15=0x0000018455b40800
RIP=0x00007ffeda5fe495, EFLAGS=0x0000000000010206

Top of Stack: (sp=0x00000022d77fa450)
0x00000022d77fa450:   00000007bd7f0658 0000000000000000
0x00000022d77fa460:   0000000000000001 0000000000000000
0x00000022d77fa470:   00000007bd7f15d8 00007ffec373db42
0x00000022d77fa480:   0000018475350900 0000000000000000
0x00000022d77fa490:   0000000000000000 0000000000000000
0x00000022d77fa4a0:   0000018455b409f8 fffffffffffffffe
0x00000022d77fa4b0:   0000000000000000 0000000000000000
0x00000022d77fa4c0:   0000000000000000 0000000000000000
0x00000022d77fa4d0:   000001846c5af5d0 0000000000000000
0x00000022d77fa4e0:   00000022d77f0000 0000018455bd7b30
0x00000022d77fa4f0:   0000000000000000 0000000000000007
0x00000022d77fa500:   0000000000000011 000001846c732db8
0x00000022d77fa510:   00000007017988a8 000001846c733370
0x00000022d77fa520:   00000000e0296b29 000001845b9bb178
0x00000022d77fa530:   0000018455b40800 00000022d77fa510
0x00000022d77fa540:   00000007bd7f1550 0000f9a927432f6f 

Instructions: (pc=0x00007ffeda5fe495)
0x00007ffeda5fe475:   5c 24 48 48 83 c4 30 5f c3 cc cc 48 89 5c 24 08
0x00007ffeda5fe485:   57 48 83 ec 20 48 8b fa 48 8b d9 e8 5b 03 00 00
0x00007ffeda5fe495:   48 83 7b 18 10 4c 8b c8 72 05 48 8b 0b eb 03 48
0x00007ffeda5fe4a5:   8b cb 48 8b 53 10 4c 8b c7 48 03 d1 48 8b 5c 24 


Register to memory mapping:

RAX=0x0000018455b28d00 is an unknown value
RBX=0x0000000000000040 is an unknown value
RCX=0x000001844fc6e280 is an unknown value
RDX=0x0000000000000004 is an unknown value
RSP=0x00000022d77fa450 is pointing into the stack for thread: 0x0000018455b40800
RBP=0x00000022d77fa5c0 is pointing into the stack for thread: 0x0000018455b40800
RSI=0x0000018455b409f8 is an unknown value
RDI=0x00000022d77fa4e0 is pointing into the stack for thread: 0x0000018455b40800
R8 =0x0000000000000000 is an unknown value
R9 =0x00000007bd7f15b0 is an oop
[Lui.data.design.J; 
 - klass: 'ui/data/design/J'[]
 - length: 6
R10=0x00007ffec373dae0 is an unknown value
R11=0x000000000000000a is an unknown value
R12=0x0000000000000000 is an unknown value
R13=0x00000007bd7f1550 is an oop
ui.data.design.B 
 - klass: 'ui/data/design/B'
R14=0x00000022d77fa5b0 is pointing into the stack for thread: 0x0000018455b40800
R15=0x0000018455b40800 is a thread


Stack: [0x00000022d7300000,0x00000022d7800000],  sp=0x00000022d77fa450,  free space=5097k
Native frames: (J=compiled Java code, j=interpreted, Vv=VM code, C=native code)
C  [librdi_common.dll+0xfe495]
C  [librdi_filemgmt.dll+0x10db42]
C  0x0000018457bb2f1a

Java frames: (J=compiled Java code, j=interpreted, Vv=VM code)
J 12356  ui.data.design.dai.FileSet_getName(J)Ljava/lang/String; (0 bytes) @ 0x0000018457bb2e81 [0x0000018457bb2e40+0x41]
J 27703 C2 ui.project.a.mG(Z)Ljava/lang/String; (330 bytes) @ 0x00000184594193b4 [0x0000018459418d40+0x674]
J 35128 C2 ui.views.O.az.Q(Lui/project/a;)V (732 bytes) @ 0x000001845b96e558 [0x000001845b96e4c0+0x98]
J 32889 C2 ui.bf.S()V (43 bytes) @ 0x0000018457d0cf40 [0x0000018457d0c900+0x640]
J 31397 C2 ui.views.ao.a(Lui/frmwork/a/a;)V (655 bytes) @ 0x000001845834d680 [0x000001845834d580+0x100]
J 25498 C2 ui.frmwork.a.c.g(Lui/frmwork/a/a;)V (94 bytes) @ 0x000001845a2a79cc [0x000001845a2a7820+0x1ac]
J 29242 C2 ui.data.bp.a(Ljava/lang/Object;Ljava/lang/Object;)V (60 bytes) @ 0x000001845a1b1f98 [0x000001845a1b1ba0+0x3f8]
J 33808 C1 ui.data.bp.b(Ljava/util/Iterator;Ljava/lang/Object;)V (135 bytes) @ 0x0000018459277134 [0x0000018459275f80+0x11b4]
J 32112 C1 ui.views.p.g.flk()V (153 bytes) @ 0x000001845a913e64 [0x000001845a9125e0+0x1884]
J 34578 C2 ui.views.p.g.a(Lui/frmwork/a/a;)V (524 bytes) @ 0x000001845a718d3c [0x000001845a716ba0+0x219c]
J 25498 C2 ui.frmwork.a.c.g(Lui/frmwork/a/a;)V (94 bytes) @ 0x000001845a2a79cc [0x000001845a2a7820+0x1ac]
J 30023 C2 ui.frmwork.a.c.b(Lui/frmwork/a/a;)V (64 bytes) @ 0x0000018457b80a18 [0x0000018457b807a0+0x278]
J 35586 C1 ui.views.p.K.fkQ()V (148 bytes) @ 0x00000184598f783c [0x00000184598f62c0+0x157c]
J 32106 C1 ui.data.design.n.d(Lui/views/p/L;)V (77 bytes) @ 0x00000184591f208c [0x00000184591f1520+0xb6c]
J 35193 C2 ui.data.design.o.cK()V (115 bytes) @ 0x000001845b9c3774 [0x000001845b9c2840+0xf34]
J 21308 C2 ui.g.y.actionPerformed(Ljava/awt/event/ActionEvent;)V (156 bytes) @ 0x0000018457be5fc0 [0x0000018457be5f60+0x60]
J 21295 C2 ui.g.x.fireActionPerformed(Ljava/awt/event/ActionEvent;)V (49 bytes) @ 0x00000184579b689c [0x00000184579b6740+0x15c]
J 17956 C2 javax.swing.Timer$DoPostEvent.run()V (95 bytes) @ 0x0000018458fa40f4 [0x0000018458fa3f40+0x1b4]
J 14581 C2 java.awt.EventQueue$3.run()Ljava/lang/Object; (5 bytes) @ 0x00000184585b4068 [0x00000184585b3d40+0x328]
v  ~StubRoutines::call_stub
J 1555  java.security.AccessController.doPrivileged(Ljava/security/PrivilegedAction;Ljava/security/AccessControlContext;)Ljava/lang/Object; (0 bytes) @ 0x0000018456167fe6 [0x0000018456167f80+0x66]
J 10211 C2 ui.frmwork.a.d.dispatchEvent(Ljava/awt/AWTEvent;)V (30 bytes) @ 0x0000018457a397ac [0x0000018457a39400+0x3ac]
J 28494 C2 java.awt.EventDispatchThread.pumpOneEventForFilters(I)V (295 bytes) @ 0x000001845aa6cf4c [0x000001845aa6cc00+0x34c]
J 21650 C2 java.awt.EventDispatchThread.pumpEventsForFilter(ILjava/awt/Conditional;Ljava/awt/EventFilter;)V (47 bytes) @ 0x00000184596405c0 [0x00000184596403a0+0x220]
j  java.awt.EventDispatchThread.pumpEventsForFilter(Ljava/awt/Conditional;Ljava/awt/EventFilter;)V+4
j  java.awt.WaitDispatchSupport$2.run()V+59
j  java.awt.WaitDispatchSupport$4.run()Ljava/lang/Void;+4
j  java.awt.WaitDispatchSupport$4.run()Ljava/lang/Object;+1
v  ~StubRoutines::call_stub
J 170  java.security.AccessController.doPrivileged(Ljava/security/PrivilegedAction;)Ljava/lang/Object; (0 bytes) @ 0x0000018455d41312 [0x0000018455d412c0+0x52]
j  java.awt.WaitDispatchSupport.enter()Z+279
j  java.awt.Dialog.show()V+233
J 35207 C1 ui.b.c.bs.showDialog()V (68 bytes) @ 0x0000018457c4cac4 [0x0000018457c4be80+0xc44]
J 35206 C1 ui.b.c.bz.actionPerformed(Ljava/awt/event/ActionEvent;)V (24 bytes) @ 0x000001845640162c [0x00000184564006e0+0xf4c]
j  ui.b.c.bs.cHa()V+464
j  ui.views.O.W.a(Lui/views/O/s;Lui/project/r;Ljava/util/Collection;)V+86
j  ui.views.O.W.L(Lui/project/a;)V+197
j  ui.views.cw.actionPerformed(Ljava/awt/event/ActionEvent;)V+23
j  ui.g.n.b.j.actionPerformed(Ljava/awt/event/ActionEvent;)V+25
J 28225 C1 javax.swing.AbstractButton.fireActionPerformed(Ljava/awt/event/ActionEvent;)V (95 bytes) @ 0x0000018459f9acac [0x0000018459f9a400+0x8ac]
j  ui.g.n.b.k.fireActionPerformed(Ljava/awt/event/ActionEvent;)V+7
J 28887 C1 javax.swing.AbstractButton$Handler.actionPerformed(Ljava/awt/event/ActionEvent;)V (9 bytes) @ 0x00000184595baccc [0x00000184595babc0+0x10c]
J 28347 C1 javax.swing.DefaultButtonModel.fireActionPerformed(Ljava/awt/event/ActionEvent;)V (46 bytes) @ 0x000001845856c964 [0x000001845856c6a0+0x2c4]
J 25741 C1 javax.swing.DefaultButtonModel.setPressed(Z)V (125 bytes) @ 0x0000018458c4131c [0x0000018458c3ff20+0x13fc]
J 29126 C1 javax.swing.plaf.basic.BasicButtonListener.mouseReleased(Ljava/awt/event/MouseEvent;)V (48 bytes) @ 0x00000184599f6514 [0x00000184599f5e00+0x714]
J 33065 C1 com.jidesoft.plaf.basic.BasicJideButtonListener.mouseReleased(Ljava/awt/event/MouseEvent;)V (70 bytes) @ 0x000001845640bfb4 [0x000001845640b740+0x874]
J 30799 C2 java.awt.AWTEventMulticaster.mouseReleased(Ljava/awt/event/MouseEvent;)V (27 bytes) @ 0x0000018456cfc894 [0x0000018456cfc820+0x74]
J 30799 C2 java.awt.AWTEventMulticaster.mouseReleased(Ljava/awt/event/MouseEvent;)V (27 bytes) @ 0x0000018456cfc894 [0x0000018456cfc820+0x74]
J 25671 C2 javax.swing.JComponent.processMouseEvent(Ljava/awt/event/MouseEvent;)V (27 bytes) @ 0x0000018459a408a4 [0x0000018459a40760+0x144]
J 20844 C2 java.awt.Container.processEvent(Ljava/awt/AWTEvent;)V (22 bytes) @ 0x0000018459690734 [0x00000184596905c0+0x174]
J 20858 C2 java.awt.Component.dispatchEventImpl(Ljava/awt/AWTEvent;)V (883 bytes) @ 0x00000184596a0e28 [0x00000184596a03a0+0xa88]
J 19436 C2 java.awt.Container.dispatchEventImpl(Ljava/awt/AWTEvent;)V (129 bytes) @ 0x0000018458fdf1a4 [0x0000018458fdf140+0x64]
J 19289 C2 java.awt.LightweightDispatcher.retargetMouseEvent(Ljava/awt/Component;ILjava/awt/event/MouseEvent;)V (350 bytes) @ 0x000001845930ae20 [0x000001845930a8e0+0x540]
J 14586 C2 java.awt.LightweightDispatcher.processMouseEvent(Ljava/awt/event/MouseEvent;)Z (286 bytes) @ 0x00000184585bad20 [0x00000184585ba8c0+0x460]
J 19436 C2 java.awt.Container.dispatchEventImpl(Ljava/awt/AWTEvent;)V (129 bytes) @ 0x0000018458fdf650 [0x0000018458fdf140+0x510]
J 19731 C2 java.awt.Window.dispatchEventImpl(Ljava/awt/AWTEvent;)V (23 bytes) @ 0x0000018458370bcc [0x0000018458370b80+0x4c]
J 14581 C2 java.awt.EventQueue$3.run()Ljava/lang/Object; (5 bytes) @ 0x00000184585b4134 [0x00000184585b3d40+0x3f4]
v  ~StubRoutines::call_stub
J 1555  java.security.AccessController.doPrivileged(Ljava/security/PrivilegedAction;Ljava/security/AccessControlContext;)Ljava/lang/Object; (0 bytes) @ 0x0000018456167fe6 [0x0000018456167f80+0x66]
J 13736 C2 java.awt.EventQueue$4.run()Ljava/lang/Object; (5 bytes) @ 0x0000018456b23cf4 [0x0000018456b23b60+0x194]
v  ~StubRoutines::call_stub
J 1555  java.security.AccessController.doPrivileged(Ljava/security/PrivilegedAction;Ljava/security/AccessControlContext;)Ljava/lang/Object; (0 bytes) @ 0x0000018456167fe6 [0x0000018456167f80+0x66]
J 10211 C2 ui.frmwork.a.d.dispatchEvent(Ljava/awt/AWTEvent;)V (30 bytes) @ 0x0000018457a396b4 [0x0000018457a39400+0x2b4]
J 28494 C2 java.awt.EventDispatchThread.pumpOneEventForFilters(I)V (295 bytes) @ 0x000001845aa6cf4c [0x000001845aa6cc00+0x34c]
J 21541% C2 java.awt.EventDispatchThread.pumpEventsForFilter(ILjava/awt/Conditional;Ljava/awt/EventFilter;)V (47 bytes) @ 0x00000184577430a0 [0x0000018457742fa0+0x100]
j  java.awt.EventDispatchThread.pumpEventsForHierarchy(ILjava/awt/Conditional;Ljava/awt/Component;)V+11
j  java.awt.EventDispatchThread.pumpEvents(ILjava/awt/Conditional;)V+4
j  java.awt.EventDispatchThread.pumpEvents(Ljava/awt/Conditional;)V+3
j  java.awt.EventDispatchThread.run()V+9
v  ~StubRoutines::call_stub

---------------  P R O C E S S  ---------------

Java Threads: ( => current thread )
  0x00000184c5591000 JavaThread "Reloading" [_thread_blocked, id=5784, stack(0x000000297e700000,0x000000297ec00000)]
  0x00000184b41d7800 JavaThread "Thread-2890" [_thread_in_native, id=6800, stack(0x000000275f400000,0x000000275f500000)]
  0x00000184c37bd800 JavaThread "Thread-2889" [_thread_in_native, id=4636, stack(0x0000002613600000,0x0000002613700000)]
  0x00000184b4c05000 JavaThread "Update Runs Swing Worker" [_thread_blocked, id=6412, stack(0x0000002767700000,0x0000002767c00000)]
  0x0000018485372000 JavaThread "Refresh Filesets Swing Worker" [_thread_blocked, id=7044, stack(0x0000002767200000,0x0000002767700000)]
  0x000001848d07e800 JavaThread "Monitor File Timestamp Swing Worker" [_thread_blocked, id=10516, stack(0x00000022c8f00000,0x00000022c9400000)]
  0x000001848d07f000 JavaThread "Timer-2" [_thread_blocked, id=13636, stack(0x00000022c8a00000,0x00000022c8f00000)]
  0x0000018471ccd800 JavaThread "Swing-Shell" daemon [_thread_blocked, id=4348, stack(0x00000022e0c00000,0x00000022e1100000)]
  0x000001846df21000 JavaThread "SyntheticaAnimation 50" daemon [_thread_blocked, id=2736, stack(0x00000022ddf00000,0x00000022de400000)]
  0x00000184727f1800 JavaThread "hw_ila_monitor" [_thread_blocked, id=9728, stack(0x00000022dcb00000,0x00000022dd000000)]
  0x00000184774ff800 JavaThread "Update Runs Swing Worker" [_thread_blocked, id=16124, stack(0x00000022dc600000,0x00000022dcb00000)]
  0x000001847747d800 JavaThread "Refresh Filesets Swing Worker" [_thread_blocked, id=2568, stack(0x00000022dc100000,0x00000022dc600000)]
  0x0000018472450800 JavaThread "SyntheticaAnimation 70" daemon [_thread_blocked, id=16428, stack(0x00000022dbc00000,0x00000022dc100000)]
  0x00000184719c5800 JavaThread "SyntheticaAnimation 25" daemon [_thread_blocked, id=15840, stack(0x00000022db200000,0x00000022db700000)]
  0x0000018474140800 JavaThread "SyntheticaAnimation 50" daemon [_thread_blocked, id=9596, stack(0x00000022dad00000,0x00000022db200000)]
  0x0000018471baa000 JavaThread "Batik CleanerThread" daemon [_thread_blocked, id=14768, stack(0x00000022d8700000,0x00000022d8c00000)]
  0x00000184700f4800 JavaThread "SyntheticaCleanerThread" daemon [_thread_blocked, id=9416, stack(0x00000022d8200000,0x00000022d8700000)]
=>0x0000018455b40800 JavaThread "AWT-EventQueue-1" [_thread_in_native, id=12008, stack(0x00000022d7300000,0x00000022d7800000)]
  0x0000018455b4f800 JavaThread "Process Messages" [_thread_blocked, id=16500, stack(0x00000022d6e00000,0x00000022d7300000)]
  0x00000184547a1000 JavaThread "Thread-2" [_thread_in_native, id=9060, stack(0x00000022d1b00000,0x00000022d2f00000)]
  0x000001846d36a800 JavaThread "AWT-Windows" daemon [_thread_in_native, id=12908, stack(0x00000022d6400000,0x00000022d6900000)]
  0x000001846d36b800 JavaThread "AWT-Shutdown" [_thread_blocked, id=12912, stack(0x00000022d5f00000,0x00000022d6400000)]
  0x000001846d361800 JavaThread "Java2D Disposer" daemon [_thread_blocked, id=11496, stack(0x00000022d5a00000,0x00000022d5f00000)]
  0x000001846d270800 JavaThread "TimerQueue" daemon [_thread_blocked, id=11856, stack(0x00000022d5500000,0x00000022d5a00000)]
  0x000001846c9f7800 JavaThread "Service Thread" daemon [_thread_blocked, id=12532, stack(0x00000022d4f00000,0x00000022d5400000)]
  0x000001846ca07000 JavaThread "C1 CompilerThread2" daemon [_thread_blocked, id=11580, stack(0x00000022d4e00000,0x00000022d4f00000)]
  0x000001846ca08000 JavaThread "C2 CompilerThread1" daemon [_thread_blocked, id=11860, stack(0x00000022d4d00000,0x00000022d4e00000)]
  0x000001846ca09000 JavaThread "C2 CompilerThread0" daemon [_thread_blocked, id=15604, stack(0x00000022d4c00000,0x00000022d4d00000)]
  0x000001846ca0a800 JavaThread "Attach Listener" daemon [_thread_blocked, id=808, stack(0x00000022d4700000,0x00000022d4c00000)]
  0x000001846ca0b800 JavaThread "Signal Dispatcher" daemon [_thread_blocked, id=13136, stack(0x00000022d4200000,0x00000022d4700000)]
  0x000001846caa2000 JavaThread "Finalizer" daemon [_thread_blocked, id=12772, stack(0x00000022d3d00000,0x00000022d4200000)]
  0x000001846caa5000 JavaThread "Reference Handler" daemon [_thread_blocked, id=1188, stack(0x00000022d3800000,0x00000022d3d00000)]
  0x00000184524a4000 JavaThread "main" [_thread_blocked, id=12208, stack(0x00000022d3200000,0x00000022d3300000)]

Other Threads:
  0x000001846caab000 VMThread [stack: 0x00000022d3700000,0x00000022d3800000] [id=11512]
  0x0000018454997800 WatcherThread [stack: 0x00000022d5400000,0x00000022d5500000] [id=11852]

VM state:not at safepoint (normal execution)

VM Mutex/Monitor currently owned by a thread: None

Heap:
 PSYoungGen      total 57856K, used 22349K [0x00000007bc400000, 0x00000007c0000000, 0x00000007c0000000)
  eden space 54272K, 38% used [0x00000007bc400000,0x00000007bd89dc30,0x00000007bf900000)
  from space 3584K, 34% used [0x00000007bfc80000,0x00000007bfdb5a68,0x00000007c0000000)
  to   space 3584K, 0% used [0x00000007bf900000,0x00000007bf900000,0x00000007bfc80000)
 ParOldGen       total 337408K, used 228614K [0x0000000700000000, 0x0000000714980000, 0x00000007bc400000)
  object space 337408K, 67% used [0x0000000700000000,0x000000070df41a20,0x0000000714980000)
 Metaspace       used 96589K, capacity 97755K, committed 98304K, reserved 1132544K
  class space    used 14336K, capacity 14564K, committed 14592K, reserved 1048576K

Card table byte_map: [0x0000018464f90000,0x00000184655a0000] byte_map_base: 0x0000018461790000

Marking Bits: (ParMarkBitMap*) 0x0000000063f7a6d0
 Begin Bits: [0x0000018465b90000, 0x0000018468b90000)
 End Bits:   [0x0000018468b90000, 0x000001846bb90000)

Polling page: 0x0000018451560000

CodeCache: size=245760Kb used=96655Kb max_used=96735Kb free=149104Kb
 bounds [0x0000018455bd0000, 0x000001845bb20000, 0x0000018464bd0000]
 total_blobs=25407 nmethods=24383 adapters=926
 compilation: enabled

Compilation events (10 events):
Event: 17141.184 Thread 0x000001846ca09000 35662       4       ui.g.n.w.X::<init> (72 bytes)
Event: 17141.191 Thread 0x000001846ca09000 nmethod 35662 0x000001845a7ff010 code [0x000001845a7ff1a0, 0x000001845a7ff9b8]
Event: 17141.415 Thread 0x000001846ca07000 35663       1       javax.swing.DefaultRowSorter::getSortKeys (5 bytes)
Event: 17141.415 Thread 0x000001846ca07000 nmethod 35663 0x00000184591ca990 code [0x00000184591caae0, 0x00000184591cabf8]
Event: 17141.431 Thread 0x000001846ca07000 35664       3       java.io.Writer::<init> (10 bytes)
Event: 17141.432 Thread 0x000001846ca07000 nmethod 35664 0x0000018457754610 code [0x0000018457754760, 0x0000018457754938]
Event: 17141.433 Thread 0x000001846ca07000 35665       3       java.io.StringWriter::toString (8 bytes)
Event: 17141.434 Thread 0x000001846ca07000 nmethod 35665 0x000001845858f010 code [0x000001845858f180, 0x000001845858f3b0]
Event: 17141.471 Thread 0x000001846ca08000 35666       4       java.io.Writer::write (11 bytes)
Event: 17141.471 Thread 0x000001846ca09000 35667       4       java.lang.Throwable$WrappedPrintWriter::println (9 bytes)

GC Heap History (10 events):
Event: 17135.300 GC heap before
{Heap before GC invocations=5252 (full 1100):
 PSYoungGen      total 56320K, used 52480K [0x00000007bc400000, 0x00000007c0000000, 0x00000007c0000000)
  eden space 51200K, 100% used [0x00000007bc400000,0x00000007bf600000,0x00000007bf600000)
  from space 5120K, 25% used [0x00000007bf600000,0x00000007bf740000,0x00000007bfb00000)
  to   space 4608K, 0% used [0x00000007bfb80000,0x00000007bfb80000,0x00000007c0000000)
 ParOldGen       total 337408K, used 228614K [0x0000000700000000, 0x0000000714980000, 0x00000007bc400000)
  object space 337408K, 67% used [0x0000000700000000,0x000000070df41a20,0x0000000714980000)
 Metaspace       used 96588K, capacity 97755K, committed 98304K, reserved 1132544K
  class space    used 14336K, capacity 14564K, committed 14592K, reserved 1048576K
Event: 17135.304 GC heap after
Heap after GC invocations=5252 (full 1100):
 PSYoungGen      total 56832K, used 1280K [0x00000007bc400000, 0x00000007c0000000, 0x00000007c0000000)
  eden space 52224K, 0% used [0x00000007bc400000,0x00000007bc400000,0x00000007bf700000)
  from space 4608K, 27% used [0x00000007bfb80000,0x00000007bfcc0000,0x00000007c0000000)
  to   space 4608K, 0% used [0x00000007bf700000,0x00000007bf700000,0x00000007bfb80000)
 ParOldGen       total 337408K, used 228614K [0x0000000700000000, 0x0000000714980000, 0x00000007bc400000)
  object space 337408K, 67% used [0x0000000700000000,0x000000070df41a20,0x0000000714980000)
 Metaspace       used 96588K, capacity 97755K, committed 98304K, reserved 1132544K
  class space    used 14336K, capacity 14564K, committed 14592K, reserved 1048576K
}
Event: 17135.490 GC heap before
{Heap before GC invocations=5253 (full 1100):
 PSYoungGen      total 56832K, used 53504K [0x00000007bc400000, 0x00000007c0000000, 0x00000007c0000000)
  eden space 52224K, 100% used [0x00000007bc400000,0x00000007bf700000,0x00000007bf700000)
  from space 4608K, 27% used [0x00000007bfb80000,0x00000007bfcc0000,0x00000007c0000000)
  to   space 4608K, 0% used [0x00000007bf700000,0x00000007bf700000,0x00000007bfb80000)
 ParOldGen       total 337408K, used 228614K [0x0000000700000000, 0x0000000714980000, 0x00000007bc400000)
  object space 337408K, 67% used [0x0000000700000000,0x000000070df41a20,0x0000000714980000)
 Metaspace       used 96588K, capacity 97755K, committed 98304K, reserved 1132544K
  class space    used 14336K, capacity 14564K, committed 14592K, reserved 1048576K
Event: 17135.494 GC heap after
Heap after GC invocations=5253 (full 1100):
 PSYoungGen      total 56832K, used 1344K [0x00000007bc400000, 0x00000007c0000000, 0x00000007c0000000)
  eden space 52224K, 0% used [0x00000007bc400000,0x00000007bc400000,0x00000007bf700000)
  from space 4608K, 29% used [0x00000007bf700000,0x00000007bf850000,0x00000007bfb80000)
  to   space 4096K, 0% used [0x00000007bfc00000,0x00000007bfc00000,0x00000007c0000000)
 ParOldGen       total 337408K, used 228614K [0x0000000700000000, 0x0000000714980000, 0x00000007bc400000)
  object space 337408K, 67% used [0x0000000700000000,0x000000070df41a20,0x0000000714980000)
 Metaspace       used 96588K, capacity 97755K, committed 98304K, reserved 1132544K
  class space    used 14336K, capacity 14564K, committed 14592K, reserved 1048576K
}
Event: 17135.684 GC heap before
{Heap before GC invocations=5254 (full 1100):
 PSYoungGen      total 56832K, used 53568K [0x00000007bc400000, 0x00000007c0000000, 0x00000007c0000000)
  eden space 52224K, 100% used [0x00000007bc400000,0x00000007bf700000,0x00000007bf700000)
  from space 4608K, 29% used [0x00000007bf700000,0x00000007bf850000,0x00000007bfb80000)
  to   space 4096K, 0% used [0x00000007bfc00000,0x00000007bfc00000,0x00000007c0000000)
 ParOldGen       total 337408K, used 228614K [0x0000000700000000, 0x0000000714980000, 0x00000007bc400000)
  object space 337408K, 67% used [0x0000000700000000,0x000000070df41a20,0x0000000714980000)
 Metaspace       used 96588K, capacity 97755K, committed 98304K, reserved 1132544K
  class space    used 14336K, capacity 14564K, committed 14592K, reserved 1048576K
Event: 17135.688 GC heap after
Heap after GC invocations=5254 (full 1100):
 PSYoungGen      total 57344K, used 1536K [0x00000007bc400000, 0x00000007c0000000, 0x00000007c0000000)
  eden space 53248K, 0% used [0x00000007bc400000,0x00000007bc400000,0x00000007bf800000)
  from space 4096K, 37% used [0x00000007bfc00000,0x00000007bfd80000,0x00000007c0000000)
  to   space 4096K, 0% used [0x00000007bf800000,0x00000007bf800000,0x00000007bfc00000)
 ParOldGen       total 337408K, used 228614K [0x0000000700000000, 0x0000000714980000, 0x00000007bc400000)
  object space 337408K, 67% used [0x0000000700000000,0x000000070df41a20,0x0000000714980000)
 Metaspace       used 96588K, capacity 97755K, committed 98304K, reserved 1132544K
  class space    used 14336K, capacity 14564K, committed 14592K, reserved 1048576K
}
Event: 17135.878 GC heap before
{Heap before GC invocations=5255 (full 1100):
 PSYoungGen      total 57344K, used 54784K [0x00000007bc400000, 0x00000007c0000000, 0x00000007c0000000)
  eden space 53248K, 100% used [0x00000007bc400000,0x00000007bf800000,0x00000007bf800000)
  from space 4096K, 37% used [0x00000007bfc00000,0x00000007bfd80000,0x00000007c0000000)
  to   space 4096K, 0% used [0x00000007bf800000,0x00000007bf800000,0x00000007bfc00000)
 ParOldGen       total 337408K, used 228614K [0x0000000700000000, 0x0000000714980000, 0x00000007bc400000)
  object space 337408K, 67% used [0x0000000700000000,0x000000070df41a20,0x0000000714980000)
 Metaspace       used 96588K, capacity 97755K, committed 98304K, reserved 1132544K
  class space    used 14336K, capacity 14564K, committed 14592K, reserved 1048576K
Event: 17135.882 GC heap after
Heap after GC invocations=5255 (full 1100):
 PSYoungGen      total 57344K, used 1376K [0x00000007bc400000, 0x00000007c0000000, 0x00000007c0000000)
  eden space 53248K, 0% used [0x00000007bc400000,0x00000007bc400000,0x00000007bf800000)
  from space 4096K, 33% used [0x00000007bf800000,0x00000007bf958000,0x00000007bfc00000)
  to   space 3584K, 0% used [0x00000007bfc80000,0x00000007bfc80000,0x00000007c0000000)
 ParOldGen       total 337408K, used 228614K [0x0000000700000000, 0x0000000714980000, 0x00000007bc400000)
  object space 337408K, 67% used [0x0000000700000000,0x000000070df41a20,0x0000000714980000)
 Metaspace       used 96588K, capacity 97755K, committed 98304K, reserved 1132544K
  class space    used 14336K, capacity 14564K, committed 14592K, reserved 1048576K
}
Event: 17140.864 GC heap before
{Heap before GC invocations=5256 (full 1100):
 PSYoungGen      total 57344K, used 54624K [0x00000007bc400000, 0x00000007c0000000, 0x00000007c0000000)
  eden space 53248K, 100% used [0x00000007bc400000,0x00000007bf800000,0x00000007bf800000)
  from space 4096K, 33% used [0x00000007bf800000,0x00000007bf958000,0x00000007bfc00000)
  to   space 3584K, 0% used [0x00000007bfc80000,0x00000007bfc80000,0x00000007c0000000)
 ParOldGen       total 337408K, used 228614K [0x0000000700000000, 0x0000000714980000, 0x00000007bc400000)
  object space 337408K, 67% used [0x0000000700000000,0x000000070df41a20,0x0000000714980000)
 Metaspace       used 96588K, capacity 97755K, committed 98304K, reserved 1132544K
  class space    used 14336K, capacity 14564K, committed 14592K, reserved 1048576K
Event: 17140.868 GC heap after
Heap after GC invocations=5256 (full 1100):
 PSYoungGen      total 57856K, used 1238K [0x00000007bc400000, 0x00000007c0000000, 0x00000007c0000000)
  eden space 54272K, 0% used [0x00000007bc400000,0x00000007bc400000,0x00000007bf900000)
  from space 3584K, 34% used [0x00000007bfc80000,0x00000007bfdb5a68,0x00000007c0000000)
  to   space 3584K, 0% used [0x00000007bf900000,0x00000007bf900000,0x00000007bfc80000)
 ParOldGen       total 337408K, used 228614K [0x0000000700000000, 0x0000000714980000, 0x00000007bc400000)
  object space 337408K, 67% used [0x0000000700000000,0x000000070df41a20,0x0000000714980000)
 Metaspace       used 96588K, capacity 97755K, committed 98304K, reserved 1132544K
  class space    used 14336K, capacity 14564K, committed 14592K, reserved 1048576K
}

Deoptimization events (10 events):
Event: 17141.470 Thread 0x0000018455b40800 Uncommon trap: reason=bimorphic action=maybe_recompile pc=0x000001845ab38154 method=java.io.PrintWriter.write(Ljava/lang/String;II)V @ 19
Event: 17141.470 Thread 0x0000018455b40800 Uncommon trap: reason=class_check action=maybe_recompile pc=0x000001845653e89c method=java.io.Writer.write(Ljava/lang/String;)V @ 7
Event: 17141.470 Thread 0x0000018455b40800 Uncommon trap: reason=bimorphic action=maybe_recompile pc=0x000001845ab38154 method=java.io.PrintWriter.write(Ljava/lang/String;II)V @ 19
Event: 17141.470 Thread 0x0000018455b40800 Uncommon trap: reason=class_check action=maybe_recompile pc=0x000001845653e89c method=java.io.Writer.write(Ljava/lang/String;)V @ 7
Event: 17141.470 Thread 0x0000018455b40800 Uncommon trap: reason=bimorphic action=maybe_recompile pc=0x000001845ab38154 method=java.io.PrintWriter.write(Ljava/lang/String;II)V @ 19
Event: 17141.470 Thread 0x0000018455b40800 Uncommon trap: reason=class_check action=maybe_recompile pc=0x000001845653e89c method=java.io.Writer.write(Ljava/lang/String;)V @ 7
Event: 17141.471 Thread 0x0000018455b40800 Uncommon trap: reason=class_check action=maybe_recompile pc=0x00000184574f623c method=java.io.PrintWriter.newLine()V @ 19
Event: 17141.471 Thread 0x0000018455b40800 Uncommon trap: reason=class_check action=maybe_recompile pc=0x00000184574f623c method=java.io.PrintWriter.newLine()V @ 19
Event: 17141.471 Thread 0x0000018455b40800 Uncommon trap: reason=class_check action=maybe_recompile pc=0x00000184574f623c method=java.io.PrintWriter.newLine()V @ 19
Event: 17141.471 Thread 0x0000018455b40800 Uncommon trap: reason=class_check action=maybe_recompile pc=0x00000184574f623c method=java.io.PrintWriter.newLine()V @ 19

Internal exceptions (10 events):
Event: 17117.643 Thread 0x0000018455b40800 Exception <a 'java/io/FileNotFoundException'> (0x00000007bd570e78) thrown at [C:\re\workspace\8-2-build-windows-amd64-cygwin\jdk8u112\7884\hotspot\src\share\vm\prims\jni.cpp, line 709]
Event: 17117.643 Thread 0x0000018455b40800 Exception <a 'java/io/FileNotFoundException'> (0x00000007bd571378) thrown at [C:\re\workspace\8-2-build-windows-amd64-cygwin\jdk8u112\7884\hotspot\src\share\vm\prims\jni.cpp, line 709]
Event: 17122.639 Thread 0x0000018455b40800 Exception <a 'java/io/FileNotFoundException'> (0x00000007be808820) thrown at [C:\re\workspace\8-2-build-windows-amd64-cygwin\jdk8u112\7884\hotspot\src\share\vm\prims\jni.cpp, line 709]
Event: 17122.639 Thread 0x0000018455b40800 Exception <a 'java/io/FileNotFoundException'> (0x00000007be808d20) thrown at [C:\re\workspace\8-2-build-windows-amd64-cygwin\jdk8u112\7884\hotspot\src\share\vm\prims\jni.cpp, line 709]
Event: 17127.639 Thread 0x0000018455b40800 Exception <a 'java/io/FileNotFoundException'> (0x00000007bf4c9528) thrown at [C:\re\workspace\8-2-build-windows-amd64-cygwin\jdk8u112\7884\hotspot\src\share\vm\prims\jni.cpp, line 709]
Event: 17127.639 Thread 0x0000018455b40800 Exception <a 'java/io/FileNotFoundException'> (0x00000007bf4c9a28) thrown at [C:\re\workspace\8-2-build-windows-amd64-cygwin\jdk8u112\7884\hotspot\src\share\vm\prims\jni.cpp, line 709]
Event: 17132.641 Thread 0x0000018455b40800 Exception <a 'java/io/FileNotFoundException'> (0x00000007bcc6a258) thrown at [C:\re\workspace\8-2-build-windows-amd64-cygwin\jdk8u112\7884\hotspot\src\share\vm\prims\jni.cpp, line 709]
Event: 17132.641 Thread 0x0000018455b40800 Exception <a 'java/io/FileNotFoundException'> (0x00000007bcc6a758) thrown at [C:\re\workspace\8-2-build-windows-amd64-cygwin\jdk8u112\7884\hotspot\src\share\vm\prims\jni.cpp, line 709]
Event: 17137.641 Thread 0x0000018455b40800 Exception <a 'java/io/FileNotFoundException'> (0x00000007bee67918) thrown at [C:\re\workspace\8-2-build-windows-amd64-cygwin\jdk8u112\7884\hotspot\src\share\vm\prims\jni.cpp, line 709]
Event: 17137.641 Thread 0x0000018455b40800 Exception <a 'java/io/FileNotFoundException'> (0x00000007bee681e8) thrown at [C:\re\workspace\8-2-build-windows-amd64-cygwin\jdk8u112\7884\hotspot\src\share\vm\prims\jni.cpp, line 709]

Events (10 events):
Event: 17141.471 Thread 0x0000018455b40800 DEOPT UNPACKING pc=0x0000018455c15832 sp=0x00000022d77f9fd8 mode 2
Event: 17141.471 Thread 0x0000018455b40800 Uncommon trap: trap_request=0xffffffde fr.pc=0x00000184574f623c
Event: 17141.471 Thread 0x0000018455b40800 DEOPT PACKING pc=0x00000184574f623c sp=0x00000022d77fa0f0
Event: 17141.471 Thread 0x0000018455b40800 DEOPT UNPACKING pc=0x0000018455c15832 sp=0x00000022d77f9fd8 mode 2
Event: 17141.471 Thread 0x0000018455b40800 Uncommon trap: trap_request=0xffffffde fr.pc=0x00000184574f623c
Event: 17141.471 Thread 0x0000018455b40800 DEOPT PACKING pc=0x00000184574f623c sp=0x00000022d77fa0f0
Event: 17141.471 Thread 0x0000018455b40800 DEOPT UNPACKING pc=0x0000018455c15832 sp=0x00000022d77f9fd8 mode 2
Event: 17141.471 Thread 0x0000018455b40800 Uncommon trap: trap_request=0xffffffde fr.pc=0x00000184574f623c
Event: 17141.471 Thread 0x0000018455b40800 DEOPT PACKING pc=0x00000184574f623c sp=0x00000022d77fa0f0
Event: 17141.471 Thread 0x0000018455b40800 DEOPT UNPACKING pc=0x0000018455c15832 sp=0x00000022d77f9fd8 mode 2


Dynamic libraries:
0x00007ff6fbae0000 - 0x00007ff6fbb12000 	C:\Xilinx\Vivado\2017.2\bin\unwrapped\win64.o\vivado.exe
0x00007fff1fda0000 - 0x00007fff1ff7b000 	C:\WINDOWS\SYSTEM32\ntdll.dll
0x00007fff1d300000 - 0x00007fff1d3ae000 	C:\WINDOWS\System32\KERNEL32.DLL
0x00007fff1c330000 - 0x00007fff1c579000 	C:\WINDOWS\System32\KERNELBASE.dll
0x00007fff1d200000 - 0x00007fff1d2f6000 	C:\WINDOWS\System32\ucrtbase.dll
0x000000000a900000 - 0x000000000a983000 	C:\Xilinx\Vivado\2017.2\lib\win64.o\SHSMP64.dll
0x00007fff1d880000 - 0x00007fff1d9ca000 	C:\WINDOWS\System32\USER32.dll
0x00007ffeda500000 - 0x00007ffedb10f000 	C:\Xilinx\Vivado\2017.2\lib\win64.o\librdi_common.dll
0x00007fff1c310000 - 0x00007fff1c32e000 	C:\WINDOWS\System32\win32u.dll
0x00007fff1a2a0000 - 0x00007fff1a2b4000 	C:\Xilinx\Vivado\2017.2\lib\win64.o\librdi_commonmain.dll
0x00007fff18830000 - 0x00007fff18844000 	C:\Xilinx\Vivado\2017.2\lib\win64.o\libboost_signals.dll
0x00007fff1e570000 - 0x00007fff1e597000 	C:\WINDOWS\System32\GDI32.dll
0x00007fff0af40000 - 0x00007fff0afdd000 	C:\WINDOWS\SYSTEM32\MSVCP140.dll
0x00007fff1c620000 - 0x00007fff1c7a7000 	C:\WINDOWS\System32\gdi32full.dll
0x00007fff1e700000 - 0x00007fff1e7a1000 	C:\WINDOWS\System32\ADVAPI32.dll
0x00007fff03bd0000 - 0x00007fff03be7000 	C:\WINDOWS\SYSTEM32\VCRUNTIME140.dll
0x00007fff1c580000 - 0x00007fff1c61a000 	C:\WINDOWS\System32\msvcp_win.dll
0x00007fff1e090000 - 0x00007fff1e12d000 	C:\WINDOWS\System32\msvcrt.dll
0x00007fff1dbe0000 - 0x00007fff1dc39000 	C:\WINDOWS\System32\sechost.dll
0x00007fff1df60000 - 0x00007fff1e085000 	C:\WINDOWS\System32\RPCRT4.dll
0x00007fff1e7b0000 - 0x00007fff1fbe6000 	C:\WINDOWS\System32\SHELL32.dll
0x00007ffefbe50000 - 0x00007ffefc1be000 	C:\Xilinx\Vivado\2017.2\lib\win64.o\libCOIN-all.dll
0x00007fff17a60000 - 0x00007fff17a74000 	C:\Xilinx\Vivado\2017.2\lib\win64.o\libboost_date_time.dll
0x00007fff1c2c0000 - 0x00007fff1c309000 	C:\WINDOWS\System32\cfgmgr32.dll
0x00007ffefbb50000 - 0x00007ffefbe41000 	C:\Xilinx\Vivado\2017.2\lib\win64.o\libXil_lmgr11.dll
0x00007fff1e5a0000 - 0x00007fff1e64a000 	C:\WINDOWS\System32\shcore.dll
0x00007fff1e400000 - 0x00007fff1e508000 	C:\WINDOWS\System32\COMDLG32.dll
0x00007fff0ea80000 - 0x00007fff0eaa6000 	C:\Xilinx\Vivado\2017.2\lib\win64.o\libboost_filesystem.dll
0x00007fff1dc40000 - 0x00007fff1df39000 	C:\WINDOWS\System32\combase.dll
0x00007fff1e3a0000 - 0x00007fff1e3f1000 	C:\WINDOWS\System32\SHLWAPI.dll
0x00007fff1c860000 - 0x00007fff1c8ca000 	C:\WINDOWS\System32\bcryptPrimitives.dll
0x00007fff1cb00000 - 0x00007fff1d1f1000 	C:\WINDOWS\System32\windows.storage.dll
0x00007fff1a320000 - 0x00007fff1a32a000 	C:\Xilinx\Vivado\2017.2\lib\win64.o\librdi_commonversion.dll
0x00007fff1c2a0000 - 0x00007fff1c2b1000 	C:\WINDOWS\System32\kernel.appcore.dll
0x00007fff1e280000 - 0x00007fff1e340000 	C:\WINDOWS\System32\OLEAUT32.dll
0x00007ffefba40000 - 0x00007ffefbb41000 	C:\Xilinx\Vivado\2017.2\lib\win64.o\librdi_commonxillic.dll
0x00007fff1e130000 - 0x00007fff1e275000 	C:\WINDOWS\System32\ole32.dll
0x00007fff1c250000 - 0x00007fff1c29c000 	C:\WINDOWS\System32\powrprof.dll
0x00007fff1caa0000 - 0x00007fff1caf6000 	C:\WINDOWS\System32\WINTRUST.dll
0x00007fff1c230000 - 0x00007fff1c245000 	C:\WINDOWS\System32\profapi.dll
0x00007fff1c210000 - 0x00007fff1c221000 	C:\WINDOWS\System32\MSASN1.dll
0x00007fff0ae40000 - 0x00007fff0aebe000 	C:\Xilinx\Vivado\2017.2\lib\win64.o\libboost_program_options.dll
0x00007fff1c8d0000 - 0x00007fff1ca99000 	C:\WINDOWS\System32\CRYPT32.dll
0x0000000064a10000 - 0x0000000064b3b000 	C:\Xilinx\Vivado\2017.2\lib\win64.o\tcl85t.dll
0x00007fff1d7f0000 - 0x00007fff1d85c000 	C:\WINDOWS\System32\WS2_32.dll
0x00007fff1a290000 - 0x00007fff1a29b000 	C:\Xilinx\Vivado\2017.2\lib\win64.o\libboost_system.dll
0x00007ffefb930000 - 0x00007ffefba3d000 	C:\Xilinx\Vivado\2017.2\lib\win64.o\libboost_regex.dll
0x00007fff0ea60000 - 0x00007fff0ea80000 	C:\Xilinx\Vivado\2017.2\lib\win64.o\libboost_thread.dll
0x00007fff0ea50000 - 0x00007fff0ea5f000 	C:\Xilinx\Vivado\2017.2\lib\win64.o\libboost_xilinx.dll
0x00007ffefb8a0000 - 0x00007ffefb922000 	C:\Xilinx\Vivado\2017.2\lib\win64.o\libhdlpsolve.dll
0x00007ffefb7f0000 - 0x00007ffefb895000 	C:\Xilinx\Vivado\2017.2\lib\win64.o\libhdxml.dll
0x00007fff0e9c0000 - 0x00007fff0e9ee000 	C:\Xilinx\Vivado\2017.2\lib\win64.o\libisl_sysinfo.dll
0x00007ffeed120000 - 0x00007ffeed4fe000 	C:\Xilinx\Vivado\2017.2\lib\win64.o\libisl_iostreams.dll
0x00007fff0ce20000 - 0x00007fff0ce35000 	C:\Xilinx\Vivado\2017.2\lib\win64.o\pthreadVC2.dll
0x0000000063760000 - 0x0000000063ffa000 	C:\Xilinx\Vivado\2017.2\tps\win64\jre\bin\server\jvm.dll
0x00007fff0ce00000 - 0x00007fff0ce1c000 	C:\Xilinx\Vivado\2017.2\lib\win64.o\librdiconfig.dll
0x00007fff0cdd0000 - 0x00007fff0cdf1000 	C:\Xilinx\Vivado\2017.2\lib\win64.o\librdizlib.dll
0x00007fff1d860000 - 0x00007fff1d868000 	C:\WINDOWS\System32\PSAPI.DLL
0x0000000012000000 - 0x0000000012272000 	C:\Xilinx\Vivado\2017.2\lib\win64.o\xerces-c_3_1.dll
0x00007fff16170000 - 0x00007fff1617a000 	C:\WINDOWS\SYSTEM32\VERSION.dll
0x00007fff06970000 - 0x00007fff06c9e000 	C:\WINDOWS\SYSTEM32\WININET.dll
0x00007fff0f0e0000 - 0x00007fff0f1b7000 	C:\WINDOWS\SYSTEM32\WINHTTP.dll
0x00007fff0f800000 - 0x00007fff0f9c7000 	C:\WINDOWS\SYSTEM32\urlmon.dll
0x00007fff06d90000 - 0x00007fff06da7000 	C:\WINDOWS\SYSTEM32\NETAPI32.dll
0x00007fff142e0000 - 0x00007fff14386000 	C:\WINDOWS\WinSxS\amd64_microsoft.windows.common-controls_6595b64144ccf1df_5.82.15063.413_none_0e0f5dcc67adff4e\COMCTL32.dll
0x00007fff05130000 - 0x00007fff05139000 	C:\WINDOWS\SYSTEM32\WSOCK32.dll
0x00007fff0dd80000 - 0x00007fff0de54000 	C:\WINDOWS\SYSTEM32\MSVCR110.dll
0x00007ffefb690000 - 0x00007ffefb7e1000 	C:\Xilinx\Vivado\2017.2\lib\win64.o\librdi_curl.dll
0x00007fff0c7d0000 - 0x00007fff0c7fe000 	C:\WINDOWS\SYSTEM32\VCOMP140.DLL
0x00007ffed9660000 - 0x00007ffeda4f1000 	C:\Xilinx\Vivado\2017.2\lib\win64.o\gurobi65.dll
0x00007fff0ea40000 - 0x00007fff0ea4d000 	C:\Xilinx\Vivado\2017.2\lib\win64.o\libboost_chrono.dll
0x00007fff0c7b0000 - 0x00007fff0c7cb000 	C:\Xilinx\Vivado\2017.2\lib\win64.o\libboost_iostreams.dll
0x00007fff0b100000 - 0x00007fff0b125000 	C:\Xilinx\Vivado\2017.2\lib\win64.o\libisl_iosutils.dll
0x00007fff19240000 - 0x00007fff19263000 	C:\WINDOWS\SYSTEM32\WINMM.dll
0x0000000064930000 - 0x0000000064a02000 	C:\WINDOWS\SYSTEM32\MSVCR100.dll
0x00007fff10440000 - 0x00007fff106ca000 	C:\WINDOWS\SYSTEM32\iertutil.dll
0x00007fff19210000 - 0x00007fff1923b000 	C:\WINDOWS\SYSTEM32\winmmbase.dll
0x00007fff1bcc0000 - 0x00007fff1bccb000 	C:\WINDOWS\SYSTEM32\CRYPTBASE.DLL
0x00007fff1e6d0000 - 0x00007fff1e6fd000 	C:\WINDOWS\System32\IMM32.DLL
0x00007ffeeae90000 - 0x00007ffeeb2f3000 	C:\Xilinx\Vivado\2017.2\lib\win64.o\librdi_commontasks.dll
0x00007ffeefa70000 - 0x00007ffeefc9a000 	C:\Xilinx\Vivado\2017.2\lib\win64.o\librdi_sio.dll
0x00007fff1b8c0000 - 0x00007fff1b8f7000 	C:\WINDOWS\SYSTEM32\IPHLPAPI.DLL
0x00007ffed76d0000 - 0x00007ffed9651000 	C:\Xilinx\Vivado\2017.2\lib\win64.o\librdi_tcltasks.dll
0x00007ffeed5c0000 - 0x00007ffeed735000 	C:\Xilinx\Vivado\2017.2\lib\win64.o\librdi_board.dll
0x00007ffeec690000 - 0x00007ffeec9f2000 	C:\Xilinx\Vivado\2017.2\lib\win64.o\librdi_bitstream.dll
0x00007ffeecc50000 - 0x00007ffeece69000 	C:\Xilinx\Vivado\2017.2\lib\win64.o\librdi_chipscope.dll
0x00007ffefaf50000 - 0x00007ffefb04e000 	C:\Xilinx\Vivado\2017.2\lib\win64.o\librdi_containers.dll
0x00007ffed61d0000 - 0x00007ffed76c6000 	C:\Xilinx\Vivado\2017.2\lib\win64.o\librdi_constraints.dll
0x00007ffec3b70000 - 0x00007ffecfc4b000 	C:\Xilinx\Vivado\2017.2\lib\win64.o\librdi_device.dll
0x00007ffeeac30000 - 0x00007ffeeae90000 	C:\Xilinx\Vivado\2017.2\lib\win64.o\librdi_dlyest.dll
0x00007ffee8a10000 - 0x00007ffee8f13000 	C:\Xilinx\Vivado\2017.2\lib\win64.o\librdi_drc.dll
0x00007ffef02f0000 - 0x00007ffef03be000 	C:\Xilinx\Vivado\2017.2\lib\win64.o\librdi_dsp.dll
0x00007ffecfc50000 - 0x00007ffed273f000 	C:\Xilinx\Vivado\2017.2\lib\win64.o\librdi_coregen.dll
0x00007ffec3630000 - 0x00007ffec3b70000 	C:\Xilinx\Vivado\2017.2\lib\win64.o\librdi_filemgmt.dll
0x00007ffee8790000 - 0x00007ffee8a0a000 	C:\Xilinx\Vivado\2017.2\lib\win64.o\librdi_guitools.dll
0x00007ffec2710000 - 0x00007ffec3623000 	C:\Xilinx\Vivado\2017.2\lib\win64.o\librdi_implflow.dll
0x00007ffec2110000 - 0x00007ffec2704000 	C:\Xilinx\Vivado\2017.2\lib\win64.o\librdi_memdata.dll
0x00007ffec01c0000 - 0x00007ffec2109000 	C:\Xilinx\Vivado\2017.2\lib\win64.o\librdi_mig.dll
0x00007ffed2740000 - 0x00007ffed61cd000 	C:\Xilinx\Vivado\2017.2\lib\win64.o\librdi_designutils.dll
0x00007ffebfd30000 - 0x00007ffec01b5000 	C:\Xilinx\Vivado\2017.2\lib\win64.o\librdi_netlist.dll
0x00007fff0b020000 - 0x00007fff0b061000 	C:\Xilinx\Vivado\2017.2\lib\win64.o\librdi_pfi.dll
0x00007ffeeb420000 - 0x00007ffeeb5db000 	C:\Xilinx\Vivado\2017.2\lib\win64.o\librdi_platform.dll
0x00007ffebf6b0000 - 0x00007ffebfd25000 	C:\Xilinx\Vivado\2017.2\lib\win64.o\librdi_power.dll
0x00007ffebd540000 - 0x00007ffebda4e000 	C:\Xilinx\Vivado\2017.2\lib\win64.o\librdi_project.dll
0x00007ffebcf50000 - 0x00007ffebd532000 	C:\Xilinx\Vivado\2017.2\lib\win64.o\librdi_psta.dll
0x00007ffebc870000 - 0x00007ffebcf43000 	C:\Xilinx\Vivado\2017.2\lib\win64.o\librdi_rsb.dll
0x00007ffebc4f0000 - 0x00007ffebc868000 	C:\Xilinx\Vivado\2017.2\lib\win64.o\librdi_runs.dll
0x00007ffedc3f0000 - 0x00007ffedc59e000 	C:\Xilinx\Vivado\2017.2\lib\win64.o\librdi_simdata.dll
0x00007ffebda50000 - 0x00007ffebf6aa000 	C:\Xilinx\Vivado\2017.2\lib\win64.o\librdi_place.dll
0x00007fff09ec0000 - 0x00007fff09f28000 	C:\Xilinx\Vivado\2017.2\lib\win64.o\librdi_boarddep.dll
0x00007ffef12e0000 - 0x00007ffef1369000 	C:\Xilinx\Vivado\2017.2\lib\win64.o\librdi_runsbase.dll
0x00007ffef1420000 - 0x00007ffef1485000 	C:\Xilinx\Vivado\2017.2\lib\win64.o\liblmx6.0.dll
0x00007ffebb920000 - 0x00007ffebc4e9000 	C:\Xilinx\Vivado\2017.2\lib\win64.o\librdi_timing.dll
0x00007fff09ce0000 - 0x00007fff09d2b000 	C:\Xilinx\Vivado\2017.2\lib\win64.o\libboost_serialization.dll
0x00007ffeef9d0000 - 0x00007ffeefa6e000 	C:\Xilinx\Vivado\2017.2\lib\win64.o\libise.dll
0x00007ffebaea0000 - 0x00007ffebb912000 	C:\Xilinx\Vivado\2017.2\lib\win64.o\libverific.dll
0x00007ffefdcc0000 - 0x00007ffefdd05000 	C:\Xilinx\Vivado\2017.2\lib\win64.o\librdi_wavedata_SimpleApi.dll
0x00007ffebaa80000 - 0x00007ffebae9e000 	C:\Xilinx\Vivado\2017.2\lib\win64.o\librdi_wavedata.dll
0x00007ffeba3b0000 - 0x00007ffebaa76000 	C:\Xilinx\Vivado\2017.2\lib\win64.o\librdi_coregenipxact.dll
0x00007ffefb640000 - 0x00007ffefb688000 	C:\Xilinx\Vivado\2017.2\lib\win64.o\librdi_hdf.dll
0x00007ffeb90c0000 - 0x00007ffeb960e000 	C:\Xilinx\Vivado\2017.2\lib\win64.o\librdi_xdm.dll
0x00007ffeb9610000 - 0x00007ffeba3af000 	C:\Xilinx\Vivado\2017.2\lib\win64.o\librdi_route.dll
0x00007ffeb8e90000 - 0x00007ffeb90b6000 	C:\Xilinx\Vivado\2017.2\lib\win64.o\librdi_hsm.dll
0x00007ffef0a30000 - 0x00007ffef0a82000 	C:\Xilinx\Vivado\2017.2\lib\win64.o\librdi_projectbase.dll
0x00007ffeb8760000 - 0x00007ffeb8e86000 	C:\Xilinx\Vivado\2017.2\lib\win64.o\librdi_labtools.dll
0x00007ffeecb80000 - 0x00007ffeecc41000 	C:\Xilinx\Vivado\2017.2\lib\win64.o\librdi_hwh.dll
0x00007fff0ad20000 - 0x00007fff0ad3a000 	C:\Xilinx\Vivado\2017.2\lib\win64.o\librdi_hmetis.dll
0x00007ffeb6600000 - 0x00007ffeb6bc2000 	C:\Xilinx\Vivado\2017.2\lib\win64.o\librdi_abc_nomp.dll

VM Arguments:
jvm_args: -Dsun.java2d.pmoffscreen=false -Dsun.java2d.d3d=false -Dsun.awt.nopixfmt=true -Xverify:none -Dswing.aatext=true -XX:-UsePerfData -Djdk.map.althashing.threshold=512 -XX:StringTableSize=4072 -XX:NewSize=60m -XX:MaxNewSize=60m -Xms128m -Xmx3072m -Xss5m 
java_command: <unknown>
java_class_path (initial): C:/Xilinx/Vivado/2017.2\lib\classes\alloy.jar;C:/Xilinx/Vivado/2017.2\lib\classes\batik-anim.jar;C:/Xilinx/Vivado/2017.2\lib\classes\batik-awt-util.jar;C:/Xilinx/Vivado/2017.2\lib\classes\batik-bridge.jar;C:/Xilinx/Vivado/2017.2\lib\classes\batik-codec.jar;C:/Xilinx/Vivado/2017.2\lib\classes\batik-css.jar;C:/Xilinx/Vivado/2017.2\lib\classes\batik-dom.jar;C:/Xilinx/Vivado/2017.2\lib\classes\batik-ext.jar;C:/Xilinx/Vivado/2017.2\lib\classes\batik-gui-util.jar;C:/Xilinx/Vivado/2017.2\lib\classes\batik-gvt.jar;C:/Xilinx/Vivado/2017.2\lib\classes\batik-parser.jar;C:/Xilinx/Vivado/2017.2\lib\classes\batik-script.jar;C:/Xilinx/Vivado/2017.2\lib\classes\batik-svg-dom.jar;C:/Xilinx/Vivado/2017.2\lib\classes\batik-swing.jar;C:/Xilinx/Vivado/2017.2\lib\classes\batik-transcoder.jar;C:/Xilinx/Vivado/2017.2\lib\classes\batik-util.jar;C:/Xilinx/Vivado/2017.2\lib\classes\batik-xml.jar;C:/Xilinx/Vivado/2017.2\lib\classes\commons-math-2.2.jar;C:/Xilinx/Vivado/2017.2\lib\classes\dom4j-1.6.1.jar;C:/Xilinx/Vivado/2017.2\lib\classes\forms.jar;C:/Xilinx/Vivado/2017.2\lib\classes\guava-18.0.jar;C:/Xilinx/Vivado/2017.2\lib\classes\help.jar;C:/Xilinx/Vivado/2017.2\lib\classes\hsqldb.jar;C:/Xilinx/Vivado/2017.2\lib\classes\jh.jar;C:/Xilinx/Vivado/2017.2\lib\classes\jide-action.jar;C:/Xilinx/Vivado/2017.2\lib\classes\jide-charts.jar;C:/Xilinx/Vivado/2017.2\lib\classes\jide-common.jar;C:/Xilinx/Vivado/2017.2\lib\classes\jide-components.jar;C:/Xilinx/Vivado/2017.2\lib\classes\jide-dashboard.jar;C:/Xilinx/Vivado/2017.2\lib\classes\jide-data.jar;C:/Xilinx/Vivado/2017.2\lib\classes\jide-dialogs.jar;C:/Xilinx/Vivado/2017.2\lib\classes\jide-diff.jar;C:/Xilinx/Vivado/2017.2\lib\classes\jide-dock.jar;C:/Xilinx/Vivado/2017.2\lib\classes\jide-editor.jar;C:/Xilinx/Vivado/2017.2\lib\classes\jide-gantt.jar;C:/Xilinx/Vivado/2017.2\lib\classes\jide-grids.jar;C:/Xilinx/Vivado/2017.2\lib\classes\jide-pivot.jar;C:/Xilinx/Vivado/2017.2\lib\classes\jide-plaf-jdk7.jar;C:/Xilinx/Vivado/2
Launcher Type: generic

Environment Variables:
PATH=C:/Xilinx/Vivado/2017.2/bin;C:/Xilinx/Vivado/2017.2/lib/win64.o;C:/Xilinx/Vivado/2017.2/tps/win64/jre/bin/server;C:/Xilinx/Vivado/2017.2/tps/win64/jre/bin;C:/Xilinx/Vivado/2017.2/ids_lite/ISE/bin/nt64;C:/Xilinx/Vivado/2017.2/ids_lite/ISE/lib/nt64;C:/Xilinx/Vivado_HLS/2017.2/bin;C:\Program Files (x86)\NVIDIA Corporation\PhysX\Common;C:\WINDOWS\system32;C:\WINDOWS;C:\WINDOWS\System32\Wbem;C:\WINDOWS\System32\WindowsPowerShell\v1.0\;C:\Aldec\Active-HDL-Student-Edition\bin;C:\Program Files\MATLAB\R2016a\runtime\win64;C:\Program Files\MATLAB\R2016a\bin;C:\Program Files (x86)\IVI Foundation\VISA\WinNT\Bin\;C:\Program Files\IVI Foundation\VISA\Win64\Bin\;C:\Program Files (x86)\Nordic Semiconductor\nrf5x\bin\;C:\Program Files (x86)\Skype\Phone\;C:\Program Files\Intel\WiFi\bin\;C:\Program Files\Common Files\Intel\WirelessCommon\;C:\Program Files\Git\cmd;C:\Program Files\MiKTeX 2.9\miktex\bin\x64\;C:\Users\Torgeir Leithe\AppData\Local\Microsoft\WindowsApps;C:/Xilinx/Vivado/2017.2\tps\mingw\6.2.0\win64.o\nt\bin;C:/Xilinx/Vivado/2017.2\tps\mingw\6.2.0\win64.o\nt\libexec\gcc\x86_64-w64-mingw32\6.2.0
USERNAME=Torgeir Leithe
OS=Windows_NT
PROCESSOR_IDENTIFIER=Intel64 Family 6 Model 94 Stepping 3, GenuineIntel



---------------  S Y S T E M  ---------------

OS: Windows 10.0 , 64 bit Build 15063 (10.0.15063.296)

CPU:total 4 (4 cores per cpu, 1 threads per core) family 6 model 94 stepping 3, cmov, cx8, fxsr, mmx, sse, sse2, sse3, ssse3, sse4.1, sse4.2, popcnt, avx, avx2, aes, clmul, erms, rtm, 3dnowpref, lzcnt, tsc, tscinvbit, bmi1, bmi2, adx

Memory: 4k page, physical 8238800k(3729112k free), swap 15054544k(7401688k free)

vm_info: Java HotSpot(TM) 64-Bit Server VM (25.112-b15) for windows-amd64 JRE (1.8.0_112-b15), built on Sep 22 2016 21:31:56 by "java_re" with MS VC++ 10.0 (VS2010)

time: Sat Oct 21 22:27:06 2017
elapsed time: 17141 seconds (0d 4h 45m 41s)

