#-----------------------------------------------------------
# Vivado v2017.2.1 (64-bit)
# SW Build 1909853 on Thu Jun 15 18:39:09 MDT 2017
# IP Build 1948039 on Wed Aug  9 18:19:28 MDT 2017
# Start of session at: Sun Oct 22 00:56:01 2017
# Process ID: 17220
# Current directory: C:/Users/Torgeir Leithe/Google Drive/stor-skole/TFE4141 Design av digitale system 1/RSA/MonPro/MonPro
# Command line: vivado.exe -gui_launcher_event rodinguilauncherevent13304 C:\Users\Torgeir Leithe\Google Drive\stor-skole\TFE4141 Design av digitale system 1\RSA\MonPro\MonPro\MonPro.xpr
# Log file: C:/Users/Torgeir Leithe/Google Drive/stor-skole/TFE4141 Design av digitale system 1/RSA/MonPro/MonPro/vivado.log
# Journal file: C:/Users/Torgeir Leithe/Google Drive/stor-skole/TFE4141 Design av digitale system 1/RSA/MonPro/MonPro\vivado.jou
#-----------------------------------------------------------
start_gui
open_project {C:/Users/Torgeir Leithe/Google Drive/stor-skole/TFE4141 Design av digitale system 1/RSA/MonPro/MonPro/MonPro.xpr}
INFO: [ProjectBase 1-489] The host OS only allows 260 characters in a normal path. The project is stored in a path with more than 80 characters. If you experience issues with IP, Block Designs, or files not being found, please consider moving the project to a location with a shorter path. Alternately consider using the OS subst command to map part of the path to a drive letter.
Current project path is 'C:/Users/Torgeir Leithe/Google Drive/stor-skole/TFE4141 Design av digitale system 1/RSA/MonPro/MonPro'
Scanning sources...
Finished scanning sources
INFO: [IP_Flow 19-234] Refreshing IP repositories
INFO: [IP_Flow 19-1704] No user IP repositories specified
INFO: [IP_Flow 19-2313] Loaded Vivado IP repository 'C:/Xilinx/Vivado/2017.2/data/ip'.
launch_simulation
INFO: [SIM-utils-51] Simulation object is 'sim_1'
INFO: [SIM-utils-54] Inspecting design source files for 'MonPro_tb' in fileset 'sim_1'...
INFO: [USF-XSim-97] Finding global include files...
INFO: [USF-XSim-100] Fetching design files from 'sources_1'...(this may take a while)...
INFO: [USF-XSim-101] Fetching design files from 'sim_1'...
INFO: [USF-XSim-2] XSim::Compile design
INFO: [USF-XSim-61] Executing 'COMPILE and ANALYZE' step in 'C:/Users/Torgeir Leithe/Google Drive/stor-skole/TFE4141 Design av digitale system 1/RSA/MonPro/MonPro/MonPro.sim/sim_1/behav'
"xvhdl -m64 --relax -prj MonPro_tb_vhdl.prj"
INFO: [VRFC 10-163] Analyzing VHDL file "C:/Users/Torgeir Leithe/Google Drive/stor-skole/TFE4141 Design av digitale system 1/RSA/MonPro/MonPro/MonPro.srcs/sources_1/new/MonPro.vhd" into library xil_defaultlib
INFO: [VRFC 10-307] analyzing entity MonPro_loop
INFO: [VRFC 10-307] analyzing entity MonPro
INFO: [VRFC 10-163] Analyzing VHDL file "C:/Users/Torgeir Leithe/Google Drive/stor-skole/TFE4141 Design av digitale system 1/RSA/MonPro/MonPro/MonPro.srcs/sim_1/new/MonPro_tb.vhd" into library xil_defaultlib
INFO: [VRFC 10-307] analyzing entity MonPro_tb
INFO: [USF-XSim-69] 'compile' step finished in '1' seconds
INFO: [USF-XSim-3] XSim::Elaborate design
INFO: [USF-XSim-61] Executing 'ELABORATE' step in 'C:/Users/Torgeir Leithe/Google Drive/stor-skole/TFE4141 Design av digitale system 1/RSA/MonPro/MonPro/MonPro.sim/sim_1/behav'
Vivado Simulator 2017.2
Copyright 1986-1999, 2001-2016 Xilinx, Inc. All Rights Reserved.
Running: C:/Xilinx/Vivado/2017.2/bin/unwrapped/win64.o/xelab.exe -wto 44ec1947f6b74393a78fc062adcc6d79 --debug typical --relax --mt 2 -L xil_defaultlib -L secureip --snapshot MonPro_tb_behav xil_defaultlib.MonPro_tb -log elaborate.log 
Using 2 slave threads.
Starting static elaboration
Completed static elaboration
Starting simulation data flow analysis
Completed simulation data flow analysis
Time Resolution for simulation is 1ps
Compiling package std.standard
Compiling package std.textio
Compiling package ieee.std_logic_1164
Compiling package ieee.numeric_std
Compiling architecture behavioral of entity xil_defaultlib.MonPro_loop [monpro_loop_default]
Compiling architecture behavioral of entity xil_defaultlib.MonPro [monpro_default]
Compiling architecture behavioral of entity xil_defaultlib.monpro_tb
Built simulation snapshot MonPro_tb_behav

****** Webtalk v2017.2.1 (64-bit)
  **** SW Build 1909853 on Thu Jun 15 18:39:09 MDT 2017
  **** IP Build 1948039 on Wed Aug  9 18:19:28 MDT 2017
    ** Copyright 1986-2017 Xilinx, Inc. All Rights Reserved.

source C:/Users/Torgeir -notrace
couldn't read file "C:/Users/Torgeir": no such file or directory
INFO: [Common 17-206] Exiting Webtalk at Sun Oct 22 01:15:40 2017...
INFO: [USF-XSim-69] 'elaborate' step finished in '1' seconds
INFO: [USF-XSim-4] XSim::Simulate design
INFO: [USF-XSim-61] Executing 'SIMULATE' step in 'C:/Users/Torgeir Leithe/Google Drive/stor-skole/TFE4141 Design av digitale system 1/RSA/MonPro/MonPro/MonPro.sim/sim_1/behav'
INFO: [USF-XSim-98] *** Running xsim
   with args "MonPro_tb_behav -key {Behavioral:sim_1:Functional:MonPro_tb} -tclbatch {MonPro_tb.tcl} -view {C:/Users/Torgeir Leithe/Google Drive/stor-skole/TFE4141 Design av digitale system 1/RSA/MonPro/MonPro/MonPro_tb_func_synth.wcfg} -log {simulate.log}"
INFO: [USF-XSim-8] Loading simulator feature
Vivado Simulator 2017.2
Time resolution is 1 ps
open_wave_config C:/Users/Torgeir
ERROR: [Wavedata 42-2] Error while reading WCFG file 'C:/Users/Torgeir.wcfg'.
open_wave_config Leithe/Google
ERROR: [Wavedata 42-2] Error while reading WCFG file 'C:/Users/Torgeir Leithe/Google Drive/stor-skole/TFE4141 Design av digitale system 1/RSA/MonPro/MonPro/MonPro.sim/sim_1/behav/Leithe/Google.wcfg'.
open_wave_config Drive/stor-skole/TFE4141
ERROR: [Wavedata 42-2] Error while reading WCFG file 'C:/Users/Torgeir Leithe/Google Drive/stor-skole/TFE4141 Design av digitale system 1/RSA/MonPro/MonPro/MonPro.sim/sim_1/behav/Drive/stor-skole/TFE4141.wcfg'.
open_wave_config Design
ERROR: [Wavedata 42-2] Error while reading WCFG file 'C:/Users/Torgeir Leithe/Google Drive/stor-skole/TFE4141 Design av digitale system 1/RSA/MonPro/MonPro/MonPro.sim/sim_1/behav/Design.wcfg'.
open_wave_config av
ERROR: [Wavedata 42-2] Error while reading WCFG file 'C:/Users/Torgeir Leithe/Google Drive/stor-skole/TFE4141 Design av digitale system 1/RSA/MonPro/MonPro/MonPro.sim/sim_1/behav/av.wcfg'.
open_wave_config digitale
ERROR: [Wavedata 42-2] Error while reading WCFG file 'C:/Users/Torgeir Leithe/Google Drive/stor-skole/TFE4141 Design av digitale system 1/RSA/MonPro/MonPro/MonPro.sim/sim_1/behav/digitale.wcfg'.
open_wave_config system
ERROR: [Wavedata 42-2] Error while reading WCFG file 'C:/Users/Torgeir Leithe/Google Drive/stor-skole/TFE4141 Design av digitale system 1/RSA/MonPro/MonPro/MonPro.sim/sim_1/behav/system.wcfg'.
open_wave_config 1/RSA/MonPro/MonPro/MonPro_tb_func_synth.wcfg
ERROR: [Wavedata 42-2] Error while reading WCFG file 'C:/Users/Torgeir Leithe/Google Drive/stor-skole/TFE4141 Design av digitale system 1/RSA/MonPro/MonPro/MonPro.sim/sim_1/behav/1/RSA/MonPro/MonPro/MonPro_tb_func_synth.wcfg'.
source MonPro_tb.tcl
# set curr_wave [current_wave_config]
# if { [string length $curr_wave] == 0 } {
#   if { [llength [get_objects]] > 0} {
#     add_wave /
#     set_property needs_save false [current_wave_config]
#   } else {
#      send_msg_id Add_Wave-1 WARNING "No top level signals found. Simulator will start without a wave window. If you want to open a wave window go to 'File->New Waveform Configuration' or type 'create_wave_config' in the TCL console."
#   }
# }
# run 1000ns
INFO: [USF-XSim-96] XSim completed. Design snapshot 'MonPro_tb_behav' loaded.
INFO: [USF-XSim-97] XSim simulation ran for 1000ns
launch_simulation: Time (s): cpu = 00:00:05 ; elapsed = 00:00:06 . Memory (MB): peak = 806.254 ; gain = 0.000
close_sim
INFO: [Simtcl 6-16] Simulation closed
exit
INFO: [Common 17-206] Exiting Vivado at Sun Oct 22 01:33:05 2017...
