#
# A fatal error has been detected by the Java Runtime Environment:
#
#  EXCEPTION_ACCESS_VIOLATION (0xc0000005) at pc=0x00007ffeba76c19e, pid=14364, tid=0x0000000000003bf4
#
# JRE version: Java(TM) SE Runtime Environment (8.0_112-b15) (build 1.8.0_112-b15)
# Java VM: Java HotSpot(TM) 64-Bit Server VM (25.112-b15 mixed mode windows-amd64 compressed oops)
# Problematic frame:
# C  [librdi_wavedata.dll+0x3c19e]
#
# Failed to write core dump. Minidumps are not enabled by default on client versions of Windows
#
# If you would like to submit a bug report, please visit:
#   http://bugreport.java.com/bugreport/crash.jsp
# The crash happened outside the Java Virtual Machine in native code.
# See problematic frame for where to report the bug.
#

---------------  T H R E A D  ---------------

Current thread (0x0000023981cd1000):  JavaThread "AWT-EventQueue-1" [_thread_in_native, id=15348, stack(0x000000c074100000,0x000000c074600000)]

siginfo: ExceptionCode=0xc0000005, reading address 0x0000000000000000

Registers:
RAX=0x0000000000000000, RBX=0x0000000000000000, RCX=0x000000c0745fcc50, RDX=0x0000000000000000
RSP=0x000000c0745fcbb0, RBP=0x000000c0745fcd20, RSI=0x000000c0745fcc50, RDI=0x000000c0745fce78
R8 =0x000000c0745fcf38, R9 =0x00007fff1d2b4900, R10=0x0001b6dac374fd82, R11=0x00004926b396da42
R12=0x00007ffebab0fb10, R13=0x00000239945ad7d0, R14=0x0000000000000000, R15=0x0000000000000000
RIP=0x00007ffeba76c19e, EFLAGS=0x0000000000010246

Top of Stack: (sp=0x000000c0745fcbb0)
0x000000c0745fcbb0:   0000000000000000 000000c0745fcf38
0x000000c0745fcbc0:   000000c0745fcd40 00007fff0aefeccb
0x000000c0745fcbd0:   fffffffffffffffe 000000c0745fcc00
0x000000c0745fcbe0:   000000c0745fcd20 00000239869cd560
0x000000c0745fcbf0:   00007ffebab0fb58 0000000000000000
0x000000c0745fcc00:   00007ffebab0fb10 000000c0745fce78
0x000000c0745fcc10:   00007ffebaaf96a8 00007ffeba8a2dd5
0x000000c0745fcc20:   000000c0745fcc50 000000c000000000
0x000000c0745fcc30:   000000c0745fcf38 0000000000000000
0x000000c0745fcc40:   0000023900000002 fffffffffffffffe
0x000000c0745fcc50:   00007ffeba9e1510 00007ffeba9e1488
0x000000c0745fcc60:   0000000000000000 0000000000000000
0x000000c0745fcc70:   000000c0745fcc60 000000c0745fcc68
0x000000c0745fcc80:   0000000000000000 0000000000000000
0x000000c0745fcc90:   000000c0745fcc80 000000c0745fcc88
0x000000c0745fcca0:   0000000000000000 000000c0745fcca0 

Instructions: (pc=0x00007ffeba76c19e)
0x00007ffeba76c17e:   83 ec 40 48 c7 44 24 20 fe ff ff ff 48 89 9c 24
0x00007ffeba76c18e:   80 00 00 00 4c 8b fa 48 8b f1 33 db 89 5c 24 78
0x00007ffeba76c19e:   38 1a 75 05 45 33 f6 eb 12 49 83 ce ff 0f 1f 44
0x00007ffeba76c1ae:   00 00 49 ff c6 42 38 1c 32 75 f7 48 8b 01 48 63 


Register to memory mapping:

RAX=0x0000000000000000 is an unknown value
RBX=0x0000000000000000 is an unknown value
RCX=0x000000c0745fcc50 is pointing into the stack for thread: 0x0000023981cd1000
RDX=0x0000000000000000 is an unknown value
RSP=0x000000c0745fcbb0 is pointing into the stack for thread: 0x0000023981cd1000
RBP=0x000000c0745fcd20 is pointing into the stack for thread: 0x0000023981cd1000
RSI=0x000000c0745fcc50 is pointing into the stack for thread: 0x0000023981cd1000
RDI=0x000000c0745fce78 is pointing into the stack for thread: 0x0000023981cd1000
R8 =0x000000c0745fcf38 is pointing into the stack for thread: 0x0000023981cd1000
R9 =0x00007fff1d2b4900 is an unknown value
R10=0x0001b6dac374fd82 is an unknown value
R11=0x00004926b396da42 is an unknown value
R12=0x00007ffebab0fb10 is an unknown value
R13=0x00000239945ad7d0 is an unknown value
R14=0x0000000000000000 is an unknown value
R15=0x0000000000000000 is an unknown value


Stack: [0x000000c074100000,0x000000c074600000],  sp=0x000000c0745fcbb0,  free space=5106k
Native frames: (J=compiled Java code, j=interpreted, Vv=VM code, C=native code)
C  [librdi_wavedata.dll+0x3c19e]
C  [librdi_wavedata.dll+0x172dd5]
C  [librdi_wavedata.dll+0x16b731]
C  [librdi_wavedata.dll+0x16b1a2]
C  [librdi_wavedata.dll+0x176112]
C  [librdi_wavedata.dll+0x17546a]
C  [librdi_wavedata.dll+0x1756e6]
C  [librdi_wavedata.dll+0x198558]
C  0x000002390003925b

Java frames: (J=compiled Java code, j=interpreted, Vv=VM code)
j  ui.views.waveform.waveformi.WVExecutive_setPrefsMessage(JLjava/lang/String;)V+0
j  ui.views.waveform.executive.a.Wh(Ljava/lang/String;)V+5
j  ui.views.waveform.a.ghp()V+128
j  ui.views.waveform.a.c(Lui/views/waveform/a;)V+1
j  ui.views.waveform.f.actionPerformed(Ljava/awt/event/ActionEvent;)V+4
J 14267 C1 javax.swing.JComboBox.fireActionEvent()V (143 bytes) @ 0x000002390217fe5c [0x000002390217ebc0+0x129c]
J 14282 C1 javax.swing.JComboBox.setSelectedItem(Ljava/lang/Object;)V (138 bytes) @ 0x0000023901779f14 [0x00000239017795e0+0x934]
J 14917 C1 ui.g.n.e.e.setSelectedItem(Ljava/lang/Object;)V (42 bytes) @ 0x0000023902beef94 [0x0000023902bee980+0x614]
j  javax.swing.JComboBox.setSelectedIndex(I)V+76
j  javax.swing.plaf.basic.BasicComboPopup$Handler.mouseReleased(Ljava/awt/event/MouseEvent;)V+97
J 15983 C1 java.awt.AWTEventMulticaster.mouseReleased(Ljava/awt/event/MouseEvent;)V (27 bytes) @ 0x000002390236b2f4 [0x000002390236af20+0x3d4]
J 20924 C2 javax.swing.JComponent.processMouseEvent(Ljava/awt/event/MouseEvent;)V (27 bytes) @ 0x000002390310ebdc [0x000002390310ea40+0x19c]
j  javax.swing.plaf.basic.BasicComboPopup$1.processMouseEvent(Ljava/awt/event/MouseEvent;)V+70
J 15817 C2 java.awt.Container.processEvent(Ljava/awt/AWTEvent;)V (22 bytes) @ 0x00000239021b6d90 [0x00000239021b6c60+0x130]
J 20787 C2 java.awt.Component.dispatchEventImpl(Ljava/awt/AWTEvent;)V (883 bytes) @ 0x0000023901d6f358 [0x0000023901d6e4a0+0xeb8]
J 20758 C2 java.awt.Container.dispatchEventImpl(Ljava/awt/AWTEvent;)V (129 bytes) @ 0x00000239012ef388 [0x00000239012eefa0+0x3e8]
J 14741 C2 java.awt.LightweightDispatcher.retargetMouseEvent(Ljava/awt/Component;ILjava/awt/event/MouseEvent;)V (350 bytes) @ 0x0000023902b479d8 [0x0000023902b47560+0x478]
J 20758 C2 java.awt.Container.dispatchEventImpl(Ljava/awt/AWTEvent;)V (129 bytes) @ 0x00000239012ef990 [0x00000239012eefa0+0x9f0]
J 17625 C2 java.awt.Window.dispatchEventImpl(Ljava/awt/AWTEvent;)V (23 bytes) @ 0x00000239028cac0c [0x00000239028cabc0+0x4c]
J 10971 C2 java.awt.EventQueue$3.run()Ljava/lang/Object; (5 bytes) @ 0x0000023902033418 [0x0000023902033020+0x3f8]
v  ~StubRoutines::call_stub
J 1558  java.security.AccessController.doPrivileged(Ljava/security/PrivilegedAction;Ljava/security/AccessControlContext;)Ljava/lang/Object; (0 bytes) @ 0x00000239005ac826 [0x00000239005ac7c0+0x66]
J 14290 C2 java.awt.EventQueue$4.run()Ljava/lang/Object; (5 bytes) @ 0x00000239022a05b4 [0x00000239022a0420+0x194]
v  ~StubRoutines::call_stub
J 1558  java.security.AccessController.doPrivileged(Ljava/security/PrivilegedAction;Ljava/security/AccessControlContext;)Ljava/lang/Object; (0 bytes) @ 0x00000239005ac826 [0x00000239005ac7c0+0x66]
J 10730 C2 ui.frmwork.a.d.dispatchEvent(Ljava/awt/AWTEvent;)V (30 bytes) @ 0x0000023900fa00f4 [0x0000023900f9fe40+0x2b4]
J 20691 C2 java.awt.EventDispatchThread.pumpOneEventForFilters(I)V (295 bytes) @ 0x00000239010b6f24 [0x00000239010b6bc0+0x364]
J 19269% C2 java.awt.EventDispatchThread.pumpEventsForFilter(ILjava/awt/Conditional;Ljava/awt/EventFilter;)V (47 bytes) @ 0x0000023902f19a60 [0x0000023902f19960+0x100]
j  java.awt.EventDispatchThread.pumpEventsForHierarchy(ILjava/awt/Conditional;Ljava/awt/Component;)V+11
j  java.awt.EventDispatchThread.pumpEvents(ILjava/awt/Conditional;)V+4
j  java.awt.EventDispatchThread.pumpEvents(Ljava/awt/Conditional;)V+3
j  java.awt.EventDispatchThread.run()V+9
v  ~StubRoutines::call_stub

---------------  P R O C E S S  ---------------

Java Threads: ( => current thread )
  0x00000239882ac800 JavaThread "Swing-Shell" daemon [_thread_blocked, id=17320, stack(0x000000c226800000,0x000000c226d00000)]
  0x0000023995284800 JavaThread "Thread-995" [_thread_in_native, id=11108, stack(0x000000c1dcc00000,0x000000c1dcd00000)]
  0x000002398fd58000 JavaThread "SwingWorker-pool-2-thread-1" daemon [_thread_blocked, id=4696, stack(0x000000c1cbe00000,0x000000c1cc300000)]
  0x0000023982e32000 JavaThread "SyntheticaAnimation 50" daemon [_thread_blocked, id=15080, stack(0x000000c126200000,0x000000c126700000)]
  0x0000023980ce2800 JavaThread "Thread-22" [_thread_in_native, id=9468, stack(0x000000c07a900000,0x000000c07aa00000)]
  0x0000023980ce7800 JavaThread "Thread-21" [_thread_in_native, id=1076, stack(0x000000c07a800000,0x000000c07a900000)]
  0x00000239863d2800 JavaThread "SyntheticaAnimation 50" daemon [_thread_blocked, id=2576, stack(0x000000c079e00000,0x000000c07a300000)]
  0x0000023987db1000 JavaThread "hw_ila_monitor" [_thread_blocked, id=1820, stack(0x000000c079900000,0x000000c079e00000)]
  0x0000023984407800 JavaThread "Update Runs Swing Worker" [_thread_blocked, id=15932, stack(0x000000c079400000,0x000000c079900000)]
  0x00000239875bd800 JavaThread "Refresh Filesets Swing Worker" [_thread_blocked, id=7592, stack(0x000000c078f00000,0x000000c079400000)]
  0x00000239845a0800 JavaThread "SyntheticaAnimation 70" daemon [_thread_blocked, id=10668, stack(0x000000c078a00000,0x000000c078f00000)]
  0x0000023982014800 JavaThread "SyntheticaAnimation 25" daemon [_thread_blocked, id=7280, stack(0x000000c078000000,0x000000c078500000)]
  0x0000023985778000 JavaThread "SyntheticaAnimation 50" daemon [_thread_blocked, id=9128, stack(0x000000c077b00000,0x000000c078000000)]
  0x0000023983497800 JavaThread "Batik CleanerThread" daemon [_thread_blocked, id=8780, stack(0x000000c075500000,0x000000c075a00000)]
  0x0000023982dd7800 JavaThread "SyntheticaCleanerThread" daemon [_thread_blocked, id=9400, stack(0x000000c075000000,0x000000c075500000)]
=>0x0000023981cd1000 JavaThread "AWT-EventQueue-1" [_thread_in_native, id=15348, stack(0x000000c074100000,0x000000c074600000)]
  0x0000023981cd2000 JavaThread "Process Messages" [_thread_blocked, id=12672, stack(0x000000c073c00000,0x000000c074100000)]
  0x000002397e640800 JavaThread "Thread-2" [_thread_in_native, id=9172, stack(0x000000c06e900000,0x000000c06fd00000)]
  0x0000023981115000 JavaThread "AWT-Windows" daemon [_thread_in_native, id=10960, stack(0x000000c073200000,0x000000c073700000)]
  0x0000023981115800 JavaThread "AWT-Shutdown" [_thread_blocked, id=12584, stack(0x000000c072d00000,0x000000c073200000)]
  0x0000023981110800 JavaThread "Java2D Disposer" daemon [_thread_blocked, id=15140, stack(0x000000c072800000,0x000000c072d00000)]
  0x0000023980eb3000 JavaThread "TimerQueue" daemon [_thread_blocked, id=4920, stack(0x000000c072300000,0x000000c072800000)]
  0x00000239809b7000 JavaThread "Service Thread" daemon [_thread_blocked, id=14108, stack(0x000000c071d00000,0x000000c072200000)]
  0x00000239809c7000 JavaThread "C1 CompilerThread2" daemon [_thread_blocked, id=1188, stack(0x000000c071c00000,0x000000c071d00000)]
  0x00000239809c8000 JavaThread "C2 CompilerThread1" daemon [_thread_blocked, id=2332, stack(0x000000c071b00000,0x000000c071c00000)]
  0x00000239809c9000 JavaThread "C2 CompilerThread0" daemon [_thread_blocked, id=15424, stack(0x000000c071a00000,0x000000c071b00000)]
  0x00000239809ca800 JavaThread "Attach Listener" daemon [_thread_blocked, id=4324, stack(0x000000c071500000,0x000000c071a00000)]
  0x00000239809cb800 JavaThread "Signal Dispatcher" daemon [_thread_blocked, id=1384, stack(0x000000c071000000,0x000000c071500000)]
  0x0000023980a52000 JavaThread "Finalizer" daemon [_thread_blocked, id=14644, stack(0x000000c070b00000,0x000000c071000000)]
  0x0000023980a55000 JavaThread "Reference Handler" daemon [_thread_blocked, id=17264, stack(0x000000c070600000,0x000000c070b00000)]
  0x000002397d214000 JavaThread "main" [_thread_blocked, id=9620, stack(0x000000c070000000,0x000000c070100000)]

Other Threads:
  0x0000023980a5b000 VMThread [stack: 0x000000c070500000,0x000000c070600000] [id=9392]
  0x000002397f757800 WatcherThread [stack: 0x000000c072200000,0x000000c072300000] [id=3688]

VM state:not at safepoint (normal execution)

VM Mutex/Monitor currently owned by a thread: None

Heap:
 PSYoungGen      total 56320K, used 39902K [0x00000007bc400000, 0x00000007c0000000, 0x00000007c0000000)
  eden space 52224K, 76% used [0x00000007bc400000,0x00000007beaf7920,0x00000007bf700000)
  from space 4096K, 0% used [0x00000007bfc00000,0x00000007bfc00000,0x00000007c0000000)
  to   space 4608K, 0% used [0x00000007bf700000,0x00000007bf700000,0x00000007bfb80000)
 ParOldGen       total 156160K, used 52449K [0x0000000700000000, 0x0000000709880000, 0x00000007bc400000)
  object space 156160K, 33% used [0x0000000700000000,0x0000000703338788,0x0000000709880000)
 Metaspace       used 72535K, capacity 73269K, committed 73984K, reserved 1114112K
  class space    used 9533K, capacity 9679K, committed 9728K, reserved 1048576K

Card table byte_map: [0x000002390f3e0000,0x000002390f9f0000] byte_map_base: 0x000002390bbe0000

Marking Bits: (ParMarkBitMap*) 0x0000000063f7a6d0
 Begin Bits: [0x000002390ffe0000, 0x0000023912fe0000)
 End Bits:   [0x0000023912fe0000, 0x0000023915fe0000)

Polling page: 0x0000023900000000

CodeCache: size=245760Kb used=59945Kb max_used=60011Kb free=185814Kb
 bounds [0x0000023900020000, 0x0000023903b40000, 0x000002390f020000]
 total_blobs=16294 nmethods=15377 adapters=823
 compilation: enabled

Compilation events (10 events):
Event: 3561.721 Thread 0x00000239809c7000 20959       3       javax.accessibility.AccessibleRelationSet::<init> (15 bytes)
Event: 3561.722 Thread 0x00000239809c7000 nmethod 20959 0x000002390285e450 code [0x000002390285e5a0, 0x000002390285e778]
Event: 3562.722 Thread 0x00000239809c7000 20960       3       java.lang.invoke.MethodHandleNatives::refKindIsMethod (19 bytes)
Event: 3562.723 Thread 0x00000239809c7000 nmethod 20960 0x0000023901a5b6d0 code [0x0000023901a5b840, 0x0000023901a5bad8]
Event: 3562.723 Thread 0x00000239809c7000 20961       3       java.lang.invoke.MethodHandles$Lookup::<init> (15 bytes)
Event: 3562.724 Thread 0x00000239809c7000 nmethod 20961 0x0000023901c3e450 code [0x0000023901c3e5a0, 0x0000023901c3e778]
Event: 3562.833 Thread 0x00000239809c9000 20962       4       com.google.protobuf.ByteString::<init> (15 bytes)
Event: 3562.833 Thread 0x00000239809c7000 20963       3       com.google.protobuf.ByteString::size (6 bytes)
Event: 3562.833 Thread 0x00000239809c7000 nmethod 20963 0x0000023900497550 code [0x00000239004976a0, 0x0000023900497818]
Event: 3562.834 Thread 0x00000239809c9000 nmethod 20962 0x00000239004a7610 code [0x00000239004a7740, 0x00000239004a77d8]

GC Heap History (10 events):
Event: 3533.630 GC heap before
{Heap before GC invocations=1396 (full 572):
 PSYoungGen      total 57344K, used 7830K [0x00000007bc400000, 0x00000007c0000000, 0x00000007c0000000)
  eden space 53248K, 14% used [0x00000007bc400000,0x00000007bcb5dac0,0x00000007bf800000)
  from space 4096K, 7% used [0x00000007bf800000,0x00000007bf848000,0x00000007bfc00000)
  to   space 3584K, 0% used [0x00000007bfc80000,0x00000007bfc80000,0x00000007c0000000)
 ParOldGen       total 156160K, used 52868K [0x0000000700000000, 0x0000000709880000, 0x00000007bc400000)
  object space 156160K, 33% used [0x0000000700000000,0x00000007033a1300,0x0000000709880000)
 Metaspace       used 72372K, capacity 73027K, committed 73728K, reserved 1114112K
  class space    used 9491K, capacity 9644K, committed 9728K, reserved 1048576K
Event: 3533.637 GC heap after
Heap after GC invocations=1396 (full 572):
 PSYoungGen      total 56832K, used 2104K [0x00000007bc400000, 0x00000007c0000000, 0x00000007c0000000)
  eden space 53248K, 0% used [0x00000007bc400000,0x00000007bc400000,0x00000007bf800000)
  from space 3584K, 58% used [0x00000007bfc80000,0x00000007bfe8e0c0,0x00000007c0000000)
  to   space 4096K, 0% used [0x00000007bf800000,0x00000007bf800000,0x00000007bfc00000)
 ParOldGen       total 156160K, used 56501K [0x0000000700000000, 0x0000000709880000, 0x00000007bc400000)
  object space 156160K, 36% used [0x0000000700000000,0x000000070372d480,0x0000000709880000)
 Metaspace       used 72372K, capacity 73027K, committed 73728K, reserved 1114112K
  class space    used 9491K, capacity 9644K, committed 9728K, reserved 1048576K
}
Event: 3534.357 GC heap before
{Heap before GC invocations=1397 (full 572):
 PSYoungGen      total 56832K, used 6532K [0x00000007bc400000, 0x00000007c0000000, 0x00000007c0000000)
  eden space 53248K, 8% used [0x00000007bc400000,0x00000007bc853218,0x00000007bf800000)
  from space 3584K, 58% used [0x00000007bfc80000,0x00000007bfe8e0c0,0x00000007c0000000)
  to   space 4096K, 0% used [0x00000007bf800000,0x00000007bf800000,0x00000007bfc00000)
 ParOldGen       total 156160K, used 56501K [0x0000000700000000, 0x0000000709880000, 0x00000007bc400000)
  object space 156160K, 36% used [0x0000000700000000,0x000000070372d480,0x0000000709880000)
 Metaspace       used 72372K, capacity 73027K, committed 73728K, reserved 1114112K
  class space    used 9491K, capacity 9644K, committed 9728K, reserved 1048576K
Event: 3534.361 GC heap after
Heap after GC invocations=1397 (full 572):
 PSYoungGen      total 57344K, used 3920K [0x00000007bc400000, 0x00000007c0000000, 0x00000007c0000000)
  eden space 53248K, 0% used [0x00000007bc400000,0x00000007bc400000,0x00000007bf800000)
  from space 4096K, 95% used [0x00000007bf800000,0x00000007bfbd4180,0x00000007bfc00000)
  to   space 4096K, 0% used [0x00000007bfc00000,0x00000007bfc00000,0x00000007c0000000)
 ParOldGen       total 156160K, used 58317K [0x0000000700000000, 0x0000000709880000, 0x00000007bc400000)
  object space 156160K, 37% used [0x0000000700000000,0x00000007038f3540,0x0000000709880000)
 Metaspace       used 72372K, capacity 73027K, committed 73728K, reserved 1114112K
  class space    used 9491K, capacity 9644K, committed 9728K, reserved 1048576K
}
Event: 3534.361 GC heap before
{Heap before GC invocations=1398 (full 573):
 PSYoungGen      total 57344K, used 3920K [0x00000007bc400000, 0x00000007c0000000, 0x00000007c0000000)
  eden space 53248K, 0% used [0x00000007bc400000,0x00000007bc400000,0x00000007bf800000)
  from space 4096K, 95% used [0x00000007bf800000,0x00000007bfbd4180,0x00000007bfc00000)
  to   space 4096K, 0% used [0x00000007bfc00000,0x00000007bfc00000,0x00000007c0000000)
 ParOldGen       total 156160K, used 58317K [0x0000000700000000, 0x0000000709880000, 0x00000007bc400000)
  object space 156160K, 37% used [0x0000000700000000,0x00000007038f3540,0x0000000709880000)
 Metaspace       used 72372K, capacity 73027K, committed 73728K, reserved 1114112K
  class space    used 9491K, capacity 9644K, committed 9728K, reserved 1048576K
Event: 3534.445 GC heap after
Heap after GC invocations=1398 (full 573):
 PSYoungGen      total 57344K, used 0K [0x00000007bc400000, 0x00000007c0000000, 0x00000007c0000000)
  eden space 53248K, 0% used [0x00000007bc400000,0x00000007bc400000,0x00000007bf800000)
  from space 4096K, 0% used [0x00000007bf800000,0x00000007bf800000,0x00000007bfc00000)
  to   space 4096K, 0% used [0x00000007bfc00000,0x00000007bfc00000,0x00000007c0000000)
 ParOldGen       total 156160K, used 52738K [0x0000000700000000, 0x0000000709880000, 0x00000007bc400000)
  object space 156160K, 33% used [0x0000000700000000,0x0000000703380a68,0x0000000709880000)
 Metaspace       used 72372K, capacity 73027K, committed 73728K, reserved 1114112K
  class space    used 9491K, capacity 9644K, committed 9728K, reserved 1048576K
}
Event: 3551.636 GC heap before
{Heap before GC invocations=1399 (full 573):
 PSYoungGen      total 57344K, used 33755K [0x00000007bc400000, 0x00000007c0000000, 0x00000007c0000000)
  eden space 53248K, 63% used [0x00000007bc400000,0x00000007be4f6e70,0x00000007bf800000)
  from space 4096K, 0% used [0x00000007bf800000,0x00000007bf800000,0x00000007bfc00000)
  to   space 4096K, 0% used [0x00000007bfc00000,0x00000007bfc00000,0x00000007c0000000)
 ParOldGen       total 156160K, used 52738K [0x0000000700000000, 0x0000000709880000, 0x00000007bc400000)
  object space 156160K, 33% used [0x0000000700000000,0x0000000703380a68,0x0000000709880000)
 Metaspace       used 72374K, capacity 73027K, committed 73728K, reserved 1114112K
  class space    used 9491K, capacity 9644K, committed 9728K, reserved 1048576K
Event: 3551.640 GC heap after
Heap after GC invocations=1399 (full 573):
 PSYoungGen      total 56320K, used 2668K [0x00000007bc400000, 0x00000007c0000000, 0x00000007c0000000)
  eden space 52224K, 0% used [0x00000007bc400000,0x00000007bc400000,0x00000007bf700000)
  from space 4096K, 65% used [0x00000007bfc00000,0x00000007bfe9b118,0x00000007c0000000)
  to   space 4608K, 0% used [0x00000007bf700000,0x00000007bf700000,0x00000007bfb80000)
 ParOldGen       total 156160K, used 52738K [0x0000000700000000, 0x0000000709880000, 0x00000007bc400000)
  object space 156160K, 33% used [0x0000000700000000,0x0000000703380a68,0x0000000709880000)
 Metaspace       used 72374K, capacity 73027K, committed 73728K, reserved 1114112K
  class space    used 9491K, capacity 9644K, committed 9728K, reserved 1048576K
}
Event: 3551.640 GC heap before
{Heap before GC invocations=1400 (full 574):
 PSYoungGen      total 56320K, used 2668K [0x00000007bc400000, 0x00000007c0000000, 0x00000007c0000000)
  eden space 52224K, 0% used [0x00000007bc400000,0x00000007bc400000,0x00000007bf700000)
  from space 4096K, 65% used [0x00000007bfc00000,0x00000007bfe9b118,0x00000007c0000000)
  to   space 4608K, 0% used [0x00000007bf700000,0x00000007bf700000,0x00000007bfb80000)
 ParOldGen       total 156160K, used 52738K [0x0000000700000000, 0x0000000709880000, 0x00000007bc400000)
  object space 156160K, 33% used [0x0000000700000000,0x0000000703380a68,0x0000000709880000)
 Metaspace       used 72374K, capacity 73027K, committed 73728K, reserved 1114112K
  class space    used 9491K, capacity 9644K, committed 9728K, reserved 1048576K
Event: 3551.721 GC heap after
Heap after GC invocations=1400 (full 574):
 PSYoungGen      total 56320K, used 0K [0x00000007bc400000, 0x00000007c0000000, 0x00000007c0000000)
  eden space 52224K, 0% used [0x00000007bc400000,0x00000007bc400000,0x00000007bf700000)
  from space 4096K, 0% used [0x00000007bfc00000,0x00000007bfc00000,0x00000007c0000000)
  to   space 4608K, 0% used [0x00000007bf700000,0x00000007bf700000,0x00000007bfb80000)
 ParOldGen       total 156160K, used 52449K [0x0000000700000000, 0x0000000709880000, 0x00000007bc400000)
  object space 156160K, 33% used [0x0000000700000000,0x0000000703338788,0x0000000709880000)
 Metaspace       used 72374K, capacity 73027K, committed 73728K, reserved 1114112K
  class space    used 9491K, capacity 9644K, committed 9728K, reserved 1048576K
}

Deoptimization events (10 events):
Event: 3558.889 Thread 0x0000023981cd1000 Uncommon trap: reason=unstable_if action=reinterpret pc=0x0000023902cd0314 method=de.javasoft.plaf.synthetica.SyntheticaLookAndFeel.findComponent(Ljava/lang/String;Ljava/awt/Container;)Ljava/awt/Component; @ 28
Event: 3558.937 Thread 0x0000023981cd1000 Uncommon trap: reason=unstable_if action=reinterpret pc=0x0000023900d17354 method=de.javasoft.plaf.synthetica.SyntheticaLookAndFeel.popupHasIcons(Ljavax/swing/JPopupMenu;)Z @ 21
Event: 3558.937 Thread 0x0000023981cd1000 Uncommon trap: reason=unstable_if action=reinterpret pc=0x0000023901a7f7c4 method=de.javasoft.plaf.synthetica.SyntheticaLookAndFeel.popupHasCheckRadio(Ljavax/swing/JPopupMenu;)Z @ 21
Event: 3558.937 Thread 0x0000023981cd1000 Uncommon trap: reason=bimorphic action=maybe_recompile pc=0x0000023901b93f70 method=de.javasoft.plaf.synthetica.styles.ListStyle.getColor(Ljavax/swing/plaf/synth/SynthContext;Ljavax/swing/plaf/synth/ColorType;)Ljava/awt/Color; @ 13
Event: 3558.937 Thread 0x0000023981cd1000 Uncommon trap: reason=class_check action=maybe_recompile pc=0x000002390376e3b4 method=javax.swing.plaf.basic.BasicListUI.paintImpl(Ljava/awt/Graphics;Ljavax/swing/JComponent;)V @ 106
Event: 3558.942 Thread 0x0000023981cd1000 Uncommon trap: reason=bimorphic action=maybe_recompile pc=0x0000023901b93f70 method=de.javasoft.plaf.synthetica.styles.ListStyle.getColor(Ljavax/swing/plaf/synth/SynthContext;Ljavax/swing/plaf/synth/ColorType;)Ljava/awt/Color; @ 13
Event: 3561.679 Thread 0x0000023981cd1000 Uncommon trap: reason=bimorphic action=maybe_recompile pc=0x0000023901b93f70 method=de.javasoft.plaf.synthetica.styles.ListStyle.getColor(Ljavax/swing/plaf/synth/SynthContext;Ljavax/swing/plaf/synth/ColorType;)Ljava/awt/Color; @ 13
Event: 3561.688 Thread 0x0000023981cd1000 Uncommon trap: reason=bimorphic action=maybe_recompile pc=0x0000023901b93f70 method=de.javasoft.plaf.synthetica.styles.ListStyle.getColor(Ljavax/swing/plaf/synth/SynthContext;Ljavax/swing/plaf/synth/ColorType;)Ljava/awt/Color; @ 13
Event: 3562.725 Thread 0x0000023981cd1000 Uncommon trap: reason=null_check action=make_not_entrant pc=0x000002390219df70 method=java.util.jar.JarFile.getManifestFromReference()Ljava/util/jar/Manifest; @ 14
Event: 3562.833 Thread 0x0000023981cd1000 Uncommon trap: reason=unstable_if action=reinterpret pc=0x00000239019271f8 method=ui.views.waveform.executive.protobuf.WVPrefs$WVColorPrefs.isInitialized()Z @ 7

Internal exceptions (10 events):
Event: 3165.965 Thread 0x0000023981cd1000 Exception <a 'java/lang/NullPointerException'> (0x00000007bd7ffc00) thrown at [C:\re\workspace\8-2-build-windows-amd64-cygwin\jdk8u112\7884\hotspot\src\share\vm\runtime\sharedRuntime.cpp, line 605]
Event: 3166.001 Thread 0x0000023981cd1000 Implicit null exception at 0x0000023900b377e3 to 0x0000023900b37865
Event: 3166.004 Thread 0x0000023981cd1000 Implicit null exception at 0x00000239015ddae0 to 0x00000239015ddb51
Event: 3166.066 Thread 0x0000023981cd1000 Implicit null exception at 0x0000023902e95104 to 0x0000023902e981d5
Event: 3555.406 Thread 0x0000023981cd1000 Implicit null exception at 0x0000023900d56d33 to 0x0000023900d580a1
Event: 3555.415 Thread 0x0000023981cd1000 Implicit null exception at 0x0000023900979565 to 0x0000023900979aed
Event: 3555.419 Thread 0x0000023981cd1000 Implicit null exception at 0x0000023901e1ef55 to 0x0000023901e20065
Event: 3555.419 Thread 0x0000023981cd1000 Implicit null exception at 0x0000023902fc8318 to 0x0000023902fc8ff5
Event: 3555.419 Thread 0x0000023981cd1000 Implicit null exception at 0x0000023902f989ba to 0x0000023902f9969d
Event: 3562.724 Thread 0x0000023981cd1000 Implicit null exception at 0x0000023902196042 to 0x000002390219df39

Events (10 events):
Event: 3562.724 loading class com/jidesoft/combobox/CheckBoxListExComboBox
Event: 3562.724 loading class com/jidesoft/combobox/CheckBoxListExComboBox done
Event: 3562.724 Thread 0x0000023981cd1000 Uncommon trap: trap_request=0xfffffff4 fr.pc=0x000002390219df70
Event: 3562.725 Thread 0x0000023981cd1000 DEOPT PACKING pc=0x000002390219df70 sp=0x000000c0745fa6f0
Event: 3562.725 Thread 0x0000023981cd1000 DEOPT UNPACKING pc=0x0000023900065832 sp=0x000000c0745fa4d8 mode 2
Event: 3562.726 loading class com/jidesoft/combobox/MultiSelectListExComboBox
Event: 3562.726 loading class com/jidesoft/combobox/MultiSelectListExComboBox done
Event: 3562.833 Thread 0x0000023981cd1000 Uncommon trap: trap_request=0xffffff65 fr.pc=0x00000239019271f8
Event: 3562.833 Thread 0x0000023981cd1000 DEOPT PACKING pc=0x00000239019271f8 sp=0x000000c0745fd3b0
Event: 3562.833 Thread 0x0000023981cd1000 DEOPT UNPACKING pc=0x0000023900065832 sp=0x000000c0745fd358 mode 2


Dynamic libraries:
0x00007ff6fbae0000 - 0x00007ff6fbb12000 	C:\Xilinx\Vivado\2017.2\bin\unwrapped\win64.o\vivado.exe
0x00007fff1fda0000 - 0x00007fff1ff7b000 	C:\WINDOWS\SYSTEM32\ntdll.dll
0x00007fff1d300000 - 0x00007fff1d3ae000 	C:\WINDOWS\System32\KERNEL32.DLL
0x00007fff1c330000 - 0x00007fff1c579000 	C:\WINDOWS\System32\KERNELBASE.dll
0x00007fff1d200000 - 0x00007fff1d2f6000 	C:\WINDOWS\System32\ucrtbase.dll
0x000000000a900000 - 0x000000000a983000 	C:\Xilinx\Vivado\2017.2\lib\win64.o\SHSMP64.dll
0x00007fff18830000 - 0x00007fff18844000 	C:\Xilinx\Vivado\2017.2\lib\win64.o\libboost_signals.dll
0x00007fff1d880000 - 0x00007fff1d9ca000 	C:\WINDOWS\System32\USER32.dll
0x00007fff17a60000 - 0x00007fff17a74000 	C:\Xilinx\Vivado\2017.2\lib\win64.o\librdi_commonmain.dll
0x00007ffeda500000 - 0x00007ffedb10f000 	C:\Xilinx\Vivado\2017.2\lib\win64.o\librdi_common.dll
0x00007fff1c310000 - 0x00007fff1c32e000 	C:\WINDOWS\System32\win32u.dll
0x00007fff0aec0000 - 0x00007fff0af5d000 	C:\WINDOWS\SYSTEM32\MSVCP140.dll
0x00007fff1e570000 - 0x00007fff1e597000 	C:\WINDOWS\System32\GDI32.dll
0x00007fff03bd0000 - 0x00007fff03be7000 	C:\WINDOWS\SYSTEM32\VCRUNTIME140.dll
0x00007fff1c620000 - 0x00007fff1c7a7000 	C:\WINDOWS\System32\gdi32full.dll
0x00007fff1e700000 - 0x00007fff1e7a1000 	C:\WINDOWS\System32\ADVAPI32.dll
0x00007fff1c580000 - 0x00007fff1c61a000 	C:\WINDOWS\System32\msvcp_win.dll
0x00007fff1e090000 - 0x00007fff1e12d000 	C:\WINDOWS\System32\msvcrt.dll
0x00007fff1dbe0000 - 0x00007fff1dc39000 	C:\WINDOWS\System32\sechost.dll
0x00007fff1df60000 - 0x00007fff1e085000 	C:\WINDOWS\System32\RPCRT4.dll
0x00007fff1a310000 - 0x00007fff1a31a000 	C:\Xilinx\Vivado\2017.2\lib\win64.o\librdi_commonversion.dll
0x00007fff0ea10000 - 0x00007fff0ea36000 	C:\Xilinx\Vivado\2017.2\lib\win64.o\libboost_filesystem.dll
0x00007fff1e7b0000 - 0x00007fff1fbe6000 	C:\WINDOWS\System32\SHELL32.dll
0x00007fff1c2c0000 - 0x00007fff1c309000 	C:\WINDOWS\System32\cfgmgr32.dll
0x00007ffefc0b0000 - 0x00007ffefc1b1000 	C:\Xilinx\Vivado\2017.2\lib\win64.o\librdi_commonxillic.dll
0x00007fff1e5a0000 - 0x00007fff1e64a000 	C:\WINDOWS\System32\shcore.dll
0x0000000064a10000 - 0x0000000064b3b000 	C:\Xilinx\Vivado\2017.2\lib\win64.o\tcl85t.dll
0x00007fff1dc40000 - 0x00007fff1df39000 	C:\WINDOWS\System32\combase.dll
0x00007fff1d7f0000 - 0x00007fff1d85c000 	C:\WINDOWS\System32\WS2_32.dll
0x00007ffefbd40000 - 0x00007ffefc0ae000 	C:\Xilinx\Vivado\2017.2\lib\win64.o\libCOIN-all.dll
0x00007fff1c860000 - 0x00007fff1c8ca000 	C:\WINDOWS\System32\bcryptPrimitives.dll
0x00007fff1cb00000 - 0x00007fff1d1f1000 	C:\WINDOWS\System32\windows.storage.dll
0x00007fff1e3a0000 - 0x00007fff1e3f1000 	C:\WINDOWS\System32\shlwapi.dll
0x00007ffefba40000 - 0x00007ffefbd31000 	C:\Xilinx\Vivado\2017.2\lib\win64.o\libXil_lmgr11.dll
0x00007fff0e9d0000 - 0x00007fff0e9e4000 	C:\Xilinx\Vivado\2017.2\lib\win64.o\libboost_date_time.dll
0x00007fff1c2a0000 - 0x00007fff1c2b1000 	C:\WINDOWS\System32\kernel.appcore.dll
0x00007fff1e400000 - 0x00007fff1e508000 	C:\WINDOWS\System32\COMDLG32.dll
0x00007fff1c250000 - 0x00007fff1c29c000 	C:\WINDOWS\System32\powrprof.dll
0x00007fff1c230000 - 0x00007fff1c245000 	C:\WINDOWS\System32\profapi.dll
0x00007fff1e280000 - 0x00007fff1e340000 	C:\WINDOWS\System32\OLEAUT32.dll
0x00007fff0ae40000 - 0x00007fff0aebe000 	C:\Xilinx\Vivado\2017.2\lib\win64.o\libboost_program_options.dll
0x00007ffefb930000 - 0x00007ffefba3d000 	C:\Xilinx\Vivado\2017.2\lib\win64.o\libboost_regex.dll
0x00007fff1e130000 - 0x00007fff1e275000 	C:\WINDOWS\System32\ole32.dll
0x00007fff1caa0000 - 0x00007fff1caf6000 	C:\WINDOWS\System32\WINTRUST.dll
0x00007fff1c210000 - 0x00007fff1c221000 	C:\WINDOWS\System32\MSASN1.dll
0x00007fff0e8b0000 - 0x00007fff0e8d0000 	C:\Xilinx\Vivado\2017.2\lib\win64.o\libboost_thread.dll
0x00007fff1c8d0000 - 0x00007fff1ca99000 	C:\WINDOWS\System32\CRYPT32.dll
0x00007fff1a290000 - 0x00007fff1a29b000 	C:\Xilinx\Vivado\2017.2\lib\win64.o\libboost_system.dll
0x00007fff12190000 - 0x00007fff1219f000 	C:\Xilinx\Vivado\2017.2\lib\win64.o\libboost_xilinx.dll
0x00007ffefb8a0000 - 0x00007ffefb922000 	C:\Xilinx\Vivado\2017.2\lib\win64.o\libhdlpsolve.dll
0x00007fff0c9d0000 - 0x00007fff0c9fe000 	C:\Xilinx\Vivado\2017.2\lib\win64.o\libisl_sysinfo.dll
0x00007ffefb7f0000 - 0x00007ffefb895000 	C:\Xilinx\Vivado\2017.2\lib\win64.o\libhdxml.dll
0x00007ffeed120000 - 0x00007ffeed4fe000 	C:\Xilinx\Vivado\2017.2\lib\win64.o\libisl_iostreams.dll
0x0000000063760000 - 0x0000000063ffa000 	C:\Xilinx\Vivado\2017.2\tps\win64\jre\bin\server\jvm.dll
0x00007fff0cde0000 - 0x00007fff0cdf5000 	C:\Xilinx\Vivado\2017.2\lib\win64.o\pthreadVC2.dll
0x00007ffefb690000 - 0x00007ffefb7e1000 	C:\Xilinx\Vivado\2017.2\lib\win64.o\librdi_curl.dll
0x00007fff0c9a0000 - 0x00007fff0c9c1000 	C:\Xilinx\Vivado\2017.2\lib\win64.o\librdizlib.dll
0x00007fff0c7e0000 - 0x00007fff0c7fc000 	C:\Xilinx\Vivado\2017.2\lib\win64.o\librdiconfig.dll
0x00007fff1d860000 - 0x00007fff1d868000 	C:\WINDOWS\System32\PSAPI.DLL
0x0000000012000000 - 0x0000000012272000 	C:\Xilinx\Vivado\2017.2\lib\win64.o\xerces-c_3_1.dll
0x00007fff16170000 - 0x00007fff1617a000 	C:\WINDOWS\SYSTEM32\VERSION.dll
0x00007fff06970000 - 0x00007fff06c9e000 	C:\WINDOWS\SYSTEM32\WININET.dll
0x00007fff0f0e0000 - 0x00007fff0f1b7000 	C:\WINDOWS\SYSTEM32\WINHTTP.dll
0x00007fff0f800000 - 0x00007fff0f9c7000 	C:\WINDOWS\SYSTEM32\urlmon.dll
0x00007fff06d90000 - 0x00007fff06da7000 	C:\WINDOWS\SYSTEM32\NETAPI32.dll
0x00007fff05130000 - 0x00007fff05139000 	C:\WINDOWS\SYSTEM32\WSOCK32.dll
0x00007fff142e0000 - 0x00007fff14386000 	C:\WINDOWS\WinSxS\amd64_microsoft.windows.common-controls_6595b64144ccf1df_5.82.15063.413_none_0e0f5dcc67adff4e\COMCTL32.dll
0x00007fff0c7b0000 - 0x00007fff0c7de000 	C:\WINDOWS\SYSTEM32\VCOMP140.DLL
0x00007ffed9660000 - 0x00007ffeda4f1000 	C:\Xilinx\Vivado\2017.2\lib\win64.o\gurobi65.dll
0x00007fff0dd80000 - 0x00007fff0de54000 	C:\WINDOWS\SYSTEM32\MSVCR110.dll
0x00007fff0e9c0000 - 0x00007fff0e9cd000 	C:\Xilinx\Vivado\2017.2\lib\win64.o\libboost_chrono.dll
0x00007fff0b300000 - 0x00007fff0b325000 	C:\Xilinx\Vivado\2017.2\lib\win64.o\libisl_iosutils.dll
0x00007fff19240000 - 0x00007fff19263000 	C:\WINDOWS\SYSTEM32\WINMM.dll
0x0000000064930000 - 0x0000000064a02000 	C:\WINDOWS\SYSTEM32\MSVCR100.dll
0x00007fff0b2e0000 - 0x00007fff0b2fb000 	C:\Xilinx\Vivado\2017.2\lib\win64.o\libboost_iostreams.dll
0x00007fff10440000 - 0x00007fff106ca000 	C:\WINDOWS\SYSTEM32\iertutil.dll
0x00007fff19210000 - 0x00007fff1923b000 	C:\WINDOWS\SYSTEM32\winmmbase.dll
0x00007fff1bcc0000 - 0x00007fff1bccb000 	C:\WINDOWS\SYSTEM32\CRYPTBASE.DLL
0x00007fff1e6d0000 - 0x00007fff1e6fd000 	C:\WINDOWS\System32\IMM32.DLL
0x00007ffeeae90000 - 0x00007ffeeb2f3000 	C:\Xilinx\Vivado\2017.2\lib\win64.o\librdi_commontasks.dll
0x00007ffeefa70000 - 0x00007ffeefc9a000 	C:\Xilinx\Vivado\2017.2\lib\win64.o\librdi_sio.dll
0x00007fff1b8c0000 - 0x00007fff1b8f7000 	C:\WINDOWS\SYSTEM32\IPHLPAPI.DLL
0x00007ffed76d0000 - 0x00007ffed9651000 	C:\Xilinx\Vivado\2017.2\lib\win64.o\librdi_tcltasks.dll
0x00007ffeed5c0000 - 0x00007ffeed735000 	C:\Xilinx\Vivado\2017.2\lib\win64.o\librdi_board.dll
0x00007ffeec690000 - 0x00007ffeec9f2000 	C:\Xilinx\Vivado\2017.2\lib\win64.o\librdi_bitstream.dll
0x00007ffeecc50000 - 0x00007ffeece69000 	C:\Xilinx\Vivado\2017.2\lib\win64.o\librdi_chipscope.dll
0x00007ffefaf50000 - 0x00007ffefb04e000 	C:\Xilinx\Vivado\2017.2\lib\win64.o\librdi_containers.dll
0x00007ffed61d0000 - 0x00007ffed76c6000 	C:\Xilinx\Vivado\2017.2\lib\win64.o\librdi_constraints.dll
0x00007ffed36e0000 - 0x00007ffed61cf000 	C:\Xilinx\Vivado\2017.2\lib\win64.o\librdi_coregen.dll
0x00007ffeeac30000 - 0x00007ffeeae90000 	C:\Xilinx\Vivado\2017.2\lib\win64.o\librdi_dlyest.dll
0x00007ffee8a10000 - 0x00007ffee8f13000 	C:\Xilinx\Vivado\2017.2\lib\win64.o\librdi_drc.dll
0x00007ffef02f0000 - 0x00007ffef03be000 	C:\Xilinx\Vivado\2017.2\lib\win64.o\librdi_dsp.dll
0x00007ffecfc50000 - 0x00007ffed36dd000 	C:\Xilinx\Vivado\2017.2\lib\win64.o\librdi_designutils.dll
0x00007ffec3630000 - 0x00007ffec3b70000 	C:\Xilinx\Vivado\2017.2\lib\win64.o\librdi_filemgmt.dll
0x00007ffee8790000 - 0x00007ffee8a0a000 	C:\Xilinx\Vivado\2017.2\lib\win64.o\librdi_guitools.dll
0x00007ffec2110000 - 0x00007ffec2704000 	C:\Xilinx\Vivado\2017.2\lib\win64.o\librdi_memdata.dll
0x00007ffec2710000 - 0x00007ffec3623000 	C:\Xilinx\Vivado\2017.2\lib\win64.o\librdi_implflow.dll
0x00007ffec3b70000 - 0x00007ffecfc4b000 	C:\Xilinx\Vivado\2017.2\lib\win64.o\librdi_device.dll
0x00007fff0b020000 - 0x00007fff0b061000 	C:\Xilinx\Vivado\2017.2\lib\win64.o\librdi_pfi.dll
0x00007ffebfd30000 - 0x00007ffec01b5000 	C:\Xilinx\Vivado\2017.2\lib\win64.o\librdi_netlist.dll
0x00007ffeeb420000 - 0x00007ffeeb5db000 	C:\Xilinx\Vivado\2017.2\lib\win64.o\librdi_platform.dll
0x00007ffebda50000 - 0x00007ffebe0c5000 	C:\Xilinx\Vivado\2017.2\lib\win64.o\librdi_power.dll
0x00007ffebd540000 - 0x00007ffebda4e000 	C:\Xilinx\Vivado\2017.2\lib\win64.o\librdi_project.dll
0x00007ffebe0d0000 - 0x00007ffebfd2a000 	C:\Xilinx\Vivado\2017.2\lib\win64.o\librdi_place.dll
0x00007fff0aba0000 - 0x00007fff0ac08000 	C:\Xilinx\Vivado\2017.2\lib\win64.o\librdi_boarddep.dll
0x00007ffebcf50000 - 0x00007ffebd532000 	C:\Xilinx\Vivado\2017.2\lib\win64.o\librdi_psta.dll
0x00007ffedbc20000 - 0x00007ffedbf98000 	C:\Xilinx\Vivado\2017.2\lib\win64.o\librdi_runs.dll
0x00007ffef12e0000 - 0x00007ffef1369000 	C:\Xilinx\Vivado\2017.2\lib\win64.o\librdi_runsbase.dll
0x00007ffebc870000 - 0x00007ffebcf43000 	C:\Xilinx\Vivado\2017.2\lib\win64.o\librdi_rsb.dll
0x00007ffedc3f0000 - 0x00007ffedc59e000 	C:\Xilinx\Vivado\2017.2\lib\win64.o\librdi_simdata.dll
0x00007fff09ec0000 - 0x00007fff09f25000 	C:\Xilinx\Vivado\2017.2\lib\win64.o\liblmx6.0.dll
0x00007ffebbca0000 - 0x00007ffebc869000 	C:\Xilinx\Vivado\2017.2\lib\win64.o\librdi_timing.dll
0x00007ffec01c0000 - 0x00007ffec2109000 	C:\Xilinx\Vivado\2017.2\lib\win64.o\librdi_mig.dll
0x00007fff09ce0000 - 0x00007fff09d2b000 	C:\Xilinx\Vivado\2017.2\lib\win64.o\libboost_serialization.dll
0x00007ffeef9d0000 - 0x00007ffeefa6e000 	C:\Xilinx\Vivado\2017.2\lib\win64.o\libise.dll
0x00007ffebb5d0000 - 0x00007ffebbc96000 	C:\Xilinx\Vivado\2017.2\lib\win64.o\librdi_coregenipxact.dll
0x00007ffebab50000 - 0x00007ffebb5c2000 	C:\Xilinx\Vivado\2017.2\lib\win64.o\libverific.dll
0x00007ffefdcc0000 - 0x00007ffefdd05000 	C:\Xilinx\Vivado\2017.2\lib\win64.o\librdi_wavedata_SimpleApi.dll
0x00007ffeba730000 - 0x00007ffebab4e000 	C:\Xilinx\Vivado\2017.2\lib\win64.o\librdi_wavedata.dll
0x00007ffeba1e0000 - 0x00007ffeba72e000 	C:\Xilinx\Vivado\2017.2\lib\win64.o\librdi_xdm.dll
0x00007ffefb640000 - 0x00007ffefb688000 	C:\Xilinx\Vivado\2017.2\lib\win64.o\librdi_hdf.dll
0x00007ffeb9210000 - 0x00007ffeb9436000 	C:\Xilinx\Vivado\2017.2\lib\win64.o\librdi_hsm.dll
0x00007ffeb9440000 - 0x00007ffeba1df000 	C:\Xilinx\Vivado\2017.2\lib\win64.o\librdi_route.dll
0x00007ffef1430000 - 0x00007ffef1482000 	C:\Xilinx\Vivado\2017.2\lib\win64.o\librdi_projectbase.dll
0x00007ffeb8ae0000 - 0x00007ffeb9206000 	C:\Xilinx\Vivado\2017.2\lib\win64.o\librdi_labtools.dll
0x00007fff0b110000 - 0x00007fff0b12a000 	C:\Xilinx\Vivado\2017.2\lib\win64.o\librdi_hmetis.dll
0x00007ffeb6980000 - 0x00007ffeb6f42000 	C:\Xilinx\Vivado\2017.2\lib\win64.o\librdi_abc_nomp.dll
0x00007ffeecb80000 - 0x00007ffeecc41000 	C:\Xilinx\Vivado\2017.2\lib\win64.o\librdi_hwh.dll

VM Arguments:
jvm_args: -Dsun.java2d.pmoffscreen=false -Dsun.java2d.d3d=false -Dsun.awt.nopixfmt=true -Xverify:none -Dswing.aatext=true -XX:-UsePerfData -Djdk.map.althashing.threshold=512 -XX:StringTableSize=4072 -XX:NewSize=60m -XX:MaxNewSize=60m -Xms128m -Xmx3072m -Xss5m 
java_command: <unknown>
java_class_path (initial): C:/Xilinx/Vivado/2017.2\lib\classes\alloy.jar;C:/Xilinx/Vivado/2017.2\lib\classes\batik-anim.jar;C:/Xilinx/Vivado/2017.2\lib\classes\batik-awt-util.jar;C:/Xilinx/Vivado/2017.2\lib\classes\batik-bridge.jar;C:/Xilinx/Vivado/2017.2\lib\classes\batik-codec.jar;C:/Xilinx/Vivado/2017.2\lib\classes\batik-css.jar;C:/Xilinx/Vivado/2017.2\lib\classes\batik-dom.jar;C:/Xilinx/Vivado/2017.2\lib\classes\batik-ext.jar;C:/Xilinx/Vivado/2017.2\lib\classes\batik-gui-util.jar;C:/Xilinx/Vivado/2017.2\lib\classes\batik-gvt.jar;C:/Xilinx/Vivado/2017.2\lib\classes\batik-parser.jar;C:/Xilinx/Vivado/2017.2\lib\classes\batik-script.jar;C:/Xilinx/Vivado/2017.2\lib\classes\batik-svg-dom.jar;C:/Xilinx/Vivado/2017.2\lib\classes\batik-swing.jar;C:/Xilinx/Vivado/2017.2\lib\classes\batik-transcoder.jar;C:/Xilinx/Vivado/2017.2\lib\classes\batik-util.jar;C:/Xilinx/Vivado/2017.2\lib\classes\batik-xml.jar;C:/Xilinx/Vivado/2017.2\lib\classes\commons-math-2.2.jar;C:/Xilinx/Vivado/2017.2\lib\classes\dom4j-1.6.1.jar;C:/Xilinx/Vivado/2017.2\lib\classes\forms.jar;C:/Xilinx/Vivado/2017.2\lib\classes\guava-18.0.jar;C:/Xilinx/Vivado/2017.2\lib\classes\help.jar;C:/Xilinx/Vivado/2017.2\lib\classes\hsqldb.jar;C:/Xilinx/Vivado/2017.2\lib\classes\jh.jar;C:/Xilinx/Vivado/2017.2\lib\classes\jide-action.jar;C:/Xilinx/Vivado/2017.2\lib\classes\jide-charts.jar;C:/Xilinx/Vivado/2017.2\lib\classes\jide-common.jar;C:/Xilinx/Vivado/2017.2\lib\classes\jide-components.jar;C:/Xilinx/Vivado/2017.2\lib\classes\jide-dashboard.jar;C:/Xilinx/Vivado/2017.2\lib\classes\jide-data.jar;C:/Xilinx/Vivado/2017.2\lib\classes\jide-dialogs.jar;C:/Xilinx/Vivado/2017.2\lib\classes\jide-diff.jar;C:/Xilinx/Vivado/2017.2\lib\classes\jide-dock.jar;C:/Xilinx/Vivado/2017.2\lib\classes\jide-editor.jar;C:/Xilinx/Vivado/2017.2\lib\classes\jide-gantt.jar;C:/Xilinx/Vivado/2017.2\lib\classes\jide-grids.jar;C:/Xilinx/Vivado/2017.2\lib\classes\jide-pivot.jar;C:/Xilinx/Vivado/2017.2\lib\classes\jide-plaf-jdk7.jar;C:/Xilinx/Vivado/2
Launcher Type: generic

Environment Variables:
PATH=C:/Xilinx/Vivado/2017.2/bin;C:/Xilinx/Vivado/2017.2/lib/win64.o;C:/Xilinx/Vivado/2017.2/tps/win64/jre/bin/server;C:/Xilinx/Vivado/2017.2/tps/win64/jre/bin;C:/Xilinx/Vivado/2017.2/ids_lite/ISE/bin/nt64;C:/Xilinx/Vivado/2017.2/ids_lite/ISE/lib/nt64;C:/Xilinx/Vivado_HLS/2017.2/bin;C:\Program Files (x86)\NVIDIA Corporation\PhysX\Common;C:\WINDOWS\system32;C:\WINDOWS;C:\WINDOWS\System32\Wbem;C:\WINDOWS\System32\WindowsPowerShell\v1.0\;C:\Aldec\Active-HDL-Student-Edition\bin;C:\Program Files\MATLAB\R2016a\runtime\win64;C:\Program Files\MATLAB\R2016a\bin;C:\Program Files (x86)\IVI Foundation\VISA\WinNT\Bin\;C:\Program Files\IVI Foundation\VISA\Win64\Bin\;C:\Program Files (x86)\Nordic Semiconductor\nrf5x\bin\;C:\Program Files (x86)\Skype\Phone\;C:\Program Files\Intel\WiFi\bin\;C:\Program Files\Common Files\Intel\WirelessCommon\;C:\Program Files\Git\cmd;C:\Program Files\MiKTeX 2.9\miktex\bin\x64\;C:\Users\Torgeir Leithe\AppData\Local\Microsoft\WindowsApps;C:/Xilinx/Vivado/2017.2\tps\mingw\6.2.0\win64.o\nt\bin;C:/Xilinx/Vivado/2017.2\tps\mingw\6.2.0\win64.o\nt\libexec\gcc\x86_64-w64-mingw32\6.2.0
USERNAME=Torgeir Leithe
OS=Windows_NT
PROCESSOR_IDENTIFIER=Intel64 Family 6 Model 94 Stepping 3, GenuineIntel



---------------  S Y S T E M  ---------------

OS: Windows 10.0 , 64 bit Build 15063 (10.0.15063.296)

CPU:total 4 (4 cores per cpu, 1 threads per core) family 6 model 94 stepping 3, cmov, cx8, fxsr, mmx, sse, sse2, sse3, ssse3, sse4.1, sse4.2, popcnt, avx, avx2, aes, clmul, erms, rtm, 3dnowpref, lzcnt, tsc, tscinvbit, bmi1, bmi2, adx

Memory: 4k page, physical 8238800k(3589736k free), swap 15054544k(7817292k free)

vm_info: Java HotSpot(TM) 64-Bit Server VM (25.112-b15) for windows-amd64 JRE (1.8.0_112-b15), built on Sep 22 2016 21:31:56 by "java_re" with MS VC++ 10.0 (VS2010)

time: Sun Oct 22 22:22:38 2017
elapsed time: 3562 seconds (0d 0h 59m 22s)

