#
# A fatal error has been detected by the Java Runtime Environment:
#
#  EXCEPTION_ACCESS_VIOLATION (0xc0000005) at pc=0x00007ffeba76c19e, pid=15384, tid=0x0000000000003dc8
#
# JRE version: Java(TM) SE Runtime Environment (8.0_112-b15) (build 1.8.0_112-b15)
# Java VM: Java HotSpot(TM) 64-Bit Server VM (25.112-b15 mixed mode windows-amd64 compressed oops)
# Problematic frame:
# C  [librdi_wavedata.dll+0x3c19e]
#
# Failed to write core dump. Minidumps are not enabled by default on client versions of Windows
#
# If you would like to submit a bug report, please visit:
#   http://bugreport.java.com/bugreport/crash.jsp
# The crash happened outside the Java Virtual Machine in native code.
# See problematic frame for where to report the bug.
#

---------------  T H R E A D  ---------------

Current thread (0x00000237f57dc000):  JavaThread "AWT-EventQueue-1" [_thread_in_native, id=15816, stack(0x0000009d5dd00000,0x0000009d5e200000)]

siginfo: ExceptionCode=0xc0000005, reading address 0x0000000000000000

Registers:
RAX=0x0000000000000000, RBX=0x0000000000000000, RCX=0x0000009d5e1fc9f0, RDX=0x0000000000000000
RSP=0x0000009d5e1fc950, RBP=0x0000009d5e1fcac0, RSI=0x0000009d5e1fc9f0, RDI=0x0000009d5e1fcc18
R8 =0x0000009d5e1fccd8, R9 =0x00007fff1d2b4900, R10=0x7113aff00cc09891, R11=0x00004ff00c3f66a9
R12=0x00007ffebab0fb10, R13=0x000002384b66c420, R14=0x0000000000000000, R15=0x0000000000000000
RIP=0x00007ffeba76c19e, EFLAGS=0x0000000000010246

Top of Stack: (sp=0x0000009d5e1fc950)
0x0000009d5e1fc950:   0000000000000000 0000009d5e1fccd8
0x0000009d5e1fc960:   0000009d5e1fcae0 00007fff0aefeccb
0x0000009d5e1fc970:   fffffffffffffffe 0000009d5e1fc9a0
0x0000009d5e1fc980:   0000009d5e1fcac0 00000237f7a0e040
0x0000009d5e1fc990:   00007ffebab0fb58 0000000000000000
0x0000009d5e1fc9a0:   00007ffebab0fb10 0000009d5e1fcc18
0x0000009d5e1fc9b0:   00007ffebaaf96a8 00007ffeba8a2dd5
0x0000009d5e1fc9c0:   0000009d5e1fc9f0 0000009d00000000
0x0000009d5e1fc9d0:   0000009d5e1fccd8 0000000000000000
0x0000009d5e1fc9e0:   0000023800000002 fffffffffffffffe
0x0000009d5e1fc9f0:   00007ffeba9e1510 00007ffeba9e1488
0x0000009d5e1fca00:   0000000000000000 0000000000000000
0x0000009d5e1fca10:   0000009d5e1fca00 0000009d5e1fca08
0x0000009d5e1fca20:   0000000000000000 0000000000000000
0x0000009d5e1fca30:   0000009d5e1fca20 0000009d5e1fca28
0x0000009d5e1fca40:   0000000000000000 0000009d5e1fca40 

Instructions: (pc=0x00007ffeba76c19e)
0x00007ffeba76c17e:   83 ec 40 48 c7 44 24 20 fe ff ff ff 48 89 9c 24
0x00007ffeba76c18e:   80 00 00 00 4c 8b fa 48 8b f1 33 db 89 5c 24 78
0x00007ffeba76c19e:   38 1a 75 05 45 33 f6 eb 12 49 83 ce ff 0f 1f 44
0x00007ffeba76c1ae:   00 00 49 ff c6 42 38 1c 32 75 f7 48 8b 01 48 63 


Register to memory mapping:

RAX=0x0000000000000000 is an unknown value
RBX=0x0000000000000000 is an unknown value
RCX=0x0000009d5e1fc9f0 is pointing into the stack for thread: 0x00000237f57dc000
RDX=0x0000000000000000 is an unknown value
RSP=0x0000009d5e1fc950 is pointing into the stack for thread: 0x00000237f57dc000
RBP=0x0000009d5e1fcac0 is pointing into the stack for thread: 0x00000237f57dc000
RSI=0x0000009d5e1fc9f0 is pointing into the stack for thread: 0x00000237f57dc000
RDI=0x0000009d5e1fcc18 is pointing into the stack for thread: 0x00000237f57dc000
R8 =0x0000009d5e1fccd8 is pointing into the stack for thread: 0x00000237f57dc000
R9 =0x00007fff1d2b4900 is an unknown value
R10=0x7113aff00cc09891 is an unknown value
R11=0x00004ff00c3f66a9 is an unknown value
R12=0x00007ffebab0fb10 is an unknown value
R13=0x000002384b66c420 is an unknown value
R14=0x0000000000000000 is an unknown value
R15=0x0000000000000000 is an unknown value


Stack: [0x0000009d5dd00000,0x0000009d5e200000],  sp=0x0000009d5e1fc950,  free space=5106k
Native frames: (J=compiled Java code, j=interpreted, Vv=VM code, C=native code)
C  [librdi_wavedata.dll+0x3c19e]
C  [librdi_wavedata.dll+0x172dd5]
C  [librdi_wavedata.dll+0x16b731]
C  [librdi_wavedata.dll+0x16b1a2]
C  [librdi_wavedata.dll+0x176112]
C  [librdi_wavedata.dll+0x17546a]
C  [librdi_wavedata.dll+0x1756e6]
C  [librdi_wavedata.dll+0x198558]
C  0x00000237dbf7925b

Java frames: (J=compiled Java code, j=interpreted, Vv=VM code)
j  ui.views.waveform.waveformi.WVExecutive_setPrefsMessage(JLjava/lang/String;)V+0
j  ui.views.waveform.executive.a.Wh(Ljava/lang/String;)V+5
j  ui.views.waveform.a.ghp()V+128
j  ui.views.waveform.a.c(Lui/views/waveform/a;)V+1
j  ui.views.waveform.f.actionPerformed(Ljava/awt/event/ActionEvent;)V+4
J 20408 C2 javax.swing.JComboBox.fireActionEvent()V (143 bytes) @ 0x00000237df96e2c4 [0x00000237df96dc20+0x6a4]
J 24963 C2 javax.swing.JComboBox.setSelectedItem(Ljava/lang/Object;)V (138 bytes) @ 0x00000237e01c55b8 [0x00000237e01c51e0+0x3d8]
j  ui.g.n.e.e.setSelectedItem(Ljava/lang/Object;)V+38
j  javax.swing.JComboBox.setSelectedIndex(I)V+76
j  javax.swing.plaf.basic.BasicComboPopup$Handler.mouseReleased(Ljava/awt/event/MouseEvent;)V+97
J 31145 C2 java.awt.AWTEventMulticaster.mouseReleased(Ljava/awt/event/MouseEvent;)V (27 bytes) @ 0x00000237dd1fd194 [0x00000237dd1fd0e0+0xb4]
J 31145 C2 java.awt.AWTEventMulticaster.mouseReleased(Ljava/awt/event/MouseEvent;)V (27 bytes) @ 0x00000237dd1fd154 [0x00000237dd1fd0e0+0x74]
J 24539 C2 javax.swing.JComponent.processMouseEvent(Ljava/awt/event/MouseEvent;)V (27 bytes) @ 0x00000237dc1fd708 [0x00000237dc1fd620+0xe8]
j  javax.swing.plaf.basic.BasicComboPopup$1.processMouseEvent(Ljava/awt/event/MouseEvent;)V+70
J 10800 C2 java.awt.Container.processEvent(Ljava/awt/AWTEvent;)V (22 bytes) @ 0x00000237dd4cfffc [0x00000237dd4cfee0+0x11c]
J 26512 C2 java.awt.Component.dispatchEventImpl(Ljava/awt/AWTEvent;)V (883 bytes) @ 0x00000237dffa0550 [0x00000237dff9f9a0+0xbb0]
J 28265 C2 java.awt.Container.dispatchEventImpl(Ljava/awt/AWTEvent;)V (129 bytes) @ 0x00000237dfb0f3b4 [0x00000237dfb0f160+0x254]
J 14859 C2 java.awt.LightweightDispatcher.retargetMouseEvent(Ljava/awt/Component;ILjava/awt/event/MouseEvent;)V (350 bytes) @ 0x00000237dea6a138 [0x00000237dea69be0+0x558]
J 28182 C2 java.awt.LightweightDispatcher.processMouseEvent(Ljava/awt/event/MouseEvent;)Z (286 bytes) @ 0x00000237e0b83224 [0x00000237e0b82d80+0x4a4]
J 28265 C2 java.awt.Container.dispatchEventImpl(Ljava/awt/AWTEvent;)V (129 bytes) @ 0x00000237dfb0f6c0 [0x00000237dfb0f160+0x560]
J 14313 C2 java.awt.Window.dispatchEventImpl(Ljava/awt/AWTEvent;)V (23 bytes) @ 0x00000237de92a74c [0x00000237de92a700+0x4c]
J 12062 C2 java.awt.EventQueue$3.run()Ljava/lang/Object; (5 bytes) @ 0x00000237dd3e1c70 [0x00000237dd3e1880+0x3f0]
v  ~StubRoutines::call_stub
J 1556  java.security.AccessController.doPrivileged(Ljava/security/PrivilegedAction;Ljava/security/AccessControlContext;)Ljava/lang/Object; (0 bytes) @ 0x00000237dc5040e6 [0x00000237dc504080+0x66]
J 13874 C2 java.awt.EventQueue$4.run()Ljava/lang/Object; (5 bytes) @ 0x00000237dd7c59f4 [0x00000237dd7c5860+0x194]
v  ~StubRoutines::call_stub
J 1556  java.security.AccessController.doPrivileged(Ljava/security/PrivilegedAction;Ljava/security/AccessControlContext;)Ljava/lang/Object; (0 bytes) @ 0x00000237dc5040e6 [0x00000237dc504080+0x66]
J 11713 C2 ui.frmwork.a.d.dispatchEvent(Ljava/awt/AWTEvent;)V (30 bytes) @ 0x00000237de100874 [0x00000237de1005c0+0x2b4]
J 20115 C2 java.awt.EventDispatchThread.pumpOneEventForFilters(I)V (295 bytes) @ 0x00000237df7bdd0c [0x00000237df7bd940+0x3cc]
J 21105% C2 java.awt.EventDispatchThread.pumpEventsForFilter(ILjava/awt/Conditional;Ljava/awt/EventFilter;)V (47 bytes) @ 0x00000237dd381fe0 [0x00000237dd381ee0+0x100]
j  java.awt.EventDispatchThread.pumpEventsForHierarchy(ILjava/awt/Conditional;Ljava/awt/Component;)V+11
j  java.awt.EventDispatchThread.pumpEvents(ILjava/awt/Conditional;)V+4
j  java.awt.EventDispatchThread.pumpEvents(Ljava/awt/Conditional;)V+3
j  java.awt.EventDispatchThread.run()V+9
v  ~StubRoutines::call_stub

---------------  P R O C E S S  ---------------

Java Threads: ( => current thread )
  0x0000023865666800 JavaThread "Thread-7343" [_thread_in_native, id=1156, stack(0x000000a714d00000,0x000000a714e00000)]
  0x000002383fc02800 JavaThread "Thread-7342" [_thread_in_native, id=4408, stack(0x000000a694f00000,0x000000a695000000)]
  0x000002385eed2800 JavaThread "SwingWorker-pool-3-thread-1" daemon [_thread_blocked, id=9344, stack(0x000000a656100000,0x000000a656600000)]
  0x000002385ec63000 JavaThread "Swing-Shell" daemon [_thread_blocked, id=868, stack(0x000000a58e100000,0x000000a58e600000)]
  0x00000237fee1b800 JavaThread "SyntheticaAnimation 50" daemon [_thread_blocked, id=4276, stack(0x0000009dd8200000,0x0000009dd8700000)]
  0x00000238064e6000 JavaThread "Thread-191" [_thread_in_native, id=17068, stack(0x0000009d7ff00000,0x0000009d80000000)]
  0x00000237feb41000 JavaThread "Thread-190" [_thread_in_native, id=13180, stack(0x0000009d28f00000,0x0000009d29000000)]
  0x00000237f9716800 JavaThread "SyntheticaAnimation 50" daemon [_thread_blocked, id=14740, stack(0x0000009d67d00000,0x0000009d68200000)]
  0x00000237dbf23000 JavaThread "hw_ila_monitor" [_thread_blocked, id=232, stack(0x0000009d63500000,0x0000009d63a00000)]
  0x00000237db7a3800 JavaThread "Update Runs Swing Worker" [_thread_blocked, id=7932, stack(0x0000009d63000000,0x0000009d63500000)]
  0x00000237f7ced800 JavaThread "Refresh Filesets Swing Worker" [_thread_blocked, id=7264, stack(0x0000009d62b00000,0x0000009d63000000)]
  0x00000237f63ff800 JavaThread "SyntheticaAnimation 70" daemon [_thread_blocked, id=14496, stack(0x0000009d62600000,0x0000009d62b00000)]
  0x00000237f874d800 JavaThread "SyntheticaAnimation 25" daemon [_thread_blocked, id=9888, stack(0x0000009d61c00000,0x0000009d62100000)]
  0x00000237f63b4800 JavaThread "SyntheticaAnimation 50" daemon [_thread_blocked, id=13428, stack(0x0000009d61700000,0x0000009d61c00000)]
  0x00000237f83cf800 JavaThread "Batik CleanerThread" daemon [_thread_blocked, id=12832, stack(0x0000009d5f100000,0x0000009d5f600000)]
  0x00000237f497f800 JavaThread "SyntheticaCleanerThread" daemon [_thread_blocked, id=12104, stack(0x0000009d5ec00000,0x0000009d5f100000)]
=>0x00000237f57dc000 JavaThread "AWT-EventQueue-1" [_thread_in_native, id=15816, stack(0x0000009d5dd00000,0x0000009d5e200000)]
  0x00000237f57d2000 JavaThread "Process Messages" [_thread_blocked, id=13864, stack(0x0000009d5d800000,0x0000009d5dd00000)]
  0x00000237dbe77800 JavaThread "Thread-2" [_thread_in_native, id=3188, stack(0x0000009d58500000,0x0000009d59900000)]
  0x00000237f37ba800 JavaThread "AWT-Windows" daemon [_thread_in_native, id=8204, stack(0x0000009d5ce00000,0x0000009d5d300000)]
  0x00000237f37b0800 JavaThread "AWT-Shutdown" [_thread_blocked, id=13152, stack(0x0000009d5c900000,0x0000009d5ce00000)]
  0x00000237f37b1800 JavaThread "Java2D Disposer" daemon [_thread_blocked, id=8988, stack(0x0000009d5c400000,0x0000009d5c900000)]
  0x00000237f36ec000 JavaThread "TimerQueue" daemon [_thread_blocked, id=15004, stack(0x0000009d5bf00000,0x0000009d5c400000)]
  0x00000237f2d47800 JavaThread "Service Thread" daemon [_thread_blocked, id=17236, stack(0x0000009d5b900000,0x0000009d5be00000)]
  0x00000237f2d71000 JavaThread "C1 CompilerThread2" daemon [_thread_blocked, id=3868, stack(0x0000009d5b800000,0x0000009d5b900000)]
  0x00000237f2d72800 JavaThread "C2 CompilerThread1" daemon [_thread_blocked, id=3468, stack(0x0000009d5b700000,0x0000009d5b800000)]
  0x00000237f2d73800 JavaThread "C2 CompilerThread0" daemon [_thread_blocked, id=10864, stack(0x0000009d5b600000,0x0000009d5b700000)]
  0x00000237f2db0800 JavaThread "Attach Listener" daemon [_thread_blocked, id=7668, stack(0x0000009d5b100000,0x0000009d5b600000)]
  0x00000237f2db1800 JavaThread "Signal Dispatcher" daemon [_thread_blocked, id=8896, stack(0x0000009d5ac00000,0x0000009d5b100000)]
  0x00000237f2dba000 JavaThread "Finalizer" daemon [_thread_blocked, id=10592, stack(0x0000009d5a700000,0x0000009d5ac00000)]
  0x00000237f2dd6000 JavaThread "Reference Handler" daemon [_thread_blocked, id=504, stack(0x0000009d5a200000,0x0000009d5a700000)]
  0x00000237d87d4000 JavaThread "main" [_thread_blocked, id=2356, stack(0x0000009d59c00000,0x0000009d59d00000)]

Other Threads:
  0x00000237f2ddb000 VMThread [stack: 0x0000009d5a100000,0x0000009d5a200000] [id=16712]
  0x00000237dbee7800 WatcherThread [stack: 0x0000009d5be00000,0x0000009d5bf00000] [id=10784]

VM state:not at safepoint (normal execution)

VM Mutex/Monitor currently owned by a thread: None

Heap:
 PSYoungGen      total 51712K, used 31395K [0x00000007bc400000, 0x00000007c0000000, 0x00000007c0000000)
  eden space 41984K, 68% used [0x00000007bc400000,0x00000007bdff4c90,0x00000007bed00000)
  from space 9728K, 28% used [0x00000007bf680000,0x00000007bf933fa0,0x00000007c0000000)
  to   space 9728K, 0% used [0x00000007bed00000,0x00000007bed00000,0x00000007bf680000)
 ParOldGen       total 334848K, used 142913K [0x0000000700000000, 0x0000000714700000, 0x00000007bc400000)
  object space 334848K, 42% used [0x0000000700000000,0x0000000708b905a8,0x0000000714700000)
 Metaspace       used 88977K, capacity 89923K, committed 90496K, reserved 1128448K
  class space    used 12234K, capacity 12414K, committed 12416K, reserved 1048576K

Card table byte_map: [0x00000237eb320000,0x00000237eb930000] byte_map_base: 0x00000237e7b20000

Marking Bits: (ParMarkBitMap*) 0x0000000063f7a6d0
 Begin Bits: [0x00000237ebf20000, 0x00000237eef20000)
 End Bits:   [0x00000237eef20000, 0x00000237f1f20000)

Polling page: 0x00000237d78b0000

CodeCache: size=245760Kb used=86176Kb max_used=86441Kb free=159583Kb
 bounds [0x00000237dbf60000, 0x00000237e14a0000, 0x00000237eaf60000]
 total_blobs=22781 nmethods=21756 adapters=927
 compilation: enabled

Compilation events (10 events):
Event: 64046.886 Thread 0x00000237f2d73800 31772       4       de.javasoft.plaf.synthetica.painter.ComboBoxPainter::hasFocus (41 bytes)
Event: 64046.891 Thread 0x00000237f2d73800 nmethod 31772 0x00000237e1481c90 code [0x00000237e1481e60, 0x00000237e14829b8]
Event: 64047.722 Thread 0x00000237f2d71000 31773       3       javax.swing.plaf.basic.BasicComboPopup::hide (50 bytes)
Event: 64047.723 Thread 0x00000237f2d71000 nmethod 31773 0x00000237df979990 code [0x00000237df979b80, 0x00000237df97a480]
Event: 64050.451 Thread 0x00000237f2d71000 31774       3       javax.swing.plaf.basic.BasicListUI::locationToIndex (17 bytes)
Event: 64050.452 Thread 0x00000237f2d71000 nmethod 31774 0x00000237e146a150 code [0x00000237e146a2e0, 0x00000237e146a6c0]
Event: 64050.455 Thread 0x00000237f2d71000 31775       3       javax.swing.plaf.basic.BasicListUI::convertLocationToModel (35 bytes)
Event: 64050.456 Thread 0x00000237f2d71000 nmethod 31775 0x00000237dce270d0 code [0x00000237dce27260, 0x00000237dce27510]
Event: 64050.527 Thread 0x00000237f2d71000 31776       3       javax.swing.JList::locationToIndex (20 bytes)
Event: 64050.529 Thread 0x00000237f2d71000 nmethod 31776 0x00000237dd39a6d0 code [0x00000237dd39a860, 0x00000237dd39acb0]

GC Heap History (10 events):
Event: 64039.114 GC heap before
{Heap before GC invocations=4869 (full 927):
 PSYoungGen      total 49664K, used 41044K [0x00000007bc400000, 0x00000007c0000000, 0x00000007c0000000)
  eden space 38400K, 100% used [0x00000007bc400000,0x00000007be980000,0x00000007be980000)
  from space 11264K, 23% used [0x00000007be980000,0x00000007bec15320,0x00000007bf480000)
  to   space 10752K, 0% used [0x00000007bf580000,0x00000007bf580000,0x00000007c0000000)
 ParOldGen       total 334848K, used 142910K [0x0000000700000000, 0x0000000714700000, 0x00000007bc400000)
  object space 334848K, 42% used [0x0000000700000000,0x0000000708b8fba8,0x0000000714700000)
 Metaspace       used 88975K, capacity 89923K, committed 90496K, reserved 1128448K
  class space    used 12234K, capacity 12414K, committed 12416K, reserved 1048576K
Event: 64039.118 GC heap after
Heap after GC invocations=4869 (full 927):
 PSYoungGen      total 50688K, used 2644K [0x00000007bc400000, 0x00000007c0000000, 0x00000007c0000000)
  eden space 39936K, 0% used [0x00000007bc400000,0x00000007bc400000,0x00000007beb00000)
  from space 10752K, 24% used [0x00000007bf580000,0x00000007bf815320,0x00000007c0000000)
  to   space 10752K, 0% used [0x00000007beb00000,0x00000007beb00000,0x00000007bf580000)
 ParOldGen       total 334848K, used 142910K [0x0000000700000000, 0x0000000714700000, 0x00000007bc400000)
  object space 334848K, 42% used [0x0000000700000000,0x0000000708b8fba8,0x0000000714700000)
 Metaspace       used 88975K, capacity 89923K, committed 90496K, reserved 1128448K
  class space    used 12234K, capacity 12414K, committed 12416K, reserved 1048576K
}
Event: 64041.026 GC heap before
{Heap before GC invocations=4870 (full 927):
 PSYoungGen      total 50688K, used 42580K [0x00000007bc400000, 0x00000007c0000000, 0x00000007c0000000)
  eden space 39936K, 100% used [0x00000007bc400000,0x00000007beb00000,0x00000007beb00000)
  from space 10752K, 24% used [0x00000007bf580000,0x00000007bf815320,0x00000007c0000000)
  to   space 10752K, 0% used [0x00000007beb00000,0x00000007beb00000,0x00000007bf580000)
 ParOldGen       total 334848K, used 142912K [0x0000000700000000, 0x0000000714700000, 0x00000007bc400000)
  object space 334848K, 42% used [0x0000000700000000,0x0000000708b90180,0x0000000714700000)
 Metaspace       used 88975K, capacity 89923K, committed 90496K, reserved 1128448K
  class space    used 12234K, capacity 12414K, committed 12416K, reserved 1048576K
Event: 64041.030 GC heap after
Heap after GC invocations=4870 (full 927):
 PSYoungGen      total 50688K, used 2388K [0x00000007bc400000, 0x00000007c0000000, 0x00000007c0000000)
  eden space 39936K, 0% used [0x00000007bc400000,0x00000007bc400000,0x00000007beb00000)
  from space 10752K, 22% used [0x00000007beb00000,0x00000007bed55320,0x00000007bf580000)
  to   space 10240K, 0% used [0x00000007bf600000,0x00000007bf600000,0x00000007c0000000)
 ParOldGen       total 334848K, used 142912K [0x0000000700000000, 0x0000000714700000, 0x00000007bc400000)
  object space 334848K, 42% used [0x0000000700000000,0x0000000708b90180,0x0000000714700000)
 Metaspace       used 88975K, capacity 89923K, committed 90496K, reserved 1128448K
  class space    used 12234K, capacity 12414K, committed 12416K, reserved 1048576K
}
Event: 64041.654 GC heap before
{Heap before GC invocations=4871 (full 927):
 PSYoungGen      total 50688K, used 42324K [0x00000007bc400000, 0x00000007c0000000, 0x00000007c0000000)
  eden space 39936K, 100% used [0x00000007bc400000,0x00000007beb00000,0x00000007beb00000)
  from space 10752K, 22% used [0x00000007beb00000,0x00000007bed55320,0x00000007bf580000)
  to   space 10240K, 0% used [0x00000007bf600000,0x00000007bf600000,0x00000007c0000000)
 ParOldGen       total 334848K, used 142913K [0x0000000700000000, 0x0000000714700000, 0x00000007bc400000)
  object space 334848K, 42% used [0x0000000700000000,0x0000000708b905a8,0x0000000714700000)
 Metaspace       used 88975K, capacity 89923K, committed 90496K, reserved 1128448K
  class space    used 12234K, capacity 12414K, committed 12416K, reserved 1048576K
Event: 64041.662 GC heap after
Heap after GC invocations=4871 (full 927):
 PSYoungGen      total 50176K, used 6511K [0x00000007bc400000, 0x00000007c0000000, 0x00000007c0000000)
  eden space 39936K, 0% used [0x00000007bc400000,0x00000007bc400000,0x00000007beb00000)
  from space 10240K, 63% used [0x00000007bf600000,0x00000007bfc5bfa0,0x00000007c0000000)
  to   space 10752K, 0% used [0x00000007beb00000,0x00000007beb00000,0x00000007bf580000)
 ParOldGen       total 334848K, used 142913K [0x0000000700000000, 0x0000000714700000, 0x00000007bc400000)
  object space 334848K, 42% used [0x0000000700000000,0x0000000708b905a8,0x0000000714700000)
 Metaspace       used 88975K, capacity 89923K, committed 90496K, reserved 1128448K
  class space    used 12234K, capacity 12414K, committed 12416K, reserved 1048576K
}
Event: 64043.498 GC heap before
{Heap before GC invocations=4872 (full 927):
 PSYoungGen      total 50176K, used 46447K [0x00000007bc400000, 0x00000007c0000000, 0x00000007c0000000)
  eden space 39936K, 100% used [0x00000007bc400000,0x00000007beb00000,0x00000007beb00000)
  from space 10240K, 63% used [0x00000007bf600000,0x00000007bfc5bfa0,0x00000007c0000000)
  to   space 10752K, 0% used [0x00000007beb00000,0x00000007beb00000,0x00000007bf580000)
 ParOldGen       total 334848K, used 142913K [0x0000000700000000, 0x0000000714700000, 0x00000007bc400000)
  object space 334848K, 42% used [0x0000000700000000,0x0000000708b905a8,0x0000000714700000)
 Metaspace       used 88975K, capacity 89923K, committed 90496K, reserved 1128448K
  class space    used 12234K, capacity 12414K, committed 12416K, reserved 1048576K
Event: 64043.504 GC heap after
Heap after GC invocations=4872 (full 927):
 PSYoungGen      total 50688K, used 4015K [0x00000007bc400000, 0x00000007c0000000, 0x00000007c0000000)
  eden space 39936K, 0% used [0x00000007bc400000,0x00000007bc400000,0x00000007beb00000)
  from space 10752K, 37% used [0x00000007beb00000,0x00000007beeebfa0,0x00000007bf580000)
  to   space 9728K, 0% used [0x00000007bf680000,0x00000007bf680000,0x00000007c0000000)
 ParOldGen       total 334848K, used 142913K [0x0000000700000000, 0x0000000714700000, 0x00000007bc400000)
  object space 334848K, 42% used [0x0000000700000000,0x0000000708b905a8,0x0000000714700000)
 Metaspace       used 88975K, capacity 89923K, committed 90496K, reserved 1128448K
  class space    used 12234K, capacity 12414K, committed 12416K, reserved 1048576K
}
Event: 64043.719 GC heap before
{Heap before GC invocations=4873 (full 927):
 PSYoungGen      total 50688K, used 43951K [0x00000007bc400000, 0x00000007c0000000, 0x00000007c0000000)
  eden space 39936K, 100% used [0x00000007bc400000,0x00000007beb00000,0x00000007beb00000)
  from space 10752K, 37% used [0x00000007beb00000,0x00000007beeebfa0,0x00000007bf580000)
  to   space 9728K, 0% used [0x00000007bf680000,0x00000007bf680000,0x00000007c0000000)
 ParOldGen       total 334848K, used 142913K [0x0000000700000000, 0x0000000714700000, 0x00000007bc400000)
  object space 334848K, 42% used [0x0000000700000000,0x0000000708b905a8,0x0000000714700000)
 Metaspace       used 88975K, capacity 89923K, committed 90496K, reserved 1128448K
  class space    used 12234K, capacity 12414K, committed 12416K, reserved 1048576K
Event: 64043.724 GC heap after
Heap after GC invocations=4873 (full 927):
 PSYoungGen      total 51712K, used 2767K [0x00000007bc400000, 0x00000007c0000000, 0x00000007c0000000)
  eden space 41984K, 0% used [0x00000007bc400000,0x00000007bc400000,0x00000007bed00000)
  from space 9728K, 28% used [0x00000007bf680000,0x00000007bf933fa0,0x00000007c0000000)
  to   space 9728K, 0% used [0x00000007bed00000,0x00000007bed00000,0x00000007bf680000)
 ParOldGen       total 334848K, used 142913K [0x0000000700000000, 0x0000000714700000, 0x00000007bc400000)
  object space 334848K, 42% used [0x0000000700000000,0x0000000708b905a8,0x0000000714700000)
 Metaspace       used 88975K, capacity 89923K, committed 90496K, reserved 1128448K
  class space    used 12234K, capacity 12414K, committed 12416K, reserved 1048576K
}

Deoptimization events (10 events):
Event: 63369.621 Thread 0x00000237f57dc000 Uncommon trap: reason=class_check action=maybe_recompile pc=0x00000237e07cd10c method=javax.swing.plaf.basic.BasicScrollBarUI$TrackListener.adjustValueIfNecessary(I)I @ 26
Event: 63369.660 Thread 0x00000237f57dc000 Uncommon trap: reason=class_check action=maybe_recompile pc=0x00000237e09ce0a4 method=javax.swing.plaf.basic.BasicScrollBarUI$TrackListener.adjustValueIfNecessary(I)I @ 26
Event: 63799.740 Thread 0x00000237f57dc000 Uncommon trap: reason=unstable_if action=reinterpret pc=0x00000237df460b64 method=ui.views.K.a.a(Ljava/awt/event/MouseEvent;Lui/views/d/b;)V @ 58
Event: 63802.894 Thread 0x00000237f57dc000 Uncommon trap: reason=class_check action=maybe_recompile pc=0x00000237de26eb98 method=com.jidesoft.docking.DockingUtils.a(Lcom/jidesoft/docking/DockingManager;Ljava/awt/Container;I)V @ 60
Event: 63811.786 Thread 0x00000237f57dc000 Uncommon trap: reason=unstable_if action=reinterpret pc=0x00000237e0a069ec method=de.concept.nlview.Nlview.imageTransformer(IDDDDIDD)Ljava/awt/geom/AffineTransform; @ 142
Event: 63811.786 Thread 0x00000237f57dc000 Uncommon trap: reason=unstable_if action=reinterpret pc=0x00000237e0a03020 method=sun.java2d.pipe.DrawImage.transformImage(Lsun/java2d/SunGraphics2D;Ljava/awt/Image;IILjava/awt/geom/AffineTransform;I)V @ 37
Event: 63811.792 Thread 0x00000237f57dc000 Uncommon trap: reason=unstable_if action=reinterpret pc=0x00000237e0a02388 method=de.concept.nlview.Nlview.imageTransformer(IDDDDIDD)Ljava/awt/geom/AffineTransform; @ 142
Event: 64046.871 Thread 0x00000237f57dc000 Uncommon trap: reason=class_check action=maybe_recompile pc=0x00000237df2a8060 method=com.jidesoft.docking.DockableFrame.isActive()Z @ 21
Event: 64047.722 Thread 0x00000237f57dc000 Uncommon trap: reason=class_check action=maybe_recompile pc=0x00000237df2a8060 method=com.jidesoft.docking.DockableFrame.isActive()Z @ 21
Event: 64049.265 Thread 0x00000237f57dc000 Uncommon trap: reason=class_check action=maybe_recompile pc=0x00000237df2a8060 method=com.jidesoft.docking.DockableFrame.isActive()Z @ 21

Internal exceptions (10 events):
Event: 63858.670 Thread 0x00000237f57dc000 Exception <a 'de/concept/nlview/NlviewException'> (0x00000007bd1345a0) thrown at [C:\re\workspace\8-2-build-windows-amd64-cygwin\jdk8u112\7884\hotspot\src\share\vm\prims\jni.cpp, line 709]
Event: 63858.692 Thread 0x00000237f57dc000 Exception <a 'de/concept/nlview/NlviewException'> (0x00000007bd2c5078) thrown at [C:\re\workspace\8-2-build-windows-amd64-cygwin\jdk8u112\7884\hotspot\src\share\vm\prims\jni.cpp, line 709]
Event: 63858.805 Thread 0x00000237f57dc000 Exception <a 'de/concept/nlview/NlviewException'> (0x00000007be00e8d0) thrown at [C:\re\workspace\8-2-build-windows-amd64-cygwin\jdk8u112\7884\hotspot\src\share\vm\prims\jni.cpp, line 709]
Event: 63858.829 Thread 0x00000237f57dc000 Exception <a 'de/concept/nlview/NlviewException'> (0x00000007be1a3438) thrown at [C:\re\workspace\8-2-build-windows-amd64-cygwin\jdk8u112\7884\hotspot\src\share\vm\prims\jni.cpp, line 709]
Event: 63870.681 Thread 0x00000237f57dc000 Exception <a 'de/concept/nlview/NlviewException'> (0x00000007bccd2d50) thrown at [C:\re\workspace\8-2-build-windows-amd64-cygwin\jdk8u112\7884\hotspot\src\share\vm\prims\jni.cpp, line 709]
Event: 63952.961 Thread 0x00000237f57dc000 Exception <a 'de/concept/nlview/NlviewException'> (0x00000007bdd1f9f8) thrown at [C:\re\workspace\8-2-build-windows-amd64-cygwin\jdk8u112\7884\hotspot\src\share\vm\prims\jni.cpp, line 709]
Event: 63952.983 Thread 0x00000237f57dc000 Exception <a 'de/concept/nlview/NlviewException'> (0x00000007bdeb0d78) thrown at [C:\re\workspace\8-2-build-windows-amd64-cygwin\jdk8u112\7884\hotspot\src\share\vm\prims\jni.cpp, line 709]
Event: 63959.003 Thread 0x00000237f57dc000 Exception <a 'de/concept/nlview/NlviewException'> (0x00000007bc7fb4a0) thrown at [C:\re\workspace\8-2-build-windows-amd64-cygwin\jdk8u112\7884\hotspot\src\share\vm\prims\jni.cpp, line 709]
Event: 64030.150 Thread 0x00000237f57dc000 Exception <a 'de/concept/nlview/NlviewException'> (0x00000007bd2ca6f8) thrown at [C:\re\workspace\8-2-build-windows-amd64-cygwin\jdk8u112\7884\hotspot\src\share\vm\prims\jni.cpp, line 709]
Event: 64030.172 Thread 0x00000237f57dc000 Exception <a 'de/concept/nlview/NlviewException'> (0x00000007bd460468) thrown at [C:\re\workspace\8-2-build-windows-amd64-cygwin\jdk8u112\7884\hotspot\src\share\vm\prims\jni.cpp, line 709]

Events (10 events):
Event: 64047.722 Thread 0x00000237f57dc000 DEOPT UNPACKING pc=0x00000237dbfa5832 sp=0x0000009d5e1fafe0 mode 2
Event: 64047.723 Thread 0x00000237f2d71000 flushing nmethod 0x00000237dce26d10
Event: 64048.808 Thread 0x0000023872d71800 Thread added: 0x0000023872d71800
Event: 64048.809 Executing VM operation: RevokeBias
Event: 64048.809 Executing VM operation: RevokeBias done
Event: 64048.809 Thread 0x0000023872d71800 Thread exited: 0x0000023872d71800
Event: 64049.265 Thread 0x00000237f57dc000 Uncommon trap: trap_request=0xffffffde fr.pc=0x00000237df2a8060
Event: 64049.265 Thread 0x00000237f57dc000 DEOPT PACKING pc=0x00000237df2a8060 sp=0x0000009d5e1fb050
Event: 64049.265 Thread 0x00000237f57dc000 DEOPT UNPACKING pc=0x00000237dbfa5832 sp=0x0000009d5e1fafe0 mode 2
Event: 64050.457 Thread 0x00000237f2d71000 flushing nmethod 0x00000237dd39a4d0


Dynamic libraries:
0x00007ff6fbae0000 - 0x00007ff6fbb12000 	C:\Xilinx\Vivado\2017.2\bin\unwrapped\win64.o\vivado.exe
0x00007fff1fda0000 - 0x00007fff1ff7b000 	C:\WINDOWS\SYSTEM32\ntdll.dll
0x00007fff1d300000 - 0x00007fff1d3ae000 	C:\WINDOWS\System32\KERNEL32.DLL
0x00007fff1c330000 - 0x00007fff1c579000 	C:\WINDOWS\System32\KERNELBASE.dll
0x00007fff1d200000 - 0x00007fff1d2f6000 	C:\WINDOWS\System32\ucrtbase.dll
0x000000000a900000 - 0x000000000a983000 	C:\Xilinx\Vivado\2017.2\lib\win64.o\SHSMP64.dll
0x00007fff17a60000 - 0x00007fff17a74000 	C:\Xilinx\Vivado\2017.2\lib\win64.o\librdi_commonmain.dll
0x00007fff1d880000 - 0x00007fff1d9ca000 	C:\WINDOWS\System32\USER32.dll
0x00007fff18830000 - 0x00007fff18844000 	C:\Xilinx\Vivado\2017.2\lib\win64.o\libboost_signals.dll
0x00007ffeda500000 - 0x00007ffedb10f000 	C:\Xilinx\Vivado\2017.2\lib\win64.o\librdi_common.dll
0x00007fff1c310000 - 0x00007fff1c32e000 	C:\WINDOWS\System32\win32u.dll
0x00007fff1e570000 - 0x00007fff1e597000 	C:\WINDOWS\System32\GDI32.dll
0x00007fff0aec0000 - 0x00007fff0af5d000 	C:\WINDOWS\SYSTEM32\MSVCP140.dll
0x00007fff03bd0000 - 0x00007fff03be7000 	C:\WINDOWS\SYSTEM32\VCRUNTIME140.dll
0x00007fff1e700000 - 0x00007fff1e7a1000 	C:\WINDOWS\System32\ADVAPI32.dll
0x00007fff1c620000 - 0x00007fff1c7a7000 	C:\WINDOWS\System32\gdi32full.dll
0x00007fff1e090000 - 0x00007fff1e12d000 	C:\WINDOWS\System32\msvcrt.dll
0x00007fff1dbe0000 - 0x00007fff1dc39000 	C:\WINDOWS\System32\sechost.dll
0x00007fff1c580000 - 0x00007fff1c61a000 	C:\WINDOWS\System32\msvcp_win.dll
0x00007fff1df60000 - 0x00007fff1e085000 	C:\WINDOWS\System32\RPCRT4.dll
0x00007fff0ea10000 - 0x00007fff0ea36000 	C:\Xilinx\Vivado\2017.2\lib\win64.o\libboost_filesystem.dll
0x00007fff1a310000 - 0x00007fff1a31a000 	C:\Xilinx\Vivado\2017.2\lib\win64.o\librdi_commonversion.dll
0x00007fff1e7b0000 - 0x00007fff1fbe6000 	C:\WINDOWS\System32\SHELL32.dll
0x00007fff1c2c0000 - 0x00007fff1c309000 	C:\WINDOWS\System32\cfgmgr32.dll
0x00007ffefc0b0000 - 0x00007ffefc1b1000 	C:\Xilinx\Vivado\2017.2\lib\win64.o\librdi_commonxillic.dll
0x00007fff1e5a0000 - 0x00007fff1e64a000 	C:\WINDOWS\System32\shcore.dll
0x0000000064a10000 - 0x0000000064b3b000 	C:\Xilinx\Vivado\2017.2\lib\win64.o\tcl85t.dll
0x00007fff1dc40000 - 0x00007fff1df39000 	C:\WINDOWS\System32\combase.dll
0x00007fff1d7f0000 - 0x00007fff1d85c000 	C:\WINDOWS\System32\WS2_32.dll
0x00007ffefbd40000 - 0x00007ffefc0ae000 	C:\Xilinx\Vivado\2017.2\lib\win64.o\libCOIN-all.dll
0x00007fff1c860000 - 0x00007fff1c8ca000 	C:\WINDOWS\System32\bcryptPrimitives.dll
0x00007ffefba40000 - 0x00007ffefbd31000 	C:\Xilinx\Vivado\2017.2\lib\win64.o\libXil_lmgr11.dll
0x00007fff1e400000 - 0x00007fff1e508000 	C:\WINDOWS\System32\COMDLG32.dll
0x00007fff1cb00000 - 0x00007fff1d1f1000 	C:\WINDOWS\System32\windows.storage.dll
0x00007fff1e3a0000 - 0x00007fff1e3f1000 	C:\WINDOWS\System32\SHLWAPI.dll
0x00007fff0e9d0000 - 0x00007fff0e9e4000 	C:\Xilinx\Vivado\2017.2\lib\win64.o\libboost_date_time.dll
0x00007fff1c2a0000 - 0x00007fff1c2b1000 	C:\WINDOWS\System32\kernel.appcore.dll
0x00007fff1c250000 - 0x00007fff1c29c000 	C:\WINDOWS\System32\powrprof.dll
0x00007fff1c230000 - 0x00007fff1c245000 	C:\WINDOWS\System32\profapi.dll
0x00007fff0ae40000 - 0x00007fff0aebe000 	C:\Xilinx\Vivado\2017.2\lib\win64.o\libboost_program_options.dll
0x00007ffefb930000 - 0x00007ffefba3d000 	C:\Xilinx\Vivado\2017.2\lib\win64.o\libboost_regex.dll
0x00007fff1e280000 - 0x00007fff1e340000 	C:\WINDOWS\System32\OLEAUT32.dll
0x00007fff1e130000 - 0x00007fff1e275000 	C:\WINDOWS\System32\ole32.dll
0x00007fff1caa0000 - 0x00007fff1caf6000 	C:\WINDOWS\System32\WINTRUST.dll
0x00007fff1a290000 - 0x00007fff1a29b000 	C:\Xilinx\Vivado\2017.2\lib\win64.o\libboost_system.dll
0x00007fff1c210000 - 0x00007fff1c221000 	C:\WINDOWS\System32\MSASN1.dll
0x00007fff0e8b0000 - 0x00007fff0e8d0000 	C:\Xilinx\Vivado\2017.2\lib\win64.o\libboost_thread.dll
0x00007fff12190000 - 0x00007fff1219f000 	C:\Xilinx\Vivado\2017.2\lib\win64.o\libboost_xilinx.dll
0x00007fff1c8d0000 - 0x00007fff1ca99000 	C:\WINDOWS\System32\CRYPT32.dll
0x00007ffefb8a0000 - 0x00007ffefb922000 	C:\Xilinx\Vivado\2017.2\lib\win64.o\libhdlpsolve.dll
0x00007ffeed120000 - 0x00007ffeed4fe000 	C:\Xilinx\Vivado\2017.2\lib\win64.o\libisl_iostreams.dll
0x00007ffefb7f0000 - 0x00007ffefb895000 	C:\Xilinx\Vivado\2017.2\lib\win64.o\libhdxml.dll
0x00007fff0c9d0000 - 0x00007fff0c9fe000 	C:\Xilinx\Vivado\2017.2\lib\win64.o\libisl_sysinfo.dll
0x0000000063760000 - 0x0000000063ffa000 	C:\Xilinx\Vivado\2017.2\tps\win64\jre\bin\server\jvm.dll
0x00007ffefb690000 - 0x00007ffefb7e1000 	C:\Xilinx\Vivado\2017.2\lib\win64.o\librdi_curl.dll
0x00007fff0cde0000 - 0x00007fff0cdf5000 	C:\Xilinx\Vivado\2017.2\lib\win64.o\pthreadVC2.dll
0x00007fff0c7e0000 - 0x00007fff0c7fc000 	C:\Xilinx\Vivado\2017.2\lib\win64.o\librdiconfig.dll
0x00007fff0c9a0000 - 0x00007fff0c9c1000 	C:\Xilinx\Vivado\2017.2\lib\win64.o\librdizlib.dll
0x00007fff1d860000 - 0x00007fff1d868000 	C:\WINDOWS\System32\PSAPI.DLL
0x0000000012000000 - 0x0000000012272000 	C:\Xilinx\Vivado\2017.2\lib\win64.o\xerces-c_3_1.dll
0x00007fff06970000 - 0x00007fff06c9e000 	C:\WINDOWS\SYSTEM32\WININET.dll
0x00007fff0f800000 - 0x00007fff0f9c7000 	C:\WINDOWS\SYSTEM32\urlmon.dll
0x00007fff0f0e0000 - 0x00007fff0f1b7000 	C:\WINDOWS\SYSTEM32\WINHTTP.dll
0x00007fff16170000 - 0x00007fff1617a000 	C:\WINDOWS\SYSTEM32\VERSION.dll
0x00007fff06d90000 - 0x00007fff06da7000 	C:\WINDOWS\SYSTEM32\NETAPI32.dll
0x00007fff142e0000 - 0x00007fff14386000 	C:\WINDOWS\WinSxS\amd64_microsoft.windows.common-controls_6595b64144ccf1df_5.82.15063.413_none_0e0f5dcc67adff4e\COMCTL32.dll
0x00007fff05130000 - 0x00007fff05139000 	C:\WINDOWS\SYSTEM32\WSOCK32.dll
0x00007fff0c7b0000 - 0x00007fff0c7de000 	C:\WINDOWS\SYSTEM32\VCOMP140.DLL
0x00007ffed9660000 - 0x00007ffeda4f1000 	C:\Xilinx\Vivado\2017.2\lib\win64.o\gurobi65.dll
0x00007fff0dd80000 - 0x00007fff0de54000 	C:\WINDOWS\SYSTEM32\MSVCR110.dll
0x00007fff0e9c0000 - 0x00007fff0e9cd000 	C:\Xilinx\Vivado\2017.2\lib\win64.o\libboost_chrono.dll
0x00007fff0b2e0000 - 0x00007fff0b2fb000 	C:\Xilinx\Vivado\2017.2\lib\win64.o\libboost_iostreams.dll
0x00007fff0b300000 - 0x00007fff0b325000 	C:\Xilinx\Vivado\2017.2\lib\win64.o\libisl_iosutils.dll
0x00007fff19240000 - 0x00007fff19263000 	C:\WINDOWS\SYSTEM32\WINMM.dll
0x0000000064930000 - 0x0000000064a02000 	C:\WINDOWS\SYSTEM32\MSVCR100.dll
0x00007fff10440000 - 0x00007fff106ca000 	C:\WINDOWS\SYSTEM32\iertutil.dll
0x00007fff19210000 - 0x00007fff1923b000 	C:\WINDOWS\SYSTEM32\winmmbase.dll
0x00007fff1bcc0000 - 0x00007fff1bccb000 	C:\WINDOWS\SYSTEM32\CRYPTBASE.DLL
0x00007fff1e6d0000 - 0x00007fff1e6fd000 	C:\WINDOWS\System32\IMM32.DLL
0x00007ffeeae90000 - 0x00007ffeeb2f3000 	C:\Xilinx\Vivado\2017.2\lib\win64.o\librdi_commontasks.dll
0x00007ffeefa70000 - 0x00007ffeefc9a000 	C:\Xilinx\Vivado\2017.2\lib\win64.o\librdi_sio.dll
0x00007fff1b8c0000 - 0x00007fff1b8f7000 	C:\WINDOWS\SYSTEM32\IPHLPAPI.DLL
0x00007ffed76d0000 - 0x00007ffed9651000 	C:\Xilinx\Vivado\2017.2\lib\win64.o\librdi_tcltasks.dll
0x00007ffeec690000 - 0x00007ffeec9f2000 	C:\Xilinx\Vivado\2017.2\lib\win64.o\librdi_bitstream.dll
0x00007ffeed5c0000 - 0x00007ffeed735000 	C:\Xilinx\Vivado\2017.2\lib\win64.o\librdi_board.dll
0x00007fff0aba0000 - 0x00007fff0ac08000 	C:\Xilinx\Vivado\2017.2\lib\win64.o\librdi_boarddep.dll
0x00007ffeecc50000 - 0x00007ffeece69000 	C:\Xilinx\Vivado\2017.2\lib\win64.o\librdi_chipscope.dll
0x00007ffed61d0000 - 0x00007ffed76c6000 	C:\Xilinx\Vivado\2017.2\lib\win64.o\librdi_constraints.dll
0x00007ffefaf50000 - 0x00007ffefb04e000 	C:\Xilinx\Vivado\2017.2\lib\win64.o\librdi_containers.dll
0x00007ffed36e0000 - 0x00007ffed61cf000 	C:\Xilinx\Vivado\2017.2\lib\win64.o\librdi_coregen.dll
0x00007ffecfc50000 - 0x00007ffed36dd000 	C:\Xilinx\Vivado\2017.2\lib\win64.o\librdi_designutils.dll
0x00007ffec3b70000 - 0x00007ffecfc4b000 	C:\Xilinx\Vivado\2017.2\lib\win64.o\librdi_device.dll
0x00007ffeeac30000 - 0x00007ffeeae90000 	C:\Xilinx\Vivado\2017.2\lib\win64.o\librdi_dlyest.dll
0x00007ffee8a10000 - 0x00007ffee8f13000 	C:\Xilinx\Vivado\2017.2\lib\win64.o\librdi_drc.dll
0x00007ffef02f0000 - 0x00007ffef03be000 	C:\Xilinx\Vivado\2017.2\lib\win64.o\librdi_dsp.dll
0x00007ffec3630000 - 0x00007ffec3b70000 	C:\Xilinx\Vivado\2017.2\lib\win64.o\librdi_filemgmt.dll
0x00007ffee8790000 - 0x00007ffee8a0a000 	C:\Xilinx\Vivado\2017.2\lib\win64.o\librdi_guitools.dll
0x00007ffec2710000 - 0x00007ffec3623000 	C:\Xilinx\Vivado\2017.2\lib\win64.o\librdi_implflow.dll
0x00007ffec2110000 - 0x00007ffec2704000 	C:\Xilinx\Vivado\2017.2\lib\win64.o\librdi_memdata.dll
0x00007ffec01c0000 - 0x00007ffec2109000 	C:\Xilinx\Vivado\2017.2\lib\win64.o\librdi_mig.dll
0x00007ffebfd30000 - 0x00007ffec01b5000 	C:\Xilinx\Vivado\2017.2\lib\win64.o\librdi_netlist.dll
0x00007fff0b020000 - 0x00007fff0b061000 	C:\Xilinx\Vivado\2017.2\lib\win64.o\librdi_pfi.dll
0x00007ffeeb420000 - 0x00007ffeeb5db000 	C:\Xilinx\Vivado\2017.2\lib\win64.o\librdi_platform.dll
0x00007ffebe0d0000 - 0x00007ffebfd2a000 	C:\Xilinx\Vivado\2017.2\lib\win64.o\librdi_place.dll
0x00007ffebda50000 - 0x00007ffebe0c5000 	C:\Xilinx\Vivado\2017.2\lib\win64.o\librdi_power.dll
0x00007ffebcf50000 - 0x00007ffebd532000 	C:\Xilinx\Vivado\2017.2\lib\win64.o\librdi_psta.dll
0x00007ffebd540000 - 0x00007ffebda4e000 	C:\Xilinx\Vivado\2017.2\lib\win64.o\librdi_project.dll
0x00007ffebc870000 - 0x00007ffebcf43000 	C:\Xilinx\Vivado\2017.2\lib\win64.o\librdi_rsb.dll
0x00007ffedbc20000 - 0x00007ffedbf98000 	C:\Xilinx\Vivado\2017.2\lib\win64.o\librdi_runs.dll
0x00007ffef12e0000 - 0x00007ffef1369000 	C:\Xilinx\Vivado\2017.2\lib\win64.o\librdi_runsbase.dll
0x00007ffedc3f0000 - 0x00007ffedc59e000 	C:\Xilinx\Vivado\2017.2\lib\win64.o\librdi_simdata.dll
0x00007ffebbca0000 - 0x00007ffebc869000 	C:\Xilinx\Vivado\2017.2\lib\win64.o\librdi_timing.dll
0x00007fff09ec0000 - 0x00007fff09f25000 	C:\Xilinx\Vivado\2017.2\lib\win64.o\liblmx6.0.dll
0x00007ffebb5d0000 - 0x00007ffebbc96000 	C:\Xilinx\Vivado\2017.2\lib\win64.o\librdi_coregenipxact.dll
0x00007fff09ce0000 - 0x00007fff09d2b000 	C:\Xilinx\Vivado\2017.2\lib\win64.o\libboost_serialization.dll
0x00007ffebab50000 - 0x00007ffebb5c2000 	C:\Xilinx\Vivado\2017.2\lib\win64.o\libverific.dll
0x00007ffeba1e0000 - 0x00007ffeba72e000 	C:\Xilinx\Vivado\2017.2\lib\win64.o\librdi_xdm.dll
0x00007ffeef9d0000 - 0x00007ffeefa6e000 	C:\Xilinx\Vivado\2017.2\lib\win64.o\libise.dll
0x00007ffeba730000 - 0x00007ffebab4e000 	C:\Xilinx\Vivado\2017.2\lib\win64.o\librdi_wavedata.dll
0x00007ffefdcc0000 - 0x00007ffefdd05000 	C:\Xilinx\Vivado\2017.2\lib\win64.o\librdi_wavedata_SimpleApi.dll
0x00007ffeb9440000 - 0x00007ffeba1df000 	C:\Xilinx\Vivado\2017.2\lib\win64.o\librdi_route.dll
0x00007ffefb640000 - 0x00007ffefb688000 	C:\Xilinx\Vivado\2017.2\lib\win64.o\librdi_hdf.dll
0x00007ffeb9210000 - 0x00007ffeb9436000 	C:\Xilinx\Vivado\2017.2\lib\win64.o\librdi_hsm.dll
0x00007ffeb6980000 - 0x00007ffeb6f42000 	C:\Xilinx\Vivado\2017.2\lib\win64.o\librdi_abc_nomp.dll
0x00007fff0b110000 - 0x00007fff0b12a000 	C:\Xilinx\Vivado\2017.2\lib\win64.o\librdi_hmetis.dll
0x00007ffeecb80000 - 0x00007ffeecc41000 	C:\Xilinx\Vivado\2017.2\lib\win64.o\librdi_hwh.dll
0x00007ffeb8ae0000 - 0x00007ffeb9206000 	C:\Xilinx\Vivado\2017.2\lib\win64.o\librdi_labtools.dll
0x00007ffef1430000 - 0x00007ffef1482000 	C:\Xilinx\Vivado\2017.2\lib\win64.o\librdi_projectbase.dll

VM Arguments:
jvm_args: -Dsun.java2d.pmoffscreen=false -Dsun.java2d.d3d=false -Dsun.awt.nopixfmt=true -Xverify:none -Dswing.aatext=true -XX:-UsePerfData -Djdk.map.althashing.threshold=512 -XX:StringTableSize=4072 -XX:NewSize=60m -XX:MaxNewSize=60m -Xms128m -Xmx3072m -Xss5m 
java_command: <unknown>
java_class_path (initial): C:/Xilinx/Vivado/2017.2\lib\classes\alloy.jar;C:/Xilinx/Vivado/2017.2\lib\classes\batik-anim.jar;C:/Xilinx/Vivado/2017.2\lib\classes\batik-awt-util.jar;C:/Xilinx/Vivado/2017.2\lib\classes\batik-bridge.jar;C:/Xilinx/Vivado/2017.2\lib\classes\batik-codec.jar;C:/Xilinx/Vivado/2017.2\lib\classes\batik-css.jar;C:/Xilinx/Vivado/2017.2\lib\classes\batik-dom.jar;C:/Xilinx/Vivado/2017.2\lib\classes\batik-ext.jar;C:/Xilinx/Vivado/2017.2\lib\classes\batik-gui-util.jar;C:/Xilinx/Vivado/2017.2\lib\classes\batik-gvt.jar;C:/Xilinx/Vivado/2017.2\lib\classes\batik-parser.jar;C:/Xilinx/Vivado/2017.2\lib\classes\batik-script.jar;C:/Xilinx/Vivado/2017.2\lib\classes\batik-svg-dom.jar;C:/Xilinx/Vivado/2017.2\lib\classes\batik-swing.jar;C:/Xilinx/Vivado/2017.2\lib\classes\batik-transcoder.jar;C:/Xilinx/Vivado/2017.2\lib\classes\batik-util.jar;C:/Xilinx/Vivado/2017.2\lib\classes\batik-xml.jar;C:/Xilinx/Vivado/2017.2\lib\classes\commons-math-2.2.jar;C:/Xilinx/Vivado/2017.2\lib\classes\dom4j-1.6.1.jar;C:/Xilinx/Vivado/2017.2\lib\classes\forms.jar;C:/Xilinx/Vivado/2017.2\lib\classes\guava-18.0.jar;C:/Xilinx/Vivado/2017.2\lib\classes\help.jar;C:/Xilinx/Vivado/2017.2\lib\classes\hsqldb.jar;C:/Xilinx/Vivado/2017.2\lib\classes\jh.jar;C:/Xilinx/Vivado/2017.2\lib\classes\jide-action.jar;C:/Xilinx/Vivado/2017.2\lib\classes\jide-charts.jar;C:/Xilinx/Vivado/2017.2\lib\classes\jide-common.jar;C:/Xilinx/Vivado/2017.2\lib\classes\jide-components.jar;C:/Xilinx/Vivado/2017.2\lib\classes\jide-dashboard.jar;C:/Xilinx/Vivado/2017.2\lib\classes\jide-data.jar;C:/Xilinx/Vivado/2017.2\lib\classes\jide-dialogs.jar;C:/Xilinx/Vivado/2017.2\lib\classes\jide-diff.jar;C:/Xilinx/Vivado/2017.2\lib\classes\jide-dock.jar;C:/Xilinx/Vivado/2017.2\lib\classes\jide-editor.jar;C:/Xilinx/Vivado/2017.2\lib\classes\jide-gantt.jar;C:/Xilinx/Vivado/2017.2\lib\classes\jide-grids.jar;C:/Xilinx/Vivado/2017.2\lib\classes\jide-pivot.jar;C:/Xilinx/Vivado/2017.2\lib\classes\jide-plaf-jdk7.jar;C:/Xilinx/Vivado/2
Launcher Type: generic

Environment Variables:
PATH=C:/Xilinx/Vivado/2017.2/bin;C:/Xilinx/Vivado/2017.2/lib/win64.o;C:/Xilinx/Vivado/2017.2/tps/win64/jre/bin/server;C:/Xilinx/Vivado/2017.2/tps/win64/jre/bin;C:/Xilinx/Vivado/2017.2/ids_lite/ISE/bin/nt64;C:/Xilinx/Vivado/2017.2/ids_lite/ISE/lib/nt64;C:/Xilinx/Vivado_HLS/2017.2/bin;C:\Program Files (x86)\NVIDIA Corporation\PhysX\Common;C:\WINDOWS\system32;C:\WINDOWS;C:\WINDOWS\System32\Wbem;C:\WINDOWS\System32\WindowsPowerShell\v1.0\;C:\Aldec\Active-HDL-Student-Edition\bin;C:\Program Files\MATLAB\R2016a\runtime\win64;C:\Program Files\MATLAB\R2016a\bin;C:\Program Files (x86)\IVI Foundation\VISA\WinNT\Bin\;C:\Program Files\IVI Foundation\VISA\Win64\Bin\;C:\Program Files (x86)\Nordic Semiconductor\nrf5x\bin\;C:\Program Files (x86)\Skype\Phone\;C:\Program Files\Intel\WiFi\bin\;C:\Program Files\Common Files\Intel\WirelessCommon\;C:\Program Files\Git\cmd;C:\Program Files\MiKTeX 2.9\miktex\bin\x64\;C:\Users\Torgeir Leithe\AppData\Local\Microsoft\WindowsApps;C:/Xilinx/Vivado/2017.2\tps\mingw\6.2.0\win64.o\nt\bin;C:/Xilinx/Vivado/2017.2\tps\mingw\6.2.0\win64.o\nt\libexec\gcc\x86_64-w64-mingw32\6.2.0
USERNAME=Torgeir Leithe
OS=Windows_NT
PROCESSOR_IDENTIFIER=Intel64 Family 6 Model 94 Stepping 3, GenuineIntel



---------------  S Y S T E M  ---------------

OS: Windows 10.0 , 64 bit Build 15063 (10.0.15063.296)

CPU:total 4 (4 cores per cpu, 1 threads per core) family 6 model 94 stepping 3, cmov, cx8, fxsr, mmx, sse, sse2, sse3, ssse3, sse4.1, sse4.2, popcnt, avx, avx2, aes, clmul, erms, rtm, 3dnowpref, lzcnt, tsc, tscinvbit, bmi1, bmi2, adx

Memory: 4k page, physical 8238800k(1224836k free), swap 18484316k(2931496k free)

vm_info: Java HotSpot(TM) 64-Bit Server VM (25.112-b15) for windows-amd64 JRE (1.8.0_112-b15), built on Sep 22 2016 21:31:56 by "java_re" with MS VC++ 10.0 (VS2010)

time: Mon Oct 23 16:42:43 2017
elapsed time: 64052 seconds (0d 17h 47m 32s)

