#-----------------------------------------------------------
# Vivado v2017.3 (64-bit)
# SW Build 2018833 on Wed Oct  4 19:58:22 MDT 2017
# IP Build 2016188 on Wed Oct  4 21:52:56 MDT 2017
# Start of session at: Wed Oct 25 13:12:27 2017
# Process ID: 15884
# Current directory: C:/Users/Torgeir Leithe/Google Drive/stor-skole/TFE4141 Design av digitale system 1/RSA/Git/DD1_project/VHDL-code/ModExp
# Command line: vivado.exe -gui_launcher_event rodinguilauncherevent16164 C:\Users\Torgeir Leithe\Google Drive\stor-skole\TFE4141 Design av digitale system 1\RSA\Git\DD1_project\VHDL-code\ModExp\ModExp.xpr
# Log file: C:/Users/Torgeir Leithe/Google Drive/stor-skole/TFE4141 Design av digitale system 1/RSA/Git/DD1_project/VHDL-code/ModExp/vivado.log
# Journal file: C:/Users/Torgeir Leithe/Google Drive/stor-skole/TFE4141 Design av digitale system 1/RSA/Git/DD1_project/VHDL-code/ModExp\vivado.jou
#-----------------------------------------------------------
start_gui
open_project {C:/Users/Torgeir Leithe/Google Drive/stor-skole/TFE4141 Design av digitale system 1/RSA/Git/DD1_project/VHDL-code/ModExp/ModExp.xpr}
INFO: [ProjectBase 1-489] The host OS only allows 260 characters in a normal path. The project is stored in a path with more than 80 characters. If you experience issues with IP, Block Designs, or files not being found, please consider moving the project to a location with a shorter path. Alternately consider using the OS subst command to map part of the path to a drive letter.
Current project path is 'C:/Users/Torgeir Leithe/Google Drive/stor-skole/TFE4141 Design av digitale system 1/RSA/Git/DD1_project/VHDL-code/ModExp'
INFO: [Project 1-313] Project file moved from 'C:/Users/Torgeir Leithe/Google Drive/stor-skole/TFE4141 Design av digitale system 1/RSA/MonPro/ModExp' since last save.
Scanning sources...
Finished scanning sources
INFO: [Project 1-230] Project 'ModExp.xpr' upgraded for this version of Vivado.
INFO: [IP_Flow 19-234] Refreshing IP repositories
INFO: [IP_Flow 19-1704] No user IP repositories specified
INFO: [IP_Flow 19-2313] Loaded Vivado IP repository 'C:/Xilinx/Vivado/2017.3/data/ip'.
reset_run synth_1
launch_runs synth_1 -jobs 2
[Wed Oct 25 13:12:54 2017] Launched synth_1...
Run output will be captured here: C:/Users/Torgeir Leithe/Google Drive/stor-skole/TFE4141 Design av digitale system 1/RSA/Git/DD1_project/VHDL-code/ModExp/ModExp.runs/synth_1/runme.log
reset_run synth_1
launch_runs synth_1 -jobs 2
[Wed Oct 25 13:14:44 2017] Launched synth_1...
Run output will be captured here: C:/Users/Torgeir Leithe/Google Drive/stor-skole/TFE4141 Design av digitale system 1/RSA/Git/DD1_project/VHDL-code/ModExp/ModExp.runs/synth_1/runme.log
open_run synth_1 -name synth_1
Design is defaulting to impl run constrset: constrs_1
Design is defaulting to synth run part: xc7z030fbv484-1
INFO: [Netlist 29-17] Analyzing 1044 Unisim elements for replacement
INFO: [Netlist 29-28] Unisim Transformation completed in 0 CPU seconds
INFO: [Project 1-479] Netlist was created with Vivado 2017.3
INFO: [Device 21-403] Loading part xc7z030fbv484-1
INFO: [Project 1-570] Preparing netlist for logic optimization
Parsing XDC File [C:/Users/Torgeir Leithe/Google Drive/stor-skole/TFE4141 Design av digitale system 1/RSA/Git/DD1_project/VHDL-code/ModExp/ModExp.srcs/constrs_1/imports/new/ModExp_constraints.xdc]
Finished Parsing XDC File [C:/Users/Torgeir Leithe/Google Drive/stor-skole/TFE4141 Design av digitale system 1/RSA/Git/DD1_project/VHDL-code/ModExp/ModExp.srcs/constrs_1/imports/new/ModExp_constraints.xdc]
INFO: [Opt 31-138] Pushed 0 inverter(s) to 0 load pin(s).
INFO: [Project 1-111] Unisim Transformation Summary:
No Unisim elements were transformed.

open_run: Time (s): cpu = 00:00:17 ; elapsed = 00:00:14 . Memory (MB): peak = 1220.246 ; gain = 390.270
launch_runs impl_1 -jobs 2
[Wed Oct 25 13:17:08 2017] Launched impl_1...
Run output will be captured here: C:/Users/Torgeir Leithe/Google Drive/stor-skole/TFE4141 Design av digitale system 1/RSA/Git/DD1_project/VHDL-code/ModExp/ModExp.runs/impl_1/runme.log
launch_simulation
INFO: [Vivado 12-5682] Launching behavioral simulation in 'C:/Users/Torgeir Leithe/Google Drive/stor-skole/TFE4141 Design av digitale system 1/RSA/Git/DD1_project/VHDL-code/ModExp/ModExp.sim/sim_1/behav/xsim'
INFO: [SIM-utils-51] Simulation object is 'sim_1'
INFO: [SIM-utils-54] Inspecting design source files for 'ModExp_tb' in fileset 'sim_1'...
INFO: [USF-XSim-97] Finding global include files...
INFO: [USF-XSim-100] Fetching design files from 'sources_1'...(this may take a while)...
INFO: [USF-XSim-101] Fetching design files from 'sim_1'...
INFO: [USF-XSim-2] XSim::Compile design
INFO: [USF-XSim-61] Executing 'COMPILE and ANALYZE' step in 'C:/Users/Torgeir Leithe/Google Drive/stor-skole/TFE4141 Design av digitale system 1/RSA/Git/DD1_project/VHDL-code/ModExp/ModExp.sim/sim_1/behav/xsim'
"xvhdl --incr --relax -prj ModExp_tb_vhdl.prj"
INFO: [VRFC 10-163] Analyzing VHDL file "C:/Users/Torgeir Leithe/Google Drive/stor-skole/TFE4141 Design av digitale system 1/RSA/Git/DD1_project/VHDL-code/ModExp/ModExp.srcs/sources_1/imports/new/MonPro.vhd" into library xil_defaultlib
INFO: [VRFC 10-307] analyzing entity MonPro_loop
INFO: [VRFC 10-307] analyzing entity MonPro
INFO: [VRFC 10-163] Analyzing VHDL file "C:/Users/Torgeir Leithe/Google Drive/stor-skole/TFE4141 Design av digitale system 1/RSA/Git/DD1_project/VHDL-code/ModExp/ModExp.srcs/sources_1/imports/new/ModExp.vhd" into library xil_defaultlib
INFO: [VRFC 10-307] analyzing entity ModExp
INFO: [VRFC 10-163] Analyzing VHDL file "C:/Users/Torgeir Leithe/Google Drive/stor-skole/TFE4141 Design av digitale system 1/RSA/Git/DD1_project/VHDL-code/ModExp/ModExp.srcs/sim_1/imports/new/ModExp_tb.vhd" into library xil_defaultlib
INFO: [VRFC 10-307] analyzing entity ModExp_tb
INFO: [USF-XSim-69] 'compile' step finished in '1' seconds
INFO: [USF-XSim-3] XSim::Elaborate design
INFO: [USF-XSim-61] Executing 'ELABORATE' step in 'C:/Users/Torgeir Leithe/Google Drive/stor-skole/TFE4141 Design av digitale system 1/RSA/Git/DD1_project/VHDL-code/ModExp/ModExp.sim/sim_1/behav/xsim'
Vivado Simulator 2017.3
Copyright 1986-1999, 2001-2016 Xilinx, Inc. All Rights Reserved.
Running: C:/Xilinx/Vivado/2017.3/bin/unwrapped/win64.o/xelab.exe -wto 4897b871f22540f8b2e756fd17e4f0c2 --incr --debug typical --relax --mt 2 -L xil_defaultlib -L secureip --snapshot ModExp_tb_behav xil_defaultlib.ModExp_tb -log elaborate.log 
Using 2 slave threads.
Starting static elaboration
Completed static elaboration
Starting simulation data flow analysis
Completed simulation data flow analysis
Time Resolution for simulation is 1ps
Compiling package std.standard
Compiling package std.textio
Compiling package ieee.std_logic_1164
Compiling package ieee.numeric_std
Compiling package ieee.std_logic_arith
Compiling architecture behavioral of entity xil_defaultlib.MonPro_loop [monpro_loop_default]
Compiling architecture behavioral of entity xil_defaultlib.MonPro [monpro_default]
Compiling architecture behavioral of entity xil_defaultlib.ModExp [modexp_default]
Compiling architecture behavioral of entity xil_defaultlib.modexp_tb
Built simulation snapshot ModExp_tb_behav

****** Webtalk v2017.3 (64-bit)
  **** SW Build 2018833 on Wed Oct  4 19:58:22 MDT 2017
  **** IP Build 2016188 on Wed Oct  4 21:52:56 MDT 2017
    ** Copyright 1986-2017 Xilinx, Inc. All Rights Reserved.

source C:/Users/Torgeir -notrace
couldn't read file "C:/Users/Torgeir": no such file or directory
INFO: [Common 17-206] Exiting Webtalk at Wed Oct 25 13:18:19 2017...
INFO: [USF-XSim-69] 'elaborate' step finished in '3' seconds
INFO: [USF-XSim-4] XSim::Simulate design
INFO: [USF-XSim-61] Executing 'SIMULATE' step in 'C:/Users/Torgeir Leithe/Google Drive/stor-skole/TFE4141 Design av digitale system 1/RSA/Git/DD1_project/VHDL-code/ModExp/ModExp.sim/sim_1/behav/xsim'
INFO: [USF-XSim-98] *** Running xsim
   with args "ModExp_tb_behav -key {Behavioral:sim_1:Functional:ModExp_tb} -tclbatch {ModExp_tb.tcl} -view {{C:/Users/Torgeir Leithe/Google Drive/stor-skole/TFE4141 Design av digitale system 1/RSA/Git/DD1_project/VHDL-code/ModExp/ModExp_tb_behav.wcfg}} -log {simulate.log}"
INFO: [USF-XSim-8] Loading simulator feature
Vivado Simulator 2017.3
Time resolution is 1 ps
open_wave_config {C:/Users/Torgeir Leithe/Google Drive/stor-skole/TFE4141 Design av digitale system 1/RSA/Git/DD1_project/VHDL-code/ModExp/ModExp_tb_behav.wcfg}
source ModExp_tb.tcl
# set curr_wave [current_wave_config]
# if { [string length $curr_wave] == 0 } {
#   if { [llength [get_objects]] > 0} {
#     add_wave /
#     set_property needs_save false [current_wave_config]
#   } else {
#      send_msg_id Add_Wave-1 WARNING "No top level signals found. Simulator will start without a wave window. If you want to open a wave window go to 'File->New Waveform Configuration' or type 'create_wave_config' in the TCL console."
#   }
# }
# run 1000ns
INFO: [USF-XSim-96] XSim completed. Design snapshot 'ModExp_tb_behav' loaded.
INFO: [USF-XSim-97] XSim simulation ran for 1000ns
launch_simulation: Time (s): cpu = 00:00:05 ; elapsed = 00:00:08 . Memory (MB): peak = 1653.078 ; gain = 48.598
restart
INFO: [Simtcl 6-17] Simulation restarted
run 163.83 us
run 163.83 us
close_sim
INFO: [Simtcl 6-16] Simulation closed
exit
INFO: [Common 17-206] Exiting Vivado at Wed Oct 25 13:35:53 2017...
