#-----------------------------------------------------------
# Vivado v2017.2.1 (64-bit)
# SW Build 1909853 on Thu Jun 15 18:39:09 MDT 2017
# IP Build 1948039 on Wed Aug  9 18:19:28 MDT 2017
# Start of session at: Mon Oct 23 16:43:09 2017
# Process ID: 7448
# Current directory: C:/Users/Torgeir Leithe/Google Drive/stor-skole/TFE4141 Design av digitale system 1/RSA/MonPro/ModExp2
# Command line: vivado.exe -gui_launcher_event rodinguilauncherevent11580 C:\Users\Torgeir Leithe\Google Drive\stor-skole\TFE4141 Design av digitale system 1\RSA\MonPro\ModExp2\ModExp.xpr
# Log file: C:/Users/Torgeir Leithe/Google Drive/stor-skole/TFE4141 Design av digitale system 1/RSA/MonPro/ModExp2/vivado.log
# Journal file: C:/Users/Torgeir Leithe/Google Drive/stor-skole/TFE4141 Design av digitale system 1/RSA/MonPro/ModExp2\vivado.jou
#-----------------------------------------------------------
start_gui
open_project {C:/Users/Torgeir Leithe/Google Drive/stor-skole/TFE4141 Design av digitale system 1/RSA/MonPro/ModExp2/ModExp.xpr}
INFO: [ProjectBase 1-489] The host OS only allows 260 characters in a normal path. The project is stored in a path with more than 80 characters. If you experience issues with IP, Block Designs, or files not being found, please consider moving the project to a location with a shorter path. Alternately consider using the OS subst command to map part of the path to a drive letter.
Current project path is 'C:/Users/Torgeir Leithe/Google Drive/stor-skole/TFE4141 Design av digitale system 1/RSA/MonPro/ModExp2'
Scanning sources...
Finished scanning sources
INFO: [IP_Flow 19-234] Refreshing IP repositories
INFO: [IP_Flow 19-1704] No user IP repositories specified
INFO: [IP_Flow 19-2313] Loaded Vivado IP repository 'C:/Xilinx/Vivado/2017.2/data/ip'.
launch_simulation
WARNING: [Vivado 12-3661] Failed to remove file:C:/Users/Torgeir Leithe/Google Drive/stor-skole/TFE4141 Design av digitale system 1/RSA/MonPro/ModExp2/ModExp.sim/sim_1/behav/ModExp_tb_behav.wdb
WARNING: [Vivado 12-3661] Failed to remove file:C:/Users/Torgeir Leithe/Google Drive/stor-skole/TFE4141 Design av digitale system 1/RSA/MonPro/ModExp2/ModExp.sim/sim_1/behav/simulate.log
INFO: [SIM-utils-51] Simulation object is 'sim_1'
INFO: [SIM-utils-54] Inspecting design source files for 'ModExp_tb' in fileset 'sim_1'...
INFO: [USF-XSim-97] Finding global include files...
INFO: [USF-XSim-100] Fetching design files from 'sources_1'...(this may take a while)...
INFO: [USF-XSim-101] Fetching design files from 'sim_1'...
INFO: [USF-XSim-2] XSim::Compile design
INFO: [USF-XSim-61] Executing 'COMPILE and ANALYZE' step in 'C:/Users/Torgeir Leithe/Google Drive/stor-skole/TFE4141 Design av digitale system 1/RSA/MonPro/ModExp2/ModExp.sim/sim_1/behav'
"xvhdl -m64 --relax -prj ModExp_tb_vhdl.prj"
INFO: [VRFC 10-163] Analyzing VHDL file "C:/Users/Torgeir Leithe/Google Drive/stor-skole/TFE4141 Design av digitale system 1/RSA/MonPro/ModExp2/ModExp.srcs/sources_1/imports/new/MonPro.vhd" into library xil_defaultlib
INFO: [VRFC 10-307] analyzing entity MonPro_loop
INFO: [VRFC 10-307] analyzing entity MonPro
INFO: [VRFC 10-163] Analyzing VHDL file "C:/Users/Torgeir Leithe/Google Drive/stor-skole/TFE4141 Design av digitale system 1/RSA/MonPro/ModExp2/ModExp.srcs/sources_1/imports/new/ModExp.vhd" into library xil_defaultlib
INFO: [VRFC 10-307] analyzing entity ModExp
INFO: [VRFC 10-163] Analyzing VHDL file "C:/Users/Torgeir Leithe/Google Drive/stor-skole/TFE4141 Design av digitale system 1/RSA/MonPro/ModExp2/ModExp.srcs/sim_1/imports/new/ModExp_tb.vhd" into library xil_defaultlib
INFO: [VRFC 10-307] analyzing entity ModExp_tb
INFO: [USF-XSim-69] 'compile' step finished in '1' seconds
INFO: [USF-XSim-3] XSim::Elaborate design
INFO: [USF-XSim-61] Executing 'ELABORATE' step in 'C:/Users/Torgeir Leithe/Google Drive/stor-skole/TFE4141 Design av digitale system 1/RSA/MonPro/ModExp2/ModExp.sim/sim_1/behav'
Vivado Simulator 2017.2
Copyright 1986-1999, 2001-2016 Xilinx, Inc. All Rights Reserved.
Running: C:/Xilinx/Vivado/2017.2/bin/unwrapped/win64.o/xelab.exe -wto 4897b871f22540f8b2e756fd17e4f0c2 --debug typical --relax --mt 2 -L xil_defaultlib -L secureip --snapshot ModExp_tb_behav xil_defaultlib.ModExp_tb -log elaborate.log 
Using 2 slave threads.
Starting static elaboration
Completed static elaboration
Starting simulation data flow analysis
Completed simulation data flow analysis
Time Resolution for simulation is 1ps
Compiling package std.standard
Compiling package std.textio
Compiling package ieee.std_logic_1164
Compiling package ieee.numeric_std
Compiling package ieee.std_logic_arith
Compiling architecture behavioral of entity xil_defaultlib.MonPro_loop [monpro_loop_default]
Compiling architecture behavioral of entity xil_defaultlib.MonPro [monpro_default]
Compiling architecture behavioral of entity xil_defaultlib.ModExp [modexp_default]
Compiling architecture behavioral of entity xil_defaultlib.modexp_tb
Built simulation snapshot ModExp_tb_behav

****** Webtalk v2017.2.1 (64-bit)
  **** SW Build 1909853 on Thu Jun 15 18:39:09 MDT 2017
  **** IP Build 1948039 on Wed Aug  9 18:19:28 MDT 2017
    ** Copyright 1986-2017 Xilinx, Inc. All Rights Reserved.

source C:/Users/Torgeir -notrace
couldn't read file "C:/Users/Torgeir": no such file or directory
INFO: [Common 17-206] Exiting Webtalk at Mon Oct 23 16:43:50 2017...
INFO: [USF-XSim-69] 'elaborate' step finished in '1' seconds
INFO: [USF-XSim-4] XSim::Simulate design
INFO: [USF-XSim-61] Executing 'SIMULATE' step in 'C:/Users/Torgeir Leithe/Google Drive/stor-skole/TFE4141 Design av digitale system 1/RSA/MonPro/ModExp2/ModExp.sim/sim_1/behav'
INFO: [USF-XSim-98] *** Running xsim
   with args "ModExp_tb_behav -key {Behavioral:sim_1:Functional:ModExp_tb} -tclbatch {ModExp_tb.tcl} -view {C:/Users/Torgeir Leithe/Google Drive/stor-skole/TFE4141 Design av digitale system 1/RSA/MonPro/ModExp2/ModExp_tb_behav.wcfg} -log {simulate.log}"
INFO: [USF-XSim-8] Loading simulator feature
Vivado Simulator 2017.2
Time resolution is 1 ps
open_wave_config C:/Users/Torgeir
ERROR: [Wavedata 42-2] Error while reading WCFG file 'C:/Users/Torgeir.wcfg'.
open_wave_config Leithe/Google
ERROR: [Wavedata 42-2] Error while reading WCFG file 'C:/Users/Torgeir Leithe/Google Drive/stor-skole/TFE4141 Design av digitale system 1/RSA/MonPro/ModExp2/ModExp.sim/sim_1/behav/Leithe/Google.wcfg'.
open_wave_config Drive/stor-skole/TFE4141
ERROR: [Wavedata 42-2] Error while reading WCFG file 'C:/Users/Torgeir Leithe/Google Drive/stor-skole/TFE4141 Design av digitale system 1/RSA/MonPro/ModExp2/ModExp.sim/sim_1/behav/Drive/stor-skole/TFE4141.wcfg'.
open_wave_config Design
ERROR: [Wavedata 42-2] Error while reading WCFG file 'C:/Users/Torgeir Leithe/Google Drive/stor-skole/TFE4141 Design av digitale system 1/RSA/MonPro/ModExp2/ModExp.sim/sim_1/behav/Design.wcfg'.
open_wave_config av
ERROR: [Wavedata 42-2] Error while reading WCFG file 'C:/Users/Torgeir Leithe/Google Drive/stor-skole/TFE4141 Design av digitale system 1/RSA/MonPro/ModExp2/ModExp.sim/sim_1/behav/av.wcfg'.
open_wave_config digitale
ERROR: [Wavedata 42-2] Error while reading WCFG file 'C:/Users/Torgeir Leithe/Google Drive/stor-skole/TFE4141 Design av digitale system 1/RSA/MonPro/ModExp2/ModExp.sim/sim_1/behav/digitale.wcfg'.
open_wave_config system
ERROR: [Wavedata 42-2] Error while reading WCFG file 'C:/Users/Torgeir Leithe/Google Drive/stor-skole/TFE4141 Design av digitale system 1/RSA/MonPro/ModExp2/ModExp.sim/sim_1/behav/system.wcfg'.
open_wave_config 1/RSA/MonPro/ModExp2/ModExp_tb_behav.wcfg
ERROR: [Wavedata 42-2] Error while reading WCFG file 'C:/Users/Torgeir Leithe/Google Drive/stor-skole/TFE4141 Design av digitale system 1/RSA/MonPro/ModExp2/ModExp.sim/sim_1/behav/1/RSA/MonPro/ModExp2/ModExp_tb_behav.wcfg'.
source ModExp_tb.tcl
# set curr_wave [current_wave_config]
# if { [string length $curr_wave] == 0 } {
#   if { [llength [get_objects]] > 0} {
#     add_wave /
#     set_property needs_save false [current_wave_config]
#   } else {
#      send_msg_id Add_Wave-1 WARNING "No top level signals found. Simulator will start without a wave window. If you want to open a wave window go to 'File->New Waveform Configuration' or type 'create_wave_config' in the TCL console."
#   }
# }
# run 1000ns
INFO: [USF-XSim-96] XSim completed. Design snapshot 'ModExp_tb_behav' loaded.
INFO: [USF-XSim-97] XSim simulation ran for 1000ns
launch_simulation: Time (s): cpu = 00:00:04 ; elapsed = 00:00:07 . Memory (MB): peak = 811.695 ; gain = 17.191
relaunch_sim
INFO: [SIM-utils-51] Simulation object is 'sim_1'
INFO: [SIM-utils-54] Inspecting design source files for 'ModExp_tb' in fileset 'sim_1'...
INFO: [USF-XSim-97] Finding global include files...
INFO: [USF-XSim-100] Fetching design files from 'sources_1'...(this may take a while)...
INFO: [USF-XSim-101] Fetching design files from 'sim_1'...
INFO: [USF-XSim-2] XSim::Compile design
INFO: [USF-XSim-61] Executing 'COMPILE and ANALYZE' step in 'C:/Users/Torgeir Leithe/Google Drive/stor-skole/TFE4141 Design av digitale system 1/RSA/MonPro/ModExp2/ModExp.sim/sim_1/behav'
"xvhdl -m64 --relax -prj ModExp_tb_vhdl.prj"
INFO: [VRFC 10-163] Analyzing VHDL file "C:/Users/Torgeir Leithe/Google Drive/stor-skole/TFE4141 Design av digitale system 1/RSA/MonPro/ModExp2/ModExp.srcs/sources_1/imports/new/MonPro.vhd" into library xil_defaultlib
INFO: [VRFC 10-307] analyzing entity MonPro_loop
INFO: [VRFC 10-307] analyzing entity MonPro
INFO: [VRFC 10-163] Analyzing VHDL file "C:/Users/Torgeir Leithe/Google Drive/stor-skole/TFE4141 Design av digitale system 1/RSA/MonPro/ModExp2/ModExp.srcs/sources_1/imports/new/ModExp.vhd" into library xil_defaultlib
INFO: [VRFC 10-307] analyzing entity ModExp
INFO: [VRFC 10-163] Analyzing VHDL file "C:/Users/Torgeir Leithe/Google Drive/stor-skole/TFE4141 Design av digitale system 1/RSA/MonPro/ModExp2/ModExp.srcs/sim_1/imports/new/ModExp_tb.vhd" into library xil_defaultlib
INFO: [VRFC 10-307] analyzing entity ModExp_tb
INFO: [USF-XSim-69] 'compile' step finished in '1' seconds
INFO: [USF-XSim-3] XSim::Elaborate design
INFO: [USF-XSim-61] Executing 'ELABORATE' step in 'C:/Users/Torgeir Leithe/Google Drive/stor-skole/TFE4141 Design av digitale system 1/RSA/MonPro/ModExp2/ModExp.sim/sim_1/behav'
Vivado Simulator 2017.2
Copyright 1986-1999, 2001-2016 Xilinx, Inc. All Rights Reserved.
Running: C:/Xilinx/Vivado/2017.2/bin/unwrapped/win64.o/xelab.exe -wto 4897b871f22540f8b2e756fd17e4f0c2 --debug typical --relax --mt 2 -L xil_defaultlib -L secureip --snapshot ModExp_tb_behav xil_defaultlib.ModExp_tb -log elaborate.log 
Using 2 slave threads.
Starting static elaboration
Completed static elaboration
Starting simulation data flow analysis
Completed simulation data flow analysis
Time Resolution for simulation is 1ps
Compiling package std.standard
Compiling package std.textio
Compiling package ieee.std_logic_1164
Compiling package ieee.numeric_std
Compiling package ieee.std_logic_arith
Compiling architecture behavioral of entity xil_defaultlib.MonPro_loop [monpro_loop_default]
Compiling architecture behavioral of entity xil_defaultlib.MonPro [monpro_default]
Compiling architecture behavioral of entity xil_defaultlib.ModExp [modexp_default]
Compiling architecture behavioral of entity xil_defaultlib.modexp_tb
Built simulation snapshot ModExp_tb_behav
INFO: [USF-XSim-69] 'elaborate' step finished in '1' seconds
Vivado Simulator 2017.2
Time resolution is 1 ps
relaunch_sim: Time (s): cpu = 00:00:01 ; elapsed = 00:00:05 . Memory (MB): peak = 836.203 ; gain = 0.000
open_wave_config {C:/Users/Torgeir Leithe/Google Drive/stor-skole/TFE4141 Design av digitale system 1/RSA/MonPro/ModExp2/ModExp_tb_behav.wcfg}
relaunch_sim
INFO: [SIM-utils-51] Simulation object is 'sim_1'
INFO: [SIM-utils-54] Inspecting design source files for 'ModExp_tb' in fileset 'sim_1'...
INFO: [USF-XSim-97] Finding global include files...
INFO: [USF-XSim-100] Fetching design files from 'sources_1'...(this may take a while)...
INFO: [USF-XSim-101] Fetching design files from 'sim_1'...
INFO: [USF-XSim-2] XSim::Compile design
INFO: [USF-XSim-61] Executing 'COMPILE and ANALYZE' step in 'C:/Users/Torgeir Leithe/Google Drive/stor-skole/TFE4141 Design av digitale system 1/RSA/MonPro/ModExp2/ModExp.sim/sim_1/behav'
"xvhdl -m64 --relax -prj ModExp_tb_vhdl.prj"
INFO: [VRFC 10-163] Analyzing VHDL file "C:/Users/Torgeir Leithe/Google Drive/stor-skole/TFE4141 Design av digitale system 1/RSA/MonPro/ModExp2/ModExp.srcs/sources_1/imports/new/MonPro.vhd" into library xil_defaultlib
INFO: [VRFC 10-307] analyzing entity MonPro_loop
INFO: [VRFC 10-307] analyzing entity MonPro
INFO: [VRFC 10-163] Analyzing VHDL file "C:/Users/Torgeir Leithe/Google Drive/stor-skole/TFE4141 Design av digitale system 1/RSA/MonPro/ModExp2/ModExp.srcs/sources_1/imports/new/ModExp.vhd" into library xil_defaultlib
INFO: [VRFC 10-307] analyzing entity ModExp
INFO: [VRFC 10-163] Analyzing VHDL file "C:/Users/Torgeir Leithe/Google Drive/stor-skole/TFE4141 Design av digitale system 1/RSA/MonPro/ModExp2/ModExp.srcs/sim_1/imports/new/ModExp_tb.vhd" into library xil_defaultlib
INFO: [VRFC 10-307] analyzing entity ModExp_tb
INFO: [USF-XSim-69] 'compile' step finished in '1' seconds
INFO: [USF-XSim-3] XSim::Elaborate design
INFO: [USF-XSim-61] Executing 'ELABORATE' step in 'C:/Users/Torgeir Leithe/Google Drive/stor-skole/TFE4141 Design av digitale system 1/RSA/MonPro/ModExp2/ModExp.sim/sim_1/behav'
Vivado Simulator 2017.2
Copyright 1986-1999, 2001-2016 Xilinx, Inc. All Rights Reserved.
Running: C:/Xilinx/Vivado/2017.2/bin/unwrapped/win64.o/xelab.exe -wto 4897b871f22540f8b2e756fd17e4f0c2 --debug typical --relax --mt 2 -L xil_defaultlib -L secureip --snapshot ModExp_tb_behav xil_defaultlib.ModExp_tb -log elaborate.log 
Using 2 slave threads.
Starting static elaboration
Completed static elaboration
Starting simulation data flow analysis
Completed simulation data flow analysis
Time Resolution for simulation is 1ps
Compiling package std.standard
Compiling package std.textio
Compiling package ieee.std_logic_1164
Compiling package ieee.numeric_std
Compiling package ieee.std_logic_arith
Compiling architecture behavioral of entity xil_defaultlib.MonPro_loop [monpro_loop_default]
Compiling architecture behavioral of entity xil_defaultlib.MonPro [monpro_default]
Compiling architecture behavioral of entity xil_defaultlib.ModExp [modexp_default]
Compiling architecture behavioral of entity xil_defaultlib.modexp_tb
Built simulation snapshot ModExp_tb_behav
INFO: [USF-XSim-69] 'elaborate' step finished in '1' seconds
Vivado Simulator 2017.2
Time resolution is 1 ps
relaunch_sim
INFO: [SIM-utils-51] Simulation object is 'sim_1'
INFO: [SIM-utils-54] Inspecting design source files for 'ModExp_tb' in fileset 'sim_1'...
INFO: [USF-XSim-97] Finding global include files...
INFO: [USF-XSim-100] Fetching design files from 'sources_1'...(this may take a while)...
INFO: [USF-XSim-101] Fetching design files from 'sim_1'...
INFO: [USF-XSim-2] XSim::Compile design
INFO: [USF-XSim-61] Executing 'COMPILE and ANALYZE' step in 'C:/Users/Torgeir Leithe/Google Drive/stor-skole/TFE4141 Design av digitale system 1/RSA/MonPro/ModExp2/ModExp.sim/sim_1/behav'
"xvhdl -m64 --relax -prj ModExp_tb_vhdl.prj"
INFO: [VRFC 10-163] Analyzing VHDL file "C:/Users/Torgeir Leithe/Google Drive/stor-skole/TFE4141 Design av digitale system 1/RSA/MonPro/ModExp2/ModExp.srcs/sources_1/imports/new/MonPro.vhd" into library xil_defaultlib
INFO: [VRFC 10-307] analyzing entity MonPro_loop
INFO: [VRFC 10-307] analyzing entity MonPro
INFO: [VRFC 10-163] Analyzing VHDL file "C:/Users/Torgeir Leithe/Google Drive/stor-skole/TFE4141 Design av digitale system 1/RSA/MonPro/ModExp2/ModExp.srcs/sources_1/imports/new/ModExp.vhd" into library xil_defaultlib
INFO: [VRFC 10-307] analyzing entity ModExp
INFO: [VRFC 10-163] Analyzing VHDL file "C:/Users/Torgeir Leithe/Google Drive/stor-skole/TFE4141 Design av digitale system 1/RSA/MonPro/ModExp2/ModExp.srcs/sim_1/imports/new/ModExp_tb.vhd" into library xil_defaultlib
INFO: [VRFC 10-307] analyzing entity ModExp_tb
INFO: [USF-XSim-69] 'compile' step finished in '1' seconds
INFO: [USF-XSim-3] XSim::Elaborate design
INFO: [USF-XSim-61] Executing 'ELABORATE' step in 'C:/Users/Torgeir Leithe/Google Drive/stor-skole/TFE4141 Design av digitale system 1/RSA/MonPro/ModExp2/ModExp.sim/sim_1/behav'
Vivado Simulator 2017.2
Copyright 1986-1999, 2001-2016 Xilinx, Inc. All Rights Reserved.
Running: C:/Xilinx/Vivado/2017.2/bin/unwrapped/win64.o/xelab.exe -wto 4897b871f22540f8b2e756fd17e4f0c2 --debug typical --relax --mt 2 -L xil_defaultlib -L secureip --snapshot ModExp_tb_behav xil_defaultlib.ModExp_tb -log elaborate.log 
Using 2 slave threads.
Starting static elaboration
Completed static elaboration
Starting simulation data flow analysis
Completed simulation data flow analysis
Time Resolution for simulation is 1ps
Compiling package std.standard
Compiling package std.textio
Compiling package ieee.std_logic_1164
Compiling package ieee.numeric_std
Compiling package ieee.std_logic_arith
Compiling architecture behavioral of entity xil_defaultlib.MonPro_loop [monpro_loop_default]
Compiling architecture behavioral of entity xil_defaultlib.MonPro [monpro_default]
Compiling architecture behavioral of entity xil_defaultlib.ModExp [modexp_default]
Compiling architecture behavioral of entity xil_defaultlib.modexp_tb
Built simulation snapshot ModExp_tb_behav
INFO: [USF-XSim-69] 'elaborate' step finished in '1' seconds
Vivado Simulator 2017.2
Time resolution is 1 ps
relaunch_sim: Time (s): cpu = 00:00:02 ; elapsed = 00:00:06 . Memory (MB): peak = 867.137 ; gain = 0.000
relaunch_sim
INFO: [SIM-utils-51] Simulation object is 'sim_1'
INFO: [SIM-utils-54] Inspecting design source files for 'ModExp_tb' in fileset 'sim_1'...
INFO: [USF-XSim-97] Finding global include files...
INFO: [USF-XSim-100] Fetching design files from 'sources_1'...(this may take a while)...
INFO: [USF-XSim-101] Fetching design files from 'sim_1'...
INFO: [USF-XSim-2] XSim::Compile design
INFO: [USF-XSim-61] Executing 'COMPILE and ANALYZE' step in 'C:/Users/Torgeir Leithe/Google Drive/stor-skole/TFE4141 Design av digitale system 1/RSA/MonPro/ModExp2/ModExp.sim/sim_1/behav'
"xvhdl -m64 --relax -prj ModExp_tb_vhdl.prj"
INFO: [VRFC 10-163] Analyzing VHDL file "C:/Users/Torgeir Leithe/Google Drive/stor-skole/TFE4141 Design av digitale system 1/RSA/MonPro/ModExp2/ModExp.srcs/sources_1/imports/new/MonPro.vhd" into library xil_defaultlib
INFO: [VRFC 10-307] analyzing entity MonPro_loop
INFO: [VRFC 10-307] analyzing entity MonPro
INFO: [VRFC 10-163] Analyzing VHDL file "C:/Users/Torgeir Leithe/Google Drive/stor-skole/TFE4141 Design av digitale system 1/RSA/MonPro/ModExp2/ModExp.srcs/sources_1/imports/new/ModExp.vhd" into library xil_defaultlib
INFO: [VRFC 10-307] analyzing entity ModExp
INFO: [VRFC 10-163] Analyzing VHDL file "C:/Users/Torgeir Leithe/Google Drive/stor-skole/TFE4141 Design av digitale system 1/RSA/MonPro/ModExp2/ModExp.srcs/sim_1/imports/new/ModExp_tb.vhd" into library xil_defaultlib
INFO: [VRFC 10-307] analyzing entity ModExp_tb
INFO: [USF-XSim-69] 'compile' step finished in '1' seconds
INFO: [USF-XSim-3] XSim::Elaborate design
INFO: [USF-XSim-61] Executing 'ELABORATE' step in 'C:/Users/Torgeir Leithe/Google Drive/stor-skole/TFE4141 Design av digitale system 1/RSA/MonPro/ModExp2/ModExp.sim/sim_1/behav'
Vivado Simulator 2017.2
Copyright 1986-1999, 2001-2016 Xilinx, Inc. All Rights Reserved.
Running: C:/Xilinx/Vivado/2017.2/bin/unwrapped/win64.o/xelab.exe -wto 4897b871f22540f8b2e756fd17e4f0c2 --debug typical --relax --mt 2 -L xil_defaultlib -L secureip --snapshot ModExp_tb_behav xil_defaultlib.ModExp_tb -log elaborate.log 
Using 2 slave threads.
Starting static elaboration
Completed static elaboration
Starting simulation data flow analysis
Completed simulation data flow analysis
Time Resolution for simulation is 1ps
Compiling package std.standard
Compiling package std.textio
Compiling package ieee.std_logic_1164
Compiling package ieee.numeric_std
Compiling package ieee.std_logic_arith
Compiling architecture behavioral of entity xil_defaultlib.MonPro_loop [monpro_loop_default]
Compiling architecture behavioral of entity xil_defaultlib.MonPro [monpro_default]
Compiling architecture behavioral of entity xil_defaultlib.ModExp [modexp_default]
Compiling architecture behavioral of entity xil_defaultlib.modexp_tb
Built simulation snapshot ModExp_tb_behav
INFO: [USF-XSim-69] 'elaborate' step finished in '1' seconds
Vivado Simulator 2017.2
Time resolution is 1 ps
restart
INFO: [Simtcl 6-17] Simulation restarted
relaunch_sim
INFO: [SIM-utils-51] Simulation object is 'sim_1'
INFO: [SIM-utils-54] Inspecting design source files for 'ModExp_tb' in fileset 'sim_1'...
INFO: [USF-XSim-97] Finding global include files...
INFO: [USF-XSim-100] Fetching design files from 'sources_1'...(this may take a while)...
INFO: [USF-XSim-101] Fetching design files from 'sim_1'...
INFO: [USF-XSim-2] XSim::Compile design
INFO: [USF-XSim-61] Executing 'COMPILE and ANALYZE' step in 'C:/Users/Torgeir Leithe/Google Drive/stor-skole/TFE4141 Design av digitale system 1/RSA/MonPro/ModExp2/ModExp.sim/sim_1/behav'
"xvhdl -m64 --relax -prj ModExp_tb_vhdl.prj"
INFO: [VRFC 10-163] Analyzing VHDL file "C:/Users/Torgeir Leithe/Google Drive/stor-skole/TFE4141 Design av digitale system 1/RSA/MonPro/ModExp2/ModExp.srcs/sources_1/imports/new/MonPro.vhd" into library xil_defaultlib
INFO: [VRFC 10-307] analyzing entity MonPro_loop
INFO: [VRFC 10-307] analyzing entity MonPro
INFO: [VRFC 10-163] Analyzing VHDL file "C:/Users/Torgeir Leithe/Google Drive/stor-skole/TFE4141 Design av digitale system 1/RSA/MonPro/ModExp2/ModExp.srcs/sources_1/imports/new/ModExp.vhd" into library xil_defaultlib
INFO: [VRFC 10-307] analyzing entity ModExp
INFO: [VRFC 10-163] Analyzing VHDL file "C:/Users/Torgeir Leithe/Google Drive/stor-skole/TFE4141 Design av digitale system 1/RSA/MonPro/ModExp2/ModExp.srcs/sim_1/imports/new/ModExp_tb.vhd" into library xil_defaultlib
INFO: [VRFC 10-307] analyzing entity ModExp_tb
INFO: [USF-XSim-69] 'compile' step finished in '1' seconds
INFO: [USF-XSim-3] XSim::Elaborate design
INFO: [USF-XSim-61] Executing 'ELABORATE' step in 'C:/Users/Torgeir Leithe/Google Drive/stor-skole/TFE4141 Design av digitale system 1/RSA/MonPro/ModExp2/ModExp.sim/sim_1/behav'
Vivado Simulator 2017.2
Copyright 1986-1999, 2001-2016 Xilinx, Inc. All Rights Reserved.
Running: C:/Xilinx/Vivado/2017.2/bin/unwrapped/win64.o/xelab.exe -wto 4897b871f22540f8b2e756fd17e4f0c2 --debug typical --relax --mt 2 -L xil_defaultlib -L secureip --snapshot ModExp_tb_behav xil_defaultlib.ModExp_tb -log elaborate.log 
Using 2 slave threads.
Starting static elaboration
Completed static elaboration
Starting simulation data flow analysis
Completed simulation data flow analysis
Time Resolution for simulation is 1ps
Compiling package std.standard
Compiling package std.textio
Compiling package ieee.std_logic_1164
Compiling package ieee.numeric_std
Compiling package ieee.std_logic_arith
Compiling architecture behavioral of entity xil_defaultlib.MonPro_loop [monpro_loop_default]
Compiling architecture behavioral of entity xil_defaultlib.MonPro [monpro_default]
Compiling architecture behavioral of entity xil_defaultlib.ModExp [modexp_default]
Compiling architecture behavioral of entity xil_defaultlib.modexp_tb
Built simulation snapshot ModExp_tb_behav
INFO: [USF-XSim-69] 'elaborate' step finished in '1' seconds
Vivado Simulator 2017.2
Time resolution is 1 ps
restart
INFO: [Simtcl 6-17] Simulation restarted
relaunch_sim
INFO: [SIM-utils-51] Simulation object is 'sim_1'
INFO: [SIM-utils-54] Inspecting design source files for 'ModExp_tb' in fileset 'sim_1'...
INFO: [USF-XSim-97] Finding global include files...
INFO: [USF-XSim-100] Fetching design files from 'sources_1'...(this may take a while)...
INFO: [USF-XSim-101] Fetching design files from 'sim_1'...
INFO: [USF-XSim-2] XSim::Compile design
INFO: [USF-XSim-61] Executing 'COMPILE and ANALYZE' step in 'C:/Users/Torgeir Leithe/Google Drive/stor-skole/TFE4141 Design av digitale system 1/RSA/MonPro/ModExp2/ModExp.sim/sim_1/behav'
"xvhdl -m64 --relax -prj ModExp_tb_vhdl.prj"
INFO: [VRFC 10-163] Analyzing VHDL file "C:/Users/Torgeir Leithe/Google Drive/stor-skole/TFE4141 Design av digitale system 1/RSA/MonPro/ModExp2/ModExp.srcs/sources_1/imports/new/MonPro.vhd" into library xil_defaultlib
INFO: [VRFC 10-307] analyzing entity MonPro_loop
INFO: [VRFC 10-307] analyzing entity MonPro
INFO: [VRFC 10-163] Analyzing VHDL file "C:/Users/Torgeir Leithe/Google Drive/stor-skole/TFE4141 Design av digitale system 1/RSA/MonPro/ModExp2/ModExp.srcs/sources_1/imports/new/ModExp.vhd" into library xil_defaultlib
INFO: [VRFC 10-307] analyzing entity ModExp
INFO: [VRFC 10-163] Analyzing VHDL file "C:/Users/Torgeir Leithe/Google Drive/stor-skole/TFE4141 Design av digitale system 1/RSA/MonPro/ModExp2/ModExp.srcs/sim_1/imports/new/ModExp_tb.vhd" into library xil_defaultlib
INFO: [VRFC 10-307] analyzing entity ModExp_tb
INFO: [USF-XSim-69] 'compile' step finished in '1' seconds
INFO: [USF-XSim-3] XSim::Elaborate design
INFO: [USF-XSim-61] Executing 'ELABORATE' step in 'C:/Users/Torgeir Leithe/Google Drive/stor-skole/TFE4141 Design av digitale system 1/RSA/MonPro/ModExp2/ModExp.sim/sim_1/behav'
Vivado Simulator 2017.2
Copyright 1986-1999, 2001-2016 Xilinx, Inc. All Rights Reserved.
Running: C:/Xilinx/Vivado/2017.2/bin/unwrapped/win64.o/xelab.exe -wto 4897b871f22540f8b2e756fd17e4f0c2 --debug typical --relax --mt 2 -L xil_defaultlib -L secureip --snapshot ModExp_tb_behav xil_defaultlib.ModExp_tb -log elaborate.log 
Using 2 slave threads.
Starting static elaboration
Completed static elaboration
Starting simulation data flow analysis
Completed simulation data flow analysis
Time Resolution for simulation is 1ps
Compiling package std.standard
Compiling package std.textio
Compiling package ieee.std_logic_1164
Compiling package ieee.numeric_std
Compiling package ieee.std_logic_arith
Compiling architecture behavioral of entity xil_defaultlib.MonPro_loop [monpro_loop_default]
Compiling architecture behavioral of entity xil_defaultlib.MonPro [monpro_default]
Compiling architecture behavioral of entity xil_defaultlib.ModExp [modexp_default]
Compiling architecture behavioral of entity xil_defaultlib.modexp_tb
Built simulation snapshot ModExp_tb_behav
INFO: [USF-XSim-69] 'elaborate' step finished in '1' seconds
Vivado Simulator 2017.2
Time resolution is 1 ps
relaunch_sim
INFO: [SIM-utils-51] Simulation object is 'sim_1'
INFO: [SIM-utils-54] Inspecting design source files for 'ModExp_tb' in fileset 'sim_1'...
INFO: [USF-XSim-97] Finding global include files...
INFO: [USF-XSim-100] Fetching design files from 'sources_1'...(this may take a while)...
INFO: [USF-XSim-101] Fetching design files from 'sim_1'...
INFO: [USF-XSim-2] XSim::Compile design
INFO: [USF-XSim-61] Executing 'COMPILE and ANALYZE' step in 'C:/Users/Torgeir Leithe/Google Drive/stor-skole/TFE4141 Design av digitale system 1/RSA/MonPro/ModExp2/ModExp.sim/sim_1/behav'
"xvhdl -m64 --relax -prj ModExp_tb_vhdl.prj"
INFO: [VRFC 10-163] Analyzing VHDL file "C:/Users/Torgeir Leithe/Google Drive/stor-skole/TFE4141 Design av digitale system 1/RSA/MonPro/ModExp2/ModExp.srcs/sources_1/imports/new/MonPro.vhd" into library xil_defaultlib
INFO: [VRFC 10-307] analyzing entity MonPro_loop
INFO: [VRFC 10-307] analyzing entity MonPro
INFO: [VRFC 10-163] Analyzing VHDL file "C:/Users/Torgeir Leithe/Google Drive/stor-skole/TFE4141 Design av digitale system 1/RSA/MonPro/ModExp2/ModExp.srcs/sources_1/imports/new/ModExp.vhd" into library xil_defaultlib
INFO: [VRFC 10-307] analyzing entity ModExp
INFO: [VRFC 10-163] Analyzing VHDL file "C:/Users/Torgeir Leithe/Google Drive/stor-skole/TFE4141 Design av digitale system 1/RSA/MonPro/ModExp2/ModExp.srcs/sim_1/imports/new/ModExp_tb.vhd" into library xil_defaultlib
INFO: [VRFC 10-307] analyzing entity ModExp_tb
INFO: [USF-XSim-69] 'compile' step finished in '1' seconds
INFO: [USF-XSim-3] XSim::Elaborate design
INFO: [USF-XSim-61] Executing 'ELABORATE' step in 'C:/Users/Torgeir Leithe/Google Drive/stor-skole/TFE4141 Design av digitale system 1/RSA/MonPro/ModExp2/ModExp.sim/sim_1/behav'
Vivado Simulator 2017.2
Copyright 1986-1999, 2001-2016 Xilinx, Inc. All Rights Reserved.
Running: C:/Xilinx/Vivado/2017.2/bin/unwrapped/win64.o/xelab.exe -wto 4897b871f22540f8b2e756fd17e4f0c2 --debug typical --relax --mt 2 -L xil_defaultlib -L secureip --snapshot ModExp_tb_behav xil_defaultlib.ModExp_tb -log elaborate.log 
Using 2 slave threads.
Starting static elaboration
Completed static elaboration
Starting simulation data flow analysis
Completed simulation data flow analysis
Time Resolution for simulation is 1ps
Compiling package std.standard
Compiling package std.textio
Compiling package ieee.std_logic_1164
Compiling package ieee.numeric_std
Compiling package ieee.std_logic_arith
Compiling architecture behavioral of entity xil_defaultlib.MonPro_loop [monpro_loop_default]
Compiling architecture behavioral of entity xil_defaultlib.MonPro [monpro_default]
Compiling architecture behavioral of entity xil_defaultlib.ModExp [modexp_default]
Compiling architecture behavioral of entity xil_defaultlib.modexp_tb
Built simulation snapshot ModExp_tb_behav
INFO: [USF-XSim-69] 'elaborate' step finished in '1' seconds
Vivado Simulator 2017.2
Time resolution is 1 ps
relaunch_sim: Time (s): cpu = 00:00:00 ; elapsed = 00:00:05 . Memory (MB): peak = 937.184 ; gain = 0.117
run 163.83 us
save_wave_config {C:/Users/Torgeir Leithe/Google Drive/stor-skole/TFE4141 Design av digitale system 1/RSA/MonPro/ModExp2/ModExp_tb_behav.wcfg}
relaunch_sim
INFO: [SIM-utils-51] Simulation object is 'sim_1'
INFO: [SIM-utils-54] Inspecting design source files for 'ModExp_tb' in fileset 'sim_1'...
INFO: [USF-XSim-97] Finding global include files...
INFO: [USF-XSim-100] Fetching design files from 'sources_1'...(this may take a while)...
INFO: [USF-XSim-101] Fetching design files from 'sim_1'...
INFO: [USF-XSim-2] XSim::Compile design
INFO: [USF-XSim-61] Executing 'COMPILE and ANALYZE' step in 'C:/Users/Torgeir Leithe/Google Drive/stor-skole/TFE4141 Design av digitale system 1/RSA/MonPro/ModExp2/ModExp.sim/sim_1/behav'
"xvhdl -m64 --relax -prj ModExp_tb_vhdl.prj"
INFO: [VRFC 10-163] Analyzing VHDL file "C:/Users/Torgeir Leithe/Google Drive/stor-skole/TFE4141 Design av digitale system 1/RSA/MonPro/ModExp2/ModExp.srcs/sources_1/imports/new/MonPro.vhd" into library xil_defaultlib
INFO: [VRFC 10-307] analyzing entity MonPro_loop
INFO: [VRFC 10-307] analyzing entity MonPro
INFO: [VRFC 10-163] Analyzing VHDL file "C:/Users/Torgeir Leithe/Google Drive/stor-skole/TFE4141 Design av digitale system 1/RSA/MonPro/ModExp2/ModExp.srcs/sources_1/imports/new/ModExp.vhd" into library xil_defaultlib
INFO: [VRFC 10-307] analyzing entity ModExp
INFO: [VRFC 10-163] Analyzing VHDL file "C:/Users/Torgeir Leithe/Google Drive/stor-skole/TFE4141 Design av digitale system 1/RSA/MonPro/ModExp2/ModExp.srcs/sim_1/imports/new/ModExp_tb.vhd" into library xil_defaultlib
INFO: [VRFC 10-307] analyzing entity ModExp_tb
INFO: [USF-XSim-69] 'compile' step finished in '1' seconds
INFO: [USF-XSim-3] XSim::Elaborate design
INFO: [USF-XSim-61] Executing 'ELABORATE' step in 'C:/Users/Torgeir Leithe/Google Drive/stor-skole/TFE4141 Design av digitale system 1/RSA/MonPro/ModExp2/ModExp.sim/sim_1/behav'
Vivado Simulator 2017.2
Copyright 1986-1999, 2001-2016 Xilinx, Inc. All Rights Reserved.
Running: C:/Xilinx/Vivado/2017.2/bin/unwrapped/win64.o/xelab.exe -wto 4897b871f22540f8b2e756fd17e4f0c2 --debug typical --relax --mt 2 -L xil_defaultlib -L secureip --snapshot ModExp_tb_behav xil_defaultlib.ModExp_tb -log elaborate.log 
Using 2 slave threads.
Starting static elaboration
Completed static elaboration
Starting simulation data flow analysis
Completed simulation data flow analysis
Time Resolution for simulation is 1ps
Compiling package std.standard
Compiling package std.textio
Compiling package ieee.std_logic_1164
Compiling package ieee.numeric_std
Compiling package ieee.std_logic_arith
Compiling architecture behavioral of entity xil_defaultlib.MonPro_loop [monpro_loop_default]
Compiling architecture behavioral of entity xil_defaultlib.MonPro [monpro_default]
Compiling architecture behavioral of entity xil_defaultlib.ModExp [modexp_default]
Compiling architecture behavioral of entity xil_defaultlib.modexp_tb
Built simulation snapshot ModExp_tb_behav
INFO: [USF-XSim-69] 'elaborate' step finished in '1' seconds
Vivado Simulator 2017.2
Time resolution is 1 ps
relaunch_sim: Time (s): cpu = 00:00:00 ; elapsed = 00:00:05 . Memory (MB): peak = 955.574 ; gain = 0.000
restart
INFO: [Simtcl 6-17] Simulation restarted
run 163.83 us
restart
INFO: [Simtcl 6-17] Simulation restarted
run 163.83 us
relaunch_sim
INFO: [SIM-utils-51] Simulation object is 'sim_1'
INFO: [SIM-utils-54] Inspecting design source files for 'ModExp_tb' in fileset 'sim_1'...
INFO: [USF-XSim-97] Finding global include files...
INFO: [USF-XSim-100] Fetching design files from 'sources_1'...(this may take a while)...
INFO: [USF-XSim-101] Fetching design files from 'sim_1'...
INFO: [USF-XSim-2] XSim::Compile design
INFO: [USF-XSim-61] Executing 'COMPILE and ANALYZE' step in 'C:/Users/Torgeir Leithe/Google Drive/stor-skole/TFE4141 Design av digitale system 1/RSA/MonPro/ModExp2/ModExp.sim/sim_1/behav'
"xvhdl -m64 --relax -prj ModExp_tb_vhdl.prj"
INFO: [VRFC 10-163] Analyzing VHDL file "C:/Users/Torgeir Leithe/Google Drive/stor-skole/TFE4141 Design av digitale system 1/RSA/MonPro/ModExp2/ModExp.srcs/sources_1/imports/new/MonPro.vhd" into library xil_defaultlib
INFO: [VRFC 10-307] analyzing entity MonPro_loop
INFO: [VRFC 10-307] analyzing entity MonPro
INFO: [VRFC 10-163] Analyzing VHDL file "C:/Users/Torgeir Leithe/Google Drive/stor-skole/TFE4141 Design av digitale system 1/RSA/MonPro/ModExp2/ModExp.srcs/sources_1/imports/new/ModExp.vhd" into library xil_defaultlib
INFO: [VRFC 10-307] analyzing entity ModExp
INFO: [VRFC 10-163] Analyzing VHDL file "C:/Users/Torgeir Leithe/Google Drive/stor-skole/TFE4141 Design av digitale system 1/RSA/MonPro/ModExp2/ModExp.srcs/sim_1/imports/new/ModExp_tb.vhd" into library xil_defaultlib
INFO: [VRFC 10-307] analyzing entity ModExp_tb
INFO: [USF-XSim-69] 'compile' step finished in '1' seconds
INFO: [USF-XSim-3] XSim::Elaborate design
INFO: [USF-XSim-61] Executing 'ELABORATE' step in 'C:/Users/Torgeir Leithe/Google Drive/stor-skole/TFE4141 Design av digitale system 1/RSA/MonPro/ModExp2/ModExp.sim/sim_1/behav'
Vivado Simulator 2017.2
Copyright 1986-1999, 2001-2016 Xilinx, Inc. All Rights Reserved.
Running: C:/Xilinx/Vivado/2017.2/bin/unwrapped/win64.o/xelab.exe -wto 4897b871f22540f8b2e756fd17e4f0c2 --debug typical --relax --mt 2 -L xil_defaultlib -L secureip --snapshot ModExp_tb_behav xil_defaultlib.ModExp_tb -log elaborate.log 
Using 2 slave threads.
Starting static elaboration
Completed static elaboration
Starting simulation data flow analysis
Completed simulation data flow analysis
Time Resolution for simulation is 1ps
Compiling package std.standard
Compiling package std.textio
Compiling package ieee.std_logic_1164
Compiling package ieee.numeric_std
Compiling package ieee.std_logic_arith
Compiling architecture behavioral of entity xil_defaultlib.MonPro_loop [monpro_loop_default]
Compiling architecture behavioral of entity xil_defaultlib.MonPro [monpro_default]
Compiling architecture behavioral of entity xil_defaultlib.ModExp [modexp_default]
Compiling architecture behavioral of entity xil_defaultlib.modexp_tb
Built simulation snapshot ModExp_tb_behav
INFO: [USF-XSim-69] 'elaborate' step finished in '1' seconds
Vivado Simulator 2017.2
Time resolution is 1 ps
run 163.83 us
run 163.83 us
synth_design -rtl -name rtl_1
Command: synth_design -rtl -name rtl_1
Starting synth_design
Using part: xc7z030fbv484-1
Top: ModExp
---------------------------------------------------------------------------------
Starting RTL Elaboration : Time (s): cpu = 00:00:03 ; elapsed = 00:00:03 . Memory (MB): peak = 1096.844 ; gain = 42.305
---------------------------------------------------------------------------------
INFO: [Synth 8-638] synthesizing module 'ModExp' [C:/Users/Torgeir Leithe/Google Drive/stor-skole/TFE4141 Design av digitale system 1/RSA/MonPro/ModExp2/ModExp.srcs/sources_1/imports/new/ModExp.vhd:51]
WARNING: [Synth 8-614] signal 'rr_n' is read in the process but is not in the sensitivity list [C:/Users/Torgeir Leithe/Google Drive/stor-skole/TFE4141 Design av digitale system 1/RSA/MonPro/ModExp2/ModExp.srcs/sources_1/imports/new/ModExp.vhd:87]
INFO: [Synth 8-638] synthesizing module 'MonPro' [C:/Users/Torgeir Leithe/Google Drive/stor-skole/TFE4141 Design av digitale system 1/RSA/MonPro/ModExp2/ModExp.srcs/sources_1/imports/new/MonPro.vhd:88]
WARNING: [Synth 8-614] signal 'a_bit' is read in the process but is not in the sensitivity list [C:/Users/Torgeir Leithe/Google Drive/stor-skole/TFE4141 Design av digitale system 1/RSA/MonPro/ModExp2/ModExp.srcs/sources_1/imports/new/MonPro.vhd:103]
INFO: [Synth 8-638] synthesizing module 'MonPro_loop' [C:/Users/Torgeir Leithe/Google Drive/stor-skole/TFE4141 Design av digitale system 1/RSA/MonPro/ModExp2/ModExp.srcs/sources_1/imports/new/MonPro.vhd:38]
INFO: [Synth 8-256] done synthesizing module 'MonPro_loop' (1#1) [C:/Users/Torgeir Leithe/Google Drive/stor-skole/TFE4141 Design av digitale system 1/RSA/MonPro/ModExp2/ModExp.srcs/sources_1/imports/new/MonPro.vhd:38]
WARNING: [Synth 8-614] signal 'n_in' is read in the process but is not in the sensitivity list [C:/Users/Torgeir Leithe/Google Drive/stor-skole/TFE4141 Design av digitale system 1/RSA/MonPro/ModExp2/ModExp.srcs/sources_1/imports/new/MonPro.vhd:126]
INFO: [Synth 8-256] done synthesizing module 'MonPro' (2#1) [C:/Users/Torgeir Leithe/Google Drive/stor-skole/TFE4141 Design av digitale system 1/RSA/MonPro/ModExp2/ModExp.srcs/sources_1/imports/new/MonPro.vhd:88]
INFO: [Synth 8-256] done synthesizing module 'ModExp' (3#1) [C:/Users/Torgeir Leithe/Google Drive/stor-skole/TFE4141 Design av digitale system 1/RSA/MonPro/ModExp2/ModExp.srcs/sources_1/imports/new/ModExp.vhd:51]
WARNING: [Synth 8-3331] design MonPro_loop has unconnected port a_bit[7]
---------------------------------------------------------------------------------
Finished RTL Elaboration : Time (s): cpu = 00:00:04 ; elapsed = 00:00:04 . Memory (MB): peak = 1125.902 ; gain = 71.363
---------------------------------------------------------------------------------

Report Check Netlist: 
+------+------------------+-------+---------+-------+------------------+
|      |Item              |Errors |Warnings |Status |Description       |
+------+------------------+-------+---------+-------+------------------+
|1     |multi_driven_nets |      0|        0|Passed |Multi driven nets |
+------+------------------+-------+---------+-------+------------------+
---------------------------------------------------------------------------------
Finished RTL Optimization Phase 1 : Time (s): cpu = 00:00:04 ; elapsed = 00:00:04 . Memory (MB): peak = 1125.902 ; gain = 71.363
---------------------------------------------------------------------------------
INFO: [Device 21-403] Loading part xc7z030fbv484-1
INFO: [Project 1-570] Preparing netlist for logic optimization

Processing XDC Constraints
Initializing timing engine
Parsing XDC File [C:/Users/Torgeir Leithe/Google Drive/stor-skole/TFE4141 Design av digitale system 1/RSA/MonPro/ModExp2/ModExp.srcs/constrs_1/imports/new/ModExp_constraints.xdc]
Finished Parsing XDC File [C:/Users/Torgeir Leithe/Google Drive/stor-skole/TFE4141 Design av digitale system 1/RSA/MonPro/ModExp2/ModExp.srcs/constrs_1/imports/new/ModExp_constraints.xdc]
Completed Processing XDC Constraints

INFO: [Opt 31-138] Pushed 0 inverter(s) to 0 load pin(s).
INFO: [Project 1-111] Unisim Transformation Summary:
No Unisim elements were transformed.

RTL Elaboration Complete:  : Time (s): cpu = 00:00:21 ; elapsed = 00:00:17 . Memory (MB): peak = 1491.707 ; gain = 437.168
10 Infos, 4 Warnings, 0 Critical Warnings and 0 Errors encountered.
synth_design completed successfully
synth_design: Time (s): cpu = 00:00:21 ; elapsed = 00:00:17 . Memory (MB): peak = 1491.707 ; gain = 437.168
close_sim
INFO: [Simtcl 6-16] Simulation closed
exit
INFO: [Common 17-206] Exiting Vivado at Mon Oct 23 17:21:06 2017...
