Vivado Simulator 2017.3
Copyright 1986-1999, 2001-2016 Xilinx, Inc. All Rights Reserved.
Running: C:/Xilinx/Vivado/2017.3/bin/unwrapped/win64.o/xelab.exe -wto 34ca5ff7945d4538a3f6dbaea213c66c --incr --debug typical --relax --mt 2 -L xil_defaultlib -L secureip --snapshot RSACoreTestBench_func_synth xil_defaultlib.RSACoreTestBench -log elaborate.log 
Using 2 slave threads.
Starting static elaboration
Completed static elaboration
Starting simulation data flow analysis
Completed simulation data flow analysis
Time Resolution for simulation is 1ps
Compiling package std.standard
Compiling package std.textio
Compiling package ieee.std_logic_1164
Compiling package xil_defaultlib.rsaparameters
Compiling package xil_defaultlib.compdecl
Compiling package unisim.vcomponents
Compiling package ieee.vital_timing
Compiling package ieee.vital_primitives
Compiling package unisim.vpkg
Compiling package ieee.numeric_std
Compiling architecture bufg_v of entity unisim.BUFG [bufg_default]
Compiling architecture ibuf_v of entity unisim.IBUF [\IBUF(1,9)(1,1)(1,4)(1,7)\]
Compiling architecture obuf_v of entity unisim.OBUF [\OBUF(1,9)(1,7)(1,4)\]
Compiling architecture lut3_v of entity unisim.LUT3 [\LUT3(init="11001000")(0,7)\]
Compiling architecture fdre_v of entity unisim.FDRE [\FDRE(is_c_inverted='1')\]
Compiling architecture lut2_v of entity unisim.LUT2 [\LUT2(init="0010")(0,3)\]
Compiling architecture fdre_v of entity unisim.FDRE [fdre_default]
Compiling architecture lut6_v of entity unisim.LUT6 [\LUT6(init="00000000000000000000...]
Compiling architecture lut4_v of entity unisim.LUT4 [\LUT4(init="1100111001001100")(0...]
Compiling architecture lut4_v of entity unisim.LUT4 [\LUT4(init="1110011011000100")(0...]
Compiling architecture lut3_v of entity unisim.LUT3 [\LUT3(init="00001110")(0,7)\]
Compiling architecture lut5_v of entity unisim.LUT5 [\LUT5(init="00000000000010010011...]
Compiling architecture lut5_v of entity unisim.LUT5 [\LUT5(init="00000000000001100011...]
Compiling architecture lut5_v of entity unisim.LUT5 [\LUT5(init="00000001000000010000...]
Compiling architecture lut3_v of entity unisim.LUT3 [\LUT3(init="10111111")(0,7)\]
Compiling architecture lut5_v of entity unisim.LUT5 [\LUT5(init="00000100000001000000...]
Compiling architecture lut5_v of entity unisim.LUT5 [\LUT5(init="00000001000000010000...]
Compiling architecture lut5_v of entity unisim.LUT5 [\LUT5(init="00000000000010010011...]
Compiling architecture lut5_v of entity unisim.LUT5 [\LUT5(init="00000000000001100011...]
Compiling architecture lut3_v of entity unisim.LUT3 [\LUT3(init="11111011")(0,7)\]
Compiling architecture lut3_v of entity unisim.LUT3 [\LUT3(init="11111110")(0,7)\]
Compiling architecture lut4_v of entity unisim.LUT4 [\LUT4(init="1111111101111111")(0...]
Compiling architecture lut4_v of entity unisim.LUT4 [\LUT4(init="1111111111110111")(0...]
Compiling architecture lut4_v of entity unisim.LUT4 [\LUT4(init="1101111111111111")(0...]
Compiling architecture lut4_v of entity unisim.LUT4 [\LUT4(init="1111111111011111")(0...]
Compiling architecture lut4_v of entity unisim.LUT4 [\LUT4(init="1111111111101111")(0...]
Compiling architecture lut4_v of entity unisim.LUT4 [\LUT4(init="1111111111111101")(0...]
Compiling architecture lut4_v of entity unisim.LUT4 [\LUT4(init="1110111111111111")(0...]
Compiling architecture lut4_v of entity unisim.LUT4 [\LUT4(init="1111111111111110")(0...]
Compiling architecture lut3_v of entity unisim.LUT3 [\LUT3(init="11011111")(0,7)\]
Compiling architecture lut3_v of entity unisim.LUT3 [\LUT3(init="11101111")(0,7)\]
Compiling architecture carry4_v of entity unisim.CARRY4 [carry4_default]
Compiling architecture lut1_v of entity unisim.LUT1 [\LUT1(init="0001")(0,3)\]
Compiling architecture lut2_v of entity unisim.LUT2 [\LUT2(init="0110")(0,3)\]
Compiling architecture lut3_v of entity unisim.LUT3 [\LUT3(init="01101010")(0,7)\]
Compiling architecture lut4_v of entity unisim.LUT4 [\LUT4(init="0110101010101010")(0...]
Compiling architecture lut5_v of entity unisim.LUT5 [\LUT5(init="01101010101010101010...]
Compiling architecture lut6_v of entity unisim.LUT6 [\LUT6(init="01101010101010101010...]
Compiling architecture lut4_v of entity unisim.LUT4 [\LUT4(init="1000000000000000")(0...]
Compiling architecture lut6_v of entity unisim.LUT6 [\LUT6(init="10101010101010101010...]
Compiling architecture lut3_v of entity unisim.LUT3 [\LUT3(init="01111111")(0,7)\]
Compiling architecture lut6_v of entity unisim.LUT6 [\LUT6(init="10101111101000001010...]
Compiling architecture lut5_v of entity unisim.LUT5 [\LUT5(init="00000000000000001011...]
Compiling architecture lut6_v of entity unisim.LUT6 [\LUT6(init="10101111101000001100...]
Compiling architecture lut5_v of entity unisim.LUT5 [\LUT5(init="00111011001100110011...]
Compiling architecture muxf8_v of entity unisim.MUXF8 [muxf8_default]
Compiling architecture muxf7_v of entity unisim.MUXF7 [muxf7_default]
Compiling architecture lut6_v of entity unisim.LUT6 [\LUT6(init="11111111111111111111...]
Compiling architecture lut6_v of entity unisim.LUT6 [\LUT6(init="11111111111111111111...]
Compiling architecture lut6_v of entity unisim.LUT6 [\LUT6(init="11111111111111111111...]
Compiling architecture lut2_v of entity unisim.LUT2 [\LUT2(init="1000")(0,3)\]
Compiling architecture lut6_v of entity unisim.LUT6 [\LUT6(init="11111111111111111111...]
Compiling architecture lut6_v of entity unisim.LUT6 [\LUT6(init="11111111111111111111...]
Compiling architecture lut6_v of entity unisim.LUT6 [\LUT6(init="11111111111111111111...]
Compiling architecture lut5_v of entity unisim.LUT5 [\LUT5(init="01100110010110101010...]
Compiling architecture lut2_v of entity unisim.LUT2 [\LUT2(init="0100")(0,3)\]
Compiling architecture lut3_v of entity unisim.LUT3 [\LUT3(init="10101100")(0,7)\]
Compiling architecture lut2_v of entity unisim.LUT2 [\LUT2(init="1001")(0,3)\]
Compiling architecture lut4_v of entity unisim.LUT4 [\LUT4(init="0010111100000010")(0...]
Compiling architecture lut4_v of entity unisim.LUT4 [\LUT4(init="1001000000001001")(0...]
Compiling architecture structure of entity xil_defaultlib.MonPro_loop [monpro_loop_default]
Compiling architecture lut5_v of entity unisim.LUT5 [\LUT5(init="10111000101110001011...]
Compiling architecture lut6_v of entity unisim.LUT6 [\LUT6(init="01011010010110010101...]
Compiling architecture structure of entity xil_defaultlib.MonPro_loop_0 [monpro_loop_0_default]
Compiling architecture lut4_v of entity unisim.LUT4 [\LUT4(init="1111111111111000")(0...]
Compiling architecture lut5_v of entity unisim.LUT5 [\LUT5(init="11110101000000001111...]
Compiling architecture lut5_v of entity unisim.LUT5 [\LUT5(init="00001111000000000000...]
Compiling architecture lut3_v of entity unisim.LUT3 [\LUT3(init="11101010")(0,7)\]
Compiling architecture lut5_v of entity unisim.LUT5 [\LUT5(init="10100010101010101010...]
Compiling architecture structure of entity xil_defaultlib.MonPro [monpro_default]
Compiling architecture lut6_v of entity unisim.LUT6 [\LUT6(init="10111010101010101010...]
Compiling architecture lut4_v of entity unisim.LUT4 [\LUT4(init="0111111111111111")(0...]
Compiling architecture fdce_v of entity unisim.FDCE [fdce_default]
Compiling architecture lut5_v of entity unisim.LUT5 [\LUT5(init="00000000101010100000...]
Compiling architecture lut5_v of entity unisim.LUT5 [\LUT5(init="11110111111101111111...]
Compiling architecture lut3_v of entity unisim.LUT3 [\LUT3(init="01111000")(0,7)\]
Compiling architecture lut4_v of entity unisim.LUT4 [\LUT4(init="0111111110000000")(0...]
Compiling architecture lut5_v of entity unisim.LUT5 [\LUT5(init="01111111111111111000...]
Compiling architecture lut6_v of entity unisim.LUT6 [\LUT6(init="01111111111111111111...]
Compiling architecture lut6_v of entity unisim.LUT6 [\LUT6(init="11110111111111111111...]
Compiling architecture lut2_v of entity unisim.LUT2 [\LUT2(init="0111")(0,3)\]
Compiling architecture fdpe_v of entity unisim.FDPE [fdpe_default]
Compiling architecture lut4_v of entity unisim.LUT4 [\LUT4(init="1111111011111111")(0...]
Compiling architecture lut4_v of entity unisim.LUT4 [\LUT4(init="1111111111111011")(0...]
Compiling architecture lut4_v of entity unisim.LUT4 [\LUT4(init="1111101111111111")(0...]
Compiling architecture lut4_v of entity unisim.LUT4 [\LUT4(init="1011111111111111")(0...]
Compiling architecture lut4_v of entity unisim.LUT4 [\LUT4(init="1111011111111111")(0...]
Compiling architecture structure of entity xil_defaultlib.ModExp [modexp_default]
Compiling architecture lut5_v of entity unisim.LUT5 [\LUT5(init="11110111011101110111...]
Compiling architecture lut4_v of entity unisim.LUT4 [\LUT4(init="1111111111101011")(0...]
Compiling architecture lut6_v of entity unisim.LUT6 [\LUT6(init="00000000000000000000...]
Compiling architecture lut6_v of entity unisim.LUT6 [\LUT6(init="00000001000000000000...]
Compiling architecture lut2_v of entity unisim.LUT2 [\LUT2(init="1011")(0,3)\]
Compiling architecture lut6_v of entity unisim.LUT6 [\LUT6(init="00000100000000000000...]
Compiling architecture structure of entity xil_defaultlib.RSACore [rsacore_default]
Compiling architecture struct of entity xil_defaultlib.rsacoretestbench
Built simulation snapshot RSACoreTestBench_func_synth
