Exception at PC 0x00007FFF1C399E08
Exception at PC 0x00007FFF1C399E08
Exception at PC 0x00007FFF1C399E08
Exception at PC 0x00007FFF1C399E08
Exception at PC 0x00007FFE6409E132
Attemped to write at address 0x00007FFEAB864AA4
Printing stacktrace...

[0]  [0x00007FFE6409E132]
[1]  [0x00007FFE6409E132]
[2]  [0x00007FFE6409E194]
[3]  [0x00007FFE63CED0D7]
[4]  [0x00007FFE63BD2BCA]
[5]  [0x00007FFE63BD2FD1]
[6]  [0x00007FFE6409EB2F]
[7]  [0x00007FFE63F5C19D]
[8]  [0x00007FFE63F55942]
[9]  [0x00007FFE63F55AB5]
[10] (RtlDeactivateActivationContextUnsafeFast+0x1af) [0x00007FFF1FDC485F]
[11] (LdrShutdownProcess+0x12c) [0x00007FFF1FDED43C]
[12] (RtlExitUserProcess+0xb4) [0x00007FFF1FDED2F4]
[13] (FatalExit+0xa) [0x00007FFF1D31C0DA]
[14] (exit+0x75) [0x00007FFF1E0CA045]
[15] (initterm_e+0x21d) [0x00007FFF1E0CA68D]
[16]  [0x00000000004014CD]
[17]  [0x000000000040151B]
[18] (BaseThreadInitThunk+0x14) [0x00007FFF1D312774]
[19] (RtlUserThreadStart+0x21) [0x00007FFF1FE10D51]
Done
